2019-09-07T19:30:48.921Z,2,127251,204,255,8,ff,58,b8,ff,ff,ff,ff,ff
2019-09-07T19:30:48.921Z,2,127257,204,255,8,ff,e8,a0,0b,ff,6d,00,ff
2019-09-07T19:30:48.921Z,2,127245,204,255,8,00,ff,fd,ef,2f,f0,ff,ff
2019-09-07T19:30:48.921Z,2,127245,204,255,8,fc,f8,fd,ef,ff,7f,ff,ff
2019-09-07T19:30:48.921Z,7,65359,204,255,8,3b,9f,ff,ff,ff,58,96,ff
2019-09-07T19:30:48.921Z,7,65360,204,255,8,3b,9f,ff,ff,ff,f8,8c,ff
2019-09-07T19:30:48.921Z,0,262161,0,0,13,01,0e,00,e3,9a,03,00,00,00,00,00,02,00
2019-09-07T19:30:48.921Z,0,262384,0,0,14,01,0e,00,e3,9a,03,00,00,00,00,00,a2,08,08
2019-09-07T19:30:48.921Z,2,129026,150,255,8,ff,fc,d2,53,42,01,ff,ff
2019-09-07T19:30:48.921Z,2,129025,150,255,8,c0,0e,42,18,c0,95,e8,d3
2019-09-07T19:30:48.921Z,3,126208,6,204,21,00,00,ef,01,ff,ff,ff,ff,ff,ff,04,01,3b,07,03,04,04,6c,05,1a,50
2019-09-07T19:30:48.921Z,7,126720,204,6,13,3b,9f,6c,1a,50,ff,7f,ff,7f,ff,7f,ff,7f
2019-09-07T19:30:48.921Z,2,127237,172,255,21,3c,c2,1f,fd,ef,ff,ff,ff,ff,ff,ff,ff,ff,ff,7f,ff,7f,ff,7f,ff,ff
2019-09-07T19:30:48.921Z,2,127245,172,255,8,fc,f8,fd,ef,2f,f0,ff,ff
2019-09-07T19:30:48.921Z,3,129283,8,255,8,ff,7f,ff,ff,ff,7f,ff,ff
2019-09-07T19:30:48.922Z,3,129284,8,255,34,5e,c4,22,00,00,00,ff,ff,ff,ff,ff,ff,1f,de,78,7e,ff,ff,ff,ff,01,00,00,00,7f,ef,41,18,c0,91,e8,d3,6e,00
2019-09-07T19:30:48.922Z,7,126720,204,255,8,3b,9f,f0,81,9c,61,14,e9
2019-09-07T19:30:48.922Z,2,127250,204,255,8,ff,58,96,ff,7f,ff,7f,fd
2019-09-07T19:30:48.922Z,2,127251,204,255,8,ff,87,d5,ff,ff,ff,ff,ff
2019-09-07T19:30:48.922Z,2,127257,204,255,8,ff,e8,a0,0c,ff,6d,00,ff
2019-09-07T19:30:48.922Z,2,127245,204,255,8,00,ff,fd,ef,2f,f0,ff,ff
2019-09-07T19:30:48.922Z,2,127245,204,255,8,fc,f8,fd,ef,ff,7f,ff,ff
2019-09-07T19:30:48.922Z,2,130306,110,255,8,00,00,00,ff,b5,fa,ff,ff
2019-09-07T19:30:48.922Z,7,65379,204,255,8,3b,9f,40,00,00,00,02,ff
2019-09-07T19:30:48.922Z,7,65359,204,255,8,3b,9f,ff,ff,ff,57,96,ff
2019-09-07T19:30:48.922Z,7,65360,204,255,8,3b,9f,ff,ff,ff,f8,8c,ff
2019-09-07T19:30:48.922Z,2,129026,150,255,8,ff,fc,d2,53,42,01,ff,ff
2019-09-07T19:30:48.922Z,2,129025,150,255,8,e0,0e,42,18,40,95,e8,d3
2019-09-07T19:30:48.922Z,2,127245,172,255,8,fc,f8,fd,ef,0c,f0,ff,ff
2019-09-07T19:30:48.922Z,2,127250,204,255,8,ff,54,96,ff,7f,ff,7f,fd
2019-09-07T19:30:48.922Z,2,127251,204,255,8,ff,84,72,ff,ff,ff,ff,ff
2019-09-07T19:30:48.922Z,2,127257,204,255,8,ff,e4,a0,0e,ff,6e,00,ff
2019-09-07T19:30:48.922Z,2,127245,204,255,8,00,ff,fd,ef,0c,f0,ff,ff
2019-09-07T19:30:48.922Z,2,127245,204,255,8,fc,f8,fd,ef,ff,7f,ff,ff
2019-09-07T19:30:48.922Z,7,65359,204,255,8,3b,9f,ff,ff,ff,54,96,ff
2019-09-07T19:30:48.922Z,7,130916,204,255,7,3b,9f,ff,ff,ff,7f,ff
2019-09-07T19:30:48.922Z,7,65360,204,255,8,3b,9f,ff,ff,ff,f8,8c,ff
2019-09-07T19:30:48.922Z,7,126720,6,255,7,3b,9f,f0,81,90,00,03
2019-09-07T19:30:48.922Z,2,130306,110,255,8,00,00,00,56,b6,fa,ff,ff
2019-09-07T19:30:48.922Z,2,129026,150,255,8,ff,fc,68,55,3c,01,ff,ff
2019-09-07T19:30:48.922Z,2,129025,150,255,8,e0,0e,42,18,00,95,e8,d3
2019-09-07T19:30:48.922Z,2,127245,172,255,8,fc,f8,fd,ef,0c,f0,ff,ff
2019-09-07T19:30:48.922Z,6,127258,8,255,8,ff,ff,ff,ff,ff,7f,ff,ff
2019-09-07T19:30:48.922Z,2,127250,204,255,8,ff,56,96,ff,7f,ff,7f,fd
2019-09-07T19:30:48.922Z,2,127251,204,255,8,ff,2e,cc,ff,ff,ff,ff,ff
2019-09-07T19:30:48.922Z,2,127257,204,255,8,ff,e6,a0,11,ff,6f,00,ff
2019-09-07T19:30:48.922Z,2,127245,204,255,8,00,ff,fd,ef,0c,f0,ff,ff
2019-09-07T19:30:48.922Z,2,127245,204,255,8,fc,f8,fd,ef,ff,7f,ff,ff
2019-09-07T19:30:48.922Z,7,65359,204,255,8,3b,9f,ff,ff,ff,56,96,ff
2019-09-07T19:30:48.922Z,7,65360,204,255,8,3b,9f,ff,ff,ff,f8,8c,ff
2019-09-07T19:30:48.922Z,2,127237,172,255,21,3c,c2,1f,fd,ef,ff,ff,ff,ff,ff,ff,ff,ff,ff,7f,ff,7f,ff,7f,ff,ff
2019-09-07T19:30:48.922Z,2,130306,110,255,8,00,00,00,ae,b6,fa,ff,ff
2019-09-07T19:30:48.922Z,2,129026,150,255,8,ff,fc,39,56,39,01,ff,ff
2019-09-07T19:30:48.922Z,2,129025,150,255,8,c0,0e,42,18,00,95,e8,d3
2019-09-07T19:30:48.922Z,5,130310,105,255,8,00,ff,73,ff,ff,ff,ff,ff
2019-09-07T19:30:48.922Z,2,127245,172,255,8,fc,f8,fd,ef,0c,f0,ff,ff
2019-09-07T19:30:48.922Z,2,127250,204,255,8,ff,55,96,ff,7f,ff,7f,fd
2019-09-07T19:30:48.922Z,2,127251,204,255,8,ff,31,cb,ff,ff,ff,ff,ff
2019-09-07T19:30:48.922Z,2,127257,204,255,8,ff,e5,a0,11,ff,6e,00,ff
2019-09-07T19:30:48.922Z,2,127245,204,255,8,00,ff,fd,ef,0c,f0,ff,ff
2019-09-07T19:30:48.922Z,2,127245,204,255,8,fc,f8,fd,ef,ff,7f,ff,ff
2019-09-07T19:30:48.922Z,7,65359,204,255,8,3b,9f,ff,ff,ff,55,96,ff
2019-09-07T19:30:48.922Z,7,65360,204,255,8,3b,9f,ff,ff,ff,f8,8c,ff
2019-09-07T19:30:48.922Z,2,130306,110,255,8,00,00,00,05,b7,fa,ff,ff
2019-09-07T19:30:48.922Z,2,129026,150,255,8,ff,fc,ec,56,37,01,ff,ff
2019-09-07T19:30:48.922Z,2,129025,150,255,8,a0,0e,42,18,40,95,e8,d3
2019-09-07T19:30:48.922Z,7,65384,6,255,8,3b,9f,00,00,00,00,00,00
2019-09-07T19:30:48.922Z,2,127245,172,255,8,fc,f8,fd,ef,2f,f0,ff,ff
2019-09-07T19:30:48.922Z,2,127250,204,255,8,ff,57,96,ff,7f,ff,7f,fd
2019-09-07T19:30:48.922Z,2,127251,204,255,8,ff,04,10,00,00,ff,ff,ff
2019-09-07T19:30:48.922Z,2,127257,204,255,8,ff,e7,a0,12,ff,6f,00,ff
2019-09-07T19:30:48.922Z,2,127245,204,255,8,00,ff,fd,ef,2f,f0,ff,ff
2019-09-07T19:30:48.922Z,2,127245,204,255,8,fc,f8,fd,ef,ff,7f,ff,ff
2019-09-07T19:30:48.922Z,7,65359,204,255,8,3b,9f,ff,ff,ff,57,96,ff
2019-09-07T19:30:48.922Z,7,65360,204,255,8,3b,9f,ff,ff,ff,f8,8c,ff
2019-09-07T19:30:48.922Z,2,130306,110,255,8,00,00,00,5c,b7,fa,ff,ff
2019-09-07T19:30:48.922Z,3,126208,204,172,20,00,00,ef,01,ff,ff,ff,ff,ff,ff,04,01,3b,07,03,04,04,5c,05,0f
2019-09-07T19:30:48.922Z,7,126720,172,204,15,3b,9f,5c,0f,02,01,ff,01,06,ff,02,ff,01,06,ff
2019-09-07T19:30:48.922Z,2,129026,150,255,8,ff,fc,6e,57,35,01,ff,ff
2019-09-07T19:30:48.922Z,3,129029,150,255,47,ff,ff,ff,ff,ff,ff,ff,00,00,00,00,40,e4,a5,05,00,00,00,00,a0,f1,bb,f5,ff,ff,ff,ff,ff,ff,ff,7f,14,fc,15,85,01,ff,7f,ff,ff,ff,7f,c4,59,00,10,00
2019-09-07T19:30:48.922Z,2,129025,150,255,8,a0,0e,42,18,c0,95,e8,d3
2019-09-07T19:30:48.922Z,6,129542,150,255,15,ff,9b,13,ff,ff,ff,ff,ff,ff,ff,ff,ff,ff,ff,ff
2019-09-07T19:30:48.922Z,6,129540,150,255,87,ff,ff,08,02,b9,11,f2,57,4c,04,00,00,00,00,f2,05,ad,1e,45,2a,6c,07,00,00,00,00,f2,07,5d,01,c5,13,b0,04,00,00,00,00,f1,0d,5c,2e,21,42,c4,09,00,00,00,00,f2,0f,39,28,09,89,14,05,00,00,00,00,f2,1d,16,22,37,a0,fc,08,00,00,00,00,f2,1e,8b,09,2d,26,84,03,00,00,00,00,f1
2019-09-07T19:30:48.922Z,2,127237,172,255,21,3c,c2,1f,fd,ef,ff,ff,ff,ff,ff,ff,ff,ff,ff,7f,ff,7f,ff,7f,ff,ff
2019-09-07T19:30:48.922Z,2,127245,172,255,8,fc,f8,fd,ef,0c,f0,ff,ff
2019-09-07T19:30:48.922Z,2,127250,204,255,8,ff,54,96,ff,7f,ff,7f,fd
2019-09-07T19:30:48.923Z,2,127251,204,255,8,ff,2c,a1,ff,ff,ff,ff,ff
2019-09-07T19:30:48.923Z,2,127257,204,255,8,ff,e4,a0,13,ff,6e,00,ff
2019-09-07T19:30:48.923Z,2,127245,204,255,8,00,ff,fd,ef,0c,f0,ff,ff
2019-09-07T19:30:48.923Z,7,126720,204,255,13,3b,9f,f0,81,84,66,94,36,42,00,e9,02,05
2019-09-07T19:30:48.923Z,2,127245,204,255,8,fc,f8,fd,ef,ff,7f,ff,ff
2019-09-07T19:30:48.923Z,7,65359,204,255,8,3b,9f,ff,ff,ff,54,96,ff
2019-09-07T19:30:48.923Z,7,65360,204,255,8,3b,9f,ff,ff,ff,f8,8c,ff
2019-09-07T19:30:48.923Z,4,129039,43,255,27,12,04,85,e8,15,ff,ff,ff,7f,ff,ff,ff,7f,fc,ff,ff,ff,ff,06,00,26,ff,ff,00,74,01,ff
2019-09-07T19:30:48.923Z,6,59904,8,1,3,00,ee,00
2019-09-07T19:30:48.923Z,6,60928,1,255,8,a0,8c,23,22,00,82,32,c0
2019-09-07T19:30:48.923Z,6,59904,8,1,3,00,ee,01
2019-09-07T19:30:48.923Z,6,126464,1,8,28,00,00,e8,00,00,ea,00,00,eb,00,00,ec,00,00,ee,00,00,ed,01,00,ee,01,14,f0,01,16,f0,01
2019-09-07T19:30:48.923Z,6,59904,8,1,3,14,f0,01
2019-09-07T19:30:48.923Z,2,130306,110,255,8,00,00,00,5c,b7,fa,ff,ff
2019-09-07T19:30:48.923Z,6,126464,1,8,91,01,00,e8,00,00,ea,00,00,eb,00,00,ec,00,00,ee,00,00,ed,01,00,ee,01,10,f0,01,14,f0,01,16,f0,01,12,f1,01,13,f1,01,19,f1,01,1a,f1,01,03,f5,01,0b,f5,01,13,f5,01,01,f8,01,02,f8,01,05,f8,01,09,f8,01,14,f8,01,02,fa,01,03,fa,01,04,fa,01,05,fa,01,02,fd,01,06,fd,01,07,fd,01,13,fd,01
2019-09-07T19:30:48.923Z,6,126996,1,255,134,14,05,27,6e,4e,4d,45,41,20,32,30,30,30,20,50,43,20,49,6e,74,65,72,66,61,63,65,20,28,4e,47,54,2d,31,29,ff,ff,31,2e,31,30,30,2c,20,32,2e,32,31,30,ff,ff,ff,ff,ff,ff,ff,ff,ff,ff,ff,ff,ff,ff,ff,ff,ff,ff,ff,ff,4e,47,54,2d,31,2d,55,53,42,20,20,68,76,31,2e,30,33,ff,ff,ff,ff,ff,ff,ff,ff,ff,ff,ff,ff,ff,ff,ff,32,33,32,36,30,38,ff,ff,ff,ff,ff,ff,ff,ff,ff,ff,ff,ff,ff,ff,ff,ff,ff,ff,ff,ff,ff,ff,ff,ff,ff,ff,00,01
2019-09-07T19:30:48.923Z,2,129026,150,255,8,ff,fc,74,57,35,01,ff,ff
2019-09-07T19:30:48.923Z,2,129025,150,255,8,e0,0e,42,18,40,95,e8,d3
2019-09-07T19:30:48.923Z,2,127245,172,255,8,fc,f8,fd,ef,0c,f0,ff,ff
2019-09-07T19:30:48.923Z,6,126996,2,255,134,14,05,27,6e,4e,4d,45,41,20,32,30,30,30,20,50,43,20,49,6e,74,65,72,66,61,63,65,20,28,4e,47,54,2d,31,29,ff,ff,31,2e,31,30,30,2c,20,32,2e,32,31,30,ff,ff,ff,ff,ff,ff,ff,ff,ff,ff,ff,ff,ff,ff,ff,ff,ff,ff,ff,ff,4e,47,54,2d,31,2d,55,53,42,20,20,68,76,31,2e,30,33,ff,ff,ff,ff,ff,ff,ff,ff,ff,ff,ff,ff,ff,ff,ff,32,33,36,32,35,39,ff,ff,ff,ff,ff,ff,ff,ff,ff,ff,ff,ff,ff,ff,ff,ff,ff,ff,ff,ff,ff,ff,ff,ff,ff,ff,00,01
2019-09-07T19:30:48.923Z,6,59904,172,2,3,14,f0,01
2019-09-07T19:30:48.923Z,7,126720,204,255,9,3b,9f,f0,81,ae,02,01,0c,a5
2019-09-07T19:30:48.923Z,2,127250,204,255,8,ff,54,96,ff,7f,ff,7f,fd
2019-09-07T19:30:48.923Z,2,127251,204,255,8,ff,16,ce,ff,ff,ff,ff,ff
2019-09-07T19:30:48.923Z,2,127257,204,255,8,ff,e4,a0,17,ff,6c,00,ff
2019-09-07T19:30:48.923Z,2,127245,204,255,8,00,ff,fd,ef,0c,f0,ff,ff
2019-09-07T19:30:48.923Z,2,127245,204,255,8,fc,f8,fd,ef,ff,7f,ff,ff
2019-09-07T19:30:48.923Z,7,65359,204,255,8,3b,9f,ff,ff,ff,54,96,ff
2019-09-07T19:30:48.923Z,7,65360,204,255,8,3b,9f,ff,ff,ff,f8,8c,ff
2019-09-07T19:30:48.923Z,2,130306,110,255,8,00,00,00,b3,b7,fa,ff,ff
2019-09-07T19:30:48.923Z,2,129026,150,255,8,ff,fc,78,57,35,01,ff,ff
2019-09-07T19:30:48.923Z,2,129025,150,255,8,e0,0e,42,18,c0,95,e8,d3
2019-09-07T19:30:48.923Z,2,127245,172,255,8,fc,f8,fd,ef,2f,f0,ff,ff
2019-09-07T19:30:48.923Z,2,127250,204,255,8,ff,53,96,ff,7f,ff,7f,fd
2019-09-07T19:30:48.923Z,2,127251,204,255,8,ff,19,ca,ff,ff,ff,ff,ff
2019-09-07T19:30:48.923Z,2,127257,204,255,8,ff,e3,a0,17,ff,6f,00,ff
2019-09-07T19:30:48.923Z,2,127245,204,255,8,00,ff,fd,ef,2f,f0,ff,ff
2019-09-07T19:30:48.923Z,2,127245,204,255,8,fc,f8,fd,ef,ff,7f,ff,ff
2019-09-07T19:30:48.923Z,7,65359,204,255,8,3b,9f,ff,ff,ff,53,96,ff
2019-09-07T19:30:48.923Z,7,126720,204,255,7,3b,9f,f0,81,90,10,05
2019-09-07T19:30:48.923Z,7,65360,204,255,8,3b,9f,ff,ff,ff,f8,8c,ff
2019-09-07T19:30:48.923Z,2,127237,172,255,21,3c,c2,1f,fd,ef,ff,ff,ff,ff,ff,ff,ff,ff,ff,7f,ff,7f,ff,7f,ff,ff
2019-09-07T19:30:48.923Z,2,130306,110,255,8,00,00,00,b3,b7,fa,ff,ff
2019-09-07T19:30:48.923Z,2,129026,150,255,8,ff,fc,7b,57,34,01,ff,ff
2019-09-07T19:30:48.923Z,2,129025,150,255,8,c0,0e,42,18,c0,95,e8,d3
2019-09-07T19:30:48.923Z,2,128259,105,255,8,00,00,00,ff,ff,00,ff,ff
2019-09-07T19:30:48.923Z,6,128275,105,255,14,ff,ff,ff,ff,ff,ff,34,60,52,00,34,60,52,00
2019-09-07T19:30:48.923Z,5,130310,105,255,8,00,09,74,ff,ff,ff,ff,ff
2019-09-07T19:30:48.923Z,5,130312,105,255,8,00,00,00,09,74,ff,ff,ff
2019-09-07T19:30:48.923Z,7,130822,105,255,26,3b,9f,34,60,52,00,34,60,52,00,34,60,52,00,34,60,52,00,34,60,52,00,34,60,52,00
2019-09-07T19:30:48.923Z,2,127245,172,255,8,fc,f8,fd,ef,0c,f0,ff,ff
2019-09-07T19:30:48.923Z,3,129284,8,255,34,5f,c4,22,00,00,00,ff,ff,ff,ff,ff,ff,1f,de,78,7e,ff,ff,ff,ff,01,00,00,00,7f,ef,41,18,c0,91,e8,d3,a6,00
2019-09-07T19:30:48.923Z,7,130848,8,255,32,3b,9f,b8,57,61,79,70,6f,69,6e,74,20,31,32,00,80,89,42,b8,30,30,30,31,78,7e,78,7e,c4,22,00,00,ff
2019-09-07T19:30:48.923Z,7,130918,8,255,47,3b,9f,01,00,57,61,79,70,6f,69,6e,74,20,31,32,00,80,89,42,b8,ff,00,ff,ff,ff,ff,ff,ff,ff,ff,ff,ff,ff,ff,ff,ff,ff,ff,0d,ff,ff,ff,ff,ff,ff,ff,ff
2019-09-07T19:30:48.923Z,6,129285,8,255,58,00,00,02,00,00,00,00,00,07,07,01,52,6f,75,74,65,ff,00,00,08,01,4f,52,49,47,49,4e,00,dc,41,18,40,a3,e8,d3,01,00,0d,01,57,61,79,70,6f,69,6e,74,20,31,32,7f,ef,41,18,c0,91,e8,d3
2019-09-07T19:30:48.923Z,7,61184,204,255,8,3b,9f,61,fb,ff,ff,ff,ff
2019-09-07T19:30:48.923Z,7,61184,105,204,8,3b,9f,01,61,00,f2,ff,ff
2019-09-07T19:30:48.923Z,2,127250,204,255,8,ff,55,96,ff,7f,ff,7f,fd
2019-09-07T19:30:48.923Z,2,127251,204,255,8,ff,df,13,00,00,ff,ff,ff
2019-09-07T19:30:48.923Z,2,127257,204,255,8,ff,e5,a0,1b,ff,6d,00,ff
2019-09-07T19:30:48.923Z,2,127245,204,255,8,00,ff,fd,ef,0c,f0,ff,ff
2019-09-07T19:30:48.923Z,2,127245,204,255,8,fc,f8,fd,ef,ff,7f,ff,ff
2019-09-07T19:30:48.924Z,7,65359,204,255,8,3b,9f,ff,ff,ff,55,96,ff
2019-09-07T19:30:48.924Z,7,65360,204,255,8,3b,9f,ff,ff,ff,f8,8c,ff
2019-09-07T19:30:48.950Z,2,130306,110,255,8,00,00,00,00,0b,b8,fa,ff
2019-09-07T19:30:48.950Z,2,129026,150,255,8,ff,fc,80,57,34,01,ff,ff
2019-09-07T19:30:48.950Z,2,129025,150,255,8,a0,0e,42,18,00,96,e8,d3
2019-09-07T19:30:48.950Z,2,127245,172,255,8,fc,f8,fd,ef,0c,f0,ff,ff
2019-09-07T19:30:48.950Z,2,127250,204,255,8,ff,56,96,ff,7f,ff,7f,fd
2019-09-07T19:30:48.950Z,2,127251,204,255,8,ff,f1,23,00,00,ff,ff,ff
2019-09-07T19:30:48.950Z,2,127257,204,255,8,ff,e6,a0,1b,ff,6e,00,ff
2019-09-07T19:30:48.950Z,2,127245,204,255,8,00,ff,fd,ef,0c,f0,ff,ff
2019-09-07T19:30:48.950Z,2,127245,204,255,8,00,ff,fd,ef,2f,f0,ff,ff
2019-09-07T19:30:48.950Z,2,127245,204,255,8,fc,f8,fd,ef,ff,7f,ff,ff
2019-09-07T19:30:48.950Z,7,65359,204,255,8,3b,9f,ff,ff,ff,52,96,ff
2019-09-07T19:30:48.950Z,7,65360,204,255,8,3b,9f,ff,ff,ff,f8,8c,ff
2019-09-07T19:30:48.950Z,2,130306,110,255,8,00,00,00,b3,b7,fa,ff,ff
2019-09-07T19:30:48.966Z,2,129026,150,255,8,ff,fc,13,57,31,01,ff,ff
2019-09-07T19:30:48.966Z,2,129025,150,255,8,80,0e,42,18,40,97,e8,d3
2019-09-07T19:30:49.014Z,2,127237,172,255,21,3c,c2,1f,fd,ef,ff,ff,ff,ff,ff,ff,ff,ff,ff,7f,ff,7f,ff,7f,ff,ff
2019-09-07T19:30:49.014Z,2,127245,172,255,8,fc,f8,fd,ef,0c,f0,ff,ff
2019-09-07T19:30:49.070Z,2,127250,204,255,8,ff,51,96,ff,7f,ff,7f,fd
2019-09-07T19:30:49.070Z,2,127251,204,255,8,ff,47,0a,00,00,ff,ff,ff
2019-09-07T19:30:49.070Z,2,127257,204,255,8,ff,e1,a0,21,ff,75,00,ff
2019-09-07T19:30:49.070Z,2,127245,204,255,8,00,ff,fd,ef,0c,f0,ff,ff
2019-09-07T19:30:49.070Z,2,127245,204,255,8,fc,f8,fd,ef,ff,7f,ff,ff
2019-09-07T19:30:49.070Z,3,129283,8,255,8,ff,7f,ff,ff,ff,7f,ff,ff
2019-09-07T19:30:49.070Z,7,65379,204,255,8,3b,9f,40,00,00,00,02,ff
2019-09-07T19:30:49.070Z,7,65359,204,255,8,3b,9f,ff,ff,ff,51,96,ff
2019-09-07T19:30:49.070Z,7,126720,204,255,8,3b,9f,f0,81,9c,61,14,e9
2019-09-07T19:30:49.070Z,3,129284,8,255,34,62,c4,22,00,00,00,ff,ff,ff,ff,ff,ff,1f,de,f8,7f,ff,ff,ff,ff,01,00,00,00,7f,ef,41,18,c0,91,e8,d3,98,00
2019-09-07T19:30:49.070Z,7,65360,204,255,8,3b,9f,ff,ff,ff,f8,8c,ff
2019-09-07T19:30:49.070Z,7,65384,8,255,8,3b,9f,ff,ff,ff,ff,ff,ff
2019-09-07T19:30:49.070Z,2,130306,110,255,8,00,00,00,b3,b7,fa,ff,ff
2019-09-07T19:30:49.070Z,2,129026,150,255,8,ff,fc,13,57,31,01,ff,ff
2019-09-07T19:30:49.070Z,2,129025,150,255,8,40,0d,42,18,40,99,e8,d3
2019-09-07T19:30:49.086Z,7,65396,43,255,8,3b,9f,fd,21,00,fe,ff,ff
2019-09-07T19:30:49.086Z,2,127245,172,255,8,fc,f8,fd,ef,0c,f0,ff,ff
2019-09-07T19:30:49.150Z,2,127250,204,255,8,ff,51,96,ff,7f,ff,7f,fd
2019-09-07T19:30:49.150Z,2,127251,204,255,8,ff,84,08,00,00,ff,ff,ff
2019-09-07T19:30:49.150Z,2,127257,204,255,8,ff,e1,a0,1f,ff,75,00,ff
2019-09-07T19:30:49.150Z,2,127245,204,255,8,00,ff,fd,ef,0c,f0,ff,ff
2019-09-07T19:30:49.150Z,2,127245,204,255,8,fc,f8,fd,ef,ff,7f,ff,ff
2019-09-07T19:30:49.150Z,7,65359,204,255,8,3b,9f,ff,ff,ff,51,96,ff
2019-09-07T19:30:49.150Z,7,130916,204,255,7,3b,9f,ff,ff,ff,7f,ff
2019-09-07T19:30:49.150Z,7,65360,204,255,8,3b,9f,ff,ff,ff,f8,8c,ff
2019-09-07T19:30:49.150Z,7,126720,6,255,7,3b,9f,f0,81,90,00,03
2019-09-07T19:30:49.150Z,2,130306,110,255,8,00,00,00,b3,b7,fa,ff,ff
2019-09-07T19:30:49.166Z,2,129026,150,255,8,ff,fc,95,55,35,01,ff,ff
2019-09-07T19:30:49.166Z,2,129025,150,255,8,80,0d,42,18,00,99,e8,d3
2019-09-07T19:30:49.198Z,2,127245,172,255,8,fc,f8,fd,ef,2f,f0,ff,ff
2019-09-07T19:30:49.255Z,2,127250,204,255,8,ff,53,96,ff,7f,ff,7f,fd
2019-09-07T19:30:49.255Z,2,127251,204,255,8,ff,34,6b,00,00,ff,ff,ff
2019-09-07T19:30:49.255Z,2,127257,204,255,8,ff,e4,a0,1c,ff,77,00,ff
2019-09-07T19:30:49.255Z,2,127245,204,255,8,00,ff,fd,ef,2f,f0,ff,ff
2019-09-07T19:30:49.255Z,2,127245,204,255,8,fc,f8,fd,ef,ff,7f,ff,ff
2019-09-07T19:30:49.255Z,6,127258,8,255,8,ff,ff,ff,ff,ff,7f,ff,ff
2019-09-07T19:30:49.255Z,7,65359,204,255,8,3b,9f,ff,ff,ff,53,96,ff
2019-09-07T19:30:49.255Z,7,65360,204,255,8,3b,9f,ff,ff,ff,f8,8c,ff
2019-09-07T19:30:49.255Z,2,127237,172,255,21,3c,c2,1f,fd,ef,ff,ff,ff,ff,ff,ff,ff,ff,ff,7f,ff,7f,ff,7f,ff,ff
2019-09-07T19:30:49.255Z,2,130306,110,255,8,00,00,00,5c,b7,fa,ff,ff
2019-09-07T19:30:49.276Z,2,129026,150,255,8,ff,fc,c1,54,36,01,ff,ff
2019-09-07T19:30:49.276Z,2,129025,150,255,8,c0,0d,42,18,00,99,e8,d3
2019-09-07T19:30:49.276Z,5,130310,105,255,8,00,09,74,ff,ff,ff,ff,ff
2019-09-07T19:30:49.292Z,2,127245,172,255,8,fc,f8,fd,ef,0c,f0,ff,ff
2019-09-07T19:30:49.350Z,2,127250,204,255,8,ff,52,96,ff,7f,ff,7f,fd
2019-09-07T19:30:49.350Z,2,127251,204,255,8,ff,9c,2b,00,00,ff,ff,ff
2019-09-07T19:30:49.350Z,2,127257,204,255,8,ff,e3,a0,20,ff,75,00,ff
2019-09-07T19:30:49.350Z,2,127245,204,255,8,00,ff,fd,ef,0c,f0,ff,ff
2019-09-07T19:30:49.350Z,2,127245,204,255,8,fc,f8,fd,ef,ff,7f,ff,ff
2019-09-07T19:30:49.350Z,7,65359,204,255,8,3b,9f,ff,ff,ff,52,96,ff
2019-09-07T19:30:49.350Z,7,65360,204,255,8,3b,9f,ff,ff,ff,f8,8c,ff
2019-09-07T19:30:49.350Z,2,130306,110,255,8,00,00,00,5c,b7,fa,ff,ff
2019-09-07T19:30:49.366Z,2,129026,150,255,8,ff,fc,e8,53,37,01,ff,ff
2019-09-07T19:30:49.366Z,2,129025,150,255,8,e0,0d,42,18,c0,98,e8,d3
2019-09-07T19:30:49.382Z,7,65384,6,255,8,3b,9f,00,00,00,00,00,00
2019-09-07T19:30:49.398Z,2,127245,172,255,8,fc,f8,fd,ef,0c,f0,ff,ff
2019-09-07T19:30:49.450Z,2,127250,204,255,8,ff,54,96,ff,7f,ff,7f,fd
2019-09-07T19:30:49.450Z,2,127251,204,255,8,ff,ee,4f,00,00,ff,ff,ff
2019-09-07T19:30:49.450Z,2,127257,204,255,8,ff,e4,a0,22,ff,75,00,ff
2019-09-07T19:30:49.450Z,2,127245,204,255,8,00,ff,fd,ef,0c,f0,ff,ff
2019-09-07T19:30:49.450Z,2,127245,204,255,8,fc,f8,fd,ef,ff,7f,ff,ff
2019-09-07T19:30:49.450Z,7,65359,204,255,8,3b,9f,ff,ff,ff,54,96,ff
2019-09-07T19:30:49.450Z,7,65360,204,255,8,3b,9f,ff,ff,ff,f8,8c,ff
2019-09-07T19:30:49.450Z,2,130306,110,255,8,00,00,00,5c,b7,fa,ff,ff
2019-09-07T19:30:49.501Z,2,129026,150,255,8,ff,fc,32,53,37,01,ff,ff
2019-09-07T19:30:49.501Z,3,129029,150,255,47,ff,ff,ff,ff,ff,ff,ff,00,00,00,00,18,e4,a5,05,00,00,00,00,50,f2,bb,f5,ff,ff,ff,ff,ff,ff,ff,7f,14,fc,15,85,01,ff,7f,ff,ff,ff,7f,c4,59,00,10,00
2019-09-07T19:30:49.501Z,2,129025,150,255,8,e0,0d,42,18,c0,98,e8,d3
2019-09-07T19:30:49.501Z,6,129542,150,255,15,ff,e4,12,ff,ff,ff,ff,ff,ff,ff,ff,ff,ff,ff,ff
2019-09-07T19:30:49.501Z,6,129540,150,255,87,ff,ff,08,02,b9,11,f2,57,b0,04,00,00,00,00,f2,05,ad,1e,45,2a,08,07,00,00,00,00,f2,07,5d,01,c5,13,20,03,00,00,00,00,f1,0d,5c,2e,21,42,60,09,00,00,00,00,f2,0f,39,28,09,89,14,05,00,00,00,00,f2,1d,16,22,37,a0,fc,08,00,00,00,00,f2,1e,8b,09,2d,26,20,03,00,00,00,00,f1
2019-09-07T19:30:49.501Z,2,127237,172,255,21,3c,c2,1f,fd,ef,ff,ff,ff,ff,ff,ff,ff,ff,ff,7f,ff,7f,ff,7f,ff,ff
2019-09-07T19:30:49.501Z,2,127245,172,255,8,fc,f8,fd,ef,0c,f0,ff,ff
2019-09-07T19:30:49.571Z,2,127250,204,255,8,ff,54,96,ff,7f,ff,7f,fd
2019-09-07T19:30:49.571Z,2,127251,204,255,8,ff,31,1e,00,00,ff,ff,ff
2019-09-07T19:30:49.571Z,2,127257,204,255,8,ff,e4,a0,21,ff,75,00,ff
2019-09-07T19:30:49.571Z,2,127245,204,255,8,00,ff,fd,ef,0c,f0,ff,ff
2019-09-07T19:30:49.571Z,2,127245,204,255,8,fc,f8,fd,ef,ff,7f,ff,ff
2019-09-07T19:30:49.571Z,7,65359,204,255,8,3b,9f,ff,ff,ff,54,96,ff
2019-09-07T19:30:49.571Z,7,65360,204,255,8,3b,9f,ff,ff,ff,f8,8c,ff
2019-09-07T19:30:49.571Z,7,126720,204,255,13,3b,9f,f0,81,84,66,94,36,42,00,e9,02,05
2019-09-07T19:30:49.571Z,2,130306,110,255,8,00,00,00,5c,b7,fa,ff,ff
2019-09-07T19:30:49.571Z,4,129039,43,255,27,12,04,85,e8,15,ff,ff,ff,7f,ff,ff,ff,7f,fc,ff,ff,ff,ff,06,00,26,ff,ff,00,74,01,ff
2019-09-07T19:30:49.571Z,2,129026,150,255,8,ff,fc,98,52,38,01,ff,ff
2019-09-07T19:30:49.571Z,2,129025,150,255,8,e0,0d,42,18,00,99,e8,d3
2019-09-07T19:30:49.587Z,2,127245,172,255,8,fc,f8,fd,ef,0c,f0,ff,ff
2019-09-07T19:30:49.651Z,2,127250,204,255,8,ff,53,96,ff,7f,ff,7f,fd
2019-09-07T19:30:49.651Z,2,127251,204,255,8,ff,b1,e6,ff,ff,ff,ff,ff
2019-09-07T19:30:49.651Z,2,127257,204,255,8,ff,e3,a0,1f,ff,77,00,ff
2019-09-07T19:30:49.651Z,2,127245,204,255,8,00,ff,fd,ef,0c,f0,ff,ff
2019-09-07T19:30:49.651Z,2,127245,204,255,8,fc,f8,fd,ef,ff,7f,ff,ff
2019-09-07T19:30:49.651Z,7,65359,204,255,8,3b,9f,ff,ff,ff,53,96,ff
2019-09-07T19:30:49.651Z,7,65360,204,255,8,3b,9f,ff,ff,ff,f8,8c,ff
2019-09-07T19:30:49.651Z,7,126720,204,255,9,3b,9f,f0,81,ae,02,01,0c,a5
2019-09-07T19:30:49.651Z,2,130306,110,255,8,00,00,00,5c,b7,fa,ff,ff
2019-09-07T19:30:49.667Z,2,129026,150,255,8,ff,fc,15,52,38,01,ff,ff
2019-09-07T19:30:49.667Z,2,129025,150,255,8,e0,0d,42,18,00,99,e8,d3
2019-09-07T19:30:49.683Z,2,127245,172,255,8,fc,f8,fd,ef,0c,f0,ff,ff
2019-09-07T19:30:49.749Z,2,127250,204,255,8,ff,53,96,ff,7f,ff,7f,fd
2019-09-07T19:30:49.749Z,2,127251,204,255,8,ff,81,ea,ff,ff,ff,ff,ff
2019-09-07T19:30:49.749Z,2,127257,204,255,8,ff,e3,a0,21,ff,79,00,ff
2019-09-07T19:30:49.749Z,2,127245,204,255,8,00,ff,fd,ef,0c,f0,ff,ff
2019-09-07T19:30:49.749Z,2,127245,204,255,8,fc,f8,fd,ef,ff,7f,ff,ff
2019-09-07T19:30:49.749Z,7,65359,204,255,8,3b,9f,ff,ff,ff,53,96,ff
2019-09-07T19:30:49.749Z,7,65360,204,255,8,3b,9f,ff,ff,ff,f8,8c,ff
2019-09-07T19:30:49.749Z,2,127237,172,255,21,3c,c2,1f,fd,ef,ff,ff,ff,ff,ff,ff,ff,ff,ff,7f,ff,7f,ff,7f,ff,ff
2019-09-07T19:30:49.749Z,2,130306,110,255,8,00,00,00,5c,b7,fa,ff,ff
2019-09-07T19:30:49.786Z,2,129026,150,255,8,ff,fc,90,51,38,01,ff,ff
2019-09-07T19:30:49.786Z,2,129025,150,255,8,00,0e,42,18,c0,98,e8,d3
2019-09-07T19:30:49.786Z,2,128259,105,255,8,00,00,00,ff,ff,00,ff,ff
2019-09-07T19:30:49.786Z,6,128275,105,255,14,ff,ff,ff,ff,ff,ff,34,60,52,00,34,60,52,00
2019-09-07T19:30:49.786Z,5,130310,105,255,8,00,ff,73,ff,ff,ff,ff,ff
2019-09-07T19:30:49.786Z,5,130312,105,255,8,00,00,00,ff,73,ff,ff,ff
2019-09-07T19:30:49.786Z,7,130822,105,255,26,3b,9f,34,60,52,00,34,60,52,00,34,60,52,00,34,60,52,00,34,60,52,00,34,60,52,00
2019-09-07T19:30:49.786Z,2,127245,172,255,8,fc,f8,fd,ef,0c,f0,ff,ff
2019-09-07T19:30:49.818Z,3,129284,8,255,34,63,60,22,00,00,00,ff,ff,ff,ff,ff,ff,1f,de,78,81,ff,ff,ff,ff,01,00,00,00,7f,ef,41,18,c0,91,e8,d3,78,00
2019-09-07T19:30:49.869Z,7,130848,8,255,32,3b,9f,ba,57,61,79,70,6f,69,6e,74,20,31,32,00,80,89,42,b8,30,30,30,31,78,81,78,81,60,22,00,00,ff
2019-09-07T19:30:49.869Z,7,130918,8,255,47,3b,9f,01,00,57,61,79,70,6f,69,6e,74,20,31,32,00,80,89,42,b8,ff,00,ff,ff,ff,ff,ff,ff,ff,ff,ff,ff,ff,ff,ff,ff,ff,ff,0d,ff,ff,ff,ff,ff,ff,ff,ff
2019-09-07T19:30:49.869Z,6,129285,8,255,58,00,00,02,00,00,00,00,00,07,07,01,52,6f,75,74,65,ff,00,00,08,01,4f,52,49,47,49,4e,00,dc,41,18,40,a3,e8,d3,01,00,0d,01,57,61,79,70,6f,69,6e,74,20,31,32,7f,ef,41,18,c0,91,e8,d3
2019-09-07T19:30:49.869Z,7,61184,204,255,8,3b,9f,61,fb,ff,ff,ff,ff
2019-09-07T19:30:49.869Z,2,130306,110,255,8,00,00,00,5c,b7,fa,ff,ff
2019-09-07T19:30:49.869Z,7,61184,105,204,8,3b,9f,01,61,00,f2,ff,ff
2019-09-07T19:30:49.869Z,2,127250,204,255,8,ff,57,96,ff,7f,ff,7f,fd
2019-09-07T19:30:49.869Z,2,127251,204,255,8,ff,be,37,00,00,ff,ff,ff
2019-09-07T19:30:49.869Z,2,127257,204,255,8,ff,e7,a0,22,ff,7b,00,ff
2019-09-07T19:30:49.869Z,2,127245,204,255,8,00,ff,fd,ef,0c,f0,ff,ff
2019-09-07T19:30:49.869Z,2,127245,204,255,8,fc,f8,fd,ef,ff,7f,ff,ff
2019-09-07T19:30:49.869Z,2,129026,150,255,8,ff,fc,02,51,38,01,ff,ff
2019-09-07T19:30:49.869Z,2,129025,150,255,8,00,0e,42,18,c0,98,e8,d3
2019-09-07T19:30:49.869Z,0,262386,0,0,33,01,0e,00,e3,9a,03,00,00,00,00,00,02,0e,04,00,00,00,00,00,00,00,00,23,4a,02,08,00,00,00,0c,00,00,00
2019-09-07T19:30:49.898Z,7,65359,204,255,8,3b,9f,ff,ff,ff,57,96,ff
2019-09-07T19:30:49.898Z,7,65360,204,255,8,3b,9f,ff,ff,ff,f8,8c,ff
2019-09-07T19:30:49.898Z,2,127245,172,255,8,fc,f8,fd,ef,0c,f0,ff,ff
2019-09-07T19:30:49.950Z,2,127250,204,255,8,ff,58,96,ff,7f,ff,7f,fd
2019-09-07T19:30:49.950Z,2,127251,204,255,8,ff,1a,45,00,00,ff,ff,ff
2019-09-07T19:30:49.950Z,2,127257,204,255,8,ff,e8,a0,22,ff,7b,00,ff
2019-09-07T19:30:49.950Z,2,127245,204,255,8,00,ff,fd,ef,0c,f0,ff,ff
2019-09-07T19:30:49.950Z,2,127245,204,255,8,fc,f8,fd,ef,ff,7f,ff,ff
2019-09-07T19:30:49.950Z,7,65359,204,255,8,3b,9f,ff,ff,ff,58,96,ff
2019-09-07T19:30:49.950Z,7,65360,204,255,8,3b,9f,ff,ff,ff,f8,8c,ff
2019-09-07T19:30:49.950Z,2,130306,110,255,8,00,00,00,5c,b7,fa,ff,ff
2019-09-07T19:30:49.966Z,2,129026,150,255,8,ff,fc,ef,50,38,01,ff,ff
2019-09-07T19:30:49.966Z,2,129025,150,255,8,e0,0d,42,18,00,99,e8,d3
2019-09-07T19:30:49.998Z,2,127237,172,255,21,3c,c2,1f,fd,ef,ff,ff,ff,ff,ff,ff,ff,ff,ff,7f,ff,7f,ff,7f,ff,ff
2019-09-07T19:30:49.998Z,2,127245,172,255,8,fc,f8,fd,ef,0c,f0,ff,ff
2019-09-07T19:30:50.070Z,2,127250,204,255,8,ff,5a,96,ff,7f,ff,7f,fd
2019-09-07T19:30:50.070Z,2,127251,204,255,8,ff,07,4c,00,00,ff,ff,ff
2019-09-07T19:30:50.070Z,2,127257,204,255,8,ff,ea,a0,1f,ff,7e,00,ff
2019-09-07T19:30:50.070Z,2,127245,204,255,8,00,ff,fd,ef,0c,f0,ff,ff
2019-09-07T19:30:50.070Z,2,127245,204,255,8,fc,f8,fd,ef,ff,7f,ff,ff
2019-09-07T19:30:50.070Z,7,65379,204,255,8,3b,9f,40,00,00,00,02,ff
2019-09-07T19:30:50.070Z,7,65359,204,255,8,3b,9f,ff,ff,ff,5a,96,ff
2019-09-07T19:30:50.070Z,7,126720,204,255,8,3b,9f,f0,81,9c,61,14,e9
2019-09-07T19:30:50.070Z,3,129283,8,255,8,ff,7f,ff,ff,ff,7f,ff,ff
2019-09-07T19:30:50.070Z,7,65360,204,255,8,3b,9f,ff,ff,ff,f8,8c,ff
2019-09-07T19:30:50.070Z,3,129284,8,255,34,64,60,22,00,00,00,ff,ff,ff,ff,ff,ff,1f,de,be,81,ff,ff,ff,ff,01,00,00,00,7f,ef,41,18,c0,91,e8,d3,78,00
2019-09-07T19:30:50.070Z,7,65384,8,255,8,3b,9f,ff,ff,ff,ff,ff,ff
2019-09-07T19:30:50.070Z,2,130306,110,255,8,00,00,00,5c,b7,fa,ff,ff
2019-09-07T19:30:50.070Z,2,129026,150,255,8,ff,fc,dd,50,38,01,ff,ff
2019-09-07T19:30:50.070Z,2,129025,150,255,8,c0,0d,42,18,40,99,e8,d3
2019-09-07T19:30:50.086Z,2,127245,172,255,8,fc,f8,fd,ef,0c,f0,ff,ff
2019-09-07T19:30:50.156Z,2,127250,204,255,8,ff,5a,96,ff,7f,ff,7f,fd
2019-09-07T19:30:50.156Z,2,127251,204,255,8,ff,e5,26,00,00,ff,ff,ff
2019-09-07T19:30:50.156Z,2,127257,204,255,8,ff,ea,a0,1e,ff,7f,00,ff
2019-09-07T19:30:50.156Z,2,127245,204,255,8,00,ff,fd,ef,0c,f0,ff,ff
2019-09-07T19:30:50.156Z,2,127245,204,255,8,fc,f8,fd,ef,ff,7f,ff,ff
2019-09-07T19:30:50.156Z,7,65359,204,255,8,3b,9f,ff,ff,ff,5a,96,ff
2019-09-07T19:30:50.156Z,7,130916,204,255,7,3b,9f,ff,ff,ff,7f,ff
2019-09-07T19:30:50.156Z,7,65360,204,255,8,3b,9f,ff,ff,ff,f8,8c,ff
2019-09-07T19:30:50.156Z,7,130846,8,255,12,3b,9f,03,03,73,cc,0b,03,ba,0d,ff,ff
2019-09-07T19:30:50.156Z,2,130306,110,255,8,00,00,00,5c,b7,fa,ff,ff
2019-09-07T19:30:50.172Z,2,129026,150,255,8,ff,fc,d3,50,38,01,ff,ff
2019-09-07T19:30:50.172Z,2,129025,150,255,8,c0,0d,42,18,40,99,e8,d3
2019-09-07T19:30:50.198Z,3,126208,6,204,21,00,00,ef,01,ff,ff,ff,ff,ff,ff,04,01,3b,07,03,04,04,6c,05,1a,50
2019-09-07T19:30:50.198Z,7,126720,204,6,13,3b,9f,6c,1a,50,ff,7f,ff,7f,ff,7f,ff,7f
2019-09-07T19:30:50.198Z,2,127245,172,255,8,fc,f8,fd,ef,0c,f0,ff,ff
2019-09-07T19:30:50.255Z,2,127250,204,255,8,ff,5c,96,ff,7f,ff,7f,fd
2019-09-07T19:30:50.255Z,2,127251,204,255,8,ff,df,39,00,00,ff,ff,ff
2019-09-07T19:30:50.255Z,2,127257,204,255,8,ff,ec,a0,20,ff,80,00,ff
2019-09-07T19:30:50.255Z,2,127245,204,255,8,00,ff,fd,ef,0c,f0,ff,ff
2019-09-07T19:30:50.255Z,2,127245,204,255,8,fc,f8,fd,ef,ff,7f,ff,ff
2019-09-07T19:30:50.255Z,7,65359,204,255,8,3b,9f,ff,ff,ff,5c,96,ff
2019-09-07T19:30:50.255Z,7,65360,204,255,8,3b,9f,ff,ff,ff,f8,8c,ff
2019-09-07T19:30:50.255Z,6,127258,8,255,8,ff,ff,ff,ff,ff,7f,ff,ff
2019-09-07T19:30:50.255Z,2,127237,172,255,21,3c,c2,1f,fd,ef,ff,ff,ff,ff,ff,ff,ff,ff,ff,7f,ff,7f,ff,7f,ff,ff
2019-09-07T19:30:50.255Z,2,130306,110,255,8,00,00,00,5c,b7,fa,ff,ff
2019-09-07T19:30:50.276Z,2,129026,150,255,8,ff,fc,ce,50,38,01,ff,ff
2019-09-07T19:30:50.276Z,2,129025,150,255,8,c0,0d,42,18,00,99,e8,d3
2019-09-07T19:30:50.276Z,5,130310,105,255,8,00,ff,73,ff,ff,ff,ff,ff
2019-09-07T19:30:50.292Z,2,127245,172,255,8,fc,f8,fd,ef,0c,f0,ff,ff
2019-09-07T19:30:50.348Z,4,129038,43,255,28,01,b6,f2,eb,15,95,54,e8,d3,7e,a3,43,18,49,c5,2b,e1,04,10,c1,08,a2,2b,00,00,0f,00,ff
2019-09-07T19:30:50.348Z,2,127250,204,255,8,ff,5e,96,ff,7f,ff,7f,fd
2019-09-07T19:30:50.348Z,2,127251,204,255,8,ff,f9,47,00,00,ff,ff,ff
2019-09-07T19:30:50.348Z,2,127257,204,255,8,ff,ee,a0,20,ff,81,00,ff
2019-09-07T19:30:50.348Z,2,127245,204,255,8,00,ff,fd,ef,0c,f0,ff,ff
2019-09-07T19:30:50.348Z,2,127245,204,255,8,fc,f8,fd,ef,ff,7f,ff,ff
2019-09-07T19:30:50.348Z,7,65359,204,255,8,3b,9f,ff,ff,ff,5e,96,ff
2019-09-07T19:30:50.348Z,7,65360,204,255,8,3b,9f,ff,ff,ff,f8,8c,ff
2019-09-07T19:30:50.348Z,2,130306,110,255,8,00,00,00,5c,b7,fa,ff,ff
2019-09-07T19:30:50.364Z,2,129026,150,255,8,ff,fc,d4,50,38,01,ff,ff
2019-09-07T19:30:50.364Z,2,129025,150,255,8,a0,0d,42,18,00,99,e8,d3
2019-09-07T19:30:50.380Z,7,65384,6,255,8,3b,9f,00,00,00,00,00,00
2019-09-07T19:30:50.396Z,2,127245,172,255,8,fc,f8,fd,ef,2f,f0,ff,ff
2019-09-07T19:30:50.450Z,2,127250,204,255,8,ff,60,96,ff,7f,ff,7f,fd
2019-09-07T19:30:50.450Z,2,127251,204,255,8,ff,eb,50,00,00,ff,ff,ff
2019-09-07T19:30:50.450Z,2,127257,204,255,8,ff,f0,a0,23,ff,7f,00,ff
2019-09-07T19:30:50.450Z,2,127245,204,255,8,00,ff,fd,ef,2f,f0,ff,ff
2019-09-07T19:30:50.450Z,2,127245,204,255,8,fc,f8,fd,ef,ff,7f,ff,ff
2019-09-07T19:30:50.450Z,7,65359,204,255,8,3b,9f,ff,ff,ff,60,96,ff
2019-09-07T19:30:50.450Z,7,65360,204,255,8,3b,9f,ff,ff,ff,f8,8c,ff
2019-09-07T19:30:50.450Z,2,130306,110,255,8,00,00,00,5c,b7,fa,ff,ff
2019-09-07T19:30:50.501Z,2,129026,150,255,8,ff,fc,db,50,37,01,ff,ff
2019-09-07T19:30:50.501Z,3,129029,150,255,47,ff,ff,ff,ff,ff,ff,ff,00,00,00,00,10,e4,a5,05,00,00,00,00,60,f2,bb,f5,ff,ff,ff,ff,ff,ff,ff,7f,14,fc,15,85,01,ff,7f,ff,ff,ff,7f,c4,59,00,10,00
2019-09-07T19:30:50.501Z,2,129025,150,255,8,c0,0d,42,18,00,99,e8,d3
2019-09-07T19:30:50.501Z,6,129542,150,255,15,ff,eb,12,ff,ff,ff,ff,ff,ff,ff,ff,ff,ff,ff,ff
2019-09-07T19:30:50.501Z,6,129540,150,255,87,ff,ff,08,02,b9,11,f2,57,b0,04,00,00,00,00,f2,05,ad,1e,45,2a,08,07,00,00,00,00,f2,07,5d,01,c5,13,20,03,00,00,00,00,f1,0d,5c,2e,21,42,60,09,00,00,00,00,f2,0f,39,28,09,89,14,05,00,00,00,00,f2,1d,16,22,37,a0,fc,08,00,00,00,00,f2,1e,8b,09,2d,26,20,03,00,00,00,00,f1
2019-09-07T19:30:50.501Z,2,127237,172,255,21,3c,c2,1f,fd,ef,ff,ff,ff,ff,ff,ff,ff,ff,ff,7f,ff,7f,ff,7f,ff,ff
2019-09-07T19:30:50.501Z,2,127245,172,255,8,fc,f8,fd,ef,0c,f0,ff,ff
2019-09-07T19:30:50.549Z,2,127250,204,255,8,ff,62,96,ff,7f,ff,7f,fd
2019-09-07T19:30:50.549Z,2,127251,204,255,8,ff,43,6a,00,00,ff,ff,ff
2019-09-07T19:30:50.549Z,2,127257,204,255,8,ff,f2,a0,24,ff,80,00,ff
2019-09-07T19:30:50.549Z,2,127245,204,255,8,00,ff,fd,ef,0c,f0,ff,ff
2019-09-07T19:30:50.549Z,2,127245,204,255,8,fc,f8,fd,ef,ff,7f,ff,ff
2019-09-07T19:30:50.549Z,7,65359,204,255,8,3b,9f,ff,ff,ff,62,96,ff
2019-09-07T19:30:50.549Z,7,126720,204,255,13,3b,9f,f0,81,84,66,94,36,42,00,e9,02,05
2019-09-07T19:30:50.549Z,7,65360,204,255,8,3b,9f,ff,ff,ff,f8,8c,ff
2019-09-07T19:30:50.549Z,2,130306,110,255,8,00,00,00,5c,b7,fa,ff,ff
2019-09-07T19:30:50.565Z,2,129026,150,255,8,ff,fc,e5,50,37,01,ff,ff
2019-09-07T19:30:50.565Z,2,129025,150,255,8,e0,0d,42,18,c0,98,e8,d3
2019-09-07T19:30:50.581Z,4,129039,43,255,27,12,04,85,e8,15,ff,ff,ff,7f,ff,ff,ff,7f,fc,ff,ff,ff,ff,06,00,26,ff,ff,00,74,01,ff
2019-09-07T19:30:50.597Z,2,127245,172,255,8,fc,f8,fd,ef,2f,f0,ff,ff
2019-09-07T19:30:50.650Z,2,127250,204,255,8,ff,62,96,ff,7f,ff,7f,fd
2019-09-07T19:30:50.650Z,2,127251,204,255,8,ff,94,2b,00,00,ff,ff,ff
2019-09-07T19:30:50.650Z,2,127257,204,255,8,ff,f2,a0,25,ff,7e,00,ff
2019-09-07T19:30:50.650Z,2,127245,204,255,8,00,ff,fd,ef,2f,f0,ff,ff
2019-09-07T19:30:50.650Z,2,127245,204,255,8,fc,f8,fd,ef,ff,7f,ff,ff
2019-09-07T19:30:50.650Z,7,65359,204,255,8,3b,9f,ff,ff,ff,62,96,ff
2019-09-07T19:30:50.650Z,7,126720,204,255,9,3b,9f,f0,81,ae,02,01,0c,a5
2019-09-07T19:30:50.650Z,7,65360,204,255,8,3b,9f,ff,ff,ff,f8,8c,ff
2019-09-07T19:30:50.650Z,2,130306,110,255,8,00,00,00,b3,b7,fa,ff,ff
2019-09-07T19:30:50.666Z,2,129026,150,255,8,ff,fc,f1,50,36,01,ff,ff
2019-09-07T19:30:50.666Z,2,129025,150,255,8,00,0e,42,18,40,98,e8,d3
2019-09-07T19:30:50.698Z,2,127245,172,255,8,fc,f8,fd,ef,0c,f0,ff,ff
2019-09-07T19:30:50.749Z,2,127250,204,255,8,ff,60,96,ff,7f,ff,7f,fd
2019-09-07T19:30:50.749Z,2,127251,204,255,8,ff,c8,b6,ff,ff,ff,ff,ff
2019-09-07T19:30:50.749Z,2,127257,204,255,8,ff,f0,a0,23,ff,82,00,ff
2019-09-07T19:30:50.749Z,2,127245,204,255,8,00,ff,fd,ef,0c,f0,ff,ff
2019-09-07T19:30:50.749Z,2,127245,204,255,8,fc,f8,fd,ef,ff,7f,ff,ff
2019-09-07T19:30:50.749Z,7,65359,204,255,8,3b,9f,ff,ff,ff,60,96,ff
2019-09-07T19:30:50.749Z,7,65360,204,255,8,3b,9f,ff,ff,ff,f8,8c,ff
2019-09-07T19:30:50.749Z,2,127237,172,255,21,3c,c2,1f,fd,ef,ff,ff,ff,ff,ff,ff,ff,ff,ff,7f,ff,7f,ff,7f,ff,ff
2019-09-07T19:30:50.749Z,2,130306,110,255,8,00,00,00,b3,b7,fa,ff,ff
2019-09-07T19:30:50.780Z,2,129026,150,255,8,ff,fc,48,51,33,01,ff,ff
2019-09-07T19:30:50.780Z,2,129025,150,255,8,00,0e,42,18,40,98,e8,d3
2019-09-07T19:30:50.780Z,2,128259,105,255,8,00,00,00,ff,ff,00,ff,ff
2019-09-07T19:30:50.780Z,6,128275,105,255,14,ff,ff,ff,ff,ff,ff,34,60,52,00,34,60,52,00
2019-09-07T19:30:50.780Z,5,130310,105,255,8,00,ff,73,ff,ff,ff,ff,ff
2019-09-07T19:30:50.780Z,7,130822,105,255,26,3b,9f,34,60,52,00,34,60,52,00,34,60,52,00,34,60,52,00,34,60,52,00,34,60,52,00
2019-09-07T19:30:50.796Z,2,127245,172,255,8,fc,f8,fd,ef,2f,f0,ff,ff
2019-09-07T19:30:50.862Z,2,127250,204,255,8,ff,5f,96,ff,7f,ff,7f,fd
2019-09-07T19:30:50.862Z,2,127251,204,255,8,ff,17,9c,ff,ff,ff,ff,ff
2019-09-07T19:30:50.862Z,3,129284,8,255,34,65,60,22,00,00,00,ff,ff,ff,ff,ff,ff,1f,de,fe,80,ff,ff,ff,ff,01,00,00,00,7f,ef,41,18,c0,91,e8,d3,61,00
2019-09-07T19:30:50.862Z,2,127257,204,255,8,ff,ef,a0,21,ff,84,00,ff
2019-09-07T19:30:50.862Z,2,127245,204,255,8,00,ff,fc,ef,2f,f0,ff,ff
2019-09-07T19:30:50.862Z,2,127245,204,255,8,fc,f8,fc,ef,ff,7f,ff,ff
2019-09-07T19:30:50.862Z,7,65359,204,255,8,3b,9f,ff,ff,ff,5f,96,ff
2019-09-07T19:30:50.862Z,7,65360,204,255,8,3b,9f,ff,ff,ff,f8,8c,ff
2019-09-07T19:30:50.862Z,7,130848,8,255,32,3b,9f,bb,57,61,79,70,6f,69,6e,74,20,31,32,00,80,89,42,b8,30,30,30,31,fe,80,fe,80,60,22,00,00,ff
2019-09-07T19:30:50.862Z,7,130918,8,255,47,3b,9f,01,00,57,61,79,70,6f,69,6e,74,20,31,32,00,80,89,42,b8,ff,00,ff,ff,ff,ff,ff,ff,ff,ff,ff,ff,ff,ff,ff,ff,ff,ff,0d,ff,ff,ff,ff,ff,ff,ff,ff
2019-09-07T19:30:50.862Z,2,130306,110,255,8,00,00,00,b3,b7,fa,ff,ff
2019-09-07T19:30:50.862Z,7,61184,204,255,8,3b,9f,61,fb,ff,ff,ff,ff
2019-09-07T19:30:50.862Z,6,129285,8,255,58,00,00,02,00,00,00,00,00,07,07,01,52,6f,75,74,65,ff,00,00,08,01,4f,52,49,47,49,4e,00,dc,41,18,40,a3,e8,d3,01,00,0d,01,57,61,79,70,6f,69,6e,74,20,31,32,7f,ef,41,18,c0,91,e8,d3
2019-09-07T19:30:50.898Z,7,61184,105,204,8,3b,9f,01,61,00,f2,ff,ff
2019-09-07T19:30:50.898Z,2,129026,150,255,8,ff,fc,c2,51,2f,01,ff,ff
2019-09-07T19:30:50.898Z,2,129025,150,255,8,e0,0d,42,18,40,98,e8,d3
2019-09-07T19:30:50.898Z,0,262386,0,0,33,01,0e,00,e3,9a,03,00,00,00,00,00,02,0f,02,00,00,00,00,00,00,00,00,24,61,02,08,00,00,00,0d,00,00,00
2019-09-07T19:30:50.898Z,2,127245,172,255,8,fc,f8,fc,ef,0c,f0,ff,ff
2019-09-07T19:30:50.950Z,2,127250,204,255,8,ff,60,96,ff,7f,ff,7f,fd
2019-09-07T19:30:50.950Z,2,127251,204,255,8,ff,41,a9,ff,ff,ff,ff,ff
2019-09-07T19:30:50.950Z,2,127257,204,255,8,ff,f0,a0,23,ff,81,00,ff
2019-09-07T19:30:50.950Z,2,127245,204,255,8,00,ff,f8,ef,0c,f0,ff,ff
2019-09-07T19:30:50.950Z,2,127245,204,255,8,fc,f8,f8,ef,ff,7f,ff,ff
2019-09-07T19:30:50.950Z,7,65359,204,255,8,3b,9f,ff,ff,ff,60,96,ff
2019-09-07T19:30:50.950Z,7,65360,204,255,8,3b,9f,ff,ff,ff,f8,8c,ff
2019-09-07T19:30:50.950Z,2,130306,110,255,8,00,00,00,0b,b8,fa,ff,ff
2019-09-07T19:30:50.966Z,2,129026,150,255,8,ff,fc,47,52,2d,01,ff,ff
2019-09-07T19:30:50.966Z,2,129025,150,255,8,c0,0d,42,18,00,98,e8,d3
2019-09-07T19:30:50.998Z,2,127237,172,255,21,3c,c2,1f,f8,ef,ff,ff,ff,ff,ff,ff,ff,ff,ff,7f,ff,7f,ff,7f,ff,ff
2019-09-07T19:30:50.998Z,2,127245,172,255,8,fc,f8,f8,ef,0c,f0,ff,ff
2019-09-07T19:30:51.066Z,2,127250,204,255,8,ff,60,96,ff,7f,ff,7f,fd
2019-09-07T19:30:51.066Z,2,127251,204,255,8,ff,51,9d,ff,ff,ff,ff,ff
2019-09-07T19:30:51.066Z,2,127257,204,255,8,ff,f0,a0,23,ff,83,00,ff
2019-09-07T19:30:51.066Z,2,127245,204,255,8,00,ff,f6,ef,0c,f0,ff,ff
2019-09-07T19:30:51.066Z,2,127245,204,255,8,fc,f8,f6,ef,ff,7f,ff,ff
2019-09-07T19:30:51.066Z,7,65379,204,255,8,3b,9f,40,00,00,00,02,ff
2019-09-07T19:30:51.066Z,7,65359,204,255,8,3b,9f,ff,ff,ff,60,96,ff
2019-09-07T19:30:51.066Z,7,126720,204,255,8,3b,9f,f0,81,9c,61,14,e9
2019-09-07T19:30:51.066Z,7,65360,204,255,8,3b,9f,ff,ff,ff,f8,8c,ff
2019-09-07T19:30:51.066Z,6,129044,150,255,20,57,38,34,00,00,00,00,00,00,00,00,00,00,00,00,00,57,38,34,00
2019-09-07T19:30:51.066Z,3,129283,8,255,8,ff,7f,ff,ff,ff,7f,ff,ff
2019-09-07T19:30:51.066Z,3,129284,8,255,34,66,fc,21,00,00,00,ff,ff,ff,ff,ff,ff,1f,de,c9,80,ff,ff,ff,ff,01,00,00,00,7f,ef,41,18,c0,91,e8,d3,6e,00
2019-09-07T19:30:51.066Z,7,65384,8,255,8,3b,9f,ff,ff,ff,ff,ff,ff
2019-09-07T19:30:51.066Z,2,130306,110,255,8,00,00,00,62,b8,fa,ff,ff
2019-09-07T19:30:51.066Z,2,129026,150,255,8,ff,fc,ff,ff,ff,ff,ff,ff
2019-09-07T19:30:51.082Z,2,127245,172,255,8,fc,f8,f6,ef,0c,f0,ff,ff
2019-09-07T19:30:51.155Z,2,127250,204,255,8,ff,62,96,ff,7f,ff,7f,fd
2019-09-07T19:30:51.155Z,2,127251,204,255,8,ff,db,0a,00,00,ff,ff,ff
2019-09-07T19:30:51.155Z,2,127257,204,255,8,ff,f2,a0,22,ff,82,00,ff
2019-09-07T19:30:51.155Z,2,127245,204,255,8,00,ff,f5,ef,0c,f0,ff,ff
2019-09-07T19:30:51.155Z,2,127245,204,255,8,fc,f8,f5,ef,ff,7f,ff,ff
2019-09-07T19:30:51.155Z,7,65359,204,255,8,3b,9f,ff,ff,ff,62,96,ff
2019-09-07T19:30:51.155Z,7,130916,204,255,7,3b,9f,ff,ff,ff,7f,ff
2019-09-07T19:30:51.155Z,7,65360,204,255,8,3b,9f,ff,ff,ff,f8,8c,ff
2019-09-07T19:30:51.155Z,7,126720,6,255,7,3b,9f,f0,81,90,00,03
2019-09-07T19:30:51.155Z,2,130306,110,255,8,00,00,00,62,b8,fa,ff,ff
2019-09-07T19:30:51.171Z,2,129026,150,255,8,ff,fc,ff,ff,ff,ff,ff,ff
2019-09-07T19:30:51.187Z,2,127245,172,255,8,fc,f8,f5,ef,2f,f0,ff,ff
2019-09-07T19:30:51.256Z,2,127250,204,255,8,ff,63,96,ff,7f,ff,7f,fd
2019-09-07T19:30:51.256Z,2,127251,204,255,8,ff,35,1e,00,00,ff,ff,ff
2019-09-07T19:30:51.256Z,2,127257,204,255,8,ff,f3,a0,23,ff,83,00,ff
2019-09-07T19:30:51.256Z,2,127245,204,255,8,00,ff,f4,ef,2f,f0,ff,ff
2019-09-07T19:30:51.256Z,2,127245,204,255,8,fc,f8,f4,ef,ff,7f,ff,ff
2019-09-07T19:30:51.256Z,7,65359,204,255,8,3b,9f,ff,ff,ff,63,96,ff
2019-09-07T19:30:51.256Z,7,65360,204,255,8,3b,9f,ff,ff,ff,f8,8c,ff
2019-09-07T19:30:51.256Z,6,127258,8,255,8,ff,ff,ff,ff,ff,7f,ff,ff
2019-09-07T19:30:51.256Z,2,127237,172,255,21,3c,c2,1f,f4,ef,ff,ff,ff,ff,ff,ff,ff,ff,ff,7f,ff,7f,ff,7f,ff,ff
2019-09-07T19:30:51.256Z,2,130306,110,255,8,00,00,00,b9,b8,fa,ff,ff
2019-09-07T19:30:51.256Z,2,129026,150,255,8,ff,fc,ff,ff,ff,ff,ff,ff
2019-09-07T19:30:51.272Z,5,130310,105,255,8,00,ff,73,ff,ff,ff,ff,ff
2019-09-07T19:30:51.288Z,2,127245,172,255,8,fc,f8,f4,ef,2f,f0,ff,ff
2019-09-07T19:30:51.320Z,2,127250,204,255,8,ff,63,96,ff,7f,ff,7f,fd
2019-09-07T19:30:51.346Z,2,127251,204,255,8,ff,47,30,00,00,ff,ff,ff
2019-09-07T19:30:51.346Z,2,127257,204,255,8,ff,f3,a0,24,ff,85,00,ff
2019-09-07T19:30:51.346Z,2,127245,204,255,8,00,ff,f4,ef,2f,f0,ff,ff
2019-09-07T19:30:51.346Z,2,127245,204,255,8,fc,f8,f4,ef,ff,7f,ff,ff
2019-09-07T19:30:51.346Z,7,65359,204,255,8,3b,9f,ff,ff,ff,63,96,ff
2019-09-07T19:30:51.346Z,7,65360,204,255,8,3b,9f,ff,ff,ff,f8,8c,ff
2019-09-07T19:30:51.346Z,2,130306,110,255,8,00,00,00,b9,b8,fa,ff,ff
2019-09-07T19:30:51.362Z,2,129026,150,255,8,ff,fc,ff,ff,ff,ff,ff,ff
2019-09-07T19:30:51.378Z,7,65384,6,255,8,3b,9f,00,00,00,00,00,00
2019-09-07T19:30:51.394Z,2,127245,172,255,8,fc,f8,f4,ef,2f,f0,ff,ff
2019-09-07T19:30:51.450Z,2,127250,204,255,8,ff,64,96,ff,7f,ff,7f,fd
2019-09-07T19:30:51.450Z,2,127251,204,255,8,ff,3a,40,00,00,ff,ff,ff
2019-09-07T19:30:51.450Z,2,127257,204,255,8,ff,f4,a0,23,ff,88,00,ff
2019-09-07T19:30:51.450Z,2,127245,204,255,8,00,ff,f4,ef,2f,f0,ff,ff
2019-09-07T19:30:51.450Z,2,127245,204,255,8,fc,f8,f4,ef,ff,7f,ff,ff
2019-09-07T19:30:51.450Z,7,65359,204,255,8,3b,9f,ff,ff,ff,64,96,ff
2019-09-07T19:30:51.450Z,7,65360,204,255,8,3b,9f,ff,ff,ff,f8,8c,ff
2019-09-07T19:30:51.450Z,2,130306,110,255,8,00,00,00,b9,b8,fa,ff,ff
2019-09-07T19:30:51.466Z,2,129026,150,255,8,ff,fc,ff,ff,ff,ff,ff,ff
2019-09-07T19:30:51.500Z,6,129540,150,255,87,ff,ff,08,02,b9,11,f2,57,58,02,00,00,00,00,f1,05,ad,1e,45,2a,a4,06,00,00,00,00,f2,07,5d,01,c5,13,20,03,00,00,00,00,f1,0d,5c,2e,21,42,98,08,00,00,00,00,f2,0f,39,28,09,89,14,05,00,00,00,00,f2,1d,16,22,37,a0,98,08,00,00,00,00,f2,1e,8b,09,2d,26,bc,02,00,00,00,00,f1
2019-09-07T19:30:51.500Z,2,127237,172,255,21,3c,c2,1f,f4,ef,ff,ff,ff,ff,ff,ff,ff,ff,ff,7f,ff,7f,ff,7f,ff,ff
2019-09-07T19:30:51.500Z,2,127245,172,255,8,fc,f8,f4,ef,2f,f0,ff,ff
2019-09-07T19:30:51.549Z,2,127250,204,255,8,ff,64,96,ff,7f,ff,7f,fd
2019-09-07T19:30:51.549Z,2,127251,204,255,8,ff,cd,4a,00,00,ff,ff,ff
2019-09-07T19:30:51.549Z,2,127257,204,255,8,ff,f4,a0,20,ff,8b,00,ff
2019-09-07T19:30:51.549Z,2,127245,204,255,8,00,ff,f4,ef,2f,f0,ff,ff
2019-09-07T19:30:51.549Z,2,127245,204,255,8,fc,f8,f4,ef,ff,7f,ff,ff
2019-09-07T19:30:51.549Z,7,65359,204,255,8,3b,9f,ff,ff,ff,64,96,ff
2019-09-07T19:30:51.549Z,7,126720,204,255,13,3b,9f,f0,81,84,66,94,36,42,00,e9,02,05
2019-09-07T19:30:51.549Z,7,65360,204,255,8,3b,9f,ff,ff,ff,f8,8c,ff
2019-09-07T19:30:51.549Z,2,130306,110,255,8,00,00,00,10,b9,fa,ff,ff
2019-09-07T19:30:51.565Z,2,129026,150,255,8,ff,fc,ff,ff,ff,ff,ff,ff
2019-09-07T19:30:51.581Z,4,129039,43,255,27,12,04,85,e8,15,ff,ff,ff,7f,ff,ff,ff,7f,fc,ff,ff,ff,ff,06,00,26,ff,ff,00,74,01,ff
2019-09-07T19:30:51.597Z,2,127245,172,255,8,fc,f8,f4,ef,0c,f0,ff,ff
2019-09-07T19:30:51.649Z,2,127250,204,255,8,ff,64,96,ff,7f,ff,7f,fd
2019-09-07T19:30:51.649Z,2,127251,204,255,8,ff,77,51,00,00,ff,ff,ff
2019-09-07T19:30:51.649Z,2,127257,204,255,8,ff,f5,a0,1f,ff,8d,00,ff
2019-09-07T19:30:51.649Z,2,127245,204,255,8,00,ff,f3,ef,0c,f0,ff,ff
2019-09-07T19:30:51.649Z,2,127245,204,255,8,fc,f8,f3,ef,ff,7f,ff,ff
2019-09-07T19:30:51.649Z,7,65359,204,255,8,3b,9f,ff,ff,ff,64,96,ff
2019-09-07T19:30:51.649Z,7,65360,204,255,8,3b,9f,ff,ff,ff,f8,8c,ff
2019-09-07T19:30:51.649Z,7,126720,204,255,9,3b,9f,f0,81,ae,02,01,0c,a5
2019-09-07T19:30:51.649Z,2,130306,110,255,8,00,00,00,10,b9,fa,ff,ff
2019-09-07T19:30:51.665Z,2,129026,150,255,8,ff,fc,ff,ff,ff,ff,ff,ff
2019-09-07T19:30:51.697Z,2,127245,172,255,8,fc,f8,f3,ef,2f,f0,ff,ff
2019-09-07T19:30:51.755Z,2,127250,204,255,8,ff,63,96,ff,7f,ff,7f,fd
2019-09-07T19:30:51.755Z,2,127251,204,255,8,ff,70,14,00,00,ff,ff,ff
2019-09-07T19:30:51.755Z,2,127257,204,255,8,ff,f3,a0,1f,ff,8d,00,ff
2019-09-07T19:30:51.755Z,2,127245,204,255,8,00,ff,f3,ef,2f,f0,ff,ff
2019-09-07T19:30:51.755Z,2,127245,204,255,8,fc,f8,f3,ef,ff,7f,ff,ff
2019-09-07T19:30:51.755Z,7,65359,204,255,8,3b,9f,ff,ff,ff,63,96,ff
2019-09-07T19:30:51.755Z,7,65360,204,255,8,3b,9f,ff,ff,ff,f8,8c,ff
2019-09-07T19:30:51.755Z,2,127237,172,255,21,3c,c2,1f,f3,ef,ff,ff,ff,ff,ff,ff,ff,ff,ff,7f,ff,7f,ff,7f,ff,ff
2019-09-07T19:30:51.755Z,2,130306,110,255,8,00,00,00,10,b9,fa,ff,ff
2019-09-07T19:30:51.797Z,2,129026,150,255,8,ff,fc,ff,ff,ff,ff,ff,ff
2019-09-07T19:30:51.797Z,2,128259,105,255,8,00,00,00,ff,ff,00,ff,ff
2019-09-07T19:30:51.797Z,6,128275,105,255,14,ff,ff,ff,ff,ff,ff,34,60,52,00,34,60,52,00
2019-09-07T19:30:51.797Z,5,130310,105,255,8,00,ff,73,ff,ff,ff,ff,ff
2019-09-07T19:30:51.797Z,5,130312,105,255,8,00,00,00,ff,73,ff,ff,ff
2019-09-07T19:30:51.797Z,7,130822,105,255,26,3b,9f,34,60,52,00,34,60,52,00,34,60,52,00,34,60,52,00,34,60,52,00,34,60,52,00
2019-09-07T19:30:51.797Z,3,126208,6,204,21,00,00,ef,01,ff,ff,ff,ff,ff,ff,04,01,3b,07,03,04,04,6c,05,23,50
2019-09-07T19:30:51.797Z,7,126720,204,6,9,3b,9f,6c,23,50,80,80,80,00
2019-09-07T19:30:51.797Z,2,127245,172,255,8,fc,f8,f3,ef,2f,f0,ff,ff
2019-09-07T19:30:51.861Z,2,127250,204,255,8,ff,64,96,ff,7f,ff,7f,fd
2019-09-07T19:30:51.861Z,2,127251,204,255,8,ff,e2,6b,00,00,ff,ff,ff
2019-09-07T19:30:51.861Z,2,127257,204,255,8,ff,f4,a0,20,ff,8e,00,ff
2019-09-07T19:30:51.861Z,2,127245,204,255,8,00,ff,f3,ef,2f,f0,ff,ff
2019-09-07T19:30:51.861Z,2,127245,204,255,8,fc,f8,f3,ef,ff,7f,ff,ff
2019-09-07T19:30:51.861Z,7,65359,204,255,8,3b,9f,ff,ff,ff,64,96,ff
2019-09-07T19:30:51.861Z,7,65360,204,255,8,3b,9f,ff,ff,ff,f8,8c,ff
2019-09-07T19:30:51.861Z,3,129284,8,255,34,67,fc,21,00,00,00,ff,ff,ff,ff,ff,ff,1f,de,c9,80,ff,ff,ff,ff,01,00,00,00,7f,ef,41,18,c0,91,e8,d3,6e,00
2019-09-07T19:30:51.861Z,7,130848,8,255,32,3b,9f,bc,57,61,79,70,6f,69,6e,74,20,31,32,00,80,89,42,b8,30,30,30,31,c9,80,c9,80,fc,21,00,00,ff
2019-09-07T19:30:51.861Z,7,130918,8,255,47,3b,9f,01,00,57,61,79,70,6f,69,6e,74,20,31,32,00,80,89,42,b8,ff,00,ff,ff,ff,ff,ff,ff,ff,ff,ff,ff,ff,ff,ff,ff,ff,ff,0d,ff,ff,ff,ff,ff,ff,ff,ff
2019-09-07T19:30:51.861Z,2,130306,110,255,8,00,00,00,68,b9,fa,ff,ff
2019-09-07T19:30:51.861Z,7,61184,204,255,8,3b,9f,61,fb,ff,ff,ff,ff
2019-09-07T19:30:51.861Z,6,129285,8,255,58,00,00,02,00,00,00,00,00,07,07,01,52,6f,75,74,65,ff,00,00,08,01,4f,52,49,47,49,4e,00,dc,41,18,40,a3,e8,d3,01,00,0d,01,57,61,79,70,6f,69,6e,74,20,31,32,7f,ef,41,18,c0,91,e8,d3
2019-09-07T19:30:51.882Z,7,61184,105,204,8,3b,9f,01,61,00,f2,ff,ff
2019-09-07T19:30:51.882Z,2,129026,150,255,8,ff,fc,ff,ff,ff,ff,ff,ff
2019-09-07T19:30:51.882Z,0,262386,0,0,33,01,0e,00,e3,9a,03,00,00,00,00,00,02,0e,02,00,00,00,00,00,00,00,00,21,5a,02,07,00,00,00,0c,00,00,00
2019-09-07T19:30:51.898Z,2,127245,172,255,8,fc,f8,f3,ef,0c,f0,ff,ff
2019-09-07T19:30:51.950Z,2,127250,204,255,8,ff,62,96,ff,7f,ff,7f,fd
2019-09-07T19:30:51.950Z,2,127251,204,255,8,ff,6c,2b,00,00,ff,ff,ff
2019-09-07T19:30:51.950Z,2,127257,204,255,8,ff,f2,a0,24,ff,90,00,ff
2019-09-07T19:30:51.950Z,2,127245,204,255,8,00,ff,f3,ef,0c,f0,ff,ff
2019-09-07T19:30:51.950Z,2,127245,204,255,8,fc,f8,f3,ef,ff,7f,ff,ff
2019-09-07T19:30:51.950Z,7,65359,204,255,8,3b,9f,ff,ff,ff,62,96,ff
2019-09-07T19:30:51.950Z,7,65360,204,255,8,3b,9f,ff,ff,ff,f8,8c,ff
2019-09-07T19:30:51.950Z,2,130306,110,255,8,00,00,00,bf,b9,fa,ff,ff
2019-09-07T19:30:51.966Z,2,129026,150,255,8,ff,fc,ff,ff,ff,ff,ff,ff
2019-09-07T19:30:51.998Z,2,127237,172,255,21,3c,c2,1f,f3,ef,ff,ff,ff,ff,ff,ff,ff,ff,ff,7f,ff,7f,ff,7f,ff,ff
2019-09-07T19:30:51.998Z,2,127245,172,255,8,fc,f8,f3,ef,0c,f0,ff,ff
2019-09-07T19:30:52.070Z,2,127250,204,255,8,ff,60,96,ff,7f,ff,7f,fd
2019-09-07T19:30:52.070Z,2,127251,204,255,8,ff,25,03,00,00,ff,ff,ff
2019-09-07T19:30:52.070Z,2,127257,204,255,8,ff,f0,a0,23,ff,8f,00,ff
2019-09-07T19:30:52.070Z,2,127245,204,255,8,00,ff,f3,ef,0c,f0,ff,ff
2019-09-07T19:30:52.070Z,2,127245,204,255,8,fc,f8,f3,ef,ff,7f,ff,ff
2019-09-07T19:30:52.070Z,7,65379,204,255,8,3b,9f,40,00,00,00,02,ff
2019-09-07T19:30:52.070Z,7,65359,204,255,8,3b,9f,ff,ff,ff,60,96,ff
2019-09-07T19:30:52.070Z,7,126720,204,255,8,3b,9f,f0,81,9c,61,14,e9
2019-09-07T19:30:52.070Z,7,65360,204,255,8,3b,9f,ff,ff,ff,f8,8c,ff
2019-09-07T19:30:52.070Z,3,129283,8,255,8,ff,7f,ff,ff,ff,7f,ff,ff
2019-09-07T19:30:52.070Z,3,129284,8,255,34,68,fc,21,00,00,00,ff,ff,ff,ff,ff,ff,1f,de,c9,80,ff,ff,ff,ff,01,00,00,00,7f,ef,41,18,c0,91,e8,d3,6e,00
2019-09-07T19:30:52.070Z,7,65384,8,255,8,3b,9f,ff,ff,ff,ff,ff,ff
2019-09-07T19:30:52.070Z,2,130306,110,255,8,00,00,00,bf,b9,fa,ff,ff
2019-09-07T19:30:52.070Z,2,129026,150,255,8,ff,fc,ff,ff,ff,ff,ff,ff
2019-09-07T19:30:52.086Z,7,65396,43,255,8,3b,9f,fd,21,00,fe,ff,ff
2019-09-07T19:30:52.086Z,2,127245,172,255,8,fc,f8,f3,ef,2f,f0,ff,ff
2019-09-07T19:30:52.150Z,2,127250,204,255,8,ff,5f,96,ff,7f,ff,7f,fd
2019-09-07T19:30:52.150Z,2,127251,204,255,8,ff,5c,09,00,00,ff,ff,ff
2019-09-07T19:30:52.150Z,2,127257,204,255,8,ff,ef,a0,22,ff,91,00,ff
2019-09-07T19:30:52.150Z,2,127245,204,255,8,00,ff,f3,ef,2f,f0,ff,ff
2019-09-07T19:30:52.150Z,2,127245,204,255,8,fc,f8,f3,ef,ff,7f,ff,ff
2019-09-07T19:30:52.150Z,7,65359,204,255,8,3b,9f,ff,ff,ff,5f,96,ff
2019-09-07T19:30:52.150Z,7,130916,204,255,7,3b,9f,ff,ff,ff,7f,ff
2019-09-07T19:30:52.150Z,7,65360,204,255,8,3b,9f,ff,ff,ff,f8,8c,ff
2019-09-07T19:30:52.150Z,2,130306,110,255,8,00,00,00,bf,b9,fa,ff,ff
2019-09-07T19:30:52.166Z,2,129026,150,255,8,ff,fc,ff,ff,ff,ff,ff,ff
2019-09-07T19:30:52.198Z,2,127245,172,255,8,fc,f8,f3,ef,0c,f0,ff,ff
2019-09-07T19:30:52.255Z,2,127250,204,255,8,ff,5c,96,ff,7f,ff,7f,fd
2019-09-07T19:30:52.255Z,2,127251,204,255,8,ff,c0,dc,ff,ff,ff,ff,ff
2019-09-07T19:30:52.255Z,2,127257,204,255,8,ff,ed,a0,21,ff,91,00,ff
2019-09-07T19:30:52.255Z,2,127245,204,255,8,00,ff,f3,ef,0c,f0,ff,ff
2019-09-07T19:30:52.255Z,2,127245,204,255,8,fc,f8,f3,ef,ff,7f,ff,ff
2019-09-07T19:30:52.255Z,7,65359,204,255,8,3b,9f,ff,ff,ff,5c,96,ff
2019-09-07T19:30:52.255Z,7,65360,204,255,8,3b,9f,ff,ff,ff,f8,8c,ff
2019-09-07T19:30:52.255Z,6,127258,8,255,8,ff,ff,ff,ff,ff,7f,ff,ff
2019-09-07T19:30:52.255Z,2,127237,172,255,21,3c,c2,1f,f3,ef,ff,ff,ff,ff,ff,ff,ff,ff,ff,7f,ff,7f,ff,7f,ff,ff
2019-09-07T19:30:52.255Z,2,130306,110,255,8,00,00,00,bf,b9,fa,ff,ff
2019-09-07T19:30:52.271Z,2,129026,150,255,8,ff,fc,ff,ff,ff,ff,ff,ff
2019-09-07T19:30:52.271Z,5,130310,105,255,8,00,ff,73,ff,ff,ff,ff,ff
2019-09-07T19:30:52.287Z,2,127245,172,255,8,fc,f8,f3,ef,2f,f0,ff,ff
2019-09-07T19:30:52.352Z,2,127250,204,255,8,ff,5c,96,ff,7f,ff,7f,fd
2019-09-07T19:30:52.352Z,2,127251,204,255,8,ff,56,f2,ff,ff,ff,ff,ff
2019-09-07T19:30:52.352Z,2,127257,204,255,8,ff,ec,a0,22,ff,91,00,ff
2019-09-07T19:30:52.352Z,2,127245,204,255,8,00,ff,f3,ef,2f,f0,ff,ff
2019-09-07T19:30:52.352Z,2,127245,204,255,8,fc,f8,f3,ef,ff,7f,ff,ff
2019-09-07T19:30:52.352Z,7,65359,204,255,8,3b,9f,ff,ff,ff,5c,96,ff
2019-09-07T19:30:52.352Z,7,65360,204,255,8,3b,9f,ff,ff,ff,f8,8c,ff
2019-09-07T19:30:52.352Z,2,130306,110,255,8,00,00,00,bf,b9,fa,ff,ff
2019-09-07T19:30:52.368Z,2,129026,150,255,8,ff,fc,ff,ff,ff,ff,ff,ff
2019-09-07T19:30:52.384Z,7,65384,6,255,8,3b,9f,00,00,00,00,00,00
2019-09-07T19:30:52.384Z,2,127245,172,255,8,fc,f8,f3,ef,0c,f0,ff,ff
2019-09-07T19:30:52.450Z,2,127250,204,255,8,ff,5d,96,ff,7f,ff,7f,fd
2019-09-07T19:30:52.450Z,2,127251,204,255,8,ff,2a,2e,00,00,ff,ff,ff
2019-09-07T19:30:52.450Z,2,127257,204,255,8,ff,ed,a0,20,ff,91,00,ff
2019-09-07T19:30:52.450Z,2,127245,204,255,8,00,ff,f3,ef,0c,f0,ff,ff
2019-09-07T19:30:52.450Z,2,127245,204,255,8,fc,f8,f3,ef,ff,7f,ff,ff
2019-09-07T19:30:52.450Z,7,65359,204,255,8,3b,9f,ff,ff,ff,5d,96,ff
2019-09-07T19:30:52.450Z,7,65360,204,255,8,3b,9f,ff,ff,ff,f8,8c,ff
2019-09-07T19:30:52.450Z,2,130306,110,255,8,00,00,00,16,ba,fa,ff,ff
2019-09-07T19:30:52.466Z,2,129026,150,255,8,ff,fc,ff,ff,ff,ff,ff,ff
2019-09-07T19:30:52.520Z,6,129540,150,255,87,ff,ff,08,02,b9,11,f2,57,58,02,00,00,00,00,f1,05,ad,1e,45,2a,a4,06,00,00,00,00,f2,07,5d,01,c5,13,20,03,00,00,00,00,f1,0d,5c,2e,21,42,98,08,00,00,00,00,f2,0f,39,28,09,89,14,05,00,00,00,00,f2,1d,16,22,37,a0,98,08,00,00,00,00,f2,1e,8b,09,2d,26,bc,02,00,00,00,00,f1
2019-09-07T19:30:52.520Z,2,127237,172,255,21,3c,c2,1f,f3,ef,ff,ff,ff,ff,ff,ff,ff,ff,ff,7f,ff,7f,ff,7f,ff,ff
2019-09-07T19:30:52.520Z,2,127245,172,255,8,fc,f8,f3,ef,0c,f0,ff,ff
2019-09-07T19:30:52.520Z,4,129038,43,255,28,01,b6,f2,eb,15,ef,5e,e8,d3,66,a7,43,18,51,7f,2b,d7,04,d9,02,01,a2,2b,00,00,0f,00,ff
2019-09-07T19:30:52.520Z,3,126208,204,172,20,00,00,ef,01,ff,ff,ff,ff,ff,ff,04,01,3b,07,03,04,04,5c,05,0f
2019-09-07T19:30:52.520Z,7,126720,172,204,15,3b,9f,5c,0f,02,01,ff,01,06,ff,02,ff,01,06,ff
2019-09-07T19:30:52.520Z,2,127250,204,255,8,ff,5f,96,ff,7f,ff,7f,fd
2019-09-07T19:30:52.568Z,2,127251,204,255,8,ff,fd,69,00,00,ff,ff,ff
2019-09-07T19:30:52.568Z,2,127257,204,255,8,ff,ef,a0,21,ff,90,00,ff
2019-09-07T19:30:52.568Z,2,127245,204,255,8,00,ff,f3,ef,0c,f0,ff,ff
2019-09-07T19:30:52.568Z,2,127245,204,255,8,fc,f8,f3,ef,ff,7f,ff,ff
2019-09-07T19:30:52.568Z,7,65359,204,255,8,3b,9f,ff,ff,ff,5f,96,ff
2019-09-07T19:30:52.568Z,7,65360,204,255,8,3b,9f,ff,ff,ff,f8,8c,ff
2019-09-07T19:30:52.568Z,7,126720,204,255,13,3b,9f,f0,81,84,66,94,36,42,00,e9,02,05
2019-09-07T19:30:52.568Z,2,130306,110,255,8,00,00,00,16,ba,fa,ff,ff
2019-09-07T19:30:52.568Z,6,59904,8,115,3,00,ee,00
2019-09-07T19:30:52.568Z,6,60928,115,255,8,d8,79,6d,e7,19,14,32,c1
2019-09-07T19:30:52.568Z,6,59904,8,115,3,00,ee,01
2019-09-07T19:30:52.568Z,6,126464,115,8,103,00,00,ee,00,14,f0,01,0b,f5,01,03,f5,01,01,f8,01,12,f1,01,02,f8,01,00,ee,01,09,f8,01,02,fd,01,0d,f1,01,00,ef,01,00,ed,01,00,e8,00,78,ff,01,05,f8,01,14,f8,01,03,f9,01,04,f9,01,04,fa,01,07,fd,01,13,f5,01,08,ff,00,51,ff,00,1a,ff,00,5a,ff,00,65,ff,00,07,ff,01,4f,ff,00,50,ff,00,30,ff,01,00,ea,00,67,ff,01,00,ef,00
2019-09-07T19:30:52.568Z,6,59904,8,115,3,14,f0,01
2019-09-07T19:30:52.568Z,2,129026,150,255,8,ff,fc,ff,ff,ff,ff,ff,ff
2019-09-07T19:30:52.605Z,6,126464,115,8,106,01,0b,f5,01,01,f8,01,03,f5,01,00,ee,00,12,f1,01,02,f8,01,09,f8,01,02,fd,01,00,ea,00,00,ed,01,78,ff,01,05,f8,01,14,f8,01,03,f9,01,04,f9,01,04,fa,01,06,fd,01,07,fd,01,13,f5,01,08,ff,00,51,ff,00,1a,ff,00,5a,ff,00,65,ff,00,07,ff,01,20,ff,01,11,fe,01,1f,ff,00,0d,f1,01,1a,f1,01,30,ff,01,14,f0,01,52,ff,00,00,ef,01,00,e8,00
2019-09-07T19:30:52.606Z,6,126996,115,255,134,14,05,7b,41,45,32,32,31,35,38,00,00,00,00,00,00,00,00,00,00,00,00,00,00,00,00,00,00,00,00,00,00,00,00,00,00,32,2e,30,33,00,31,36,2d,30,38,2d,31,36,20,31,30,3a,34,38,3a,34,37,00,00,00,00,00,00,00,00,00,00,53,65,61,54,61,6c,6b,2d,53,54,4e,47,2d,43,6f,6e,76,65,72,74,65,72,00,00,00,00,00,00,00,00,00,00,30,38,38,33,31,36,30,00,00,00,00,00,00,00,00,00,00,00,00,00,00,00,00,00,00,00,00,00,00,00,00,00,01,01
2019-09-07T19:30:52.606Z,2,127245,172,255,8,fc,f8,f3,ef,0c,f0,ff,ff
2019-09-07T19:30:52.606Z,4,129039,43,255,27,12,04,85,e8,15,ff,ff,ff,7f,ff,ff,ff,7f,fc,ff,ff,ff,ff,06,00,26,ff,ff,00,74,01,ff
2019-09-07T19:30:52.621Z,2,127250,204,255,8,ff,61,96,ff,7f,ff,7f,fd
2019-09-07T19:30:52.647Z,2,127251,204,255,8,ff,48,6f,00,00,ff,ff,ff
2019-09-07T19:30:52.648Z,2,127257,204,255,8,ff,f1,a0,1f,ff,8e,00,ff
2019-09-07T19:30:52.648Z,2,127245,204,255,8,00,ff,f3,ef,0c,f0,ff,ff
2019-09-07T19:30:52.648Z,2,127245,204,255,8,fc,f8,f3,ef,ff,7f,ff,ff
2019-09-07T19:30:52.648Z,7,65359,204,255,8,3b,9f,ff,ff,ff,61,96,ff
2019-09-07T19:30:52.648Z,7,65360,204,255,8,3b,9f,ff,ff,ff,f8,8c,ff
2019-09-07T19:30:52.648Z,7,126720,204,255,9,3b,9f,f0,81,ae,02,01,0c,a5
2019-09-07T19:30:52.648Z,2,130306,110,255,8,00,00,00,16,ba,fa,ff,ff
2019-09-07T19:30:52.663Z,2,129026,150,255,8,ff,fc,ff,ff,ff,ff,ff,ff
2019-09-07T19:30:52.695Z,2,127245,172,255,8,fc,f8,f3,ef,2f,f0,ff,ff
2019-09-07T19:30:52.748Z,2,127250,204,255,8,ff,60,96,ff,7f,ff,7f,fd
2019-09-07T19:30:52.749Z,2,127251,204,255,8,ff,42,02,00,00,ff,ff,ff
2019-09-07T19:30:52.749Z,2,127257,204,255,8,ff,f0,a0,1f,ff,8d,00,ff
2019-09-07T19:30:52.749Z,2,127245,204,255,8,00,ff,f3,ef,2f,f0,ff,ff
2019-09-07T19:30:52.749Z,2,127245,204,255,8,fc,f8,f3,ef,ff,7f,ff,ff
2019-09-07T19:30:52.749Z,7,65359,204,255,8,3b,9f,ff,ff,ff,60,96,ff
2019-09-07T19:30:52.749Z,7,65360,204,255,8,3b,9f,ff,ff,ff,f8,8c,ff
2019-09-07T19:30:52.749Z,2,127237,172,255,21,3c,c2,1f,f3,ef,ff,ff,ff,ff,ff,ff,ff,ff,ff,7f,ff,7f,ff,7f,ff,ff
2019-09-07T19:30:52.749Z,2,130306,110,255,8,00,00,00,16,ba,fa,ff,ff
2019-09-07T19:30:52.780Z,2,129026,150,255,8,ff,fc,ff,ff,ff,ff,ff,ff
2019-09-07T19:30:52.781Z,2,128259,105,255,8,00,00,00,ff,ff,00,ff,ff
2019-09-07T19:30:52.781Z,6,128275,105,255,14,ff,ff,ff,ff,ff,ff,34,60,52,00,34,60,52,00
2019-09-07T19:30:52.781Z,5,130310,105,255,8,00,09,74,ff,ff,ff,ff,ff
2019-09-07T19:30:52.781Z,7,130822,105,255,26,3b,9f,34,60,52,00,34,60,52,00,34,60,52,00,34,60,52,00,34,60,52,00,34,60,52,00
