2019-09-07T19:24:22.308Z,0,262161,0,0,13,01,0e,00,e3,9a,03,00,00,00,00,00,02,00
2019-09-07T19:24:22.309Z,0,262384,0,0,14,01,0e,00,e3,9a,03,00,00,00,00,00,a2,08,08
2019-09-07T19:24:22.309Z,2,130306,110,255,8,00,00,00,04,c6,fa,ff,ff
2019-09-07T19:24:22.309Z,2,127250,204,255,8,ff,a7,96,ff,7f,ff,7f,fd
2019-09-07T19:24:22.309Z,2,127251,204,255,8,ff,14,17,00,00,ff,ff,ff
2019-09-07T19:24:22.309Z,2,127257,204,255,8,ff,37,a1,bb,fe,ac,00,ff
2019-09-07T19:24:22.309Z,2,127245,204,255,8,00,ff,79,ef,81,ef,ff,ff
2019-09-07T19:24:22.309Z,2,127245,204,255,8,fc,f8,79,ef,ff,7f,ff,ff
2019-09-07T19:24:22.309Z,7,65359,204,255,8,3b,9f,ff,ff,ff,a7,96,ff
2019-09-07T19:24:22.309Z,7,65360,204,255,8,3b,9f,ff,ff,ff,f8,8c,ff
2019-09-07T19:24:22.309Z,2,127245,172,255,8,fc,f8,79,ef,81,ef,ff,ff
2019-09-07T19:24:22.309Z,2,129026,150,255,8,ff,fc,c2,d4,f2,00,ff,ff
2019-09-07T19:24:22.309Z,2,129025,150,255,8,20,14,42,18,c0,62,e8,d3
2019-09-07T19:24:22.309Z,7,65384,6,255,8,3b,9f,00,00,00,00,00,00
2019-09-07T19:24:22.309Z,4,129039,43,255,27,12,04,85,e8,15,ff,ff,ff,7f,ff,ff,ff,7f,fc,ff,ff,ff,ff,06,00,26,ff,ff,00,74,01,ff
2019-09-07T19:24:22.309Z,2,130306,110,255,8,00,00,00,b2,c6,fa,ff,ff
2019-09-07T19:24:22.309Z,2,127250,204,255,8,ff,a7,96,ff,7f,ff,7f,fd
2019-09-07T19:24:22.309Z,2,127251,204,255,8,ff,52,23,00,00,ff,ff,ff
2019-09-07T19:24:22.309Z,2,127257,204,255,8,ff,37,a1,b9,fe,ad,00,ff
2019-09-07T19:24:22.309Z,2,127245,204,255,8,00,ff,79,ef,81,ef,ff,ff
2019-09-07T19:24:22.309Z,2,127245,204,255,8,fc,f8,79,ef,ff,7f,ff,ff
2019-09-07T19:24:22.309Z,7,65359,204,255,8,3b,9f,ff,ff,ff,a7,96,ff
2019-09-07T19:24:22.309Z,7,65360,204,255,8,3b,9f,ff,ff,ff,f8,8c,ff
2019-09-07T19:24:22.309Z,2,127245,172,255,8,fc,f8,79,ef,5e,ef,ff,ff
2019-09-07T19:24:22.309Z,2,129026,150,255,8,ff,fc,db,d4,f2,00,ff,ff
2019-09-07T19:24:22.310Z,3,129029,150,255,47,ff,ff,ff,ff,ff,ff,ff,00,00,00,00,a0,e5,a5,05,00,00,00,00,b0,e5,bb,f5,ff,ff,ff,ff,ff,ff,ff,7f,14,fc,15,58,01,ff,7f,ff,ff,ff,7f,c4,59,00,10,00
2019-09-07T19:24:22.310Z,2,129025,150,255,8,80,14,42,18,80,62,e8,d3
2019-09-07T19:24:22.310Z,6,129542,150,255,15,ff,00,10,ff,ff,ff,ff,ff,ff,ff,ff,ff,ff,ff,ff
2019-09-07T19:24:22.310Z,6,129540,150,255,87,ff,ff,08,02,c5,13,95,56,b0,04,00,00,00,00,f2,05,0b,20,39,28,6c,07,00,00,00,00,f2,0d,5c,2e,44,48,98,08,00,00,00,00,f2,0f,7f,25,09,89,6c,07,00,00,00,00,f2,10,00,00,93,dd,dc,05,00,00,00,00,f1,15,68,12,aa,d2,08,07,00,00,00,00,f2,1e,8b,09,8a,27,34,08,00,00,00,00,f2
2019-09-07T19:24:22.310Z,7,126720,8,150,13,3b,9f,f0,81,a7,86,00,00,00,00,00,00,79
2019-09-07T19:24:22.310Z,2,130306,110,255,8,00,00,00,61,c7,fa,ff,ff
2019-09-07T19:24:22.310Z,2,127250,204,255,8,ff,a5,96,ff,7f,ff,7f,fd
2019-09-07T19:24:22.310Z,2,127251,204,255,8,ff,64,d9,ff,ff,ff,ff,ff
2019-09-07T19:24:22.310Z,2,127257,204,255,8,ff,35,a1,b8,fe,ac,00,ff
2019-09-07T19:24:22.310Z,2,127245,204,255,8,00,ff,7b,ef,5e,ef,ff,ff
2019-09-07T19:24:22.310Z,2,127245,204,255,8,fc,f8,7b,ef,ff,7f,ff,ff
2019-09-07T19:24:22.310Z,7,65359,204,255,8,3b,9f,ff,ff,ff,a5,96,ff
2019-09-07T19:24:22.310Z,7,65360,204,255,8,3b,9f,ff,ff,ff,f8,8c,ff
2019-09-07T19:24:22.310Z,7,126720,204,255,13,3b,9f,f0,81,84,a6,94,36,42,00,e8,02,05
2019-09-07T19:24:22.310Z,2,127237,172,255,21,3c,c2,1f,7b,ef,ff,ff,ff,ff,ff,ff,ff,ff,ff,7f,ff,7f,ff,7f,ff,ff
2019-09-07T19:24:22.310Z,2,127245,172,255,8,fc,f8,7b,ef,5e,ef,ff,ff
2019-09-07T19:24:22.310Z,2,129026,150,255,8,ff,fc,88,d5,f6,00,ff,ff
2019-09-07T19:24:22.310Z,2,129025,150,255,8,c0,14,42,18,00,62,e8,d3
2019-09-07T19:24:22.310Z,2,130306,110,255,8,00,00,00,67,c8,fa,ff,ff
2019-09-07T19:24:22.310Z,2,127250,204,255,8,ff,a6,96,ff,7f,ff,7f,fd
2019-09-07T19:24:22.310Z,2,127251,204,255,8,ff,03,0d,00,00,ff,ff,ff
2019-09-07T19:24:22.310Z,2,127257,204,255,8,ff,36,a1,b7,fe,ae,00,ff
2019-09-07T19:24:22.310Z,2,127245,204,255,8,00,ff,7f,ef,5e,ef,ff,ff
2019-09-07T19:24:22.310Z,2,127245,204,255,8,fc,f8,7f,ef,ff,7f,ff,ff
2019-09-07T19:24:22.310Z,7,65359,204,255,8,3b,9f,ff,ff,ff,a6,96,ff
2019-09-07T19:24:22.310Z,7,65360,204,255,8,3b,9f,ff,ff,ff,f8,8c,ff
2019-09-07T19:24:22.310Z,7,126720,204,255,9,3b,9f,f0,81,ae,02,01,0c,a5
2019-09-07T19:24:22.310Z,2,127245,172,255,8,fc,f8,7f,ef,5e,ef,ff,ff
2019-09-07T19:24:22.310Z,2,129026,150,255,8,ff,fc,4e,d6,fb,00,ff,ff
2019-09-07T19:24:22.310Z,2,129025,150,255,8,40,15,42,18,c0,61,e8,d3
2019-09-07T19:24:22.310Z,2,130306,110,255,8,00,00,00,be,c8,fa,ff,ff
2019-09-07T19:24:22.310Z,2,127250,204,255,8,ff,a7,96,ff,7f,ff,7f,fd
2019-09-07T19:24:22.310Z,2,127251,204,255,8,ff,a9,3c,00,00,ff,ff,ff
2019-09-07T19:24:22.310Z,2,127257,204,255,8,ff,37,a1,b6,fe,ae,00,ff
2019-09-07T19:24:22.310Z,2,127245,204,255,8,00,ff,84,ef,5e,ef,ff,ff
2019-09-07T19:24:22.310Z,2,127245,204,255,8,fc,f8,84,ef,ff,7f,ff,ff
2019-09-07T19:24:22.310Z,7,65359,204,255,8,3b,9f,ff,ff,ff,a7,96,ff
2019-09-07T19:24:22.310Z,7,65360,204,255,8,3b,9f,ff,ff,ff,f8,8c,ff
2019-09-07T19:24:22.310Z,2,127245,172,255,8,fc,f8,85,ef,5e,ef,ff,ff
2019-09-07T19:24:22.310Z,2,128259,105,255,8,00,00,00,ff,ff,00,ff,ff
2019-09-07T19:24:22.310Z,6,128275,105,255,14,ff,ff,ff,ff,ff,ff,34,60,52,00,34,60,52,00
2019-09-07T19:24:22.310Z,5,130310,105,255,8,00,09,74,ff,ff,ff,ff,ff
2019-09-07T19:24:22.310Z,7,130822,105,255,26,3b,9f,34,60,52,00,34,60,52,00,34,60,52,00,34,60,52,00,34,60,52,00,34,60,52,00
2019-09-07T19:24:22.310Z,2,129026,150,255,8,ff,fc,33,d7,00,01,ff,ff
2019-09-07T19:24:22.310Z,2,129025,150,255,8,60,15,42,18,c0,61,e8,d3
2019-09-07T19:24:22.310Z,2,127237,172,255,21,3c,c2,1f,85,ef,ff,ff,ff,ff,ff,ff,ff,ff,ff,7f,ff,7f,ff,7f,ff,ff
2019-09-07T19:24:22.310Z,2,130306,110,255,8,00,00,00,c4,c9,fa,ff,ff
2019-09-07T19:24:22.310Z,2,127250,204,255,8,ff,a6,96,ff,7f,ff,7f,fd
2019-09-07T19:24:22.310Z,2,127251,204,255,8,ff,a0,25,00,00,ff,ff,ff
2019-09-07T19:24:22.310Z,2,127257,204,255,8,ff,36,a1,b5,fe,ae,00,ff
2019-09-07T19:24:22.310Z,2,127245,204,255,8,00,ff,8b,ef,5e,ef,ff,ff
2019-09-07T19:24:22.310Z,2,127245,204,255,8,fc,f8,8b,ef,ff,7f,ff,ff
2019-09-07T19:24:22.310Z,7,65359,204,255,8,3b,9f,ff,ff,ff,a6,96,ff
2019-09-07T19:24:22.310Z,7,65360,204,255,8,3b,9f,ff,ff,ff,f8,8c,ff
2019-09-07T19:24:22.310Z,0,262386,0,0,33,01,0e,00,e3,9a,03,00,00,00,00,00,02,08,02,00,00,00,00,00,00,00,00,13,62,02,04,00,00,00,06,00,00,00
2019-09-07T19:24:22.310Z,2,127245,172,255,8,fc,f8,8b,ef,5e,ef,ff,ff
2019-09-07T19:24:22.310Z,2,129026,150,255,8,ff,fc,20,d8,05,01,ff,ff
2019-09-07T19:24:22.310Z,2,129025,150,255,8,80,15,42,18,c0,61,e8,d3
2019-09-07T19:24:22.310Z,2,130306,110,255,8,00,00,00,1b,ca,fa,ff,ff
2019-09-07T19:24:22.310Z,2,127250,204,255,8,ff,a6,96,ff,7f,ff,7f,fd
2019-09-07T19:24:22.310Z,2,127251,204,255,8,ff,ce,00,00,00,ff,ff,ff
2019-09-07T19:24:22.310Z,2,127257,204,255,8,ff,36,a1,b4,fe,ac,00,ff
2019-09-07T19:24:22.311Z,2,127245,204,255,8,00,ff,8f,ef,5e,ef,ff,ff
2019-09-07T19:24:22.311Z,2,127245,204,255,8,fc,f8,8f,ef,ff,7f,ff,ff
2019-09-07T19:24:22.311Z,7,65359,204,255,8,3b,9f,ff,ff,ff,a6,96,ff
2019-09-07T19:24:22.311Z,7,65360,204,255,8,3b,9f,ff,ff,ff,f8,8c,ff
2019-09-07T19:24:22.311Z,2,127245,172,255,8,fc,f8,8f,ef,81,ef,ff,ff
2019-09-07T19:24:22.311Z,6,126996,2,255,134,14,05,27,6e,4e,4d,45,41,20,32,30,30,30,20,50,43,20,49,6e,74,65,72,66,61,63,65,20,28,4e,47,54,2d,31,29,ff,ff,31,2e,31,30,30,2c,20,32,2e,32,31,30,ff,ff,ff,ff,ff,ff,ff,ff,ff,ff,ff,ff,ff,ff,ff,ff,ff,ff,ff,ff,4e,47,54,2d,31,2d,55,53,42,20,20,68,76,31,2e,30,33,ff,ff,ff,ff,ff,ff,ff,ff,ff,ff,ff,ff,ff,ff,ff,32,33,36,32,35,39,ff,ff,ff,ff,ff,ff,ff,ff,ff,ff,ff,ff,ff,ff,ff,ff,ff,ff,ff,ff,ff,ff,ff,ff,ff,ff,00,01
2019-09-07T19:24:22.311Z,6,59904,172,2,3,14,f0,01
2019-09-07T19:24:22.311Z,2,129026,150,255,8,ff,fc,e9,d8,09,01,ff,ff
2019-09-07T19:24:22.311Z,2,129025,150,255,8,80,15,42,18,c0,61,e8,d3
2019-09-07T19:24:22.311Z,2,130306,110,255,8,00,00,00,21,cb,fa,ff,ff
2019-09-07T19:24:22.311Z,2,127250,204,255,8,ff,a3,96,ff,7f,ff,7f,fd
2019-09-07T19:24:22.311Z,2,127251,204,255,8,ff,10,b5,ff,ff,ff,ff,ff
2019-09-07T19:24:22.311Z,2,127257,204,255,8,ff,33,a1,b3,fe,ab,00,ff
2019-09-07T19:24:22.311Z,2,127245,204,255,8,00,ff,97,ef,81,ef,ff,ff
2019-09-07T19:24:22.311Z,2,127245,204,255,8,fc,f8,97,ef,ff,7f,ff,ff
2019-09-07T19:24:22.311Z,7,65379,204,255,8,3b,9f,40,00,00,00,02,ff
2019-09-07T19:24:22.311Z,7,65359,204,255,8,3b,9f,ff,ff,ff,a3,96,ff
2019-09-07T19:24:22.311Z,7,65360,204,255,8,3b,9f,ff,ff,ff,f8,8c,ff
2019-09-07T19:24:22.311Z,7,126720,204,255,8,3b,9f,f0,81,9c,a1,14,e8
2019-09-07T19:24:22.311Z,2,127237,172,255,21,3c,c2,1f,97,ef,ff,ff,ff,ff,ff,ff,ff,ff,ff,7f,ff,7f,ff,7f,ff,ff
2019-09-07T19:24:22.311Z,2,127245,172,255,8,fc,f8,97,ef,5e,ef,ff,ff
2019-09-07T19:24:22.311Z,3,129283,8,255,8,ff,7f,ff,ff,ff,7f,ff,ff
2019-09-07T19:24:22.311Z,2,129026,150,255,8,ff,fc,af,d9,0f,01,ff,ff
2019-09-07T19:24:22.311Z,2,129025,150,255,8,c0,15,42,18,80,61,e8,d3
2019-09-07T19:24:22.311Z,2,130306,110,255,8,00,00,00,78,cb,fa,ff,ff
2019-09-07T19:24:22.311Z,2,127250,204,255,8,ff,a1,96,ff,7f,ff,7f,fd
2019-09-07T19:24:22.311Z,2,127251,204,255,8,ff,ec,8b,ff,ff,ff,ff,ff
2019-09-07T19:24:22.311Z,2,127257,204,255,8,ff,32,a1,b4,fe,a9,00,ff
2019-09-07T19:24:22.311Z,2,127245,204,255,8,00,ff,9e,ef,5e,ef,ff,ff
2019-09-07T19:24:22.311Z,2,127245,204,255,8,fc,f8,9e,ef,ff,7f,ff,ff
2019-09-07T19:24:22.311Z,7,65359,204,255,8,3b,9f,ff,ff,ff,a1,96,ff
2019-09-07T19:24:22.311Z,7,130916,204,255,7,3b,9f,ff,ff,ff,7f,ff
2019-09-07T19:24:22.311Z,7,65360,204,255,8,3b,9f,ff,ff,ff,f8,8c,ff
2019-09-07T19:24:22.311Z,7,126720,6,255,7,3b,9f,f0,81,90,00,03
2019-09-07T19:24:22.311Z,2,127245,172,255,8,fc,f8,9e,ef,81,ef,ff,ff
2019-09-07T19:24:22.311Z,2,129026,150,255,8,ff,fc,b4,d9,0f,01,ff,ff
2019-09-07T19:24:22.311Z,2,129025,150,255,8,00,16,42,18,40,61,e8,d3
2019-09-07T19:24:22.311Z,2,130306,110,255,8,00,00,00,26,cc,fa,ff,ff
2019-09-07T19:24:22.311Z,2,127250,204,255,8,ff,a1,96,ff,7f,ff,7f,fd
2019-09-07T19:24:22.311Z,2,127251,204,255,8,ff,3b,9a,ff,ff,ff,ff,ff
2019-09-07T19:24:22.311Z,2,127257,204,255,8,ff,31,a1,b4,fe,aa,00,ff
2019-09-07T19:24:22.311Z,2,127245,204,255,8,00,ff,9f,ef,81,ef,ff,ff
2019-09-07T19:24:22.311Z,2,127245,204,255,8,fc,f8,9f,ef,ff,7f,ff,ff
2019-09-07T19:24:22.311Z,7,65359,204,255,8,3b,9f,ff,ff,ff,a1,96,ff
2019-09-07T19:24:22.311Z,7,65360,204,255,8,3b,9f,ff,ff,ff,f8,8c,ff
2019-09-07T19:24:22.311Z,2,127245,172,255,8,fc,f8,9f,ef,81,ef,ff,ff
2019-09-07T19:24:22.311Z,5,130310,105,255,8,00,09,74,ff,ff,ff,ff,ff
2019-09-07T19:24:22.311Z,6,127258,8,255,8,ff,ff,ff,ff,ff,7f,ff,ff
2019-09-07T19:24:22.311Z,2,129026,150,255,8,ff,fc,b2,d9,10,01,ff,ff
2019-09-07T19:24:22.311Z,2,129025,150,255,8,20,16,42,18,00,61,e8,d3
2019-09-07T19:24:22.311Z,2,127237,172,255,21,3c,c2,1f,9f,ef,ff,ff,ff,ff,ff,ff,ff,ff,ff,7f,ff,7f,ff,7f,ff,ff
2019-09-07T19:24:22.311Z,2,130306,110,255,8,00,00,00,d5,cc,fa,ff,ff
2019-09-07T19:24:22.311Z,2,127250,204,255,8,ff,a1,96,ff,7f,ff,7f,fd
2019-09-07T19:24:22.337Z,2,127251,204,255,0
2019-09-07T19:24:22.337Z,2,127257,204,255,8,ff,31,a1,b4,fe,aa,00,ff
2019-09-07T19:24:22.337Z,2,127245,204,255,8,00,ff,a0,ef,81,ef,ff,ff
2019-09-07T19:24:22.337Z,2,127245,204,255,8,fc,f8,a0,ef,ff,7f,ff,ff
2019-09-07T19:24:22.337Z,7,65359,204,255,8,3b,9f,ff,ff,ff,a1,96,ff
2019-09-07T19:24:22.337Z,7,65360,255,0,0
2019-09-07T19:24:22.337Z,2,127245,172,255,8,fc,f8,a0,ef,81,ef,ff,ff
2019-09-07T19:24:22.337Z,2,129026,150,255,8,ff,fc,9f,00,d9,10,01,ff
2019-09-07T19:24:22.337Z,2,129025,150,255,8,20,16,42,18,80,60,e8,d3
2019-09-07T19:24:22.337Z,7,65384,6,255,8,3b,9f,00,00,00,00,00,00
2019-09-07T19:24:22.337Z,2,127237,172,255,21,3c,c2,1f,a5,ef,ff,ff,ff,ff,ff,ff,ff,ff,ff,7f,ff,7f,ff,7f,ff,ff
2019-09-07T19:24:22.337Z,2,130306,110,255,8,00,00,00,8f,cf,fa,ff,ff
2019-09-07T19:24:22.377Z,2,127250,204,255,8,ff,9a,96,ff,7f,ff,7f,fd
2019-09-07T19:24:22.377Z,2,127251,204,255,8,ff,78,af,ff,ff,ff,ff,ff
2019-09-07T19:24:22.377Z,2,127257,204,255,8,ff,2a,a1,ac,fe,a7,00,ff
2019-09-07T19:24:22.377Z,2,127245,204,255,8,00,ff,a5,ef,81,ef,ff,ff
2019-09-07T19:24:22.377Z,2,127245,204,255,8,fc,f8,a5,ef,ff,7f,ff,ff
2019-09-07T19:24:22.377Z,7,65359,204,255,8,3b,9f,ff,ff,ff,9a,96,ff
2019-09-07T19:24:22.377Z,7,65360,204,255,8,3b,9f,ff,ff,ff,f8,8c,ff
2019-09-07T19:24:22.377Z,2,127245,172,255,8,fc,f8,a5,ef,81,ef,ff,ff
2019-09-07T19:24:22.413Z,2,129026,150,255,8,ff,fc,e7,da,08,01,ff,ff
2019-09-07T19:24:22.413Z,2,129025,150,255,8,60,16,42,18,c0,61,e8,d3
2019-09-07T19:24:22.413Z,4,129038,43,255,28,01,fe,78,f0,15,bd,1e,e8,d3,7c,ec,42,18,c1,5b,85,00,00,3a,07,01,13,c7,00,00,00,00,ff
2019-09-07T19:24:22.413Z,7,65384,6,255,8,3b,9f,00,00,00,00,00,00
2019-09-07T19:24:22.429Z,2,130306,110,255,8,00,00,00,8f,cf,fa,ff,ff
2019-09-07T19:24:22.478Z,2,127250,204,255,8,ff,9a,96,ff,7f,ff,7f,fd
2019-09-07T19:24:22.478Z,2,127251,204,255,8,ff,ea,ce,ff,ff,ff,ff,ff
2019-09-07T19:24:22.478Z,2,127257,204,255,8,ff,2a,a1,ad,fe,a8,00,ff
2019-09-07T19:24:22.478Z,2,127245,204,255,8,00,ff,a5,ef,81,ef,ff,ff
2019-09-07T19:24:22.478Z,2,127245,204,255,8,fc,f8,a5,ef,ff,7f,ff,ff
2019-09-07T19:24:22.478Z,7,65359,204,255,8,3b,9f,ff,ff,ff,9a,96,ff
2019-09-07T19:24:22.478Z,7,65360,204,255,8,3b,9f,ff,ff,ff,f8,8c,ff
2019-09-07T19:24:22.478Z,4,129039,43,255,27,12,04,85,e8,15,ff,ff,ff,7f,ff,ff,ff,7f,fc,ff,ff,ff,ff,06,00,26,ff,ff,00,74,01,ff
2019-09-07T19:24:22.478Z,2,127245,172,255,8,fc,f8,a5,ef,81,ef,ff,ff
2019-09-07T19:24:22.520Z,2,129026,150,255,8,ff,fc,f1,db,05,01,ff,ff
2019-09-07T19:24:22.520Z,3,129029,150,255,47,ff,ff,ff,ff,ff,ff,ff,00,00,00,00,20,e6,a5,05,00,00,00,00,70,e5,bb,f5,ff,ff,ff,ff,ff,ff,ff,7f,14,fc,15,58,01,ff,7f,ff,ff,ff,7f,c4,59,00,10,00
2019-09-07T19:24:22.520Z,2,129025,150,255,8,a0,16,42,18,80,61,e8,d3
2019-09-07T19:24:22.520Z,6,129542,150,255,15,ff,7b,0f,ff,ff,ff,ff,ff,ff,ff,ff,ff,ff,ff,ff
2019-09-07T19:24:22.520Z,6,129540,150,255,87,ff,ff,08,02,c5,13,95,56,b0,04,00,00,00,00,f2,05,0b,20,39,28,d0,07,00,00,00,00,f2,0d,5c,2e,44,48,34,08,00,00,00,00,f2,0f,7f,25,09,89,d0,07,00,00,00,00,f2,10,00,00,93,dd,4c,04,00,00,00,00,f1,15,68,12,aa,d2,08,07,00,00,00,00,f2,1e,8b,09,8a,27,98,08,00,00,00,00,f2
2019-09-07T19:24:22.536Z,2,130306,110,255,8,00,00,00,38,cf,fa,ff,ff
2019-09-07T19:24:22.587Z,2,127250,204,255,8,ff,9b,96,ff,7f,ff,7f,fd
2019-09-07T19:24:22.588Z,2,127251,204,255,8,ff,f2,f4,ff,ff,ff,ff,ff
2019-09-07T19:24:22.588Z,2,127257,204,255,8,ff,2b,a1,ad,fe,a8,00,ff
2019-09-07T19:24:22.588Z,2,127245,204,255,8,00,ff,a5,ef,81,ef,ff,ff
2019-09-07T19:24:22.588Z,2,127245,204,255,8,fc,f8,a5,ef,ff,7f,ff,ff
2019-09-07T19:24:22.588Z,7,65359,204,255,8,3b,9f,ff,ff,ff,9b,96,ff
2019-09-07T19:24:22.588Z,7,65360,204,255,8,3b,9f,ff,ff,ff,f8,8c,ff
2019-09-07T19:24:22.588Z,7,126720,204,255,13,3b,9f,f0,81,84,a6,94,36,42,00,e8,02,05
2019-09-07T19:24:22.588Z,2,127237,172,255,21,3c,c2,1f,a5,ef,ff,ff,ff,ff,ff,ff,ff,ff,ff,7f,ff,7f,ff,7f,ff,ff
2019-09-07T19:24:22.588Z,2,127245,172,255,8,fc,f8,a5,ef,a4,ef,ff,ff
2019-09-07T19:24:22.588Z,6,59904,8,1,3,00,ee,00
2019-09-07T19:24:22.588Z,6,60928,1,255,8,a0,8c,23,22,00,82,32,c0
2019-09-07T19:24:22.588Z,6,59904,8,1,3,00,ee,01
2019-09-07T19:24:22.588Z,6,126464,1,8,28,00,00,e8,00,00,ea,00,00,eb,00,00,ec,00,00,ee,00,00,ed,01,00,ee,01,14,f0,01,16,f0,01
2019-09-07T19:24:22.588Z,6,59904,8,1,3,14,f0,01
2019-09-07T19:24:22.619Z,6,126464,1,8,91,01,00,e8,00,00,ea,00,00,eb,00,00,ec,00,00,ee,00,00,ed,01,00,ee,01,10,f0,01,14,f0,01,16,f0,01,12,f1,01,13,f1,01,19,f1,01,1a,f1,01,03,f5,01,0b,f5,01,13,f5,01,01,f8,01,02,f8,01,05,f8,01,09,f8,01,14,f8,01,02,fa,01,03,fa,01,04,fa,01,05,fa,01,02,fd,01,06,fd,01,07,fd,01,13,fd,01
2019-09-07T19:24:22.619Z,2,129026,150,255,8,ff,fc,f2,dc,04,01,ff,ff
2019-09-07T19:24:22.619Z,2,129025,150,255,8,00,17,42,18,80,61,e8,d3
2019-09-07T19:24:22.619Z,6,126996,1,255,134,14,05,27,6e,4e,4d,45,41,20,32,30,30,30,20,50,43,20,49,6e,74,65,72,66,61,63,65,20,28,4e,47,54,2d,31,29,ff,ff,31,2e,31,30,30,2c,20,32,2e,32,31,30,ff,ff,ff,ff,ff,ff,ff,ff,ff,ff,ff,ff,ff,ff,ff,ff,ff,ff,ff,ff,4e,47,54,2d,31,2d,55,53,42,20,20,68,76,31,2e,30,33,ff,ff,ff,ff,ff,ff,ff,ff,ff,ff,ff,ff,ff,ff,ff,32,33,32,36,30,38,ff,ff,ff,ff,ff,ff,ff,ff,ff,ff,ff,ff,ff,ff,ff,ff,ff,ff,ff,ff,ff,ff,ff,ff,ff,ff,00,01
2019-09-07T19:24:22.635Z,2,130306,110,255,8,00,00,00,38,cf,fa,ff,ff
2019-09-07T19:24:22.675Z,2,127250,204,255,8,ff,9a,96,ff,7f,ff,7f,fd
2019-09-07T19:24:22.675Z,2,127251,204,255,8,ff,ac,de,ff,ff,ff,ff,ff
2019-09-07T19:24:22.675Z,2,127257,204,255,8,ff,2a,a1,ae,fe,a6,00,ff
2019-09-07T19:24:22.675Z,2,127245,204,255,8,00,ff,a5,ef,a4,ef,ff,ff
2019-09-07T19:24:22.675Z,2,127245,204,255,8,fc,f8,a5,ef,ff,7f,ff,ff
2019-09-07T19:24:22.675Z,7,65359,204,255,8,3b,9f,ff,ff,ff,9a,96,ff
2019-09-07T19:24:22.675Z,7,65360,204,255,8,3b,9f,ff,ff,ff,f8,8c,ff
2019-09-07T19:24:22.675Z,7,126720,204,255,9,3b,9f,f0,81,ae,02,01,0c,a5
2019-09-07T19:24:22.675Z,2,127245,172,255,8,fc,f8,a5,ef,a4,ef,ff,ff
2019-09-07T19:24:22.691Z,2,129026,150,255,8,ff,fc,2b,de,05,01,ff,ff
2019-09-07T19:24:22.691Z,2,129025,150,255,8,60,17,42,18,40,61,e8,d3
2019-09-07T19:24:22.723Z,2,130306,110,255,8,00,00,00,e0,ce,fa,ff,ff
2019-09-07T19:24:22.798Z,2,127250,204,255,8,ff,9a,96,ff,7f,ff,7f,fd
2019-09-07T19:24:22.798Z,2,127251,204,255,8,ff,ab,fe,ff,ff,ff,ff,ff
2019-09-07T19:24:22.798Z,2,127257,204,255,8,ff,2a,a1,ae,fe,a6,00,ff
2019-09-07T19:24:22.798Z,2,127245,204,255,8,00,ff,a5,ef,a4,ef,ff,ff
2019-09-07T19:24:22.798Z,2,127245,204,255,8,fc,f8,a5,ef,ff,7f,ff,ff
2019-09-07T19:24:22.798Z,7,65359,204,255,8,3b,9f,ff,ff,ff,9a,96,ff
2019-09-07T19:24:22.798Z,7,65360,204,255,8,3b,9f,ff,ff,ff,f8,8c,ff
2019-09-07T19:24:22.798Z,2,127245,172,255,8,fc,f8,a5,ef,81,ef,ff,ff
2019-09-07T19:24:22.798Z,2,128259,105,255,8,00,00,00,ff,ff,00,ff,ff
2019-09-07T19:24:22.798Z,6,128275,105,255,14,ff,ff,ff,ff,ff,ff,34,60,52,00,34,60,52,00
2019-09-07T19:24:22.798Z,5,130310,105,255,8,00,09,74,ff,ff,ff,ff,ff
2019-09-07T19:24:22.798Z,7,130822,105,255,26,3b,9f,34,60,52,00,34,60,52,00,34,60,52,00,34,60,52,00,34,60,52,00,34,60,52,00
2019-09-07T19:24:22.798Z,2,129026,150,255,8,ff,fc,3f,df,08,01,ff,ff
2019-09-07T19:24:22.798Z,2,129025,150,255,8,c0,17,42,18,00,61,e8,d3
2019-09-07T19:24:22.830Z,2,127237,172,255,21,3c,c2,1f,a5,ef,ff,ff,ff,ff,ff,ff,ff,ff,ff,7f,ff,7f,ff,7f,ff,ff
2019-09-07T19:24:22.830Z,2,130306,110,255,8,00,00,00,e0,ce,fa,ff,ff
2019-09-07T19:24:22.846Z,2,127250,204,255,8,ff,9a,96,ff,7f,ff,7f,fd
2019-09-07T19:24:22.879Z,2,127251,204,255,8,ff,f9,fc,ff,ff,ff,ff,ff
2019-09-07T19:24:22.879Z,2,127257,204,255,8,ff,2a,a1,ad,fe,a6,00,ff
2019-09-07T19:24:22.879Z,2,127245,204,255,8,00,ff,a5,ef,81,ef,ff,ff
2019-09-07T19:24:22.879Z,2,127245,204,255,8,fc,f8,a5,ef,ff,7f,ff,ff
2019-09-07T19:24:22.879Z,7,65359,204,255,8,3b,9f,ff,ff,ff,9a,96,ff
2019-09-07T19:24:22.879Z,7,65360,204,255,8,3b,9f,ff,ff,ff,f8,8c,ff
2019-09-07T19:24:22.879Z,0,262386,0,0,33,01,0e,00,e3,9a,03,00,00,00,00,00,02,0f,02,00,00,00,00,00,00,00,00,23,41,02,08,00,00,00,0c,00,00,00
2019-09-07T19:24:22.879Z,2,127245,172,255,8,fc,f8,a5,ef,81,ef,ff,ff
2019-09-07T19:24:22.895Z,2,129026,150,255,8,ff,fc,44,e0,0b,01,ff,ff
2019-09-07T19:24:22.895Z,2,129025,150,255,8,e0,17,42,18,00,61,e8,d3
2019-09-07T19:24:22.927Z,2,130306,110,255,8,00,00,00,89,ce,fa,ff,ff
2019-09-07T19:24:22.977Z,2,127250,204,255,8,ff,99,96,ff,7f,ff,7f,fd
2019-09-07T19:24:22.977Z,2,127251,204,255,8,ff,5e,e1,ff,ff,ff,ff,ff
2019-09-07T19:24:22.977Z,2,127257,204,255,8,ff,29,a1,ad,fe,a4,00,ff
2019-09-07T19:24:22.977Z,2,127245,204,255,8,00,ff,a5,ef,81,ef,ff,ff
2019-09-07T19:24:22.977Z,2,127245,204,255,8,fc,f8,a5,ef,ff,7f,ff,ff
2019-09-07T19:24:22.977Z,7,65359,204,255,8,3b,9f,ff,ff,ff,99,96,ff
2019-09-07T19:24:22.977Z,7,65360,204,255,8,3b,9f,ff,ff,ff,f8,8c,ff
2019-09-07T19:24:22.977Z,2,127245,172,255,8,fc,f8,a5,ef,a4,ef,ff,ff
2019-09-07T19:24:22.993Z,2,129026,150,255,8,ff,fc,46,e1,0d,01,ff,ff
2019-09-07T19:24:22.993Z,2,129025,150,255,8,e0,17,42,18,40,61,e8,d3
2019-09-07T19:24:23.023Z,3,126208,6,204,21,00,00,ef,01,ff,ff,ff,ff,ff,ff,04,01,3b,07,03,04,04,6c,05,1a,50
2019-09-07T19:24:23.023Z,7,126720,204,6,13,3b,9f,6c,1a,50,ff,7f,ff,7f,ff,7f,ff,7f
2019-09-07T19:24:23.023Z,2,130306,110,255,8,00,00,00,32,ce,fa,ff,ff
2019-09-07T19:24:23.095Z,2,127250,204,255,8,ff,9a,96,ff,7f,ff,7f,fd
2019-09-07T19:24:23.095Z,2,127251,204,255,8,ff,bb,00,00,00,ff,ff,ff
2019-09-07T19:24:23.095Z,2,127257,204,255,8,ff,2a,a1,ac,fe,a3,00,ff
2019-09-07T19:24:23.095Z,2,127245,204,255,8,00,ff,a5,ef,a4,ef,ff,ff
2019-09-07T19:24:23.095Z,2,127245,204,255,8,fc,f8,a5,ef,ff,7f,ff,ff
2019-09-07T19:24:23.095Z,7,65379,204,255,8,3b,9f,40,00,00,00,02,ff
2019-09-07T19:24:23.095Z,7,126720,204,255,8,3b,9f,f0,81,9c,a1,14,e9
2019-09-07T19:24:23.095Z,7,65359,204,255,8,3b,9f,ff,ff,ff,9a,96,ff
2019-09-07T19:24:23.095Z,7,65360,204,255,8,3b,9f,ff,ff,ff,f8,8c,ff
2019-09-07T19:24:23.095Z,4,129038,43,255,28,01,9e,28,ec,15,55,80,e8,d3,fe,9c,42,18,c5,49,88,05,00,00,00,08,21,60,ff,7f,00,00,ff
2019-09-07T19:24:23.095Z,2,127237,172,255,21,3c,c2,1f,a5,ef,ff,ff,ff,ff,ff,ff,ff,ff,ff,7f,ff,7f,ff,7f,ff,ff
2019-09-07T19:24:23.095Z,2,127245,172,255,8,fc,f8,a5,ef,81,ef,ff,ff
2019-09-07T19:24:23.095Z,3,129283,8,255,8,ff,7f,ff,ff,ff,7f,ff,ff
2019-09-07T19:24:23.095Z,2,129026,150,255,8,ff,fc,98,e2,0f,01,ff,ff
2019-09-07T19:24:23.095Z,2,129025,150,255,8,c0,17,42,18,80,61,e8,d3
2019-09-07T19:24:23.127Z,2,130306,110,255,8,00,00,00,db,cd,fa,ff,ff
2019-09-07T19:24:23.181Z,2,127250,204,255,8,ff,99,96,ff,7f,ff,7f,fd
2019-09-07T19:24:23.181Z,2,127251,204,255,8,ff,c8,db,ff,ff,ff,ff,ff
2019-09-07T19:24:23.181Z,2,127257,204,255,8,ff,29,a1,ae,fe,a4,00,ff
2019-09-07T19:24:23.181Z,2,127245,204,255,8,00,ff,a5,ef,81,ef,ff,ff
2019-09-07T19:24:23.181Z,2,127245,204,255,8,fc,f8,a5,ef,ff,7f,ff,ff
2019-09-07T19:24:23.181Z,7,65359,204,255,8,3b,9f,ff,ff,ff,99,96,ff
2019-09-07T19:24:23.181Z,7,130916,204,255,7,3b,9f,ff,ff,ff,7f,ff
2019-09-07T19:24:23.181Z,7,65360,204,255,8,3b,9f,ff,ff,ff,f8,8c,ff
2019-09-07T19:24:23.181Z,7,126720,6,255,7,3b,9f,f0,81,90,00,03
2019-09-07T19:24:23.181Z,2,127245,172,255,8,fc,f8,a5,ef,81,ef,ff,ff
2019-09-07T19:24:23.197Z,2,129026,150,255,8,ff,fc,0d,e3,10,01,ff,ff
2019-09-07T19:24:23.197Z,2,129025,150,255,8,e0,17,42,18,80,61,e8,d3
2019-09-07T19:24:23.229Z,2,130306,110,255,8,00,00,00,83,cd,fa,ff,ff
2019-09-07T19:24:23.279Z,2,127250,204,255,8,ff,99,96,ff,7f,ff,7f,fd
2019-09-07T19:24:23.279Z,2,127251,204,255,8,ff,bf,da,ff,ff,ff,ff,ff
2019-09-07T19:24:23.279Z,2,127257,204,255,8,ff,29,a1,b0,fe,a6,00,ff
2019-09-07T19:24:23.279Z,2,127245,204,255,8,00,ff,a5,ef,81,ef,ff,ff
2019-09-07T19:24:23.279Z,2,127245,204,255,8,fc,f8,a5,ef,ff,7f,ff,ff
2019-09-07T19:24:23.279Z,7,65359,204,255,8,3b,9f,ff,ff,ff,99,96,ff
2019-09-07T19:24:23.279Z,7,65360,204,255,8,3b,9f,ff,ff,ff,f8,8c,ff
2019-09-07T19:24:23.279Z,2,127245,172,255,8,fc,f8,a5,ef,81,ef,ff,ff
2019-09-07T19:24:23.279Z,5,130310,105,255,8,00,09,74,ff,ff,ff,ff,ff
2019-09-07T19:24:23.279Z,6,127258,8,255,8,ff,ff,ff,ff,ff,7f,ff,ff
2019-09-07T19:24:23.295Z,2,129026,150,255,8,ff,fc,28,e3,10,01,ff,ff
2019-09-07T19:24:23.295Z,2,129025,150,255,8,00,18,42,18,40,61,e8,d3
2019-09-07T19:24:23.338Z,2,127237,172,255,21,3c,c2,1f,a5,ef,ff,ff,ff,ff,ff,ff,ff,ff,ff,7f,ff,7f,ff,7f,ff,ff
2019-09-07T19:24:23.338Z,2,130306,110,255,8,00,00,00,2c,cd,fa,ff,ff
2019-09-07T19:24:23.376Z,2,127250,204,255,8,ff,9b,96,ff,7f,ff,7f,fd
2019-09-07T19:24:23.376Z,2,127251,204,255,8,ff,82,24,00,00,ff,ff,ff
2019-09-07T19:24:23.376Z,2,127257,204,255,8,ff,2b,a1,b0,fe,a5,00,ff
2019-09-07T19:24:23.376Z,2,127245,204,255,8,00,ff,a5,ef,81,ef,ff,ff
2019-09-07T19:24:23.376Z,2,127245,204,255,8,fc,f8,a5,ef,ff,7f,ff,ff
2019-09-07T19:24:23.376Z,7,65359,204,255,8,3b,9f,ff,ff,ff,9b,96,ff
2019-09-07T19:24:23.376Z,7,65360,204,255,8,3b,9f,ff,ff,ff,f8,8c,ff
2019-09-07T19:24:23.376Z,2,127245,172,255,8,fc,f8,a5,ef,81,ef,ff,ff
2019-09-07T19:24:23.392Z,2,129026,150,255,8,ff,fc,39,e3,10,01,ff,ff
2019-09-07T19:24:23.392Z,2,129025,150,255,8,20,18,42,18,40,61,e8,d3
2019-09-07T19:24:23.408Z,7,65384,6,255,8,3b,9f,00,00,00,00,00,00
2019-09-07T19:24:23.424Z,2,130306,110,255,8,00,00,00,d5,cc,fa,ff,ff
2019-09-07T19:24:23.504Z,2,127250,204,255,8,ff,99,96,ff,7f,ff,7f,fd
2019-09-07T19:24:23.504Z,2,127251,204,255,8,ff,56,f5,ff,ff,ff,ff,ff
2019-09-07T19:24:23.504Z,2,127257,204,255,8,ff,29,a1,b0,fe,a4,00,ff
2019-09-07T19:24:23.504Z,2,127245,204,255,8,00,ff,a5,ef,81,ef,ff,ff
2019-09-07T19:24:23.504Z,2,127245,204,255,8,fc,f8,a5,ef,ff,7f,ff,ff
2019-09-07T19:24:23.504Z,7,65359,204,255,8,3b,9f,ff,ff,ff,99,96,ff
2019-09-07T19:24:23.504Z,7,65360,204,255,8,3b,9f,ff,ff,ff,f8,8c,ff
2019-09-07T19:24:23.504Z,2,127245,172,255,8,fc,f8,a5,ef,81,ef,ff,ff
2019-09-07T19:24:23.504Z,4,129039,43,255,27,12,04,85,e8,15,ff,ff,ff,7f,ff,ff,ff,7f,fc,ff,ff,ff,ff,06,00,26,ff,ff,00,74,01,ff
2019-09-07T19:24:23.504Z,2,129026,150,255,8,ff,fc,44,e3,10,01,ff,ff
2019-09-07T19:24:23.504Z,3,129029,150,255,47,ff,ff,ff,ff,ff,ff,ff,00,00,00,00,78,e6,a5,05,00,00,00,00,60,e5,bb,f5,ff,ff,ff,ff,ff,ff,ff,7f,14,fc,15,58,01,ff,7f,ff,ff,ff,7f,c4,59,00,10,00
2019-09-07T19:24:23.504Z,2,129025,150,255,8,20,18,42,18,40,61,e8,d3
2019-09-07T19:24:23.504Z,6,129542,150,255,15,ff,78,0f,ff,ff,ff,ff,ff,ff,ff,ff,ff,ff,ff,ff
2019-09-07T19:24:23.520Z,6,129540,150,255,87,ff,ff,07,02,c5,13,95,56,4c,04,00,00,00,00,f2,05,0b,20,39,28,6c,07,00,00,00,00,f2,0d,5c,2e,44,48,34,08,00,00,00,00,f2,0f,7f,25,09,89,6c,07,00,00,00,00,f2,10,00,00,93,dd,20,03,00,00,00,00,f1,15,68,12,aa,d2,a4,06,00,00,00,00,f2,1e,8b,09,e7,28,34,08,00,00,00,00,f2
2019-09-07T19:24:23.536Z,2,130306,110,255,8,00,00,00,7e,cc,fa,ff,ff
2019-09-07T19:24:23.581Z,2,127250,204,255,8,ff,9b,96,ff,7f,ff,7f,fd
2019-09-07T19:24:23.581Z,2,127251,204,255,8,ff,a1,24,00,00,ff,ff,ff
2019-09-07T19:24:23.581Z,2,127257,204,255,8,ff,2b,a1,b0,fe,a3,00,ff
2019-09-07T19:24:23.581Z,2,127245,204,255,8,00,ff,a5,ef,81,ef,ff,ff
2019-09-07T19:24:23.581Z,2,127245,204,255,8,fc,f8,a5,ef,ff,7f,ff,ff
2019-09-07T19:24:23.581Z,7,65359,204,255,8,3b,9f,ff,ff,ff,9b,96,ff
2019-09-07T19:24:23.581Z,7,65360,204,255,8,3b,9f,ff,ff,ff,f8,8c,ff
2019-09-07T19:24:23.581Z,7,126720,204,255,13,3b,9f,f0,81,84,a6,94,36,42,00,e8,02,05
2019-09-07T19:24:23.581Z,2,127237,172,255,21,3c,c2,1f,a5,ef,ff,ff,ff,ff,ff,ff,ff,ff,ff,7f,ff,7f,ff,7f,ff,ff
2019-09-07T19:24:23.581Z,2,127245,172,255,8,fc,f8,a5,ef,81,ef,ff,ff
2019-09-07T19:24:23.597Z,2,129026,150,255,8,ff,fc,4e,e3,10,01,ff,ff
2019-09-07T19:24:23.597Z,2,129025,150,255,8,20,18,42,18,40,61,e8,d3
2019-09-07T19:24:23.629Z,2,130306,110,255,8,00,00,00,26,cc,fa,ff,ff
2019-09-07T19:24:23.697Z,2,127250,204,255,8,ff,9b,96,ff,7f,ff,7f,fd
2019-09-07T19:24:23.697Z,2,127251,204,255,8,ff,fe,0c,00,00,ff,ff,ff
2019-09-07T19:24:23.697Z,2,127257,204,255,8,ff,2b,a1,af,fe,a4,00,ff
2019-09-07T19:24:23.697Z,2,127245,204,255,8,00,ff,a5,ef,81,ef,ff,ff
2019-09-07T19:24:23.697Z,2,127245,204,255,8,fc,f8,a5,ef,ff,7f,ff,ff
2019-09-07T19:24:23.697Z,7,65359,204,255,8,3b,9f,ff,ff,ff,9b,96,ff
2019-09-07T19:24:23.697Z,7,65360,204,255,8,3b,9f,ff,ff,ff,f8,8c,ff
2019-09-07T19:24:23.697Z,7,126720,204,255,9,3b,9f,f0,81,ae,02,01,0c,a5
2019-09-07T19:24:23.697Z,2,127245,172,255,8,fc,f8,a5,ef,81,ef,ff,ff
2019-09-07T19:24:23.697Z,3,126208,204,172,20,00,00,ef,01,ff,ff,ff,ff,ff,ff,04,01,3b,07,03,04,04,5c,05,0f
2019-09-07T19:24:23.697Z,7,126720,172,204,15,3b,9f,5c,0f,02,01,ff,01,06,ff,02,ff,01,06,ff
2019-09-07T19:24:23.697Z,2,129026,150,255,8,ff,fc,59,e3,10,01,ff,ff
2019-09-07T19:24:23.697Z,2,129025,150,255,8,20,18,42,18,40,61,e8,d3
2019-09-07T19:24:23.729Z,2,130306,110,255,8,00,00,00,78,cb,fa,ff,ff
2019-09-07T19:24:23.797Z,2,127250,204,255,8,ff,9a,96,ff,7f,ff,7f,fd
2019-09-07T19:24:23.797Z,2,127251,204,255,8,ff,ef,f5,ff,ff,ff,ff,ff
2019-09-07T19:24:23.797Z,2,127257,204,255,8,ff,2a,a1,af,fe,a5,00,ff
2019-09-07T19:24:23.797Z,2,127245,204,255,8,00,ff,a5,ef,81,ef,ff,ff
2019-09-07T19:24:23.797Z,2,127245,204,255,8,fc,f8,a5,ef,ff,7f,ff,ff
2019-09-07T19:24:23.797Z,7,65359,204,255,8,3b,9f,ff,ff,ff,9a,96,ff
2019-09-07T19:24:23.797Z,7,65360,204,255,8,3b,9f,ff,ff,ff,f8,8c,ff
2019-09-07T19:24:23.797Z,2,127245,172,255,8,fc,f8,a5,ef,a4,ef,ff,ff
2019-09-07T19:24:23.797Z,2,128259,105,255,8,00,00,00,ff,ff,00,ff,ff
2019-09-07T19:24:23.797Z,6,128275,105,255,14,ff,ff,ff,ff,ff,ff,34,60,52,00,34,60,52,00
2019-09-07T19:24:23.797Z,5,130310,105,255,8,00,09,74,ff,ff,ff,ff,ff
2019-09-07T19:24:23.797Z,5,130312,105,255,8,00,00,00,09,74,ff,ff,ff
2019-09-07T19:24:23.797Z,7,130822,105,255,26,3b,9f,34,60,52,00,34,60,52,00,34,60,52,00,34,60,52,00,34,60,52,00,34,60,52,00
2019-09-07T19:24:23.797Z,2,129026,150,255,8,ff,fc,62,e3,0f,01,ff,ff
2019-09-07T19:24:23.797Z,2,129025,150,255,8,20,18,42,18,40,61,e8,d3
2019-09-07T19:24:23.829Z,2,127237,172,255,21,3c,c2,1f,a5,ef,ff,ff,ff,ff,ff,ff,ff,ff,ff,7f,ff,7f,ff,7f,ff,ff
2019-09-07T19:24:23.829Z,2,130306,110,255,8,00,00,00,21,cb,fa,ff,ff
2019-09-07T19:24:23.877Z,2,127250,204,255,8,ff,9a,96,ff,7f,ff,7f,fd
2019-09-07T19:24:23.878Z,2,127251,204,255,8,ff,5e,f7,ff,ff,ff,ff,ff
2019-09-07T19:24:23.878Z,2,127257,204,255,8,ff,2a,a1,b1,fe,a5,00,ff
2019-09-07T19:24:23.878Z,2,127245,204,255,8,00,ff,a5,ef,a4,ef,ff,ff
2019-09-07T19:24:23.878Z,2,127245,204,255,8,fc,f8,a5,ef,ff,7f,ff,ff
2019-09-07T19:24:23.878Z,7,65359,204,255,8,3b,9f,ff,ff,ff,9a,96,ff
2019-09-07T19:24:23.878Z,7,65360,204,255,8,3b,9f,ff,ff,ff,f8,8c,ff
2019-09-07T19:24:23.878Z,0,262386,0,0,33,01,0e,00,e3,9a,03,00,00,00,00,00,02,0e,04,00,00,00,00,00,00,00,00,22,40,02,07,00,00,00,0c,00,00,00
2019-09-07T19:24:23.878Z,2,127245,172,255,8,fc,f8,a5,ef,a4,ef,ff,ff
2019-09-07T19:24:23.894Z,2,129026,150,255,8,ff,fc,66,e3,0a,01,ff,ff
2019-09-07T19:24:23.894Z,2,129025,150,255,8,20,18,42,18,80,61,e8,d3
2019-09-07T19:24:23.926Z,2,130306,110,255,8,00,00,00,c9,ca,fa,ff,ff
2019-09-07T19:24:23.977Z,2,127250,204,255,8,ff,99,96,ff,7f,ff,7f,fd
2019-09-07T19:24:23.977Z,2,127251,204,255,8,ff,5e,c7,ff,ff,ff,ff,ff
2019-09-07T19:24:23.977Z,2,127257,204,255,8,ff,29,a1,b4,fe,a4,00,ff
2019-09-07T19:24:23.977Z,2,127245,204,255,8,00,ff,a5,ef,a4,ef,ff,ff
2019-09-07T19:24:23.977Z,2,127245,204,255,8,fc,f8,a5,ef,ff,7f,ff,ff
2019-09-07T19:24:23.977Z,7,65359,204,255,8,3b,9f,ff,ff,ff,99,96,ff
2019-09-07T19:24:23.977Z,7,65360,204,255,8,3b,9f,ff,ff,ff,f8,8c,ff
2019-09-07T19:24:23.977Z,2,127245,172,255,8,fc,f8,a5,ef,81,ef,ff,ff
2019-09-07T19:24:23.992Z,2,129026,150,255,8,ff,fc,40,e3,05,01,ff,ff
2019-09-07T19:24:23.993Z,2,129025,150,255,8,20,18,42,18,80,61,e8,d3
2019-09-07T19:24:24.025Z,2,130306,110,255,8,00,00,00,72,ca,fa,ff,ff
2019-09-07T19:24:24.099Z,2,127250,204,255,8,ff,98,96,ff,7f,ff,7f,fd
2019-09-07T19:24:24.099Z,2,127251,204,255,8,ff,80,cf,ff,ff,ff,ff,ff
2019-09-07T19:24:24.099Z,2,127257,204,255,8,ff,28,a1,b4,fe,a5,00,ff
2019-09-07T19:24:24.099Z,2,127245,204,255,8,00,ff,a5,ef,81,ef,ff,ff
2019-09-07T19:24:24.099Z,2,127245,204,255,8,fc,f8,a5,ef,ff,7f,ff,ff
2019-09-07T19:24:24.099Z,7,65379,204,255,8,3b,9f,40,00,00,00,02,ff
2019-09-07T19:24:24.099Z,7,65359,204,255,8,3b,9f,ff,ff,ff,98,96,ff
2019-09-07T19:24:24.099Z,7,65360,204,255,8,3b,9f,ff,ff,ff,f8,8c,ff
2019-09-07T19:24:24.099Z,7,126720,204,255,8,3b,9f,f0,81,9c,a1,14,e8
2019-09-07T19:24:24.099Z,2,127237,172,255,21,3c,c2,1f,a5,ef,ff,ff,ff,ff,ff,ff,ff,ff,ff,7f,ff,7f,ff,7f,ff,ff
2019-09-07T19:24:24.099Z,2,127245,172,255,8,fc,f8,a5,ef,81,ef,ff,ff
2019-09-07T19:24:24.099Z,3,129283,8,255,8,ff,7f,ff,ff,ff,7f,ff,ff
2019-09-07T19:24:24.099Z,2,129026,150,255,8,ff,fc,f3,e2,ff,00,ff,ff
2019-09-07T19:24:24.099Z,2,129025,150,255,8,20,18,42,18,80,61,e8,d3
2019-09-07T19:24:24.131Z,2,130306,110,255,8,00,00,00,1b,ca,fa,ff,ff
2019-09-07T19:24:24.147Z,2,127250,204,255,8,ff,99,96,ff,7f,ff,7f,fd
2019-09-07T19:24:24.179Z,2,127251,204,255,8,ff,e4,ef,ff,ff,ff,ff,ff
2019-09-07T19:24:24.179Z,2,127257,204,255,8,ff,29,a1,b4,fe,a4,00,ff
2019-09-07T19:24:24.179Z,2,127245,204,255,8,00,ff,a5,ef,81,ef,ff,ff
2019-09-07T19:24:24.179Z,2,127245,204,255,8,fc,f8,a5,ef,ff,7f,ff,ff
2019-09-07T19:24:24.179Z,7,65359,204,255,8,3b,9f,ff,ff,ff,99,96,ff
2019-09-07T19:24:24.179Z,7,130916,204,255,7,3b,9f,ff,ff,ff,7f,ff
2019-09-07T19:24:24.179Z,7,65360,204,255,8,3b,9f,ff,ff,ff,f8,8c,ff
2019-09-07T19:24:24.179Z,2,127245,172,255,8,fc,f8,a5,ef,81,ef,ff,ff
2019-09-07T19:24:24.195Z,2,129026,150,255,8,ff,fc,81,e2,f9,00,ff,ff
2019-09-07T19:24:24.195Z,2,129025,150,255,8,00,18,42,18,80,61,e8,d3
2019-09-07T19:24:24.227Z,2,130306,110,255,8,00,00,00,c4,c9,fa,ff,ff
2019-09-07T19:24:24.299Z,2,127250,204,255,8,ff,98,96,ff,7f,ff,7f,fd
2019-09-07T19:24:24.299Z,2,127251,204,255,8,ff,c2,d5,ff,ff,ff,ff,ff
2019-09-07T19:24:24.299Z,2,127257,204,255,8,ff,28,a1,b7,fe,a5,00,ff
2019-09-07T19:24:24.299Z,2,127245,204,255,8,00,ff,a5,ef,81,ef,ff,ff
2019-09-07T19:24:24.299Z,2,127245,204,255,8,fc,f8,a5,ef,ff,7f,ff,ff
2019-09-07T19:24:24.299Z,7,65359,204,255,8,3b,9f,ff,ff,ff,98,96,ff
2019-09-07T19:24:24.299Z,7,65360,204,255,8,3b,9f,ff,ff,ff,f8,8c,ff
2019-09-07T19:24:24.299Z,2,127245,172,255,8,fc,f8,a5,ef,81,ef,ff,ff
2019-09-07T19:24:24.299Z,5,130310,105,255,8,00,09,74,ff,ff,ff,ff,ff
2019-09-07T19:24:24.299Z,6,127258,8,255,8,ff,ff,ff,ff,ff,7f,ff,ff
2019-09-07T19:24:24.299Z,2,129026,150,255,8,ff,fc,30,e2,f4,00,ff,ff
2019-09-07T19:24:24.299Z,2,129025,150,255,8,20,18,42,18,80,61,e8,d3
2019-09-07T19:24:24.331Z,2,127237,172,255,21,3c,c2,1f,a5,ef,ff,ff,ff,ff,ff,ff,ff,ff,ff,7f,ff,7f,ff,7f,ff,ff
2019-09-07T19:24:24.331Z,2,130306,110,255,8,00,00,00,15,c9,fa,ff,ff
2019-09-07T19:24:24.347Z,2,127250,204,255,8,ff,98,96,ff,7f,ff,7f,fd
2019-09-07T19:24:24.373Z,2,127251,204,255,8,ff,c2,f2,ff,ff,ff,ff,ff
2019-09-07T19:24:24.373Z,2,127257,204,255,8,ff,29,a1,b9,fe,a6,00,ff
2019-09-07T19:24:24.373Z,2,127245,204,255,8,00,ff,a4,ef,81,ef,ff,ff
2019-09-07T19:24:24.373Z,2,127245,204,255,8,fc,f8,a4,ef,ff,7f,ff,ff
2019-09-07T19:24:24.373Z,7,65359,204,255,8,3b,9f,ff,ff,ff,98,96,ff
2019-09-07T19:24:24.373Z,7,65360,204,255,8,3b,9f,ff,ff,ff,f8,8c,ff
2019-09-07T19:24:24.373Z,2,127245,172,255,8,fc,f8,a4,ef,81,ef,ff,ff
2019-09-07T19:24:24.389Z,2,129026,150,255,8,ff,fc,03,e2,ee,00,ff,ff
2019-09-07T19:24:24.389Z,2,129025,150,255,8,20,18,42,18,80,61,e8,d3
2019-09-07T19:24:24.405Z,7,65384,6,255,8,3b,9f,00,00,00,00,00,00
2019-09-07T19:24:24.437Z,2,130306,110,255,8,00,00,00,be,c8,fa,ff,ff
2019-09-07T19:24:24.477Z,2,127250,204,255,8,ff,97,96,ff,7f,ff,7f,fd
2019-09-07T19:24:24.477Z,2,127251,204,255,8,ff,98,e8,ff,ff,ff,ff,ff
2019-09-07T19:24:24.477Z,2,127257,204,255,8,ff,28,a1,ba,fe,a5,00,ff
2019-09-07T19:24:24.477Z,2,127245,204,255,8,00,ff,9d,ef,81,ef,ff,ff
2019-09-07T19:24:24.477Z,2,127245,204,255,8,fc,f8,9d,ef,ff,7f,ff,ff
2019-09-07T19:24:24.477Z,7,65359,204,255,8,3b,9f,ff,ff,ff,97,96,ff
2019-09-07T19:24:24.477Z,7,65360,204,255,8,3b,9f,ff,ff,ff,f8,8c,ff
2019-09-07T19:24:24.477Z,2,127245,172,255,8,fc,f8,9d,ef,81,ef,ff,ff
2019-09-07T19:24:24.521Z,2,129026,150,255,8,ff,fc,d6,e1,e8,00,ff,ff
2019-09-07T19:24:24.521Z,3,129029,150,255,47,ff,ff,ff,ff,ff,ff,ff,00,00,00,00,78,e6,a5,05,00,00,00,00,70,e5,bb,f5,ff,ff,ff,ff,ff,ff,ff,7f,14,fc,15,58,01,ff,7f,ff,ff,ff,7f,c4,59,00,10,00
2019-09-07T19:24:24.521Z,2,129025,150,255,8,20,18,42,18,80,61,e8,d3
2019-09-07T19:24:24.521Z,6,129542,150,255,15,ff,29,0f,ff,ff,ff,ff,ff,ff,ff,ff,ff,ff,ff,ff
2019-09-07T19:24:24.521Z,4,129039,43,255,27,12,04,85,e8,15,ff,ff,ff,7f,ff,ff,ff,7f,fc,ff,ff,ff,ff,06,00,26,ff,ff,00,74,01,ff
2019-09-07T19:24:24.521Z,6,129540,150,255,87,ff,ff,07,02,c5,13,95,56,4c,04,00,00,00,00,f2,05,0b,20,39,28,6c,07,00,00,00,00,f2,0d,5c,2e,44,48,34,08,00,00,00,00,f2,0f,7f,25,09,89,6c,07,00,00,00,00,f2,10,00,00,93,dd,20,03,00,00,00,00,f1,15,68,12,aa,d2,a4,06,00,00,00,00,f2,1e,8b,09,e7,28,34,08,00,00,00,00,f2
2019-09-07T19:24:24.537Z,2,130306,110,255,8,00,00,00,67,c8,fa,ff,ff
2019-09-07T19:24:24.581Z,2,127250,204,255,8,ff,98,96,ff,7f,ff,7f,fd
2019-09-07T19:24:24.581Z,2,127251,204,255,8,ff,b4,08,00,00,ff,ff,ff
2019-09-07T19:24:24.581Z,2,127257,204,255,8,ff,28,a1,bc,fe,a5,00,ff
2019-09-07T19:24:24.581Z,2,127245,204,255,8,00,ff,96,ef,81,ef,ff,ff
2019-09-07T19:24:24.581Z,2,127245,204,255,8,fc,f8,96,ef,ff,7f,ff,ff
2019-09-07T19:24:24.581Z,7,65359,204,255,8,3b,9f,ff,ff,ff,98,96,ff
2019-09-07T19:24:24.581Z,7,65360,204,255,8,3b,9f,ff,ff,ff,f8,8c,ff
2019-09-07T19:24:24.581Z,7,126720,204,255,13,3b,9f,f0,81,84,a6,94,36,42,00,e8,02,05
2019-09-07T19:24:24.581Z,2,127237,172,255,21,3c,c2,1f,96,ef,ff,ff,ff,ff,ff,ff,ff,ff,ff,7f,ff,7f,ff,7f,ff,ff
2019-09-07T19:24:24.581Z,2,127245,172,255,8,fc,f8,96,ef,81,ef,ff,ff
2019-09-07T19:24:24.597Z,2,129026,150,255,8,ff,fc,9a,e1,e2,00,ff,ff
2019-09-07T19:24:24.597Z,2,129025,150,255,8,20,18,42,18,80,61,e8,d3
2019-09-07T19:24:24.623Z,3,126208,6,204,21,00,00,ef,01,ff,ff,ff,ff,ff,ff,04,01,3b,07,03,04,04,6c,05,23,50
2019-09-07T19:24:24.623Z,7,126720,204,6,9,3b,9f,6c,23,50,80,80,80,00
2019-09-07T19:24:24.623Z,2,130306,110,255,8,00,00,00,0f,c8,fa,ff,ff
2019-09-07T19:24:24.675Z,2,127250,204,255,8,ff,99,96,ff,7f,ff,7f,fd
2019-09-07T19:24:24.675Z,2,127251,204,255,8,ff,87,1c,00,00,ff,ff,ff
2019-09-07T19:24:24.675Z,2,127257,204,255,8,ff,29,a1,bc,fe,a5,00,ff
2019-09-07T19:24:24.675Z,2,127245,204,255,8,00,ff,8d,ef,81,ef,ff,ff
2019-09-07T19:24:24.675Z,2,127245,204,255,8,fc,f8,8d,ef,ff,7f,ff,ff
2019-09-07T19:24:24.675Z,7,65359,204,255,8,3b,9f,ff,ff,ff,99,96,ff
2019-09-07T19:24:24.675Z,7,65360,204,255,8,3b,9f,ff,ff,ff,f8,8c,ff
2019-09-07T19:24:24.675Z,7,126720,204,255,9,3b,9f,f0,81,ae,02,01,0c,a5
2019-09-07T19:24:24.675Z,2,127245,172,255,8,fc,f8,8d,ef,81,ef,ff,ff
2019-09-07T19:24:24.691Z,2,129026,150,255,8,ff,fc,3f,e1,dc,00,ff,ff
2019-09-07T19:24:24.691Z,2,129025,150,255,8,60,18,42,18,80,61,e8,d3
2019-09-07T19:24:24.723Z,2,130306,110,255,8,00,00,00,b8,c7,fa,ff,ff
2019-09-07T19:24:24.798Z,2,127250,204,255,8,ff,9b,96,ff,7f,ff,7f,fd
2019-09-07T19:24:24.798Z,2,127251,204,255,8,ff,cd,51,00,00,ff,ff,ff
2019-09-07T19:24:24.798Z,2,127257,204,255,8,ff,2b,a1,c0,fe,a5,00,ff
2019-09-07T19:24:24.798Z,2,127245,204,255,8,00,ff,85,ef,81,ef,ff,ff
2019-09-07T19:24:24.798Z,2,127245,204,255,8,fc,f8,85,ef,ff,7f,ff,ff
2019-09-07T19:24:24.798Z,7,65359,204,255,8,3b,9f,ff,ff,ff,9b,96,ff
2019-09-07T19:24:24.798Z,7,65360,204,255,8,3b,9f,ff,ff,ff,f8,8c,ff
2019-09-07T19:24:24.798Z,2,127245,172,255,8,fc,f8,85,ef,81,ef,ff,ff
2019-09-07T19:24:24.798Z,2,128259,105,255,8,00,00,00,ff,ff,00,ff,ff
2019-09-07T19:24:24.798Z,6,128275,105,255,14,ff,ff,ff,ff,ff,ff,34,60,52,00,34,60,52,00
2019-09-07T19:24:24.798Z,5,130310,105,255,8,00,09,74,ff,ff,ff,ff,ff
2019-09-07T19:24:24.798Z,7,130822,105,255,26,3b,9f,34,60,52,00,34,60,52,00,34,60,52,00,34,60,52,00,34,60,52,00,34,60,52,00
2019-09-07T19:24:24.798Z,2,129026,150,255,8,ff,fc,b1,e0,d7,00,ff,ff
2019-09-07T19:24:24.798Z,2,129025,150,255,8,80,18,42,18,40,61,e8,d3
2019-09-07T19:24:24.830Z,2,127237,172,255,21,3c,c2,1f,85,ef,ff,ff,ff,ff,ff,ff,ff,ff,ff,7f,ff,7f,ff,7f,ff,ff
2019-09-07T19:24:24.830Z,2,130306,110,255,8,00,00,00,61,c7,fa,ff,ff
2019-09-07T19:24:24.845Z,2,127250,204,255,8,ff,99,96,ff,7f,ff,7f,fd
2019-09-07T19:24:24.879Z,2,127251,204,255,8,ff,f4,04,00,00,ff,ff,ff
2019-09-07T19:24:24.879Z,2,127257,204,255,8,ff,2a,a1,c0,fe,a3,00,ff
2019-09-07T19:24:24.879Z,2,127245,204,255,8,00,ff,80,ef,81,ef,ff,ff
2019-09-07T19:24:24.879Z,2,127245,204,255,8,fc,f8,80,ef,ff,7f,ff,ff
2019-09-07T19:24:24.879Z,7,65359,204,255,8,3b,9f,ff,ff,ff,99,96,ff
2019-09-07T19:24:24.879Z,7,65360,204,255,8,3b,9f,ff,ff,ff,f8,8c,ff
2019-09-07T19:24:24.879Z,0,262386,0,0,33,01,0e,00,e3,9a,03,00,00,00,00,00,02,0d,04,00,00,00,00,00,00,00,00,20,41,02,07,00,00,00,0b,00,00,00
2019-09-07T19:24:24.879Z,2,127245,172,255,8,fc,f8,81,ef,81,ef,ff,ff
2019-09-07T19:24:24.895Z,2,129026,150,255,8,ff,fc,03,e0,d2,00,ff,ff
2019-09-07T19:24:24.895Z,2,129025,150,255,8,80,18,42,18,40,61,e8,d3
2019-09-07T19:24:24.927Z,2,130306,110,255,8,00,00,00,0a,c7,fa,ff,ff
2019-09-07T19:24:24.977Z,2,127250,204,255,8,ff,99,96,ff,7f,ff,7f,fd
2019-09-07T19:24:24.977Z,2,127251,204,255,8,ff,71,02,00,00,ff,ff,ff
2019-09-07T19:24:24.977Z,2,127257,204,255,8,ff,2a,a1,c4,fe,a3,00,ff
2019-09-07T19:24:24.977Z,2,127245,204,255,8,00,ff,7b,ef,81,ef,ff,ff
2019-09-07T19:24:24.977Z,2,127245,204,255,8,fc,f8,7b,ef,ff,7f,ff,ff
2019-09-07T19:24:24.977Z,7,65359,204,255,8,3b,9f,ff,ff,ff,99,96,ff
2019-09-07T19:24:24.977Z,7,65360,204,255,8,3b,9f,ff,ff,ff,f8,8c,ff
2019-09-07T19:24:24.977Z,2,127245,172,255,8,fc,f8,7b,ef,81,ef,ff,ff
2019-09-07T19:24:24.993Z,2,129026,150,255,8,ff,fc,4b,df,ce,00,ff,ff
2019-09-07T19:24:24.993Z,2,129025,150,255,8,a0,18,42,18,00,61,e8,d3
2019-09-07T19:24:25.025Z,2,130306,110,255,8,00,00,00,b2,c6,fa,ff,ff
2019-09-07T19:24:25.101Z,2,127250,204,255,8,ff,99,96,ff,7f,ff,7f,fd
2019-09-07T19:24:25.101Z,2,127251,204,255,8,ff,41,f4,ff,ff,ff,ff,ff
2019-09-07T19:24:25.101Z,2,127257,204,255,8,ff,29,a1,c4,fe,a4,00,ff
2019-09-07T19:24:25.101Z,2,127245,204,255,8,00,ff,77,ef,81,ef,ff,ff
2019-09-07T19:24:25.101Z,2,127245,204,255,8,fc,f8,77,ef,ff,7f,ff,ff
2019-09-07T19:24:25.101Z,7,65379,204,255,8,3b,9f,40,00,00,00,02,ff
2019-09-07T19:24:25.101Z,7,65359,204,255,8,3b,9f,ff,ff,ff,99,96,ff
2019-09-07T19:24:25.101Z,7,65360,204,255,8,3b,9f,ff,ff,ff,f8,8c,ff
2019-09-07T19:24:25.101Z,7,126720,204,255,8,3b,9f,f0,81,9c,a1,14,e8
2019-09-07T19:24:25.101Z,2,127237,172,255,21,3c,c2,1f,77,ef,ff,ff,ff,ff,ff,ff,ff,ff,ff,7f,ff,7f,ff,7f,ff,ff
2019-09-07T19:24:25.101Z,2,127245,172,255,8,fc,f8,77,ef,81,ef,ff,ff
2019-09-07T19:24:25.101Z,3,129283,8,255,8,ff,7f,ff,ff,ff,7f,ff,ff
2019-09-07T19:24:25.101Z,2,129026,150,255,8,ff,fc,41,de,ca,00,ff,ff
2019-09-07T19:24:25.101Z,2,129025,150,255,8,c0,18,42,18,00,61,e8,d3
2019-09-07T19:24:25.101Z,7,65396,43,255,8,3b,9f,fd,21,00,fe,ff,ff
2019-09-07T19:24:25.133Z,2,130306,110,255,8,00,00,00,04,c6,fa,ff,ff
2019-09-07T19:24:25.181Z,2,127250,204,255,8,ff,9a,96,ff,7f,ff,7f,fd
2019-09-07T19:24:25.181Z,2,127251,204,255,8,ff,94,21,00,00,ff,ff,ff
2019-09-07T19:24:25.181Z,2,127257,204,255,8,ff,2a,a1,c6,fe,a3,00,ff
2019-09-07T19:24:25.181Z,2,127245,204,255,8,00,ff,73,ef,81,ef,ff,ff
2019-09-07T19:24:25.181Z,2,127245,204,255,8,fc,f8,73,ef,ff,7f,ff,ff
2019-09-07T19:24:25.181Z,7,65359,204,255,8,3b,9f,ff,ff,ff,9a,96,ff
2019-09-07T19:24:25.181Z,7,130916,204,255,7,3b,9f,ff,ff,ff,7f,ff
2019-09-07T19:24:25.181Z,7,65360,204,255,8,3b,9f,ff,ff,ff,f8,8c,ff
2019-09-07T19:24:25.181Z,7,126720,6,255,7,3b,9f,f0,81,90,00,03
2019-09-07T19:24:25.181Z,2,127245,172,255,8,fc,f8,73,ef,81,ef,ff,ff
2019-09-07T19:24:25.197Z,2,129026,150,255,8,ff,fc,e7,dd,c8,00,ff,ff
2019-09-07T19:24:25.197Z,2,129025,150,255,8,c0,18,42,18,00,61,e8,d3
2019-09-07T19:24:25.229Z,2,130306,110,255,8,00,00,00,ad,c5,fa,ff,ff
2019-09-07T19:24:25.278Z,2,127250,204,255,8,ff,99,96,ff,7f,ff,7f,fd
2019-09-07T19:24:25.278Z,2,127251,204,255,8,ff,92,e4,ff,ff,ff,ff,ff
2019-09-07T19:24:25.278Z,2,127257,204,255,8,ff,29,a1,c9,fe,a4,00,ff
2019-09-07T19:24:25.278Z,2,127245,204,255,8,00,ff,6f,ef,81,ef,ff,ff
2019-09-07T19:24:25.278Z,2,127245,204,255,8,fc,f8,6f,ef,ff,7f,ff,ff
2019-09-07T19:24:25.278Z,7,65359,204,255,8,3b,9f,ff,ff,ff,99,96,ff
2019-09-07T19:24:25.278Z,7,65360,204,255,8,3b,9f,ff,ff,ff,f8,8c,ff
2019-09-07T19:24:25.278Z,2,127245,172,255,8,fc,f8,6f,ef,81,ef,ff,ff
2019-09-07T19:24:25.278Z,5,130310,105,255,8,00,09,74,ff,ff,ff,ff,ff
2019-09-07T19:24:25.300Z,2,129026,150,255,8,ff,fc,19,dd,c6,00,ff,ff
2019-09-07T19:24:25.300Z,2,129025,150,255,8,e0,18,42,18,00,61,e8,d3
2019-09-07T19:24:25.300Z,6,127258,8,255,8,ff,ff,ff,ff,ff,7f,ff,ff
2019-09-07T19:24:25.300Z,6,129044,150,255,20,57,38,34,00,00,00,00,00,00,00,00,00,00,00,00,00,57,38,34,00
2019-09-07T19:24:25.316Z,2,127237,172,255,21,3c,c2,1f,6f,ef,ff,ff,ff,ff,ff,ff,ff,ff,ff,7f,ff,7f,ff,7f,ff,ff
2019-09-07T19:24:25.331Z,2,130306,110,255,8,00,00,00,ad,c5,fa,ff,ff
2019-09-07T19:24:25.347Z,2,127250,204,255,8,ff,98,96,ff,7f,ff,7f,fd
2019-09-07T19:24:25.347Z,2,127251,204,255,8,ff,26,d3,ff,ff,ff,ff,ff
2019-09-07T19:24:25.374Z,2,127257,204,255,8,ff,29,a1,cb,fe,a4,00,ff
2019-09-07T19:24:25.374Z,2,127245,204,255,8,00,ff,6f,ef,81,ef,ff,ff
2019-09-07T19:24:25.374Z,2,127245,204,255,8,fc,f8,6f,ef,ff,7f,ff,ff
2019-09-07T19:24:25.374Z,7,65359,204,255,8,3b,9f,ff,ff,ff,98,96,ff
2019-09-07T19:24:25.374Z,7,65360,204,255,8,3b,9f,ff,ff,ff,f8,8c,ff
2019-09-07T19:24:25.374Z,2,127245,172,255,8,fc,f8,6f,ef,81,ef,ff,ff
2019-09-07T19:24:25.390Z,2,129026,150,255,8,ff,fc,f6,dc,c6,00,ff,ff
2019-09-07T19:24:25.390Z,2,129025,150,255,8,20,19,42,18,80,60,e8,d3
2019-09-07T19:24:25.406Z,7,65384,6,255,8,3b,9f,00,00,00,00,00,00
2019-09-07T19:24:25.438Z,2,130306,110,255,8,00,00,00,55,c5,fa,ff,ff
2019-09-07T19:24:25.475Z,2,127250,204,255,8,ff,98,96,ff,7f,ff,7f,fd
2019-09-07T19:24:25.476Z,2,127251,204,255,8,ff,d7,b7,ff,ff,ff,ff,ff
2019-09-07T19:24:25.476Z,2,127257,204,255,8,ff,28,a1,cc,fe,a4,00,ff
2019-09-07T19:24:25.476Z,2,127245,204,255,8,00,ff,6e,ef,81,ef,ff,ff
2019-09-07T19:24:25.476Z,2,127245,204,255,8,fc,f8,6e,ef,ff,7f,ff,ff
2019-09-07T19:24:25.476Z,7,65359,204,255,8,3b,9f,ff,ff,ff,98,96,ff
2019-09-07T19:24:25.476Z,7,65360,204,255,8,3b,9f,ff,ff,ff,f8,8c,ff
2019-09-07T19:24:25.476Z,2,127245,172,255,8,fc,f8,6e,ef,81,ef,ff,ff
2019-09-07T19:24:25.521Z,2,129026,150,255,8,ff,fc,2d,dc,c5,00,ff,ff
2019-09-07T19:24:25.521Z,3,129029,150,255,47,ff,ff,ff,ff,ff,ff,ff,00,00,00,00,b0,e6,a5,05,00,00,00,00,40,e5,bb,f5,ff,ff,ff,ff,ff,ff,ff,7f,14,fc,15,59,01,ff,7f,ff,ff,ff,7f,c4,59,00,10,00
2019-09-07T19:24:25.521Z,2,129025,150,255,8,20,19,42,18,80,60,e8,d3
2019-09-07T19:24:25.521Z,6,129542,150,255,15,ff,2f,0f,ff,ff,ff,ff,ff,ff,ff,ff,ff,ff,ff,ff
2019-09-07T19:24:25.521Z,6,129540,150,255,87,ff,ff,08,02,c5,13,95,56,e8,03,00,00,00,00,f2,05,0b,20,39,28,08,07,00,00,00,00,f2,0d,5c,2e,44,48,34,08,00,00,00,00,f2,0f,7f,25,09,89,6c,07,00,00,00,00,f2,10,00,00,93,dd,bc,02,00,00,00,00,f1,15,68,12,aa,d2,a4,06,00,00,00,00,f2,1e,8b,09,8a,27,34,08,00,00,00,00,f2
2019-09-07T19:24:25.521Z,4,129039,43,255,27,12,04,85,e8,15,ff,ff,ff,7f,ff,ff,ff,7f,fc,ff,ff,ff,ff,06,00,26,ff,ff,00,74,01,ff
2019-09-07T19:24:25.537Z,2,130306,110,255,8,00,00,00,fe,c4,fa,ff,ff
2019-09-07T19:24:25.581Z,2,127250,204,255,8,ff,98,96,ff,7f,ff,7f,fd
2019-09-07T19:24:25.581Z,2,127251,204,255,8,ff,5e,da,ff,ff,ff,ff,ff
2019-09-07T19:24:25.581Z,2,127257,204,255,8,ff,28,a1,ce,fe,a6,00,ff
2019-09-07T19:24:25.581Z,2,127245,204,255,8,00,ff,6e,ef,81,ef,ff,ff
2019-09-07T19:24:25.581Z,2,127245,204,255,8,fc,f8,6e,ef,ff,7f,ff,ff
2019-09-07T19:24:25.581Z,7,65359,204,255,8,3b,9f,ff,ff,ff,98,96,ff
2019-09-07T19:24:25.581Z,7,65360,204,255,8,3b,9f,ff,ff,ff,f8,8c,ff
2019-09-07T19:24:25.581Z,7,126720,204,255,13,3b,9f,f0,81,84,a6,94,36,42,00,e8,02,05
2019-09-07T19:24:25.581Z,2,127237,172,255,21,3c,c2,1f,6e,ef,ff,ff,ff,ff,ff,ff,ff,ff,ff,7f,ff,7f,ff,7f,ff,ff
2019-09-07T19:24:25.581Z,2,127245,172,255,8,fc,f8,6e,ef,81,ef,ff,ff
2019-09-07T19:24:25.596Z,2,129026,150,255,8,ff,fc,06,dc,c5,00,ff,ff
2019-09-07T19:24:25.597Z,2,129025,150,255,8,20,19,42,18,80,60,e8,d3
2019-09-07T19:24:25.628Z,2,130306,110,255,8,00,00,00,a7,c4,fa,ff,ff
2019-09-07T19:24:25.676Z,2,127250,204,255,8,ff,99,96,ff,7f,ff,7f,fd
2019-09-07T19:24:25.676Z,2,127251,204,255,8,ff,35,f8,ff,ff,ff,ff,ff
2019-09-07T19:24:25.676Z,2,127257,204,255,8,ff,29,a1,d1,fe,a8,00,ff
2019-09-07T19:24:25.676Z,2,127245,204,255,8,00,ff,6d,ef,81,ef,ff,ff
2019-09-07T19:24:25.676Z,2,127245,204,255,8,fc,f8,6d,ef,ff,7f,ff,ff
2019-09-07T19:24:25.676Z,7,65359,204,255,8,3b,9f,ff,ff,ff,99,96,ff
2019-09-07T19:24:25.677Z,7,65360,204,255,8,3b,9f,ff,ff,ff,f8,8c,ff
2019-09-07T19:24:25.677Z,7,126720,204,255,9,3b,9f,f0,81,ae,02,01,0c,a5
2019-09-07T19:24:25.677Z,2,127245,172,255,8,fc,f8,6d,ef,81,ef,ff,ff
2019-09-07T19:24:25.692Z,2,129026,150,255,8,ff,fc,30,db,c4,00,ff,ff
2019-09-07T19:24:25.692Z,2,129025,150,255,8,20,19,42,18,80,60,e8,d3
2019-09-07T19:24:25.724Z,2,130306,110,255,8,00,00,00,50,c4,fa,ff,ff
2019-09-07T19:24:25.795Z,2,127250,204,255,8,ff,99,96,ff,7f,ff,7f,fd
2019-09-07T19:24:25.795Z,2,127251,204,255,8,ff,b2,f3,ff,ff,ff,ff,ff
2019-09-07T19:24:25.795Z,2,127257,204,255,8,ff,29,a1,d3,fe,a9,00,ff
2019-09-07T19:24:25.795Z,2,127245,204,255,8,00,ff,6c,ef,81,ef,ff,ff
2019-09-07T19:24:25.795Z,2,127245,204,255,8,fc,f8,6c,ef,ff,7f,ff,ff
2019-09-07T19:24:25.795Z,7,65359,204,255,8,3b,9f,ff,ff,ff,99,96,ff
2019-09-07T19:24:25.796Z,7,65360,204,255,8,3b,9f,ff,ff,ff,f8,8c,ff
2019-09-07T19:24:25.796Z,2,127245,172,255,8,fc,f8,6d,ef,81,ef,ff,ff
2019-09-07T19:24:25.796Z,2,128259,105,255,8,00,00,00,ff,ff,00,ff,ff
2019-09-07T19:24:25.796Z,6,128275,105,255,14,ff,ff,ff,ff,ff,ff,34,60,52,00,34,60,52,00
2019-09-07T19:24:25.796Z,5,130310,105,255,8,00,09,74,ff,ff,ff,ff,ff
2019-09-07T19:24:25.796Z,5,130312,105,255,8,00,00,00,09,74,ff,ff,ff
2019-09-07T19:24:25.796Z,7,130822,105,255,26,3b,9f,34,60,52,00,34,60,52,00,34,60,52,00,34,60,52,00,34,60,52,00,34,60,52,00
2019-09-07T19:24:25.796Z,2,129026,150,255,8,ff,fc,47,da,c3,00,ff,ff
2019-09-07T19:24:25.796Z,2,129025,150,255,8,40,19,42,18,80,60,e8,d3
2019-09-07T19:24:25.827Z,2,127237,172,255,21,3c,c2,1f,6d,ef,ff,ff,ff,ff,ff,ff,ff,ff,ff,7f,ff,7f,ff,7f,ff,ff
2019-09-07T19:24:25.827Z,2,130306,110,255,8,00,00,00,f8,c3,fa,ff,ff
2019-09-07T19:24:25.876Z,2,127250,204,255,8,ff,9a,96,ff,7f,ff,7f,fd
2019-09-07T19:24:25.876Z,2,127251,204,255,8,ff,59,19,00,00,ff,ff,ff
2019-09-07T19:24:25.876Z,2,127257,204,255,8,ff,2a,a1,d5,fe,ab,00,ff
2019-09-07T19:24:25.876Z,2,127245,204,255,8,00,ff,69,ef,81,ef,ff,ff
2019-09-07T19:24:25.876Z,2,127245,204,255,8,fc,f8,69,ef,ff,7f,ff,ff
2019-09-07T19:24:25.876Z,7,65359,204,255,8,3b,9f,ff,ff,ff,9a,96,ff
2019-09-07T19:24:25.876Z,7,65360,204,255,8,3b,9f,ff,ff,ff,f8,8c,ff
2019-09-07T19:24:25.876Z,0,262386,0,0,33,01,0e,00,e3,9a,03,00,00,00,00,00,02,0d,04,00,00,00,00,00,00,00,00,20,40,02,07,00,00,00,0b,00,00,00
2019-09-07T19:24:25.877Z,2,127245,172,255,8,fc,f8,69,ef,81,ef,ff,ff
2019-09-07T19:24:25.892Z,2,129026,150,255,8,ff,fc,79,d9,c3,00,ff,ff
2019-09-07T19:24:25.892Z,2,129025,150,255,8,40,19,42,18,80,60,e8,d3
2019-09-07T19:24:25.937Z,4,129038,43,255,28,03,9e,28,ec,15,44,80,e8,d3,1f,9d,42,18,d1,32,6c,00,00,c1,2e,00,21,60,ff,7f,00,00,ff
2019-09-07T19:24:25.937Z,2,130306,110,255,8,00,00,00,f8,c3,fa,ff,ff
2019-09-07T19:24:25.976Z,2,127250,204,255,8,ff,9c,96,ff,7f,ff,7f,fd
2019-09-07T19:24:25.976Z,2,127251,204,255,8,ff,86,48,00,00,ff,ff,ff
2019-09-07T19:24:25.976Z,2,127257,204,255,8,ff,2c,a1,d6,fe,ad,00,ff
2019-09-07T19:24:25.976Z,2,127245,204,255,8,00,ff,67,ef,81,ef,ff,ff
2019-09-07T19:24:25.976Z,2,127245,204,255,8,fc,f8,67,ef,ff,7f,ff,ff
2019-09-07T19:24:25.976Z,7,65359,204,255,8,3b,9f,ff,ff,ff,9c,96,ff
2019-09-07T19:24:25.976Z,7,65360,204,255,8,3b,9f,ff,ff,ff,f8,8c,ff
2019-09-07T19:24:25.976Z,2,127245,172,255,8,fc,f8,67,ef,81,ef,ff,ff
2019-09-07T19:24:25.992Z,2,129026,150,255,8,ff,fc,5f,d9,c3,00,ff,ff
2019-09-07T19:24:25.992Z,2,129025,150,255,8,40,19,42,18,80,60,e8,d3
2019-09-07T19:24:26.024Z,2,130306,110,255,8,00,00,00,a1,c3,fa,ff,ff
2019-09-07T19:24:26.100Z,2,127250,204,255,8,ff,9c,96,ff,7f,ff,7f,fd
2019-09-07T19:24:26.100Z,2,127251,204,255,8,ff,9d,4d,00,00,ff,ff,ff
2019-09-07T19:24:26.100Z,2,127257,204,255,8,ff,2c,a1,d8,fe,ac,00,ff
2019-09-07T19:24:26.100Z,2,127245,204,255,8,00,ff,67,ef,81,ef,ff,ff
2019-09-07T19:24:26.100Z,2,127245,204,255,8,fc,f8,67,ef,ff,7f,ff,ff
2019-09-07T19:24:26.100Z,7,65379,204,255,8,3b,9f,40,00,00,00,02,ff
2019-09-07T19:24:26.100Z,7,65359,204,255,8,3b,9f,ff,ff,ff,9c,96,ff
2019-09-07T19:24:26.100Z,7,65360,204,255,8,3b,9f,ff,ff,ff,f8,8c,ff
2019-09-07T19:24:26.101Z,7,126720,204,255,8,3b,9f,f0,81,9c,a1,14,e8
2019-09-07T19:24:26.101Z,2,127237,172,255,21,3c,c2,1f,67,ef,ff,ff,ff,ff,ff,ff,ff,ff,ff,7f,ff,7f,ff,7f,ff,ff
2019-09-07T19:24:26.101Z,2,127245,172,255,8,fc,f8,67,ef,81,ef,ff,ff
2019-09-07T19:24:26.101Z,2,129026,150,255,8,ff,fc,5f,d9,c3,00,ff,ff
2019-09-07T19:24:26.101Z,2,129025,150,255,8,40,19,42,18,00,61,e8,d3
2019-09-07T19:24:26.101Z,3,129283,8,255,8,ff,7f,ff,ff,ff,7f,ff,ff
2019-09-07T19:24:26.132Z,2,130306,110,255,8,00,00,00,4a,c3,fa,ff,ff
2019-09-07T19:24:26.148Z,2,127250,204,255,8,ff,9f,96,ff,7f,ff,7f,fd
2019-09-07T19:24:26.148Z,2,127251,204,255,8,ff,e3,8f,00,00,ff,ff,ff
2019-09-07T19:24:26.174Z,2,127257,204,255,8,ff,2f,a1,dd,fe,ae,00,ff
2019-09-07T19:24:26.174Z,2,127245,204,255,8,00,ff,65,ef,81,ef,ff,ff
2019-09-07T19:24:26.174Z,2,127245,204,255,8,fc,f8,65,ef,ff,7f,ff,ff
2019-09-07T19:24:26.174Z,7,65359,204,255,8,3b,9f,ff,ff,ff,9f,96,ff
2019-09-07T19:24:26.174Z,7,130916,204,255,7,3b,9f,ff,ff,ff,7f,ff
2019-09-07T19:24:26.174Z,7,65360,204,255,8,3b,9f,ff,ff,ff,f8,8c,ff
2019-09-07T19:24:26.174Z,2,127245,172,255,8,fc,f8,65,ef,81,ef,ff,ff
2019-09-07T19:24:26.190Z,2,129026,150,255,8,ff,fc,75,d9,c3,00,ff,ff
2019-09-07T19:24:26.190Z,2,129025,150,255,8,60,19,42,18,40,61,e8,d3
2019-09-07T19:24:26.206Z,3,126208,6,204,21,00,00,ef,01,ff,ff,ff,ff,ff,ff,04,01,3b,07,03,04,04,6c,05,1a,50
2019-09-07T19:24:26.222Z,7,126720,204,6,13,3b,9f,6c,1a,50,ff,7f,ff,7f,ff,7f,ff,7f
2019-09-07T19:24:26.238Z,2,130306,110,255,8,00,00,00,f3,c2,fa,ff,ff
2019-09-07T19:24:26.276Z,2,127250,204,255,8,ff,9f,96,ff,7f,ff,7f,fd
2019-09-07T19:24:26.276Z,2,127251,204,255,8,ff,1c,5f,00,00,ff,ff,ff
2019-09-07T19:24:26.276Z,2,127257,204,255,8,ff,2f,a1,df,fe,b0,00,ff
2019-09-07T19:24:26.276Z,2,127245,204,255,8,00,ff,65,ef,81,ef,ff,ff
2019-09-07T19:24:26.276Z,2,127245,204,255,8,fc,f8,65,ef,ff,7f,ff,ff
2019-09-07T19:24:26.276Z,7,65359,204,255,8,3b,9f,ff,ff,ff,9f,96,ff
2019-09-07T19:24:26.276Z,7,65360,204,255,8,3b,9f,ff,ff,ff,f8,8c,ff
2019-09-07T19:24:26.276Z,2,127245,172,255,8,fc,f8,65,ef,81,ef,ff,ff
2019-09-07T19:24:26.276Z,5,130310,105,255,8,00,09,74,ff,ff,ff,ff,ff
2019-09-07T19:24:26.299Z,2,129026,150,255,8,ff,fc,8b,d9,c2,00,ff,ff
2019-09-07T19:24:26.299Z,2,129025,150,255,8,60,19,42,18,40,61,e8,d3
2019-09-07T19:24:26.299Z,6,127258,8,255,8,ff,ff,ff,ff,ff,7f,ff,ff
2019-09-07T19:24:26.315Z,2,127237,172,255,21,3c,c2,1f,65,ef,ff,ff,ff,ff,ff,ff,ff,ff,ff,7f,ff,7f,ff,7f,ff,ff
2019-09-07T19:24:26.331Z,2,130306,110,255,8,00,00,00,f3,c2,fa,ff,ff
2019-09-07T19:24:26.347Z,2,127250,204,255,8,ff,9f,96,ff,7f,ff,7f,fd
2019-09-07T19:24:26.373Z,2,127251,204,255,8,ff,2d,4c,00,00,ff,ff,ff
2019-09-07T19:24:26.373Z,2,127257,204,255,8,ff,2f,a1,e1,fe,af,00,ff
2019-09-07T19:24:26.373Z,2,127245,204,255,8,00,ff,64,ef,81,ef,ff,ff
2019-09-07T19:24:26.373Z,2,127245,204,255,8,fc,f8,64,ef,ff,7f,ff,ff
2019-09-07T19:24:26.373Z,7,65359,204,255,8,3b,9f,ff,ff,ff,9f,96,ff
2019-09-07T19:24:26.374Z,7,65360,204,255,8,3b,9f,ff,ff,ff,f8,8c,ff
2019-09-07T19:24:26.374Z,2,127245,172,255,8,fc,f8,65,ef,5e,ef,ff,ff
2019-09-07T19:24:26.389Z,2,129026,150,255,8,ff,fc,a0,d9,c2,00,ff,ff
2019-09-07T19:24:26.389Z,2,129025,150,255,8,80,19,42,18,00,61,e8,d3
2019-09-07T19:24:26.405Z,7,65384,6,255,8,3b,9f,00,00,00,00,00,00
2019-09-07T19:24:26.437Z,2,130306,110,255,8,00,00,00,f3,c2,fa,ff,ff
2019-09-07T19:24:26.476Z,2,127250,204,255,8,ff,a0,96,ff,7f,ff,7f,fd
2019-09-07T19:24:26.476Z,2,127251,204,255,8,ff,8f,4b,00,00,ff,ff,ff
2019-09-07T19:24:26.476Z,2,127257,204,255,8,ff,30,a1,e3,fe,b1,00,ff
2019-09-07T19:24:26.476Z,2,127245,204,255,8,00,ff,64,ef,5e,ef,ff,ff
2019-09-07T19:24:26.476Z,2,127245,204,255,8,fc,f8,64,ef,ff,7f,ff,ff
2019-09-07T19:24:26.476Z,7,65359,204,255,8,3b,9f,ff,ff,ff,a0,96,ff
2019-09-07T19:24:26.476Z,7,65360,204,255,8,3b,9f,ff,ff,ff,f8,8c,ff
2019-09-07T19:24:26.476Z,2,127245,172,255,8,fc,f8,65,ef,5e,ef,ff,ff
2019-09-07T19:24:26.520Z,2,129026,150,255,8,ff,fc,b3,d9,c2,00,ff,ff
2019-09-07T19:24:26.520Z,3,129029,150,255,47,ff,ff,ff,ff,ff,ff,ff,00,00,00,00,d8,e6,a5,05,00,00,00,00,50,e5,bb,f5,ff,ff,ff,ff,ff,ff,ff,7f,14,fc,15,59,01,ff,7f,ff,ff,ff,7f,c4,59,00,10,00
2019-09-07T19:24:26.520Z,2,129025,150,255,8,a0,19,42,18,00,61,e8,d3
2019-09-07T19:24:26.520Z,6,129542,150,255,15,ff,39,0f,ff,ff,ff,ff,ff,ff,ff,ff,ff,ff,ff,ff
2019-09-07T19:24:26.520Z,6,129540,150,255,87,ff,ff,08,02,c5,13,95,56,e8,03,00,00,00,00,f2,05,0b,20,39,28,08,07,00,00,00,00,f2,0d,5c,2e,44,48,34,08,00,00,00,00,f2,0f,7f,25,09,89,6c,07,00,00,00,00,f2,10,00,00,93,dd,bc,02,00,00,00,00,f1,15,68,12,aa,d2,a4,06,00,00,00,00,f2,1e,8b,09,8a,27,34,08,00,00,00,00,f2
2019-09-07T19:24:26.521Z,4,129039,43,255,27,12,04,85,e8,15,ff,ff,ff,7f,ff,ff,ff,7f,fc,ff,ff,ff,ff,06,00,26,ff,ff,00,74,01,ff
2019-09-07T19:24:26.536Z,2,130306,110,255,8,00,00,00,9b,c2,fa,ff,ff
2019-09-07T19:24:26.580Z,2,127250,204,255,8,ff,9f,96,ff,7f,ff,7f,fd
2019-09-07T19:24:26.580Z,2,127251,204,255,8,ff,d5,0c,00,00,ff,ff,ff
2019-09-07T19:24:26.580Z,2,127257,204,255,8,ff,2f,a1,e4,fe,b0,00,ff
2019-09-07T19:24:26.580Z,2,127245,204,255,8,00,ff,64,ef,5e,ef,ff,ff
2019-09-07T19:24:26.580Z,2,127245,204,255,8,fc,f8,64,ef,ff,7f,ff,ff
2019-09-07T19:24:26.580Z,7,65359,204,255,8,3b,9f,ff,ff,ff,9f,96,ff
2019-09-07T19:24:26.580Z,7,65360,204,255,8,3b,9f,ff,ff,ff,f8,8c,ff
2019-09-07T19:24:26.580Z,7,126720,204,255,13,3b,9f,f0,81,84,a6,94,36,42,00,e8,02,05
2019-09-07T19:24:26.581Z,2,127237,172,255,21,3c,c2,1f,65,ef,ff,ff,ff,ff,ff,ff,ff,ff,ff,7f,ff,7f,ff,7f,ff,ff
2019-09-07T19:24:26.581Z,2,127245,172,255,8,fc,f8,65,ef,81,ef,ff,ff
2019-09-07T19:24:26.596Z,2,129026,150,255,8,ff,fc,c2,d9,c2,00,ff,ff
2019-09-07T19:24:26.596Z,2,129025,150,255,8,e0,19,42,18,80,60,e8,d3
2019-09-07T19:24:26.628Z,2,130306,110,255,8,00,00,00,44,c2,fa,ff,ff
2019-09-07T19:24:26.676Z,2,127250,204,255,8,ff,a0,96,ff,7f,ff,7f,fd
2019-09-07T19:24:26.676Z,2,127251,204,255,8,ff,3e,24,00,00,ff,ff,ff
2019-09-07T19:24:26.676Z,2,127257,204,255,8,ff,30,a1,e7,fe,b1,00,ff
2019-09-07T19:24:26.676Z,2,127245,204,255,8,00,ff,64,ef,81,ef,ff,ff
2019-09-07T19:24:26.677Z,2,127245,204,255,8,fc,f8,64,ef,ff,7f,ff,ff
2019-09-07T19:24:26.677Z,7,65359,204,255,8,3b,9f,ff,ff,ff,a0,96,ff
2019-09-07T19:24:26.677Z,7,65360,204,255,8,3b,9f,ff,ff,ff,f8,8c,ff
2019-09-07T19:24:26.677Z,7,126720,204,255,9,3b,9f,f0,81,ae,02,01,0c,a5
2019-09-07T19:24:26.677Z,2,127245,172,255,8,fc,f8,65,ef,81,ef,ff,ff
2019-09-07T19:24:26.692Z,2,129026,150,255,8,ff,fc,ce,d9,c2,00,ff,ff
2019-09-07T19:24:26.692Z,2,129025,150,255,8,e0,19,42,18,00,61,e8,d3
2019-09-07T19:24:26.724Z,2,130306,110,255,8,00,00,00,44,c2,fa,ff,ff
2019-09-07T19:24:26.797Z,2,127250,204,255,8,ff,a1,96,ff,7f,ff,7f,fd
2019-09-07T19:24:26.797Z,2,127251,204,255,8,ff,d2,32,00,00,ff,ff,ff
2019-09-07T19:24:26.797Z,2,127257,204,255,8,ff,31,a1,e8,fe,b2,00,ff
2019-09-07T19:24:26.797Z,2,127245,204,255,8,00,ff,64,ef,81,ef,ff,ff
2019-09-07T19:24:26.797Z,2,127245,204,255,8,fc,f8,64,ef,ff,7f,ff,ff
2019-09-07T19:24:26.797Z,7,65359,204,255,8,3b,9f,ff,ff,ff,a1,96,ff
2019-09-07T19:24:26.797Z,7,65360,204,255,8,3b,9f,ff,ff,ff,f8,8c,ff
2019-09-07T19:24:26.797Z,2,127245,172,255,8,fc,f8,65,ef,5e,ef,ff,ff
2019-09-07T19:24:26.797Z,2,128259,105,255,8,00,00,00,ff,ff,00,ff,ff
2019-09-07T19:24:26.797Z,6,128275,105,255,14,ff,ff,ff,ff,ff,ff,34,60,52,00,34,60,52,00
2019-09-07T19:24:26.798Z,5,130310,105,255,8,00,09,74,ff,ff,ff,ff,ff
2019-09-07T19:24:26.798Z,7,130822,105,255,26,3b,9f,34,60,52,00,34,60,52,00,34,60,52,00,34,60,52,00,34,60,52,00,34,60,52,00
2019-09-07T19:24:26.798Z,2,129026,150,255,8,ff,fc,db,d9,c2,00,ff,ff
2019-09-07T19:24:26.798Z,2,129025,150,255,8,a0,19,42,18,00,61,e8,d3
2019-09-07T19:24:26.829Z,2,127237,172,255,21,3c,c2,1f,65,ef,ff,ff,ff,ff,ff,ff,ff,ff,ff,7f,ff,7f,ff,7f,ff,ff
2019-09-07T19:24:26.829Z,2,130306,110,255,8,00,00,00,44,c2,fa,ff,ff
2019-09-07T19:24:26.877Z,2,127250,204,255,8,ff,a2,96,ff,7f,ff,7f,fd
2019-09-07T19:24:26.877Z,2,127251,204,255,8,ff,e3,6c,00,00,ff,ff,ff
2019-09-07T19:24:26.877Z,2,127257,204,255,8,ff,32,a1,ea,fe,b2,00,ff
2019-09-07T19:24:26.877Z,2,127245,204,255,8,00,ff,64,ef,5e,ef,ff,ff
2019-09-07T19:24:26.877Z,2,127245,204,255,8,fc,f8,64,ef,ff,7f,ff,ff
2019-09-07T19:24:26.878Z,7,65359,204,255,8,3b,9f,ff,ff,ff,a2,96,ff
2019-09-07T19:24:26.878Z,7,65360,204,255,8,3b,9f,ff,ff,ff,f8,8c,ff
2019-09-07T19:24:26.878Z,0,262386,0,0,33,01,0e,00,e3,9a,03,00,00,00,00,00,02,0d,04,00,00,00,00,00,00,00,00,20,40,02,07,00,01,01,0b,00,01,01
2019-09-07T19:24:26.878Z,2,127245,172,255,8,fc,f8,65,ef,5e,ef,ff,ff
2019-09-07T19:24:26.893Z,2,129026,150,255,8,ff,fc,ed,d9,c2,00,ff,ff
2019-09-07T19:24:26.893Z,2,129025,150,255,8,a0,19,42,18,40,61,e8,d3
2019-09-07T19:24:26.925Z,2,130306,110,255,8,00,00,00,44,c2,fa,ff,ff
2019-09-07T19:24:26.975Z,2,127250,204,255,8,ff,a1,96,ff,7f,ff,7f,fd
2019-09-07T19:24:26.975Z,2,127251,204,255,8,ff,89,2c,00,00,ff,ff,ff
2019-09-07T19:24:26.975Z,2,127257,204,255,8,ff,31,a1,ea,fe,b2,00,ff
2019-09-07T19:24:26.975Z,2,127245,204,255,8,00,ff,63,ef,5e,ef,ff,ff
2019-09-07T19:24:26.975Z,2,127245,204,255,8,fc,f8,63,ef,ff,7f,ff,ff
2019-09-07T19:24:26.975Z,7,65359,204,255,8,3b,9f,ff,ff,ff,a1,96,ff
2019-09-07T19:24:26.975Z,7,65360,204,255,8,3b,9f,ff,ff,ff,f8,8c,ff
2019-09-07T19:24:26.975Z,2,127245,172,255,8,fc,f8,63,ef,5e,ef,ff,ff
2019-09-07T19:24:26.991Z,2,129026,150,255,8,ff,fc,65,da,be,00,ff,ff
2019-09-07T19:24:26.991Z,2,129025,150,255,8,80,19,42,18,80,61,e8,d3
2019-09-07T19:24:27.023Z,2,130306,110,255,8,00,00,00,44,c2,fa,ff,ff
2019-09-07T19:24:27.101Z,2,127250,204,255,8,ff,a3,96,ff,7f,ff,7f,fd
2019-09-07T19:24:27.101Z,2,127251,204,255,8,ff,c7,7f,00,00,ff,ff,ff
2019-09-07T19:24:27.101Z,2,127257,204,255,8,ff,33,a1,ec,fe,b2,00,ff
2019-09-07T19:24:27.101Z,2,127245,204,255,8,00,ff,60,ef,5e,ef,ff,ff
2019-09-07T19:24:27.101Z,2,127245,204,255,8,fc,f8,60,ef,ff,7f,ff,ff
2019-09-07T19:24:27.101Z,7,65379,204,255,8,3b,9f,40,00,00,00,02,ff
2019-09-07T19:24:27.101Z,7,126720,204,255,8,3b,9f,f0,81,9c,a1,14,e8
2019-09-07T19:24:27.101Z,7,65359,204,255,8,3b,9f,ff,ff,ff,a3,96,ff
2019-09-07T19:24:27.101Z,7,65360,204,255,8,3b,9f,ff,ff,ff,f8,8c,ff
2019-09-07T19:24:27.101Z,2,127237,172,255,21,3c,c2,1f,60,ef,ff,ff,ff,ff,ff,ff,ff,ff,ff,7f,ff,7f,ff,7f,ff,ff
2019-09-07T19:24:27.101Z,2,127245,172,255,8,fc,f8,60,ef,5e,ef,ff,ff
2019-09-07T19:24:27.101Z,2,129026,150,255,8,ff,fc,85,da,bd,00,ff,ff
2019-09-07T19:24:27.102Z,2,129025,150,255,8,a0,19,42,18,80,61,e8,d3
2019-09-07T19:24:27.102Z,3,129283,8,255,8,ff,7f,ff,ff,ff,7f,ff,ff
2019-09-07T19:24:27.102Z,7,65288,43,255,8,3b,9f,00,01,52,04,ff,ff
2019-09-07T19:24:27.117Z,7,65288,43,255,8,3b,9f,00,01,61,04,ff,ff
2019-09-07T19:24:27.133Z,2,130306,110,255,8,00,00,00,44,c2,fa,ff,ff
2019-09-07T19:24:27.180Z,2,127250,204,255,8,ff,a3,96,ff,7f,ff,7f,fd
2019-09-07T19:24:27.180Z,2,127251,204,255,8,ff,23,79,00,00,ff,ff,ff
2019-09-07T19:24:27.180Z,2,127257,204,255,8,ff,34,a1,ee,fe,b2,00,ff
2019-09-07T19:24:27.180Z,2,127245,204,255,8,00,ff,5d,ef,5e,ef,ff,ff
2019-09-07T19:24:27.180Z,2,127245,204,255,8,fc,f8,5d,ef,ff,7f,ff,ff
2019-09-07T19:24:27.180Z,7,65359,204,255,8,3b,9f,ff,ff,ff,a3,96,ff
2019-09-07T19:24:27.180Z,7,130916,204,255,7,3b,9f,ff,ff,ff,7f,ff
2019-09-07T19:24:27.180Z,7,65360,204,255,8,3b,9f,ff,ff,ff,f8,8c,ff
2019-09-07T19:24:27.180Z,7,126720,6,255,7,3b,9f,f0,81,90,00,03
2019-09-07T19:24:27.181Z,2,127245,172,255,8,fc,f8,5d,ef,81,ef,ff,ff
2019-09-07T19:24:27.196Z,2,129026,150,255,8,ff,fc,94,da,bd,00,ff,ff
2019-09-07T19:24:27.196Z,2,129025,150,255,8,e0,19,42,18,40,61,e8,d3
2019-09-07T19:24:27.228Z,2,130306,110,255,8,00,00,00,ed,c1,fa,ff,ff
2019-09-07T19:24:27.276Z,2,127250,204,255,8,ff,a3,96,ff,7f,ff,7f,fd
2019-09-07T19:24:27.276Z,2,127251,204,255,8,ff,ea,5c,00,00,ff,ff,ff
2019-09-07T19:24:27.276Z,2,127257,204,255,8,ff,34,a1,ee,fe,b1,00,ff
2019-09-07T19:24:27.276Z,2,127245,204,255,8,00,ff,5d,ef,81,ef,ff,ff
2019-09-07T19:24:27.276Z,2,127245,204,255,8,fc,f8,5d,ef,ff,7f,ff,ff
2019-09-07T19:24:27.276Z,7,65359,204,255,8,3b,9f,ff,ff,ff,a3,96,ff
2019-09-07T19:24:27.276Z,7,65360,204,255,8,3b,9f,ff,ff,ff,f8,8c,ff
2019-09-07T19:24:27.276Z,2,127245,172,255,8,fc,f8,5d,ef,5e,ef,ff,ff
2019-09-07T19:24:27.276Z,5,130310,105,255,8,00,09,74,ff,ff,ff,ff,ff
2019-09-07T19:24:27.301Z,2,129026,150,255,8,ff,fc,aa,da,bd,00,ff,ff
2019-09-07T19:24:27.301Z,2,129025,150,255,8,40,1a,42,18,80,60,e8,d3
2019-09-07T19:24:27.301Z,6,127258,8,255,8,ff,ff,ff,ff,ff,7f,ff,ff
2019-09-07T19:24:27.317Z,2,127237,172,255,21,3c,c2,1f,5d,ef,ff,ff,ff,ff,ff,ff,ff,ff,ff,7f,ff,7f,ff,7f,ff,ff
2019-09-07T19:24:27.333Z,2,130306,110,255,8,00,00,00,ed,c1,fa,ff,ff
2019-09-07T19:24:27.375Z,2,127250,204,255,8,ff,a3,96,ff,7f,ff,7f,fd
2019-09-07T19:24:27.375Z,2,127251,204,255,8,ff,c1,1b,00,00,ff,ff,ff
2019-09-07T19:24:27.375Z,2,127257,204,255,8,ff,33,a1,ef,fe,b1,00,ff
2019-09-07T19:24:27.375Z,2,127245,204,255,8,00,ff,5d,ef,5e,ef,ff,ff
2019-09-07T19:24:27.375Z,2,127245,204,255,8,fc,f8,5d,ef,ff,7f,ff,ff
2019-09-07T19:24:27.375Z,7,65359,204,255,8,3b,9f,ff,ff,ff,a3,96,ff
2019-09-07T19:24:27.375Z,7,65360,204,255,8,3b,9f,ff,ff,ff,f8,8c,ff
2019-09-07T19:24:27.376Z,2,127245,172,255,8,fc,f8,5d,ef,5e,ef,ff,ff
2019-09-07T19:24:27.391Z,2,129026,150,255,8,ff,fc,bd,da,bc,00,ff,ff
2019-09-07T19:24:27.391Z,2,129025,150,255,8,e0,19,42,18,40,61,e8,d3
2019-09-07T19:24:27.407Z,7,65384,6,255,8,3b,9f,00,00,00,00,00,00
2019-09-07T19:24:27.423Z,2,130306,110,255,8,00,00,00,ed,c1,fa,ff,ff
2019-09-07T19:24:27.475Z,2,127250,204,255,8,ff,a3,96,ff,7f,ff,7f,fd
2019-09-07T19:24:27.475Z,2,127251,204,255,8,ff,87,39,00,00,ff,ff,ff
2019-09-07T19:24:27.475Z,2,127257,204,255,8,ff,34,a1,ef,fe,af,00,ff
2019-09-07T19:24:27.475Z,2,127245,204,255,8,00,ff,5d,ef,5e,ef,ff,ff
2019-09-07T19:24:27.475Z,2,127245,204,255,8,fc,f8,5d,ef,ff,7f,ff,ff
2019-09-07T19:24:27.475Z,7,65359,204,255,8,3b,9f,ff,ff,ff,a3,96,ff
2019-09-07T19:24:27.475Z,7,65360,204,255,8,3b,9f,ff,ff,ff,f8,8c,ff
2019-09-07T19:24:27.475Z,2,127245,172,255,8,fc,f8,5d,ef,5e,ef,ff,ff
2019-09-07T19:24:27.520Z,2,129026,150,255,8,ff,fc,cb,da,bc,00,ff,ff
2019-09-07T19:24:27.520Z,3,129029,150,255,47,ff,ff,ff,ff,ff,ff,ff,00,00,00,00,e0,e6,a5,05,00,00,00,00,70,e5,bb,f5,ff,ff,ff,ff,ff,ff,ff,7f,14,fc,15,59,01,ff,7f,ff,ff,ff,7f,c4,59,00,10,00
2019-09-07T19:24:27.520Z,2,129025,150,255,8,e0,19,42,18,80,61,e8,d3
2019-09-07T19:24:27.520Z,6,129542,150,255,15,ff,d0,0e,ff,ff,ff,ff,ff,ff,ff,ff,ff,ff,ff,ff
2019-09-07T19:24:27.520Z,6,129540,150,255,87,ff,ff,07,02,c5,13,95,56,20,03,00,00,00,00,f2,05,0b,20,39,28,a4,06,00,00,00,00,f2,0d,5c,2e,44,48,34,08,00,00,00,00,f2,0f,7f,25,09,89,6c,07,00,00,00,00,f2,10,00,00,93,dd,bc,02,00,00,00,00,f1,15,16,13,aa,d2,a4,06,00,00,00,00,f2,1e,8b,09,e7,28,34,08,00,00,00,00,f2
2019-09-07T19:24:27.580Z,2,130306,110,255,8,00,00,00,96,c1,fa,ff,ff
2019-09-07T19:24:27.580Z,4,129039,43,255,27,12,04,85,e8,15,ff,ff,ff,7f,ff,ff,ff,7f,fc,ff,ff,ff,ff,06,00,26,ff,ff,00,74,01,ff
2019-09-07T19:24:27.580Z,2,127250,204,255,8,ff,a3,96,ff,7f,ff,7f,fd
2019-09-07T19:24:27.580Z,2,127251,204,255,8,ff,e8,20,00,00,ff,ff,ff
2019-09-07T19:24:27.580Z,2,127257,204,255,8,ff,33,a1,f0,fe,b1,00,ff
2019-09-07T19:24:27.580Z,2,127245,204,255,8,00,ff,5d,ef,5e,ef,ff,ff
2019-09-07T19:24:27.580Z,2,127245,204,255,8,fc,f8,5d,ef,ff,7f,ff,ff
2019-09-07T19:24:27.580Z,7,65359,204,255,8,3b,9f,ff,ff,ff,a3,96,ff
2019-09-07T19:24:27.580Z,7,126720,204,255,13,3b,9f,f0,81,84,a6,94,36,42,00,e8,02,05
2019-09-07T19:24:27.580Z,7,65360,204,255,8,3b,9f,ff,ff,ff,f8,8c,ff
2019-09-07T19:24:27.580Z,2,127237,172,255,21,3c,c2,1f,5d,ef,ff,ff,ff,ff,ff,ff,ff,ff,ff,7f,ff,7f,ff,7f,ff,ff
2019-09-07T19:24:27.580Z,2,127245,172,255,8,fc,f8,5d,ef,5e,ef,ff,ff
2019-09-07T19:24:27.596Z,2,129026,150,255,8,ff,fc,29,db,b7,00,ff,ff
2019-09-07T19:24:27.596Z,2,129025,150,255,8,80,19,42,18,c0,61,e8,d3
2019-09-07T19:24:27.628Z,2,130306,110,255,8,00,00,00,96,c1,fa,ff,ff
2019-09-07T19:24:27.676Z,2,127250,204,255,8,ff,a3,96,ff,7f,ff,7f,fd
2019-09-07T19:24:27.676Z,2,127251,204,255,8,ff,42,44,00,00,ff,ff,ff
2019-09-07T19:24:27.676Z,2,127257,204,255,8,ff,33,a1,f1,fe,b2,00,ff
2019-09-07T19:24:27.676Z,2,127245,204,255,8,00,ff,58,ef,5e,ef,ff,ff
2019-09-07T19:24:27.676Z,2,127245,204,255,8,fc,f8,58,ef,ff,7f,ff,ff
2019-09-07T19:24:27.676Z,7,65359,204,255,8,3b,9f,ff,ff,ff,a3,96,ff
2019-09-07T19:24:27.676Z,7,65360,204,255,8,3b,9f,ff,ff,ff,f8,8c,ff
2019-09-07T19:24:27.676Z,7,126720,204,255,9,3b,9f,f0,81,ae,02,01,0c,a5
2019-09-07T19:24:27.676Z,2,127245,172,255,8,fc,f8,58,ef,5e,ef,ff,ff
2019-09-07T19:24:27.692Z,2,129026,150,255,8,ff,fc,88,db,b2,00,ff,ff
2019-09-07T19:24:27.692Z,2,129025,150,255,8,80,19,42,18,00,62,e8,d3
2019-09-07T19:24:27.724Z,2,130306,110,255,8,00,00,00,3e,c1,fa,ff,ff
2019-09-07T19:24:27.798Z,2,127250,204,255,8,ff,a1,96,ff,7f,ff,7f,fd
2019-09-07T19:24:27.798Z,2,127251,204,255,8,ff,51,0e,00,00,ff,ff,ff
2019-09-07T19:24:27.798Z,2,127257,204,255,8,ff,32,a1,f4,fe,b3,00,ff
2019-09-07T19:24:27.798Z,2,127245,204,255,8,00,ff,52,ef,5e,ef,ff,ff
2019-09-07T19:24:27.798Z,2,127245,204,255,8,fc,f8,52,ef,ff,7f,ff,ff
2019-09-07T19:24:27.798Z,7,65359,204,255,8,3b,9f,ff,ff,ff,a1,96,ff
2019-09-07T19:24:27.798Z,7,65360,204,255,8,3b,9f,ff,ff,ff,f8,8c,ff
2019-09-07T19:24:27.798Z,7,126720,204,255,7,3b,9f,f0,81,90,10,05
2019-09-07T19:24:27.798Z,2,127245,172,255,8,fc,f8,52,ef,5e,ef,ff,ff
2019-09-07T19:24:27.798Z,2,128259,105,255,8,00,00,00,ff,ff,00,ff,ff
2019-09-07T19:24:27.798Z,6,128275,105,255,14,ff,ff,ff,ff,ff,ff,34,60,52,00,34,60,52,00
2019-09-07T19:24:27.798Z,5,130310,105,255,8,00,09,74,ff,ff,ff,ff,ff
2019-09-07T19:24:27.798Z,5,130312,105,255,8,00,00,00,09,74,ff,ff,ff
2019-09-07T19:24:27.798Z,7,130822,105,255,26,3b,9f,34,60,52,00,34,60,52,00,34,60,52,00,34,60,52,00,34,60,52,00,34,60,52,00
2019-09-07T19:24:27.798Z,2,129026,150,255,8,ff,fc,91,db,b1,00,ff,ff
2019-09-07T19:24:27.798Z,2,129025,150,255,8,80,19,42,18,00,62,e8,d3
2019-09-07T19:24:27.798Z,6,129044,8,255,20,57,38,34,00,00,00,00,00,00,00,00,00,00,00,00,00,57,38,34,00
2019-09-07T19:24:27.837Z,3,126208,6,204,21,00,00,ef,01,ff,ff,ff,ff,ff,ff,04,01,3b,07,03,04,04,6c,05,23,50
2019-09-07T19:24:27.837Z,7,126720,204,6,9,3b,9f,6c,23,50,80,80,80,00
2019-09-07T19:24:27.837Z,2,127237,172,255,21,3c,c2,1f,52,ef,ff,ff,ff,ff,ff,ff,ff,ff,ff,7f,ff,7f,ff,7f,ff,ff
2019-09-07T19:24:27.837Z,2,130306,110,255,8,00,00,00,3e,c1,fa,ff,ff
2019-09-07T19:24:27.896Z,2,127250,204,255,8,ff,9f,96,ff,7f,ff,7f,fd
2019-09-07T19:24:27.896Z,2,127251,204,255,8,ff,09,cf,ff,ff,ff,ff,ff
2019-09-07T19:24:27.896Z,2,127257,204,255,8,ff,2f,a1,f7,fe,b4,00,ff
2019-09-07T19:24:27.896Z,2,127245,204,255,8,00,ff,52,ef,5e,ef,ff,ff
2019-09-07T19:24:27.896Z,2,127245,204,255,8,fc,f8,52,ef,ff,7f,ff,ff
2019-09-07T19:24:27.896Z,7,65359,204,255,8,3b,9f,ff,ff,ff,9f,96,ff
2019-09-07T19:24:27.896Z,7,65360,204,255,8,3b,9f,ff,ff,ff,f8,8c,ff
2019-09-07T19:24:27.896Z,0,262386,0,0,33,01,0e,00,e3,9a,03,00,00,00,00,00,02,0d,02,00,00,00,00,00,00,00,00,21,40,02,07,00,00,00,0b,00,00,00
2019-09-07T19:24:27.896Z,2,127245,172,255,8,fc,f8,52,ef,5e,ef,ff,ff
2019-09-07T19:24:27.896Z,2,129026,150,255,8,ff,fc,94,db,b1,00,ff,ff
2019-09-07T19:24:27.896Z,2,129025,150,255,8,80,19,42,18,00,62,e8,d3
2019-09-07T19:24:27.928Z,2,130306,110,255,8,00,00,00,3e,c1,fa,ff,ff
2019-09-07T19:24:27.977Z,2,127250,204,255,8,ff,9d,96,ff,7f,ff,7f,fd
2019-09-07T19:24:27.977Z,2,127251,204,255,8,ff,e2,9d,ff,ff,ff,ff,ff
2019-09-07T19:24:27.977Z,2,127257,204,255,8,ff,2d,a1,fa,fe,b3,00,ff
2019-09-07T19:24:27.977Z,2,127245,204,255,8,00,ff,52,ef,5e,ef,ff,ff
2019-09-07T19:24:27.977Z,2,127245,204,255,8,fc,f8,52,ef,ff,7f,ff,ff
2019-09-07T19:24:27.977Z,7,65359,204,255,8,3b,9f,ff,ff,ff,9d,96,ff
2019-09-07T19:24:27.977Z,7,65360,204,255,8,3b,9f,ff,ff,ff,f8,8c,ff
2019-09-07T19:24:27.977Z,2,127245,172,255,8,fc,f8,52,ef,5e,ef,ff,ff
2019-09-07T19:24:27.993Z,2,129026,150,255,8,ff,fc,7c,db,ad,00,ff,ff
2019-09-07T19:24:27.993Z,2,129025,150,255,8,80,19,42,18,00,62,e8,d3
2019-09-07T19:24:28.025Z,2,130306,110,255,8,00,00,00,e7,c0,fa,ff,ff
2019-09-07T19:24:28.100Z,2,127250,204,255,8,ff,9d,96,ff,7f,ff,7f,fd
2019-09-07T19:24:28.100Z,2,127251,204,255,8,ff,26,b8,ff,ff,ff,ff,ff
2019-09-07T19:24:28.100Z,2,127257,204,255,8,ff,2d,a1,fb,fe,b2,00,ff
2019-09-07T19:24:28.100Z,2,127245,204,255,8,00,ff,51,ef,5e,ef,ff,ff
2019-09-07T19:24:28.100Z,2,127245,204,255,8,fc,f8,51,ef,ff,7f,ff,ff
2019-09-07T19:24:28.100Z,7,65379,204,255,8,3b,9f,40,00,00,00,02,ff
2019-09-07T19:24:28.100Z,7,65359,204,255,8,3b,9f,ff,ff,ff,9d,96,ff
2019-09-07T19:24:28.100Z,7,65360,204,255,8,3b,9f,ff,ff,ff,f8,8c,ff
2019-09-07T19:24:28.100Z,7,126720,204,255,8,3b,9f,f0,81,9c,a1,14,e8
2019-09-07T19:24:28.100Z,2,127237,172,255,21,3c,c2,1f,51,ef,ff,ff,ff,ff,ff,ff,ff,ff,ff,7f,ff,7f,ff,7f,ff,ff
2019-09-07T19:24:28.100Z,2,127245,172,255,8,fc,f8,51,ef,5e,ef,ff,ff
2019-09-07T19:24:28.100Z,2,129026,150,255,8,ff,fc,4a,db,a8,00,ff,ff
2019-09-07T19:24:28.100Z,2,129025,150,255,8,60,19,42,18,00,62,e8,d3
2019-09-07T19:24:28.100Z,7,65396,43,255,8,3b,9f,fd,21,00,fe,ff,ff
2019-09-07T19:24:28.100Z,3,129283,8,255,8,ff,7f,ff,ff,ff,7f,ff,ff
2019-09-07T19:24:28.132Z,2,130306,110,255,8,00,00,00,90,c0,fa,ff,ff
2019-09-07T19:24:28.148Z,2,127250,204,255,8,ff,9c,96,ff,7f,ff,7f,fd
2019-09-07T19:24:28.148Z,2,127251,204,255,8,ff,ee,b8,ff,ff,ff,ff,ff
2019-09-07T19:24:28.174Z,2,127257,204,255,8,ff,2c,a1,ff,fe,b2,00,ff
2019-09-07T19:24:28.174Z,2,127245,204,255,8,00,ff,4b,ef,5e,ef,ff,ff
2019-09-07T19:24:28.174Z,2,127245,204,255,8,fc,f8,4b,ef,ff,7f,ff,ff
2019-09-07T19:24:28.174Z,7,65359,204,255,8,3b,9f,ff,ff,ff,9c,96,ff
2019-09-07T19:24:28.174Z,7,130916,204,255,7,3b,9f,ff,ff,ff,7f,ff
2019-09-07T19:24:28.174Z,7,65360,204,255,8,3b,9f,ff,ff,ff,f8,8c,ff
2019-09-07T19:24:28.174Z,2,127245,172,255,8,fc,f8,4b,ef,5e,ef,ff,ff
2019-09-07T19:24:28.190Z,2,129026,150,255,8,ff,fc,f3,da,a4,00,ff,ff
2019-09-07T19:24:28.190Z,2,129025,150,255,8,60,19,42,18,80,62,e8,d3
2019-09-07T19:24:28.238Z,2,130306,110,255,8,00,00,00,39,c0,fa,ff,ff
2019-09-07T19:24:28.275Z,2,127250,204,255,8,ff,9d,96,ff,7f,ff,7f,fd
2019-09-07T19:24:28.275Z,2,127251,204,255,8,ff,9d,05,00,00,ff,ff,ff
2019-09-07T19:24:28.275Z,2,127257,204,255,8,ff,2d,a1,02,ff,b2,00,ff
2019-09-07T19:24:28.275Z,2,127245,204,255,8,00,ff,44,ef,5e,ef,ff,ff
2019-09-07T19:24:28.275Z,2,127245,204,255,8,fc,f8,44,ef,ff,7f,ff,ff
2019-09-07T19:24:28.275Z,7,65359,204,255,8,3b,9f,ff,ff,ff,9d,96,ff
2019-09-07T19:24:28.275Z,7,65360,204,255,8,3b,9f,ff,ff,ff,f8,8c,ff
2019-09-07T19:24:28.275Z,2,127245,172,255,8,fc,f8,44,ef,81,ef,ff,ff
2019-09-07T19:24:28.275Z,5,130310,105,255,8,00,09,74,ff,ff,ff,ff,ff
2019-09-07T19:24:28.304Z,2,129026,150,255,8,ff,fc,86,da,9f,00,ff,ff
2019-09-07T19:24:28.304Z,2,129025,150,255,8,40,19,42,18,80,62,e8,d3
2019-09-07T19:24:28.304Z,6,127258,8,255,8,ff,ff,ff,ff,ff,7f,ff,ff
2019-09-07T19:24:28.320Z,2,127237,172,255,21,3c,c2,1f,44,ef,ff,ff,ff,ff,ff,ff,ff,ff,ff,7f,ff,7f,ff,7f,ff,ff
2019-09-07T19:24:28.336Z,2,130306,110,255,8,00,00,00,e1,bf,fa,ff,ff
2019-09-07T19:24:28.375Z,2,127250,204,255,8,ff,9d,96,ff,7f,ff,7f,fd
2019-09-07T19:24:28.375Z,2,127251,204,255,8,ff,56,04,00,00,ff,ff,ff
2019-09-07T19:24:28.375Z,2,127257,204,255,8,ff,2d,a1,03,ff,b0,00,ff
2019-09-07T19:24:28.375Z,2,127245,204,255,8,00,ff,3f,ef,81,ef,ff,ff
2019-09-07T19:24:28.375Z,2,127245,204,255,8,fc,f8,3f,ef,ff,7f,ff,ff
2019-09-07T19:24:28.375Z,7,65359,204,255,8,3b,9f,ff,ff,ff,9d,96,ff
2019-09-07T19:24:28.375Z,7,65360,204,255,8,3b,9f,ff,ff,ff,f8,8c,ff
2019-09-07T19:24:28.375Z,2,127245,172,255,8,fc,f8,3f,ef,5e,ef,ff,ff
2019-09-07T19:24:28.391Z,2,129026,150,255,8,ff,fc,c2,d9,9b,00,ff,ff
2019-09-07T19:24:28.391Z,2,129025,150,255,8,40,19,42,18,80,62,e8,d3
2019-09-07T19:24:28.407Z,7,65384,6,255,8,3b,9f,00,00,00,00,00,00
2019-09-07T19:24:28.423Z,2,130306,110,255,8,00,00,00,33,bf,fa,ff,ff
2019-09-07T19:24:28.475Z,2,127250,204,255,8,ff,9d,96,ff,7f,ff,7f,fd
2019-09-07T19:24:28.475Z,2,127251,204,255,8,ff,05,10,00,00,ff,ff,ff
2019-09-07T19:24:28.475Z,2,127257,204,255,8,ff,2d,a1,04,ff,b1,00,ff
2019-09-07T19:24:28.475Z,2,127245,204,255,8,00,ff,3a,ef,5e,ef,ff,ff
2019-09-07T19:24:28.475Z,2,127245,204,255,8,fc,f8,3a,ef,ff,7f,ff,ff
2019-09-07T19:24:28.475Z,7,65359,204,255,8,3b,9f,ff,ff,ff,9d,96,ff
2019-09-07T19:24:28.475Z,7,65360,204,255,8,3b,9f,ff,ff,ff,f8,8c,ff
2019-09-07T19:24:28.475Z,2,127245,172,255,8,fc,f8,3a,ef,18,ef,ff,ff
2019-09-07T19:24:28.520Z,2,129026,150,255,8,ff,fc,cb,d8,97,00,ff,ff
2019-09-07T19:24:28.520Z,3,129029,150,255,47,ff,ff,ff,ff,ff,ff,ff,00,00,00,00,b8,e6,a5,05,00,00,00,00,b0,e5,bb,f5,ff,ff,ff,ff,ff,ff,ff,7f,14,fc,15,59,01,ff,7f,ff,ff,ff,7f,c4,59,00,10,00
2019-09-07T19:24:28.520Z,2,129025,150,255,8,40,19,42,18,80,62,e8,d3
2019-09-07T19:24:28.520Z,6,129542,150,255,15,ff,ce,0e,ff,ff,ff,ff,ff,ff,ff,ff,ff,ff,ff,ff
2019-09-07T19:24:28.520Z,6,129540,150,255,87,ff,ff,07,02,c5,13,95,56,20,03,00,00,00,00,f2,05,0b,20,39,28,a4,06,00,00,00,00,f2,0d,5c,2e,44,48,34,08,00,00,00,00,f2,0f,7f,25,09,89,6c,07,00,00,00,00,f2,10,00,00,93,dd,bc,02,00,00,00,00,f1,15,16,13,aa,d2,a4,06,00,00,00,00,f2,1e,8b,09,e7,28,34,08,00,00,00,00,f2
2019-09-07T19:24:28.536Z,2,130306,110,255,8,00,00,00,33,bf,fa,ff,ff
2019-09-07T19:24:28.598Z,4,129039,43,255,27,12,04,85,e8,15,ff,ff,ff,7f,ff,ff,ff,7f,fc,ff,ff,ff,ff,06,00,26,ff,ff,00,74,01,ff
2019-09-07T19:24:28.598Z,2,127250,204,255,8,ff,9d,96,ff,7f,ff,7f,fd
2019-09-07T19:24:28.598Z,2,127251,204,255,8,ff,2d,22,00,00,ff,ff,ff
2019-09-07T19:24:28.598Z,2,127257,204,255,8,ff,2d,a1,07,ff,b3,00,ff
2019-09-07T19:24:28.598Z,2,127245,204,255,8,00,ff,33,ef,18,ef,ff,ff
2019-09-07T19:24:28.598Z,2,127245,204,255,8,fc,f8,33,ef,ff,7f,ff,ff
2019-09-07T19:24:28.598Z,7,65359,204,255,8,3b,9f,ff,ff,ff,9d,96,ff
2019-09-07T19:24:28.598Z,7,126720,204,255,13,3b,9f,f0,81,84,a6,94,36,42,00,e8,02,05
2019-09-07T19:24:28.598Z,7,65360,204,255,8,3b,9f,ff,ff,ff,f8,8c,ff
2019-09-07T19:24:28.598Z,2,127237,172,255,21,3c,c2,1f,33,ef,ff,ff,ff,ff,ff,ff,ff,ff,ff,7f,ff,7f,ff,7f,ff,ff
2019-09-07T19:24:28.598Z,2,127245,172,255,8,fc,f8,33,ef,18,ef,ff,ff
2019-09-07T19:24:28.598Z,2,129026,150,255,8,ff,fc,de,d7,94,00,ff,ff
2019-09-07T19:24:28.598Z,2,129025,150,255,8,40,19,42,18,80,62,e8,d3
2019-09-07T19:24:28.630Z,2,130306,110,255,8,00,00,00,84,be,fa,ff,ff
2019-09-07T19:24:28.646Z,2,127250,204,255,8,ff,9c,96,ff,7f,ff,7f,fd
2019-09-07T19:24:28.678Z,2,127251,204,255,8,ff,b7,12,00,00,ff,ff,ff
2019-09-07T19:24:28.678Z,2,127257,204,255,8,ff,2c,a1,09,ff,b3,00,ff
2019-09-07T19:24:28.678Z,2,127245,204,255,8,00,ff,31,ef,18,ef,ff,ff
2019-09-07T19:24:28.678Z,2,127245,204,255,8,fc,f8,31,ef,ff,7f,ff,ff
2019-09-07T19:24:28.678Z,7,65359,204,255,8,3b,9f,ff,ff,ff,9c,96,ff
2019-09-07T19:24:28.678Z,7,65360,204,255,8,3b,9f,ff,ff,ff,f8,8c,ff
2019-09-07T19:24:28.678Z,7,126720,204,255,9,3b,9f,f0,81,ae,02,01,0c,a5
2019-09-07T19:24:28.678Z,2,127245,172,255,8,fc,f8,31,ef,18,ef,ff,ff
2019-09-07T19:24:28.694Z,2,129026,150,255,8,ff,fc,e6,d6,91,00,ff,ff
2019-09-07T19:24:28.694Z,2,129025,150,255,8,40,19,42,18,80,62,e8,d3
2019-09-07T19:24:28.726Z,2,130306,110,255,8,00,00,00,2d,be,fa,ff,ff
2019-09-07T19:24:28.742Z,3,126208,204,172,20,00,00,ef,01,ff,ff,ff,ff,ff,ff,04,01,3b,07,03,04,04,5c,05,0f
2019-09-07T19:24:28.742Z,7,126720,172,204,15,3b,9f,5c,0f,02,01,ff,01,06,ff,02,ff,01,06,ff
2019-09-07T19:24:28.797Z,2,127250,204,255,8,ff,9e,96,ff,7f,ff,7f,fd
2019-09-07T19:24:28.797Z,2,127251,204,255,8,ff,60,51,00,00,ff,ff,ff
2019-09-07T19:24:28.797Z,2,127257,204,255,8,ff,2e,a1,0a,ff,b4,00,ff
2019-09-07T19:24:28.797Z,2,127245,204,255,8,00,ff,2d,ef,18,ef,ff,ff
2019-09-07T19:24:28.797Z,2,127245,204,255,8,fc,f8,2d,ef,ff,7f,ff,ff
2019-09-07T19:24:28.797Z,7,65359,204,255,8,3b,9f,ff,ff,ff,9e,96,ff
2019-09-07T19:24:28.797Z,7,65360,204,255,8,3b,9f,ff,ff,ff,f8,8c,ff
2019-09-07T19:24:28.797Z,2,127245,172,255,8,fc,f8,2d,ef,18,ef,ff,ff
2019-09-07T19:24:28.797Z,2,128259,105,255,8,00,00,00,ff,ff,00,ff,ff
2019-09-07T19:24:28.797Z,6,128275,105,255,14,ff,ff,ff,ff,ff,ff,34,60,52,00,34,60,52,00
2019-09-07T19:24:28.797Z,5,130310,105,255,8,00,09,74,ff,ff,ff,ff,ff
2019-09-07T19:24:28.797Z,7,130822,105,255,26,3b,9f,34,60,52,00,34,60,52,00,34,60,52,00,34,60,52,00,34,60,52,00,34,60,52,00
2019-09-07T19:24:28.797Z,2,129026,150,255,8,ff,fc,fa,d5,8e,00,ff,ff
2019-09-07T19:24:28.797Z,2,129025,150,255,8,60,19,42,18,80,62,e8,d3
2019-09-07T19:24:28.829Z,2,127237,172,255,21,3c,c2,1f,2d,ef,ff,ff,ff,ff,ff,ff,ff,ff,ff,7f,ff,7f,ff,7f,ff,ff
2019-09-07T19:24:28.829Z,2,130306,110,255,8,00,00,00,d6,bd,fa,ff,ff
2019-09-07T19:24:28.896Z,2,127250,204,255,8,ff,a0,96,ff,7f,ff,7f,fd
2019-09-07T19:24:28.896Z,2,127251,204,255,8,ff,58,5c,00,00,ff,ff,ff
2019-09-07T19:24:28.896Z,2,127257,204,255,8,ff,2f,a1,0d,ff,b3,00,ff
2019-09-07T19:24:28.896Z,2,127245,204,255,8,00,ff,26,ef,18,ef,ff,ff
2019-09-07T19:24:28.896Z,2,127245,204,255,8,fc,f8,26,ef,ff,7f,ff,ff
2019-09-07T19:24:28.896Z,7,65359,204,255,8,3b,9f,ff,ff,ff,9f,96,ff
2019-09-07T19:24:28.896Z,7,65360,204,255,8,3b,9f,ff,ff,ff,f8,8c,ff
2019-09-07T19:24:28.896Z,0,262386,0,0,33,01,0e,00,e3,9a,03,00,00,00,00,00,02,0d,02,00,00,00,00,00,00,00,00,20,40,02,07,00,00,00,0b,00,00,00
2019-09-07T19:24:28.896Z,2,127245,172,255,8,fc,f8,26,ef,3b,ef,ff,ff
2019-09-07T19:24:28.896Z,2,129026,150,255,8,ff,fc,de,d5,8e,00,ff,ff
2019-09-07T19:24:28.896Z,2,129025,150,255,8,80,19,42,18,80,62,e8,d3
2019-09-07T19:24:28.928Z,2,130306,110,255,8,00,00,00,7f,bd,fa,ff,ff
2019-09-07T19:24:28.976Z,2,127250,204,255,8,ff,9f,96,ff,7f,ff,7f,fd
2019-09-07T19:24:28.976Z,2,127251,204,255,8,ff,0c,3c,00,00,ff,ff,ff
2019-09-07T19:24:28.976Z,2,127257,204,255,8,ff,2f,a1,0d,ff,b4,00,ff
2019-09-07T19:24:28.976Z,2,127245,204,255,8,00,ff,26,ef,3b,ef,ff,ff
2019-09-07T19:24:28.976Z,2,127245,204,255,8,fc,f8,26,ef,ff,7f,ff,ff
2019-09-07T19:24:28.976Z,7,65359,204,255,8,3b,9f,ff,ff,ff,9f,96,ff
2019-09-07T19:24:28.976Z,7,65360,204,255,8,3b,9f,ff,ff,ff,f8,8c,ff
2019-09-07T19:24:28.976Z,2,127245,172,255,8,fc,f8,26,ef,18,ef,ff,ff
2019-09-07T19:24:28.992Z,2,129026,150,255,8,ff,fc,d6,d5,8e,00,ff,ff
2019-09-07T19:24:28.992Z,2,129025,150,255,8,80,19,42,18,80,62,e8,d3
2019-09-07T19:24:29.024Z,2,130306,110,255,8,00,00,00,27,bd,fa,ff,ff
2019-09-07T19:24:29.107Z,2,127250,204,255,8,ff,9f,96,ff,7f,ff,7f,fd
2019-09-07T19:24:29.107Z,2,127251,204,255,8,ff,a1,3e,00,00,ff,ff,ff
2019-09-07T19:24:29.107Z,2,127257,204,255,8,ff,30,a1,0e,ff,b5,00,ff
2019-09-07T19:24:29.107Z,2,127245,204,255,8,00,ff,26,ef,18,ef,ff,ff
2019-09-07T19:24:29.107Z,2,127245,204,255,8,fc,f8,26,ef,ff,7f,ff,ff
2019-09-07T19:24:29.107Z,7,65379,204,255,8,3b,9f,40,00,00,00,02,ff
2019-09-07T19:24:29.107Z,7,65359,204,255,8,3b,9f,ff,ff,ff,9f,96,ff
2019-09-07T19:24:29.107Z,7,65360,204,255,8,3b,9f,ff,ff,ff,f8,8c,ff
2019-09-07T19:24:29.107Z,7,126720,204,255,8,3b,9f,f0,81,9c,a1,14,e8
2019-09-07T19:24:29.107Z,2,127237,172,255,21,3c,c2,1f,26,ef,ff,ff,ff,ff,ff,ff,ff,ff,ff,7f,ff,7f,ff,7f,ff,ff
2019-09-07T19:24:29.107Z,2,127245,172,255,8,fc,f8,26,ef,3b,ef,ff,ff
2019-09-07T19:24:29.107Z,2,129026,150,255,8,ff,fc,e4,d5,8d,00,ff,ff
2019-09-07T19:24:29.107Z,2,129025,150,255,8,a0,19,42,18,80,62,e8,d3
2019-09-07T19:24:29.107Z,3,129283,8,255,8,ff,7f,ff,ff,ff,7f,ff,ff
2019-09-07T19:24:29.123Z,2,130306,110,255,8,00,00,00,27,bd,fa,ff,ff
2019-09-07T19:24:29.180Z,2,127250,204,255,8,ff,a1,96,ff,7f,ff,7f,fd
2019-09-07T19:24:29.180Z,2,127251,204,255,8,ff,be,62,00,00,ff,ff,ff
2019-09-07T19:24:29.180Z,2,127257,204,255,8,ff,31,a1,10,ff,b6,00,ff
2019-09-07T19:24:29.180Z,2,127245,204,255,8,00,ff,26,ef,3b,ef,ff,ff
2019-09-07T19:24:29.180Z,2,127245,204,255,8,fc,f8,26,ef,ff,7f,ff,ff
2019-09-07T19:24:29.180Z,7,65359,204,255,8,3b,9f,ff,ff,ff,a1,96,ff
2019-09-07T19:24:29.180Z,7,130916,204,255,7,3b,9f,ff,ff,ff,7f,ff
2019-09-07T19:24:29.180Z,7,65360,204,255,8,3b,9f,ff,ff,ff,f8,8c,ff
2019-09-07T19:24:29.180Z,7,126720,6,255,7,3b,9f,f0,81,90,00,03
2019-09-07T19:24:29.180Z,2,127245,172,255,8,fc,f8,26,ef,18,ef,ff,ff
2019-09-07T19:24:29.208Z,2,129026,150,255,8,ff,fc,f0,d5,8d,00,ff,ff
2019-09-07T19:24:29.208Z,2,129025,150,255,8,a0,19,42,18,80,62,e8,d3
2019-09-07T19:24:29.208Z,7,130846,8,255,12,3b,9f,03,03,73,cc,0b,03,ba,0d,ff,ff
2019-09-07T19:24:29.224Z,2,130306,110,255,8,00,00,00,27,bd,fa,ff,ff
2019-09-07T19:24:29.297Z,2,127250,204,255,8,ff,9d,96,ff,7f,ff,7f,fd
2019-09-07T19:24:29.297Z,2,127251,204,255,8,ff,f0,d9,ff,ff,ff,ff,ff
2019-09-07T19:24:29.297Z,2,127257,204,255,8,ff,2d,a1,12,ff,b6,00,ff
2019-09-07T19:24:29.297Z,2,127245,204,255,8,00,ff,25,ef,18,ef,ff,ff
2019-09-07T19:24:29.297Z,2,127245,204,255,8,fc,f8,25,ef,ff,7f,ff,ff
2019-09-07T19:24:29.297Z,7,65359,204,255,8,3b,9f,ff,ff,ff,9d,96,ff
2019-09-07T19:24:29.297Z,7,65360,204,255,8,3b,9f,ff,ff,ff,f8,8c,ff
2019-09-07T19:24:29.297Z,2,127245,172,255,8,fc,f8,26,ef,3b,ef,ff,ff
2019-09-07T19:24:29.297Z,5,130310,105,255,8,00,09,74,ff,ff,ff,ff,ff
2019-09-07T19:24:29.297Z,4,129038,43,255,28,01,9e,28,ec,15,55,80,e8,d3,fe,9c,42,18,dd,e2,4b,00,00,00,00,00,21,60,00,00,00,00,ff
2019-09-07T19:24:29.297Z,2,129026,150,255,8,ff,fc,90,d6,8a,00,ff,ff
2019-09-07T19:24:29.297Z,2,129025,150,255,8,80,19,42,18,c0,62,e8,d3
2019-09-07T19:24:29.297Z,6,127258,8,255,8,ff,ff,ff,ff,ff,7f,ff,ff
2019-09-07T19:24:29.329Z,2,127237,172,255,21,3c,c2,1f,26,ef,ff,ff,ff,ff,ff,ff,ff,ff,ff,7f,ff,7f,ff,7f,ff,ff
2019-09-07T19:24:29.329Z,2,130306,110,255,8,00,00,00,d0,bc,fa,ff,ff
2019-09-07T19:24:29.377Z,2,127250,204,255,8,ff,9c,96,ff,7f,ff,7f,fd
2019-09-07T19:24:29.377Z,2,127251,204,255,8,ff,96,dc,ff,ff,ff,ff,ff
2019-09-07T19:24:29.377Z,2,127257,204,255,8,ff,2c,a1,12,ff,b4,00,ff
2019-09-07T19:24:29.377Z,2,127245,204,255,8,00,ff,25,ef,3b,ef,ff,ff
2019-09-07T19:24:29.377Z,2,127245,204,255,8,fc,f8,25,ef,ff,7f,ff,ff
2019-09-07T19:24:29.377Z,7,65359,204,255,8,3b,9f,ff,ff,ff,9c,96,ff
2019-09-07T19:24:29.377Z,7,65360,204,255,8,3b,9f,ff,ff,ff,f8,8c,ff
2019-09-07T19:24:29.377Z,2,127245,172,255,8,fc,f8,26,ef,3b,ef,ff,ff
2019-09-07T19:24:29.393Z,2,129026,150,255,8,ff,fc,9b,d7,87,00,ff,ff
2019-09-07T19:24:29.393Z,2,129025,150,255,8,a0,19,42,18,c0,62,e8,d3
2019-09-07T19:24:29.420Z,7,65384,6,255,8,3b,9f,00,00,00,00,00,00
2019-09-07T19:24:29.420Z,3,126208,6,204,21,00,00,ef,01,ff,ff,ff,ff,ff,ff,04,01,3b,07,03,04,04,6c,05,1a,50
2019-09-07T19:24:29.420Z,7,126720,204,6,13,3b,9f,6c,1a,50,ff,7f,ff,7f,ff,7f,ff,7f
2019-09-07T19:24:29.436Z,2,130306,110,255,8,00,00,00,79,bc,fa,ff,ff
2019-09-07T19:24:29.475Z,2,127250,204,255,8,ff,9b,96,ff,7f,ff,7f,fd
2019-09-07T19:24:29.475Z,2,127251,204,255,8,ff,00,d6,ff,ff,ff,ff,ff
2019-09-07T19:24:29.475Z,2,127257,204,255,8,ff,2b,a1,14,ff,b6,00,ff
2019-09-07T19:24:29.475Z,2,127245,204,255,8,00,ff,24,ef,3b,ef,ff,ff
2019-09-07T19:24:29.475Z,2,127245,204,255,8,fc,f8,24,ef,ff,7f,ff,ff
2019-09-07T19:24:29.475Z,7,65359,204,255,8,3b,9f,ff,ff,ff,9b,96,ff
2019-09-07T19:24:29.475Z,7,65360,204,255,8,3b,9f,ff,ff,ff,f8,8c,ff
2019-09-07T19:24:29.475Z,2,127245,172,255,8,fc,f8,24,ef,18,ef,ff,ff
2019-09-07T19:24:29.514Z,2,129026,150,255,8,ff,fc,ed,d8,85,00,ff,ff
2019-09-07T19:24:29.514Z,3,129029,150,255,47,ff,ff,ff,ff,ff,ff,ff,00,00,00,00,e0,e6,a5,05,00,00,00,00,c0,e5,bb,f5,ff,ff,ff,ff,ff,ff,ff,7f,14,fc,15,59,01,ff,7f,ff,ff,ff,7f,c4,59,00,10,00
2019-09-07T19:24:29.514Z,2,129025,150,255,8,e0,19,42,18,c0,62,e8,d3
2019-09-07T19:24:29.514Z,6,129542,150,255,15,ff,d8,0e,ff,ff,ff,ff,ff,ff,ff,ff,ff,ff,ff,ff
2019-09-07T19:24:29.514Z,6,129540,150,255,75,ff,ff,07,02,c5,13,95,56,84,03,00,00,00,00,f2,05,0b,20,39,28,08,07,00,00,00,00,f2,0d,5c,2e,44,48,34,08,00,00,00,00,f2,0f,7f,25,09,89,34,08,00,00,00,00,f2,15,16,13,aa,d2,a4,06,00,00,00,00,f2,1e,8b,09,8a,27,34,08,00,00,00,00,f2
2019-09-07T19:24:29.530Z,2,130306,110,255,8,00,00,00,79,bc,fa,ff,ff
2019-09-07T19:24:29.546Z,2,127250,204,255,8,ff,99,96,ff,7f,ff,7f,fd
2019-09-07T19:24:29.596Z,2,127251,204,255,8,ff,ad,ad,ff,ff,ff,ff,ff
2019-09-07T19:24:29.596Z,2,127257,204,255,8,ff,29,a1,14,ff,b4,00,ff
2019-09-07T19:24:29.596Z,2,127245,204,255,8,00,ff,24,ef,18,ef,ff,ff
2019-09-07T19:24:29.596Z,2,127245,204,255,8,fc,f8,24,ef,ff,7f,ff,ff
2019-09-07T19:24:29.596Z,7,65359,204,255,8,3b,9f,ff,ff,ff,99,96,ff
2019-09-07T19:24:29.596Z,7,126720,204,255,13,3b,9f,f0,81,84,a6,94,36,42,00,e8,02,05
2019-09-07T19:24:29.596Z,7,65360,204,255,8,3b,9f,ff,ff,ff,f8,8c,ff
2019-09-07T19:24:29.596Z,4,129039,43,255,27,12,04,85,e8,15,ff,ff,ff,7f,ff,ff,ff,7f,fc,ff,ff,ff,ff,06,00,26,ff,ff,00,74,01,ff
2019-09-07T19:24:29.596Z,2,127237,172,255,21,3c,c2,1f,24,ef,ff,ff,ff,ff,ff,ff,ff,ff,ff,7f,ff,7f,ff,7f,ff,ff
2019-09-07T19:24:29.596Z,2,127245,172,255,8,fc,f8,24,ef,18,ef,ff,ff
2019-09-07T19:24:29.596Z,2,129026,150,255,8,ff,fc,52,da,84,00,ff,ff
2019-09-07T19:24:29.596Z,2,129025,150,255,8,00,1a,42,18,c0,62,e8,d3
2019-09-07T19:24:29.628Z,2,130306,110,255,8,00,00,00,79,bc,fa,ff,ff
2019-09-07T19:24:29.676Z,2,127250,204,255,8,ff,95,96,ff,7f,ff,7f,fd
2019-09-07T19:24:29.676Z,2,127251,204,255,8,ff,d6,6e,ff,ff,ff,ff,ff
2019-09-07T19:24:29.676Z,2,127257,204,255,8,ff,25,a1,16,ff,b5,00,ff
2019-09-07T19:24:29.676Z,2,127245,204,255,8,00,ff,24,ef,18,ef,ff,ff
2019-09-07T19:24:29.676Z,2,127245,204,255,8,fc,f8,24,ef,ff,7f,ff,ff
2019-09-07T19:24:29.676Z,7,65359,204,255,8,3b,9f,ff,ff,ff,95,96,ff
2019-09-07T19:24:29.676Z,7,65360,204,255,8,3b,9f,ff,ff,ff,f8,8c,ff
2019-09-07T19:24:29.676Z,7,126720,204,255,9,3b,9f,f0,81,ae,02,01,0c,a5
2019-09-07T19:24:29.676Z,2,127245,172,255,8,fc,f8,24,ef,18,ef,ff,ff
2019-09-07T19:24:29.692Z,2,129026,150,255,8,ff,fc,95,db,83,00,ff,ff
2019-09-07T19:24:29.692Z,2,129025,150,255,8,00,1a,42,18,c0,62,e8,d3
2019-09-07T19:24:29.724Z,2,130306,110,255,8,00,00,00,22,bc,fa,ff,ff
2019-09-07T19:24:29.795Z,2,127250,204,255,8,ff,94,96,ff,7f,ff,7f,fd
2019-09-07T19:24:29.795Z,2,127251,204,255,8,ff,a0,85,ff,ff,ff,ff,ff
2019-09-07T19:24:29.795Z,2,127257,204,255,8,ff,24,a1,18,ff,b6,00,ff
2019-09-07T19:24:29.795Z,2,127245,204,255,8,00,ff,24,ef,18,ef,ff,ff
2019-09-07T19:24:29.795Z,2,127245,204,255,8,fc,f8,24,ef,ff,7f,ff,ff
2019-09-07T19:24:29.795Z,7,65359,204,255,8,3b,9f,ff,ff,ff,94,96,ff
2019-09-07T19:24:29.795Z,7,65360,204,255,8,3b,9f,ff,ff,ff,f8,8c,ff
2019-09-07T19:24:29.795Z,2,127245,172,255,8,fc,f8,24,ef,18,ef,ff,ff
2019-09-07T19:24:29.795Z,2,128259,105,255,8,00,00,00,ff,ff,00,ff,ff
2019-09-07T19:24:29.795Z,6,128275,105,255,14,ff,ff,ff,ff,ff,ff,34,60,52,00,34,60,52,00
2019-09-07T19:24:29.795Z,5,130310,105,255,8,00,09,74,ff,ff,ff,ff,ff
2019-09-07T19:24:29.795Z,5,130312,105,255,8,00,00,00,09,74,ff,ff,ff
2019-09-07T19:24:29.795Z,7,130822,105,255,26,3b,9f,34,60,52,00,34,60,52,00,34,60,52,00,34,60,52,00,34,60,52,00,34,60,52,00
2019-09-07T19:24:29.795Z,2,129026,150,255,8,ff,fc,cd,db,83,00,ff,ff
2019-09-07T19:24:29.795Z,2,129025,150,255,8,00,1a,42,18,c0,62,e8,d3
2019-09-07T19:24:29.827Z,2,127237,172,255,21,3c,c2,1f,24,ef,ff,ff,ff,ff,ff,ff,ff,ff,ff,7f,ff,7f,ff,7f,ff,ff
2019-09-07T19:24:29.827Z,2,130306,110,255,8,00,00,00,ca,bb,fa,ff,ff
2019-09-07T19:24:29.876Z,2,127250,204,255,8,ff,94,96,ff,7f,ff,7f,fd
2019-09-07T19:24:29.876Z,2,127251,204,255,8,ff,07,b2,ff,ff,ff,ff,ff
2019-09-07T19:24:29.876Z,2,127257,204,255,8,ff,24,a1,19,ff,b5,00,ff
2019-09-07T19:24:29.876Z,2,127245,204,255,8,00,ff,24,ef,18,ef,ff,ff
2019-09-07T19:24:29.876Z,2,127245,204,255,8,fc,f8,24,ef,ff,7f,ff,ff
2019-09-07T19:24:29.876Z,7,65359,204,255,8,3b,9f,ff,ff,ff,94,96,ff
2019-09-07T19:24:29.876Z,7,65360,204,255,8,3b,9f,ff,ff,ff,f8,8c,ff
2019-09-07T19:24:29.876Z,2,127245,172,255,8,fc,f8,24,ef,3b,ef,ff,ff
2019-09-07T19:24:29.876Z,0,262386,0,0,33,01,0e,00,e3,9a,03,00,00,00,00,00,02,0d,04,00,00,00,00,00,00,00,00,21,3f,02,07,00,00,00,0b,00,00,00
2019-09-07T19:24:29.892Z,2,129026,150,255,8,ff,fc,03,dc,82,00,ff,ff
2019-09-07T19:24:29.892Z,2,129025,150,255,8,00,1a,42,18,00,63,e8,d3
2019-09-07T19:24:29.924Z,2,130306,110,255,8,00,00,00,ca,bb,fa,ff,ff
2019-09-07T19:24:29.975Z,2,127250,204,255,8,ff,93,96,ff,7f,ff,7f,fd
2019-09-07T19:24:29.975Z,2,127251,204,255,8,ff,b3,da,ff,ff,ff,ff,ff
2019-09-07T19:24:29.975Z,2,127257,204,255,8,ff,23,a1,19,ff,b7,00,ff
2019-09-07T19:24:29.975Z,2,127245,204,255,8,00,ff,22,ef,3b,ef,ff,ff
2019-09-07T19:24:29.975Z,2,127245,204,255,8,fc,f8,22,ef,ff,7f,ff,ff
2019-09-07T19:24:29.975Z,7,65359,204,255,8,3b,9f,ff,ff,ff,93,96,ff
2019-09-07T19:24:29.975Z,7,65360,204,255,8,3b,9f,ff,ff,ff,f8,8c,ff
2019-09-07T19:24:29.975Z,2,127245,172,255,8,fc,f8,22,ef,18,ef,ff,ff
2019-09-07T19:24:29.991Z,2,129026,150,255,8,ff,fc,38,dc,82,00,ff,ff
2019-09-07T19:24:29.991Z,2,129025,150,255,8,00,1a,42,18,00,63,e8,d3
2019-09-07T19:24:30.023Z,2,130306,110,255,8,00,00,00,73,bb,fa,ff,ff
2019-09-07T19:24:30.110Z,2,127250,204,255,8,ff,92,96,ff,7f,ff,7f,fd
2019-09-07T19:24:30.110Z,2,127251,204,255,8,ff,2b,e0,ff,ff,ff,ff,ff
2019-09-07T19:24:30.110Z,2,127257,204,255,8,ff,23,a1,1b,ff,b7,00,ff
2019-09-07T19:24:30.110Z,2,127245,204,255,8,00,ff,21,ef,18,ef,ff,ff
2019-09-07T19:24:30.110Z,2,127245,204,255,8,fc,f8,21,ef,ff,7f,ff,ff
2019-09-07T19:24:30.110Z,7,65379,204,255,8,3b,9f,40,00,00,00,02,ff
2019-09-07T19:24:30.110Z,7,65359,204,255,8,3b,9f,ff,ff,ff,92,96,ff
2019-09-07T19:24:30.110Z,7,65360,204,255,8,3b,9f,ff,ff,ff,f8,8c,ff
2019-09-07T19:24:30.110Z,7,126720,204,255,8,3b,9f,f0,81,9c,a1,14,e8
2019-09-07T19:24:30.110Z,2,127237,172,255,21,3c,c2,1f,22,ef,ff,ff,ff,ff,ff,ff,ff,ff,ff,7f,ff,7f,ff,7f,ff,ff
2019-09-07T19:24:30.110Z,2,127245,172,255,8,fc,f8,22,ef,18,ef,ff,ff
2019-09-07T19:24:30.110Z,2,129026,150,255,8,ff,fc,5e,dc,82,00,ff,ff
2019-09-07T19:24:30.110Z,2,129025,150,255,8,e0,19,42,18,40,63,e8,d3
2019-09-07T19:24:30.110Z,3,129283,8,255,8,ff,7f,ff,ff,ff,7f,ff,ff
2019-09-07T19:24:30.126Z,2,130306,110,255,8,00,00,00,1c,bb,fa,ff,ff
2019-09-07T19:24:30.175Z,2,127250,204,255,8,ff,93,96,ff,7f,ff,7f,fd
2019-09-07T19:24:30.175Z,2,127251,204,255,8,ff,57,18,00,00,ff,ff,ff
2019-09-07T19:24:30.175Z,2,127257,204,255,8,ff,23,a1,1c,ff,b8,00,ff
2019-09-07T19:24:30.175Z,2,127245,204,255,8,00,ff,20,ef,18,ef,ff,ff
2019-09-07T19:24:30.175Z,2,127245,204,255,8,fc,f8,20,ef,ff,7f,ff,ff
2019-09-07T19:24:30.175Z,7,65359,204,255,8,3b,9f,ff,ff,ff,93,96,ff
2019-09-07T19:24:30.175Z,7,130916,204,255,7,3b,9f,ff,ff,ff,7f,ff
2019-09-07T19:24:30.175Z,7,65360,204,255,8,3b,9f,ff,ff,ff,f8,8c,ff
2019-09-07T19:24:30.175Z,2,127245,172,255,8,fc,f8,20,ef,18,ef,ff,ff
2019-09-07T19:24:30.191Z,2,129026,150,255,8,ff,fc,79,dc,81,00,ff,ff
2019-09-07T19:24:30.191Z,2,129025,150,255,8,80,19,42,18,80,63,e8,d3
2019-09-07T19:24:30.223Z,2,130306,110,255,8,00,00,00,1c,bb,fa,ff,ff
2019-09-07T19:24:30.275Z,2,127250,204,255,8,ff,90,96,ff,7f,ff,7f,fd
2019-09-07T19:24:30.275Z,2,127251,204,255,8,ff,e2,d8,ff,ff,ff,ff,ff
2019-09-07T19:24:30.275Z,2,127257,204,255,8,ff,20,a1,1d,ff,ba,00,ff
2019-09-07T19:24:30.275Z,2,127245,204,255,8,00,ff,1f,ef,18,ef,ff,ff
2019-09-07T19:24:30.275Z,2,127245,204,255,8,fc,f8,1f,ef,ff,7f,ff,ff
2019-09-07T19:24:30.275Z,7,65359,204,255,8,3b,9f,ff,ff,ff,90,96,ff
2019-09-07T19:24:30.275Z,7,65360,204,255,8,3b,9f,ff,ff,ff,f8,8c,ff
2019-09-07T19:24:30.275Z,2,127245,172,255,8,fc,f8,20,ef,18,ef,ff,ff
2019-09-07T19:24:30.275Z,5,130310,105,255,8,00,09,74,ff,ff,ff,ff,ff
2019-09-07T19:24:30.291Z,2,129026,150,255,8,ff,fc,2f,dd,7d,00,ff,ff
2019-09-07T19:24:30.291Z,2,129025,150,255,8,80,19,42,18,00,64,e8,d3
2019-09-07T19:24:30.307Z,6,129540,8,255,15,b4,ff,01,17,00,00,00,00,00,00,00,00,00,00,f0
2019-09-07T19:24:30.307Z,6,127258,8,255,8,ff,ff,ff,ff,ff,7f,ff,ff
2019-09-07T19:24:30.338Z,2,127237,172,255,21,3c,c2,1f,20,ef,ff,ff,ff,ff,ff,ff,ff,ff,ff,7f,ff,7f,ff,7f,ff,ff
2019-09-07T19:24:30.338Z,2,130306,110,255,8,00,00,00,c5,ba,fa,ff,ff
2019-09-07T19:24:30.375Z,2,127250,204,255,8,ff,91,96,ff,7f,ff,7f,fd
2019-09-07T19:24:30.375Z,2,127251,204,255,8,ff,1a,0d,00,00,ff,ff,ff
2019-09-07T19:24:30.375Z,2,127257,204,255,8,ff,21,a1,1d,ff,b9,00,ff
2019-09-07T19:24:30.375Z,2,127245,204,255,8,00,ff,1b,ef,18,ef,ff,ff
2019-09-07T19:24:30.375Z,2,127245,204,255,8,fc,f8,1b,ef,ff,7f,ff,ff
2019-09-07T19:24:30.375Z,7,65359,204,255,8,3b,9f,ff,ff,ff,91,96,ff
2019-09-07T19:24:30.375Z,7,65360,204,255,8,3b,9f,ff,ff,ff,f8,8c,ff
2019-09-07T19:24:30.375Z,2,127245,172,255,8,fc,f8,1c,ef,3b,ef,ff,ff
2019-09-07T19:24:30.391Z,2,129026,150,255,8,ff,fc,0e,de,79,00,ff,ff
2019-09-07T19:24:30.391Z,2,129025,150,255,8,80,19,42,18,00,64,e8,d3
2019-09-07T19:24:30.407Z,7,65384,6,255,8,3b,9f,00,00,00,00,00,00
2019-09-07T19:24:30.423Z,2,130306,110,255,8,00,00,00,6d,ba,fa,ff,ff
2019-09-07T19:24:30.475Z,2,127250,204,255,8,ff,90,96,ff,7f,ff,7f,fd
2019-09-07T19:24:30.475Z,2,127251,204,255,8,ff,e7,f9,ff,ff,ff,ff,ff
2019-09-07T19:24:30.475Z,2,127257,204,255,8,ff,20,a1,1f,ff,b8,00,ff
2019-09-07T19:24:30.475Z,2,127245,204,255,8,00,ff,15,ef,3b,ef,ff,ff
2019-09-07T19:24:30.475Z,2,127245,204,255,8,fc,f8,15,ef,ff,7f,ff,ff
2019-09-07T19:24:30.475Z,7,65359,204,255,8,3b,9f,ff,ff,ff,90,96,ff
2019-09-07T19:24:30.475Z,7,65360,204,255,8,3b,9f,ff,ff,ff,f8,8c,ff
2019-09-07T19:24:30.475Z,2,127245,172,255,8,fc,f8,15,ef,3b,ef,ff,ff
2019-09-07T19:24:30.514Z,2,129026,150,255,8,ff,fc,01,df,76,00,ff,ff
2019-09-07T19:24:30.514Z,3,129029,150,255,47,ff,ff,ff,ff,ff,ff,ff,00,00,00,00,c0,e6,a5,05,00,00,00,00,10,e6,bb,f5,ff,ff,ff,ff,ff,ff,ff,7f,14,fc,15,59,01,ff,7f,ff,ff,ff,7f,c4,59,00,10,00
2019-09-07T19:24:30.514Z,2,129025,150,255,8,60,19,42,18,40,64,e8,d3
2019-09-07T19:24:30.514Z,6,129542,150,255,15,ff,8f,0e,ff,ff,ff,ff,ff,ff,ff,ff,ff,ff,ff,ff
2019-09-07T19:24:30.514Z,6,129540,150,255,75,ff,ff,07,02,c5,13,95,56,84,03,00,00,00,00,f2,05,0b,20,39,28,08,07,00,00,00,00,f2,0d,5c,2e,44,48,34,08,00,00,00,00,f2,0f,7f,25,09,89,34,08,00,00,00,00,f2,15,16,13,aa,d2,a4,06,00,00,00,00,f2,1e,8b,09,8a,27,34,08,00,00,00,00,f2
2019-09-07T19:24:30.530Z,2,130306,110,255,8,00,00,00,16,ba,fa,ff,ff
2019-09-07T19:24:30.546Z,2,127250,204,255,8,ff,90,96,ff,7f,ff,7f,fd
2019-09-07T19:24:30.596Z,2,127251,204,255,8,ff,ae,01,00,00,ff,ff,ff
2019-09-07T19:24:30.596Z,2,127257,204,255,8,ff,20,a1,1f,ff,b7,00,ff
2019-09-07T19:24:30.596Z,2,127245,204,255,8,00,ff,13,ef,3b,ef,ff,ff
2019-09-07T19:24:30.596Z,2,127245,204,255,8,fc,f8,13,ef,ff,7f,ff,ff
2019-09-07T19:24:30.596Z,7,65359,204,255,8,3b,9f,ff,ff,ff,90,96,ff
2019-09-07T19:24:30.596Z,7,65360,204,255,8,3b,9f,ff,ff,ff,f8,8c,ff
2019-09-07T19:24:30.596Z,7,126720,204,255,13,3b,9f,f0,81,84,a6,94,36,42,00,e8,02,05
2019-09-07T19:24:30.596Z,2,127237,172,255,21,3c,c2,1f,14,ef,ff,ff,ff,ff,ff,ff,ff,ff,ff,7f,ff,7f,ff,7f,ff,ff
2019-09-07T19:24:30.596Z,2,127245,172,255,8,fc,f8,14,ef,18,ef,ff,ff
2019-09-07T19:24:30.596Z,4,129039,43,255,27,12,04,85,e8,15,ff,ff,ff,7f,ff,ff,ff,7f,fc,ff,ff,ff,ff,06,00,26,ff,ff,00,74,01,ff
2019-09-07T19:24:30.596Z,2,129026,150,255,8,ff,fc,1b,e0,72,00,ff,ff
2019-09-07T19:24:30.596Z,2,129025,150,255,8,40,19,42,18,80,64,e8,d3
2019-09-07T19:24:30.628Z,2,130306,110,255,8,00,00,00,16,ba,fa,ff,ff
2019-09-07T19:24:30.676Z,2,127250,204,255,8,ff,8e,96,ff,7f,ff,7f,fd
2019-09-07T19:24:30.676Z,2,127251,204,255,8,ff,76,cb,ff,ff,ff,ff,ff
2019-09-07T19:24:30.676Z,2,127257,204,255,8,ff,1e,a1,1f,ff,b6,00,ff
2019-09-07T19:24:30.676Z,2,127245,204,255,8,00,ff,10,ef,18,ef,ff,ff
2019-09-07T19:24:30.676Z,2,127245,204,255,8,fc,f8,10,ef,ff,7f,ff,ff
2019-09-07T19:24:30.676Z,7,65359,204,255,8,3b,9f,ff,ff,ff,8e,96,ff
2019-09-07T19:24:30.676Z,7,65360,204,255,8,3b,9f,ff,ff,ff,f8,8c,ff
2019-09-07T19:24:30.676Z,7,126720,204,255,9,3b,9f,f0,81,ae,02,01,0c,a5
2019-09-07T19:24:30.676Z,2,127245,172,255,8,fc,f8,10,ef,18,ef,ff,ff
2019-09-07T19:24:30.692Z,2,129026,150,255,8,ff,fc,65,e1,6e,00,ff,ff
2019-09-07T19:24:30.692Z,2,129025,150,255,8,20,19,42,18,c0,64,e8,d3
2019-09-07T19:24:30.724Z,2,130306,110,255,8,00,00,00,16,ba,fa,ff,ff
