2019-09-07T19:27:29.997Z,0,262161,0,0,13,01,0e,00,e3,9a,03,00,00,00,00,00,02,00
2019-09-07T19:27:29.997Z,0,262384,0,0,14,01,0e,00,e3,9a,03,00,00,00,00,00,a2,08,08
2019-09-07T19:27:29.997Z,2,127237,172,255,21,3c,c2,1f,26,ef,ff,ff,ff,ff,ff,ff,ff,ff,ff,7f,ff,7f,ff,7f,ff,ff
2019-09-07T19:27:29.997Z,2,127245,172,255,8,fc,f8,26,ef,18,ef,ff,ff
2019-09-07T19:27:29.997Z,2,130306,110,255,8,00,00,00,7f,bd,fa,ff,ff
2019-09-07T19:27:29.997Z,7,126720,204,255,8,3b,9f,f0,81,9c,61,14,e8
2019-09-07T19:27:29.997Z,2,127250,204,255,8,ff,73,96,ff,7f,ff,7f,fd
2019-09-07T19:27:29.997Z,2,127251,204,255,8,ff,20,35,00,00,ff,ff,ff
2019-09-07T19:27:29.997Z,2,127257,204,255,8,ff,03,a1,fc,fe,99,00,ff
2019-09-07T19:27:29.997Z,2,127245,204,255,8,00,ff,26,ef,18,ef,ff,ff
2019-09-07T19:27:29.997Z,2,127245,204,255,8,fc,f8,26,ef,ff,7f,ff,ff
2019-09-07T19:27:29.997Z,7,65379,204,255,8,3b,9f,40,00,00,00,02,ff
2019-09-07T19:27:29.997Z,7,65359,204,255,8,3b,9f,ff,ff,ff,73,96,ff
2019-09-07T19:27:29.997Z,7,65360,204,255,8,3b,9f,ff,ff,ff,f8,8c,ff
2019-09-07T19:27:29.997Z,2,129026,150,255,8,ff,fc,43,5e,99,00,ff,ff
2019-09-07T19:27:29.997Z,2,129025,150,255,8,40,05,42,18,c0,81,e8,d3
2019-09-07T19:27:29.997Z,7,65396,43,255,8,3b,9f,fd,21,00,fe,ff,ff
2019-09-07T19:27:29.997Z,2,127245,172,255,8,fc,f8,26,ef,18,ef,ff,ff
2019-09-07T19:27:29.998Z,2,130306,110,255,8,00,00,00,2d,be,fa,ff,ff
2019-09-07T19:27:29.998Z,2,127250,204,255,8,ff,74,96,ff,7f,ff,7f,fd
2019-09-07T19:27:29.998Z,2,127251,204,255,8,ff,65,48,00,00,ff,ff,ff
2019-09-07T19:27:29.998Z,2,127257,204,255,8,ff,04,a1,fd,fe,97,00,ff
2019-09-07T19:27:29.998Z,2,127245,204,255,8,00,ff,26,ef,18,ef,ff,ff
2019-09-07T19:27:29.998Z,2,127245,204,255,8,fc,f8,26,ef,ff,7f,ff,ff
2019-09-07T19:27:29.998Z,7,65359,204,255,8,3b,9f,ff,ff,ff,74,96,ff
2019-09-07T19:27:29.998Z,7,130916,204,255,7,3b,9f,ff,ff,ff,7f,ff
2019-09-07T19:27:29.998Z,7,65360,204,255,8,3b,9f,ff,ff,ff,f8,8c,ff
2019-09-07T19:27:29.998Z,2,129026,150,255,8,ff,fc,3a,5e,99,00,ff,ff
2019-09-07T19:27:29.998Z,2,129025,150,255,8,20,05,42,18,c0,81,e8,d3
2019-09-07T19:27:29.998Z,2,127245,172,255,8,fc,f8,26,ef,f5,ee,ff,ff
2019-09-07T19:27:29.998Z,6,129044,8,255,20,57,38,34,00,00,00,00,00,00,00,00,00,00,00,00,00,57,38,34,00
2019-09-07T19:27:29.998Z,2,130306,110,255,8,00,00,00,84,be,fa,ff,ff
2019-09-07T19:27:29.998Z,2,127250,204,255,8,ff,74,96,ff,7f,ff,7f,fd
2019-09-07T19:27:29.998Z,2,127251,204,255,8,ff,2b,4c,00,00,ff,ff,ff
2019-09-07T19:27:29.998Z,2,127257,204,255,8,ff,04,a1,fe,fe,97,00,ff
2019-09-07T19:27:29.998Z,2,127245,204,255,8,00,ff,26,ef,f5,ee,ff,ff
2019-09-07T19:27:29.998Z,2,127245,204,255,8,fc,f8,26,ef,ff,7f,ff,ff
2019-09-07T19:27:29.998Z,7,65359,204,255,8,3b,9f,ff,ff,ff,75,96,ff
2019-09-07T19:27:29.998Z,7,65360,204,255,8,3b,9f,ff,ff,ff,f8,8c,ff
2019-09-07T19:27:29.998Z,5,130310,105,255,8,00,09,74,ff,ff,ff,ff,ff
2019-09-07T19:27:29.998Z,2,129026,150,255,8,ff,fc,30,5e,9a,00,ff,ff
2019-09-07T19:27:29.998Z,2,129025,150,255,8,00,05,42,18,00,82,e8,d3
2019-09-07T19:27:29.998Z,2,127237,172,255,21,3c,c2,1f,26,ef,ff,ff,ff,ff,ff,ff,ff,ff,ff,7f,ff,7f,ff,7f,ff,ff
2019-09-07T19:27:29.998Z,2,127245,172,255,8,fc,f8,26,ef,18,ef,ff,ff
2019-09-07T19:27:29.998Z,2,130306,110,255,8,00,00,00,33,bf,fa,ff,ff
2019-09-07T19:27:29.998Z,2,127250,204,255,8,ff,74,96,ff,7f,ff,7f,fd
2019-09-07T19:27:29.998Z,2,127251,204,255,8,ff,c9,27,00,00,ff,ff,ff
2019-09-07T19:27:29.998Z,2,127257,204,255,8,ff,04,a1,fd,fe,97,00,ff
2019-09-07T19:27:29.999Z,2,127245,204,255,8,00,ff,26,ef,18,ef,ff,ff
2019-09-07T19:27:29.999Z,2,127245,204,255,8,fc,f8,26,ef,ff,7f,ff,ff
2019-09-07T19:27:29.999Z,7,65359,204,255,8,3b,9f,ff,ff,ff,74,96,ff
2019-09-07T19:27:29.999Z,7,65360,204,255,8,3b,9f,ff,ff,ff,f8,8c,ff
2019-09-07T19:27:29.999Z,2,129026,150,255,8,ff,fc,21,5e,9a,00,ff,ff
2019-09-07T19:27:29.999Z,2,129025,150,255,8,a0,04,42,18,00,82,e8,d3
2019-09-07T19:27:29.999Z,7,65384,6,255,8,3b,9f,00,00,00,00,00,00
2019-09-07T19:27:29.999Z,2,127245,172,255,8,fc,f8,26,ef,18,ef,ff,ff
2019-09-07T19:27:29.999Z,2,130306,110,255,8,00,00,00,e1,bf,fa,ff,ff
2019-09-07T19:27:29.999Z,2,127250,204,255,8,ff,75,96,ff,7f,ff,7f,fd
2019-09-07T19:27:29.999Z,2,127251,204,255,8,ff,29,30,00,00,ff,ff,ff
2019-09-07T19:27:29.999Z,2,127257,204,255,8,ff,05,a1,fd,fe,96,00,ff
2019-09-07T19:27:29.999Z,2,127245,204,255,8,00,ff,26,ef,18,ef,ff,ff
2019-09-07T19:27:29.999Z,2,127245,204,255,8,fc,f8,26,ef,ff,7f,ff,ff
2019-09-07T19:27:29.999Z,7,65359,204,255,8,3b,9f,ff,ff,ff,75,96,ff
2019-09-07T19:27:29.999Z,7,65360,204,255,8,3b,9f,ff,ff,ff,f8,8c,ff
2019-09-07T19:27:29.999Z,2,129026,150,255,8,ff,fc,0d,5e,9a,00,ff,ff
2019-09-07T19:27:29.999Z,3,129029,150,255,47,ff,ff,ff,ff,ff,ff,ff,00,00,00,00,e8,e1,a5,05,00,00,00,00,10,ed,bb,f5,ff,ff,ff,ff,ff,ff,ff,7f,14,fc,15,6c,01,ff,7f,ff,ff,ff,7f,c4,59,00,10,00
2019-09-07T19:27:29.999Z,2,129025,150,255,8,80,04,42,18,40,82,e8,d3
2019-09-07T19:27:29.999Z,6,129542,150,255,15,ff,41,0e,ff,ff,ff,ff,ff,ff,ff,ff,ff,ff,ff,ff
2019-09-07T19:27:29.999Z,6,129540,150,255,75,ff,ff,07,02,16,13,44,57,e8,03,00,00,00,00,f2,05,5c,1f,e7,28,a4,06,00,00,00,00,f2,0d,5c,2e,8a,45,c4,09,00,00,00,00,f2,0f,dc,26,09,89,6c,07,00,00,00,00,f2,1d,c5,22,94,a1,60,09,00,00,00,00,f2,1e,8b,09,dc,26,a4,06,00,00,00,00,f2
2019-09-07T19:27:29.999Z,2,127237,172,255,21,3c,c2,1f,26,ef,ff,ff,ff,ff,ff,ff,ff,ff,ff,7f,ff,7f,ff,7f,ff,ff
2019-09-07T19:27:29.999Z,2,127245,172,255,8,fc,f8,26,ef,18,ef,ff,ff
2019-09-07T19:27:29.999Z,3,129283,8,255,8,ff,7f,ff,ff,ff,7f,ff,ff
2019-09-07T19:27:29.999Z,2,130306,110,255,8,00,00,00,39,c0,fa,ff,ff
2019-09-07T19:27:29.999Z,2,127250,204,255,8,ff,74,96,ff,7f,ff,7f,fd
2019-09-07T19:27:29.999Z,2,127251,204,255,8,ff,2e,12,00,00,ff,ff,ff
2019-09-07T19:27:29.999Z,2,127257,204,255,8,ff,05,a1,fd,fe,96,00,ff
2019-09-07T19:27:29.999Z,7,126720,204,255,13,3b,9f,f0,81,84,66,94,36,42,00,e8,02,05
2019-09-07T19:27:29.999Z,2,127245,204,255,8,00,ff,26,ef,18,ef,ff,ff
2019-09-07T19:27:29.999Z,2,127245,204,255,8,fc,f8,26,ef,ff,7f,ff,ff
2019-09-07T19:27:29.999Z,7,65359,204,255,8,3b,9f,ff,ff,ff,75,96,ff
2019-09-07T19:27:29.999Z,7,65360,204,255,8,3b,9f,ff,ff,ff,f8,8c,ff
2019-09-07T19:27:29.999Z,7,65361,8,255,8,3b,9f,61,03,ff,ff,ff,ff
2019-09-07T19:27:29.999Z,6,59904,172,8,3,00,ee,00
2019-09-07T19:27:30.000Z,6,60928,8,255,8,1a,da,65,e7,74,82,f0,c0
2019-09-07T19:27:30.000Z,2,129026,150,255,8,ff,fc,ec,5d,9a,00,ff,ff
2019-09-07T19:27:30.000Z,2,129025,150,255,8,60,04,42,18,80,82,e8,d3
2019-09-07T19:27:30.000Z,3,126208,6,204,21,00,00,ef,01,ff,ff,ff,ff,ff,ff,04,01,3b,07,03,04,04,6c,05,1a,50
2019-09-07T19:27:30.000Z,7,126720,204,6,13,3b,9f,6c,1a,50,ff,7f,ff,7f,ff,7f,ff,7f
2019-09-07T19:27:30.000Z,2,127245,172,255,8,fc,f8,26,ef,f5,ee,ff,ff
2019-09-07T19:27:30.000Z,2,130306,110,255,8,00,00,00,e7,c0,fa,ff,ff
2019-09-07T19:27:30.000Z,2,127250,204,255,8,ff,75,96,ff,7f,ff,7f,fd
2019-09-07T19:27:30.000Z,7,126720,204,255,9,3b,9f,f0,81,ae,02,01,0c,a5
2019-09-07T19:27:30.000Z,2,127251,204,255,8,ff,52,1c,00,00,ff,ff,ff
2019-09-07T19:27:30.000Z,2,127257,204,255,8,ff,05,a1,ff,fe,94,00,ff
2019-09-07T19:27:30.000Z,2,127245,204,255,8,00,ff,26,ef,f5,ee,ff,ff
2019-09-07T19:27:30.000Z,2,127245,204,255,8,fc,f8,26,ef,ff,7f,ff,ff
2019-09-07T19:27:30.000Z,7,65359,204,255,8,3b,9f,ff,ff,ff,75,96,ff
2019-09-07T19:27:30.000Z,7,65360,204,255,8,3b,9f,ff,ff,ff,f8,8c,ff
2019-09-07T19:27:30.000Z,2,129026,150,255,8,ff,fc,ca,5d,9a,00,ff,ff
2019-09-07T19:27:30.000Z,2,129025,150,255,8,00,04,42,18,00,83,e8,d3
2019-09-07T19:27:30.000Z,2,127245,172,255,8,fc,f8,26,ef,f5,ee,ff,ff
2019-09-07T19:27:30.000Z,6,127258,8,255,8,ff,ff,ff,ff,ff,7f,ff,ff
2019-09-07T19:27:30.000Z,2,130306,110,255,8,00,00,00,3e,c1,fa,ff,ff
2019-09-07T19:27:30.000Z,2,127250,204,255,8,ff,75,96,ff,7f,ff,7f,fd
2019-09-07T19:27:30.000Z,2,127251,204,255,8,ff,66,f5,ff,ff,ff,ff,ff
2019-09-07T19:27:30.000Z,2,127257,204,255,8,ff,05,a1,ff,fe,95,00,ff
2019-09-07T19:27:30.000Z,2,127245,204,255,8,00,ff,26,ef,f5,ee,ff,ff
2019-09-07T19:27:30.000Z,2,127245,204,255,8,fc,f8,26,ef,ff,7f,ff,ff
2019-09-07T19:27:30.000Z,7,65359,204,255,8,3b,9f,ff,ff,ff,74,96,ff
2019-09-07T19:27:30.000Z,7,65360,204,255,8,3b,9f,ff,ff,ff,f8,8c,ff
2019-09-07T19:27:30.000Z,2,128259,105,255,8,00,00,00,ff,ff,00,ff,ff
2019-09-07T19:27:30.000Z,6,128275,105,255,14,ff,ff,ff,ff,ff,ff,34,60,52,00,34,60,52,00
2019-09-07T19:27:30.000Z,5,130310,105,255,8,00,09,74,ff,ff,ff,ff,ff
2019-09-07T19:27:30.000Z,7,130822,105,255,26,3b,9f,34,60,52,00,34,60,52,00,34,60,52,00,34,60,52,00,34,60,52,00,34,60,52,00
2019-09-07T19:27:30.000Z,2,129026,150,255,8,ff,fc,a8,5d,9a,00,ff,ff
2019-09-07T19:27:30.000Z,2,129025,150,255,8,e0,03,42,18,00,83,e8,d3
2019-09-07T19:27:30.000Z,2,127237,172,255,21,3c,c2,1f,26,ef,ff,ff,ff,ff,ff,ff,ff,ff,ff,7f,ff,7f,ff,7f,ff,ff
2019-09-07T19:27:30.000Z,2,127245,172,255,8,fc,f8,26,ef,f5,ee,ff,ff
2019-09-07T19:27:30.000Z,6,59904,172,8,3,14,f0,01
2019-09-07T19:27:30.000Z,2,130306,110,255,8,00,00,00,ed,c1,fa,ff,ff
2019-09-07T19:27:30.000Z,6,126996,8,255,134,34,08,67,08,45,37,30,33,37,33,ff,ff,ff,ff,ff,ff,ff,ff,ff,ff,ff,ff,ff,ff,ff,ff,ff,ff,ff,ff,ff,ff,ff,ff,ff,ff,33,2e,33,2e,37,38,35,ff,ff,ff,ff,ff,ff,ff,ff,ff,ff,ff,ff,ff,ff,ff,ff,ff,ff,ff,ff,ff,ff,ff,ff,ff,52,61,79,6d,61,72,69,6e,65,20,41,58,49,4f,4d,20,50,52,4f,20,31,36,20,52,56,58,ff,ff,ff,ff,ff,ff,30,33,38,33,35,31,34,ff,ff,ff,ff,ff,ff,ff,ff,ff,ff,ff,ff,ff,ff,ff,ff,ff,ff,ff,ff,ff,ff,ff,ff,ff,02,01
2019-09-07T19:27:30.000Z,2,127250,204,255,8,ff,73,96,ff,7f,ff,7f,fd
2019-09-07T19:27:30.000Z,2,127251,204,255,8,ff,16,a4,ff,ff,ff,ff,ff
2019-09-07T19:27:30.000Z,2,127257,204,255,8,ff,03,a1,ff,fe,92,00,ff
2019-09-07T19:27:30.000Z,2,127245,204,255,8,00,ff,27,ef,f5,ee,ff,ff
2019-09-07T19:27:30.000Z,2,127245,204,255,8,fc,f8,27,ef,ff,7f,ff,ff
2019-09-07T19:27:30.000Z,7,65359,204,255,8,3b,9f,ff,ff,ff,73,96,ff
2019-09-07T19:27:30.000Z,7,65360,204,255,8,3b,9f,ff,ff,ff,f8,8c,ff
2019-09-07T19:27:30.000Z,0,262386,0,0,33,01,0e,00,e3,9a,03,00,00,00,00,00,02,0d,02,00,00,00,00,00,00,00,00,1f,61,02,07,00,00,00,0b,00,00,00
2019-09-07T19:27:30.000Z,2,129026,150,255,8,ff,fc,7c,5d,9b,00,ff,ff
2019-09-07T19:27:30.000Z,2,129025,150,255,8,c0,03,42,18,40,83,e8,d3
2019-09-07T19:27:30.000Z,4,129039,43,255,27,12,04,85,e8,15,ff,ff,ff,7f,ff,ff,ff,7f,fc,ff,ff,ff,ff,06,00,26,ff,ff,00,74,01,ff
2019-09-07T19:27:30.000Z,2,127245,172,255,8,fc,f8,27,ef,f5,ee,ff,ff
2019-09-07T19:27:30.000Z,2,130306,110,255,8,00,00,00,44,c2,fa,ff,ff
2019-09-07T19:27:30.000Z,2,127250,204,255,8,ff,72,96,ff,7f,ff,7f,fd
2019-09-07T19:27:30.000Z,2,127251,204,255,8,ff,37,83,ff,ff,ff,ff,ff
2019-09-07T19:27:30.000Z,2,127257,204,255,8,ff,03,a1,fe,fe,91,00,ff
2019-09-07T19:27:30.000Z,2,127245,204,255,8,00,ff,29,ef,f5,ee,ff,ff
2019-09-07T19:27:30.000Z,2,127245,204,255,8,fc,f8,29,ef,ff,7f,ff,ff
2019-09-07T19:27:30.000Z,7,65359,204,255,8,3b,9f,ff,ff,ff,73,96,ff
2019-09-07T19:27:30.000Z,7,65360,204,255,8,3b,9f,ff,ff,ff,f8,8c,ff
2019-09-07T19:27:30.000Z,2,129026,150,255,8,ff,fc,5e,5d,9b,00,ff,ff
2019-09-07T19:27:30.000Z,2,129025,150,255,8,c0,03,42,18,00,83,e8,d3
2019-09-07T19:27:30.016Z,2,127237,172,255,21,3c,c2,1f,29,ef,ff,ff,ff,ff,ff,ff,ff,ff,ff,7f,ff,7f,ff,7f,ff,ff
2019-09-07T19:27:30.016Z,2,127245,172,255,8,fc,f8,29,ef,f5,ee,ff,ff
2019-09-07T19:27:30.016Z,2,130306,110,255,8,00,00,00,f3,c2,fa,ff,ff
2019-09-07T19:27:30.016Z,7,126720,204,255,8,3b,9f,f0,81,9c,61,14,e8
2019-09-07T19:27:30.016Z,2,61714,255,1,0
2019-09-07T19:27:30.016Z,2,127251,204,255,8,ff,59,aa,ff,ff,ff,ff,ff
2019-09-07T19:27:30.016Z,2,127257,204,255,8,ff,04,00,a1,ff,fe,90,00
2019-09-07T19:27:30.016Z,2,127245,204,255,8,00,ff,29,ef,f5,ee,ff,ff
2019-09-07T19:27:30.016Z,2,127245,204,255,8,fc,f8,29,ef,ff,7f,ff,ff
2019-09-07T19:27:30.069Z,2,127237,172,255,21,3c,c2,1f,2b,ef,ff,ff,ff,ff,ff,ff,ff,ff,ff,7f,ff,7f,ff,7f,ff,ff
2019-09-07T19:27:30.070Z,2,127245,172,255,8,fc,f8,2b,ef,5e,ef,ff,ff
2019-09-07T19:27:30.070Z,2,130306,110,255,8,00,00,00,b8,c7,fa,ff,ff
2019-09-07T19:27:30.070Z,2,127250,204,255,8,ff,7a,96,ff,7f,ff,7f,fd
2019-09-07T19:27:30.070Z,7,126720,204,255,8,3b,9f,f0,81,9c,61,14,e8
2019-09-07T19:27:30.070Z,2,127251,204,255,8,ff,ee,48,00,00,ff,ff,ff
2019-09-07T19:27:30.070Z,2,127257,204,255,8,ff,0a,a1,f8,fe,8b,00,ff
2019-09-07T19:27:30.070Z,2,127245,204,255,8,00,ff,2b,ef,5e,ef,ff,ff
2019-09-07T19:27:30.070Z,2,127245,204,255,8,fc,f8,2b,ef,ff,7f,ff,ff
2019-09-07T19:27:30.070Z,7,65379,204,255,8,3b,9f,40,00,00,00,02,ff
2019-09-07T19:27:30.070Z,7,65359,204,255,8,3b,9f,ff,ff,ff,7a,96,ff
2019-09-07T19:27:30.070Z,7,65360,204,255,8,3b,9f,ff,ff,ff,f8,8c,ff
2019-09-07T19:27:30.070Z,2,129026,150,255,8,ff,fc,f6,59,9b,00,ff,ff
2019-09-07T19:27:30.085Z,2,129025,150,255,8,e0,02,42,18,80,83,e8,d3
2019-09-07T19:27:30.133Z,2,127245,172,255,8,fc,f8,2b,ef,3b,ef,ff,ff
2019-09-07T19:27:30.134Z,2,130306,110,255,8,00,00,00,67,c8,fa,ff,ff
2019-09-07T19:27:30.165Z,2,127250,204,255,8,ff,7a,96,ff,7f,ff,7f,fd
2019-09-07T19:27:30.166Z,2,127251,204,255,8,ff,e6,06,00,00,ff,ff,ff
2019-09-07T19:27:30.166Z,2,127257,204,255,8,ff,0a,a1,f8,fe,8b,00,ff
2019-09-07T19:27:30.166Z,2,127245,204,255,8,00,ff,2b,ef,3b,ef,ff,ff
2019-09-07T19:27:30.166Z,2,127245,204,255,8,fc,f8,2b,ef,ff,7f,ff,ff
2019-09-07T19:27:30.166Z,7,65359,204,255,8,3b,9f,ff,ff,ff,7a,96,ff
2019-09-07T19:27:30.166Z,7,130916,204,255,7,3b,9f,ff,ff,ff,7f,ff
2019-09-07T19:27:30.166Z,7,65360,204,255,8,3b,9f,ff,ff,ff,f8,8c,ff
2019-09-07T19:27:30.181Z,2,129026,150,255,8,ff,fc,e8,59,9b,00,ff,ff
2019-09-07T19:27:30.182Z,2,129025,150,255,8,c0,02,42,18,80,83,e8,d3
2019-09-07T19:27:30.209Z,3,126208,6,204,21,00,00,ef,01,ff,ff,ff,ff,ff,ff,04,01,3b,07,03,04,04,6c,05,23,50
2019-09-07T19:27:30.210Z,7,126720,204,6,9,3b,9f,6c,23,50,80,80,80,00
2019-09-07T19:27:30.225Z,2,127245,172,255,8,fc,f8,2b,ef,3b,ef,ff,ff
2019-09-07T19:27:30.262Z,2,130306,110,255,8,00,00,00,be,c8,fa,ff,ff
2019-09-07T19:27:30.263Z,2,127250,204,255,8,ff,7a,96,ff,7f,ff,7f,fd
2019-09-07T19:27:30.263Z,2,127251,204,255,8,ff,e6,08,00,00,ff,ff,ff
2019-09-07T19:27:30.263Z,2,127257,204,255,8,ff,0b,a1,f8,fe,8a,00,ff
2019-09-07T19:27:30.263Z,2,127245,204,255,8,00,ff,2b,ef,3b,ef,ff,ff
2019-09-07T19:27:30.263Z,2,127245,204,255,8,fc,f8,2b,ef,ff,7f,ff,ff
2019-09-07T19:27:30.263Z,7,65359,204,255,8,3b,9f,ff,ff,ff,7a,96,ff
2019-09-07T19:27:30.263Z,7,65360,204,255,8,3b,9f,ff,ff,ff,f8,8c,ff
2019-09-07T19:27:30.263Z,5,130310,105,255,8,00,09,74,ff,ff,ff,ff,ff
2019-09-07T19:27:30.289Z,2,129026,150,255,8,ff,fc,d9,59,9b,00,ff,ff
2019-09-07T19:27:30.289Z,2,129025,150,255,8,a0,02,42,18,80,83,e8,d3
2019-09-07T19:27:30.289Z,2,127237,172,255,21,3c,c2,1f,2b,ef,ff,ff,ff,ff,ff,ff,ff,ff,ff,7f,ff,7f,ff,7f,ff,ff
2019-09-07T19:27:30.363Z,2,127245,172,255,8,fc,f8,2b,ef,5e,ef,ff,ff
2019-09-07T19:27:30.363Z,2,130306,110,255,8,00,00,00,15,c9,fa,ff,ff
2019-09-07T19:27:30.363Z,2,127250,204,255,8,ff,7b,96,ff,7f,ff,7f,fd
2019-09-07T19:27:30.363Z,2,127251,204,255,8,ff,ca,02,00,00,ff,ff,ff
2019-09-07T19:27:30.363Z,2,127257,204,255,8,ff,0b,a1,f8,fe,89,00,ff
2019-09-07T19:27:30.363Z,2,127245,204,255,8,00,ff,2b,ef,5e,ef,ff,ff
2019-09-07T19:27:30.363Z,2,127245,204,255,8,fc,f8,2b,ef,ff,7f,ff,ff
2019-09-07T19:27:30.363Z,7,65359,204,255,8,3b,9f,ff,ff,ff,7c,96,ff
2019-09-07T19:27:30.363Z,7,65360,204,255,8,3b,9f,ff,ff,ff,f8,8c,ff
2019-09-07T19:27:30.379Z,2,129026,150,255,8,ff,fc,d3,59,9b,00,ff,ff
2019-09-07T19:27:30.379Z,2,129025,150,255,8,60,02,42,18,c0,83,e8,d3
2019-09-07T19:27:30.395Z,7,65384,6,255,8,3b,9f,00,00,00,00,00,00
2019-09-07T19:27:30.427Z,2,127245,172,255,8,fc,f8,2b,ef,3b,ef,ff,ff
2019-09-07T19:27:30.463Z,2,130306,110,255,8,00,00,00,c4,c9,fa,ff,ff
2019-09-07T19:27:30.463Z,2,127250,204,255,8,ff,7d,96,ff,7f,ff,7f,fd
2019-09-07T19:27:30.463Z,2,127251,204,255,8,ff,71,33,00,00,ff,ff,ff
2019-09-07T19:27:30.463Z,2,127257,204,255,8,ff,0d,a1,f6,fe,89,00,ff
2019-09-07T19:27:30.463Z,2,127245,204,255,8,00,ff,2b,ef,3b,ef,ff,ff
2019-09-07T19:27:30.463Z,2,127245,204,255,8,fc,f8,2b,ef,ff,7f,ff,ff
2019-09-07T19:27:30.463Z,7,65359,204,255,8,3b,9f,ff,ff,ff,7d,96,ff
2019-09-07T19:27:30.463Z,7,65360,204,255,8,3b,9f,ff,ff,ff,f8,8c,ff
2019-09-07T19:27:30.502Z,2,129026,150,255,8,ff,fc,cd,59,9a,00,ff,ff
2019-09-07T19:27:30.502Z,3,129029,150,255,47,ff,ff,ff,ff,ff,ff,ff,00,00,00,00,60,e1,a5,05,00,00,00,00,70,ed,bb,f5,ff,ff,ff,ff,ff,ff,ff,7f,14,fc,15,6c,01,ff,7f,ff,ff,ff,7f,c4,59,00,10,00
2019-09-07T19:27:30.502Z,2,129025,150,255,8,40,02,42,18,c0,83,e8,d3
2019-09-07T19:27:30.503Z,6,129542,150,255,15,ff,91,0e,ff,ff,ff,ff,ff,ff,ff,ff,ff,ff,ff,ff
2019-09-07T19:27:30.503Z,6,129540,150,255,75,ff,ff,07,02,68,12,44,57,20,03,00,00,00,00,f2,05,5c,1f,e7,28,40,06,00,00,00,00,f2,0d,5c,2e,8a,45,c4,09,00,00,00,00,f2,0f,dc,26,09,89,34,08,00,00,00,00,f2,1d,c5,22,94,a1,fc,08,00,00,00,00,f2,1e,8b,09,dc,26,a4,06,00,00,00,00,f2
2019-09-07T19:27:30.569Z,3,126208,204,172,20,00,00,ef,01,ff,ff,ff,ff,ff,ff,04,01,3b,07,03,04,04,5c,05,0f
2019-09-07T19:27:30.569Z,7,126720,172,204,15,3b,9f,5c,0f,02,01,ff,01,06,ff,02,ff,01,06,ff
2019-09-07T19:27:30.569Z,2,127237,172,255,21,3c,c2,1f,2b,ef,ff,ff,ff,ff,ff,ff,ff,ff,ff,7f,ff,7f,ff,7f,ff,ff
2019-09-07T19:27:30.569Z,2,127245,172,255,8,fc,f8,2b,ef,3b,ef,ff,ff
2019-09-07T19:27:30.569Z,2,130306,110,255,8,00,00,00,1b,ca,fa,ff,ff
2019-09-07T19:27:30.569Z,3,129283,8,255,8,ff,7f,ff,ff,ff,7f,ff,ff
2019-09-07T19:27:30.570Z,7,126720,204,255,13,3b,9f,f0,81,84,66,94,36,42,00,e8,02,05
2019-09-07T19:27:30.570Z,2,127250,204,255,8,ff,7c,96,ff,7f,ff,7f,fd
2019-09-07T19:27:30.570Z,2,127251,204,255,8,ff,66,fa,ff,ff,ff,ff,ff
2019-09-07T19:27:30.570Z,2,127257,204,255,8,ff,0c,a1,f7,fe,87,00,ff
2019-09-07T19:27:30.570Z,2,127245,204,255,8,00,ff,2b,ef,3b,ef,ff,ff
2019-09-07T19:27:30.570Z,2,127245,204,255,8,fc,f8,2b,ef,ff,7f,ff,ff
2019-09-07T19:27:30.570Z,7,65359,204,255,8,3b,9f,ff,ff,ff,7c,96,ff
2019-09-07T19:27:30.570Z,7,65360,204,255,8,3b,9f,ff,ff,ff,f8,8c,ff
2019-09-07T19:27:30.570Z,2,129026,150,255,8,ff,fc,c9,59,9a,00,ff,ff
2019-09-07T19:27:30.585Z,2,129025,150,255,8,a0,01,42,18,c0,84,e8,d3
2019-09-07T19:27:30.633Z,2,127245,172,255,8,fc,f8,2b,ef,3b,ef,ff,ff
2019-09-07T19:27:30.633Z,2,130306,110,255,8,00,00,00,72,ca,fa,ff,ff
2019-09-07T19:27:30.665Z,2,127250,204,255,8,ff,7d,96,ff,7f,ff,7f,fd
2019-09-07T19:27:30.665Z,7,126720,204,255,9,3b,9f,f0,81,ae,02,01,0c,a5
2019-09-07T19:27:30.665Z,2,127251,204,255,8,ff,ac,14,00,00,ff,ff,ff
2019-09-07T19:27:30.665Z,2,127257,204,255,8,ff,0d,a1,f6,fe,87,00,ff
2019-09-07T19:27:30.665Z,2,127245,204,255,8,00,ff,2b,ef,3b,ef,ff,ff
2019-09-07T19:27:30.665Z,2,127245,204,255,8,fc,f8,2b,ef,ff,7f,ff,ff
2019-09-07T19:27:30.665Z,7,65359,204,255,8,3b,9f,ff,ff,ff,7d,96,ff
2019-09-07T19:27:30.665Z,7,65360,204,255,8,3b,9f,ff,ff,ff,f8,8c,ff
2019-09-07T19:27:30.681Z,2,129026,150,255,8,ff,fc,cc,59,9a,00,ff,ff
2019-09-07T19:27:30.681Z,2,129025,150,255,8,60,01,42,18,c0,84,e8,d3
2019-09-07T19:27:30.729Z,2,127245,172,255,8,fc,f8,2b,ef,3b,ef,ff,ff
2019-09-07T19:27:30.729Z,2,130306,110,255,8,00,00,00,21,cb,fa,ff,ff
2019-09-07T19:27:30.795Z,6,127258,8,255,8,ff,ff,ff,ff,ff,7f,ff,ff
2019-09-07T19:27:30.795Z,2,127250,204,255,8,ff,7d,96,ff,7f,ff,7f,fd
2019-09-07T19:27:30.795Z,2,127251,204,255,8,ff,97,01,00,00,ff,ff,ff
2019-09-07T19:27:30.795Z,2,127257,204,255,8,ff,0d,a1,f7,fe,88,00,ff
2019-09-07T19:27:30.795Z,2,127245,204,255,8,00,ff,2b,ef,3b,ef,ff,ff
2019-09-07T19:27:30.795Z,2,127245,204,255,8,fc,f8,2b,ef,ff,7f,ff,ff
2019-09-07T19:27:30.795Z,7,65359,204,255,8,3b,9f,ff,ff,ff,7d,96,ff
2019-09-07T19:27:30.795Z,7,65360,204,255,8,3b,9f,ff,ff,ff,f8,8c,ff
2019-09-07T19:27:30.795Z,7,65361,8,255,8,3b,9f,52,03,ff,ff,ff,ff
2019-09-07T19:27:30.795Z,2,128259,105,255,8,00,00,00,ff,ff,00,ff,ff
2019-09-07T19:27:30.795Z,6,128275,105,255,14,ff,ff,ff,ff,ff,ff,34,60,52,00,34,60,52,00
2019-09-07T19:27:30.795Z,5,130310,105,255,8,00,09,74,ff,ff,ff,ff,ff
2019-09-07T19:27:30.795Z,7,130822,105,255,26,3b,9f,34,60,52,00,34,60,52,00,34,60,52,00,34,60,52,00,34,60,52,00,34,60,52,00
2019-09-07T19:27:30.795Z,2,129026,150,255,8,ff,fc,e8,59,9a,00,ff,ff
2019-09-07T19:27:30.795Z,2,129025,150,255,8,40,01,42,18,00,85,e8,d3
2019-09-07T19:27:30.795Z,2,127237,172,255,21,3c,c2,1f,2b,ef,ff,ff,ff,ff,ff,ff,ff,ff,ff,7f,ff,7f,ff,7f,ff,ff
2019-09-07T19:27:30.827Z,2,127245,172,255,8,fc,f8,2b,ef,5e,ef,ff,ff
2019-09-07T19:27:30.865Z,2,130306,110,255,8,00,00,00,78,cb,fa,ff,ff
2019-09-07T19:27:30.865Z,2,127250,204,255,8,ff,7c,96,ff,7f,ff,7f,fd
2019-09-07T19:27:30.865Z,2,127251,204,255,8,ff,bd,cf,ff,ff,ff,ff,ff
2019-09-07T19:27:30.865Z,2,127257,204,255,8,ff,0c,a1,f6,fe,87,00,ff
2019-09-07T19:27:30.865Z,2,127245,204,255,8,00,ff,2b,ef,5e,ef,ff,ff
2019-09-07T19:27:30.865Z,2,127245,204,255,8,fc,f8,2b,ef,ff,7f,ff,ff
2019-09-07T19:27:30.865Z,7,65359,204,255,8,3b,9f,ff,ff,ff,7c,96,ff
2019-09-07T19:27:30.865Z,7,65360,204,255,8,3b,9f,ff,ff,ff,f8,8c,ff
2019-09-07T19:27:30.865Z,0,262386,0,0,33,01,0e,00,e3,9a,03,00,00,00,00,00,02,0d,02,00,00,00,00,00,00,00,00,21,30,02,07,00,00,00,0b,00,00,00
2019-09-07T19:27:30.881Z,2,129026,150,255,8,ff,fc,07,5a,9a,00,ff,ff
2019-09-07T19:27:30.881Z,2,129025,150,255,8,20,01,42,18,00,85,e8,d3
2019-09-07T19:27:30.929Z,2,127245,172,255,8,fc,f8,2b,ef,3b,ef,ff,ff
2019-09-07T19:27:30.929Z,2,130306,110,255,8,00,00,00,cf,cb,fa,ff,ff
2019-09-07T19:27:30.965Z,2,127250,204,255,8,ff,7e,96,ff,7f,ff,7f,fd
2019-09-07T19:27:30.965Z,2,127251,204,255,8,ff,96,03,00,00,ff,ff,ff
2019-09-07T19:27:30.965Z,2,127257,204,255,8,ff,0e,a1,f6,fe,88,00,ff
2019-09-07T19:27:30.965Z,2,127245,204,255,8,00,ff,2b,ef,3b,ef,ff,ff
2019-09-07T19:27:30.965Z,2,127245,204,255,8,fc,f8,2b,ef,ff,7f,ff,ff
2019-09-07T19:27:30.966Z,4,129039,43,255,27,12,04,85,e8,15,ff,ff,ff,7f,ff,ff,ff,7f,fc,ff,ff,ff,ff,06,00,26,ff,ff,00,74,01,ff
2019-09-07T19:27:30.966Z,7,65359,204,255,8,3b,9f,ff,ff,ff,7d,96,ff
2019-09-07T19:27:30.966Z,7,65360,204,255,8,3b,9f,ff,ff,ff,f8,8c,ff
2019-09-07T19:27:30.981Z,2,129026,150,255,8,ff,fc,19,5a,9a,00,ff,ff
2019-09-07T19:27:30.981Z,2,129025,150,255,8,20,01,42,18,00,85,e8,d3
2019-09-07T19:27:31.069Z,2,127237,172,255,21,3c,c2,1f,2b,ef,ff,ff,ff,ff,ff,ff,ff,ff,ff,7f,ff,7f,ff,7f,ff,ff
2019-09-07T19:27:31.069Z,2,127245,172,255,8,fc,f8,2b,ef,3b,ef,ff,ff
2019-09-07T19:27:31.069Z,2,130306,110,255,8,00,00,00,26,cc,fa,ff,ff
2019-09-07T19:27:31.069Z,7,126720,204,255,8,3b,9f,f0,81,9c,61,14,e8
2019-09-07T19:27:31.069Z,2,127250,204,255,8,ff,7d,96,ff,7f,ff,7f,fd
2019-09-07T19:27:31.070Z,2,127251,204,255,8,ff,e6,e2,ff,ff,ff,ff,ff
2019-09-07T19:27:31.070Z,2,127257,204,255,8,ff,0d,a1,f6,fe,88,00,ff
2019-09-07T19:27:31.070Z,2,127245,204,255,8,00,ff,2b,ef,3b,ef,ff,ff
2019-09-07T19:27:31.070Z,2,127245,204,255,8,fc,f8,2b,ef,ff,7f,ff,ff
2019-09-07T19:27:31.070Z,7,65379,204,255,8,3b,9f,40,00,00,00,02,ff
2019-09-07T19:27:31.070Z,7,65359,204,255,8,3b,9f,ff,ff,ff,7d,96,ff
2019-09-07T19:27:31.070Z,7,65360,204,255,8,3b,9f,ff,ff,ff,f8,8c,ff
2019-09-07T19:27:31.070Z,2,129026,150,255,8,ff,fc,19,5a,9a,00,ff,ff
2019-09-07T19:27:31.085Z,2,129025,150,255,8,c0,00,42,18,40,85,e8,d3
2019-09-07T19:27:31.085Z,7,65396,43,255,8,3b,9f,fd,21,00,fe,ff,ff
2019-09-07T19:27:31.133Z,2,127245,172,255,8,fc,f8,2b,ef,3b,ef,ff,ff
2019-09-07T19:27:31.133Z,2,130306,110,255,8,00,00,00,7e,cc,fa,ff,ff
2019-09-07T19:27:31.165Z,2,127250,204,255,8,ff,7d,96,ff,7f,ff,7f,fd
2019-09-07T19:27:31.165Z,2,127251,204,255,8,ff,08,00,00,00,ff,ff,ff
2019-09-07T19:27:31.165Z,2,127257,204,255,8,ff,0d,a1,f6,fe,89,00,ff
2019-09-07T19:27:31.165Z,2,127245,204,255,8,00,ff,2b,ef,3b,ef,ff,ff
2019-09-07T19:27:31.165Z,2,127245,204,255,8,fc,f8,2b,ef,ff,7f,ff,ff
2019-09-07T19:27:31.165Z,7,65359,204,255,8,3b,9f,ff,ff,ff,7e,96,ff
2019-09-07T19:27:31.165Z,7,130916,204,255,7,3b,9f,ff,ff,ff,7f,ff
2019-09-07T19:27:31.165Z,7,65360,204,255,8,3b,9f,ff,ff,ff,f8,8c,ff
2019-09-07T19:27:31.166Z,7,126720,6,255,7,3b,9f,f0,81,90,00,03
2019-09-07T19:27:31.181Z,2,129026,150,255,8,ff,fc,4c,5a,9a,00,ff,ff
2019-09-07T19:27:31.181Z,2,129025,150,255,8,a0,00,42,18,40,85,e8,d3
2019-09-07T19:27:31.229Z,2,127245,172,255,8,fc,f8,2b,ef,3b,ef,ff,ff
2019-09-07T19:27:31.229Z,2,130306,110,255,8,00,00,00,2c,cd,fa,ff,ff
2019-09-07T19:27:31.285Z,2,127250,204,255,8,ff,7f,96,ff,7f,ff,7f,fd
2019-09-07T19:27:31.285Z,2,127251,204,255,8,ff,3e,2f,00,00,ff,ff,ff
2019-09-07T19:27:31.285Z,2,127257,204,255,8,ff,0f,a1,f6,fe,8a,00,ff
2019-09-07T19:27:31.285Z,2,127245,204,255,8,00,ff,2b,ef,3b,ef,ff,ff
2019-09-07T19:27:31.285Z,2,127245,204,255,8,fc,f8,2b,ef,ff,7f,ff,ff
2019-09-07T19:27:31.285Z,7,65359,204,255,8,3b,9f,ff,ff,ff,7f,96,ff
2019-09-07T19:27:31.286Z,7,65360,204,255,8,3b,9f,ff,ff,ff,f8,8c,ff
2019-09-07T19:27:31.286Z,5,130310,105,255,8,00,09,74,ff,ff,ff,ff,ff
2019-09-07T19:27:31.286Z,2,129026,150,255,8,ff,fc,74,5a,9a,00,ff,ff
2019-09-07T19:27:31.286Z,2,129025,150,255,8,80,00,42,18,40,85,e8,d3
2019-09-07T19:27:31.286Z,2,127237,172,255,21,3c,c2,1f,2b,ef,ff,ff,ff,ff,ff,ff,ff,ff,ff,7f,ff,7f,ff,7f,ff,ff
2019-09-07T19:27:31.333Z,2,127245,172,255,8,fc,f8,2b,ef,3b,ef,ff,ff
2019-09-07T19:27:31.333Z,2,130306,110,255,8,00,00,00,83,cd,fa,ff,ff
2019-09-07T19:27:31.361Z,2,127250,204,255,8,ff,7f,96,ff,7f,ff,7f,fd
2019-09-07T19:27:31.361Z,2,127251,204,255,8,ff,ac,1a,00,00,ff,ff,ff
2019-09-07T19:27:31.361Z,2,127257,204,255,8,ff,10,a1,f7,fe,8b,00,ff
2019-09-07T19:27:31.361Z,2,127245,204,255,8,00,ff,2b,ef,3b,ef,ff,ff
2019-09-07T19:27:31.361Z,2,127245,204,255,8,fc,f8,2b,ef,ff,7f,ff,ff
2019-09-07T19:27:31.361Z,7,65359,204,255,8,3b,9f,ff,ff,ff,7f,96,ff
2019-09-07T19:27:31.361Z,7,65360,204,255,8,3b,9f,ff,ff,ff,f8,8c,ff
2019-09-07T19:27:31.377Z,2,129026,150,255,8,ff,fc,8f,5a,9a,00,ff,ff
2019-09-07T19:27:31.377Z,2,129025,150,255,8,60,00,42,18,80,85,e8,d3
2019-09-07T19:27:31.393Z,7,65384,6,255,8,3b,9f,00,00,00,00,00,00
2019-09-07T19:27:31.425Z,2,127245,172,255,8,fc,f8,2b,ef,3b,ef,ff,ff
2019-09-07T19:27:31.463Z,2,130306,110,255,8,00,00,00,db,cd,fa,ff,ff
2019-09-07T19:27:31.463Z,2,127250,204,255,8,ff,7f,96,ff,7f,ff,7f,fd
2019-09-07T19:27:31.463Z,2,127251,204,255,8,ff,07,f3,ff,ff,ff,ff,ff
2019-09-07T19:27:31.463Z,2,127257,204,255,8,ff,0f,a1,f9,fe,8a,00,ff
2019-09-07T19:27:31.463Z,2,127245,204,255,8,00,ff,2b,ef,3b,ef,ff,ff
2019-09-07T19:27:31.463Z,2,127245,204,255,8,fc,f8,2b,ef,ff,7f,ff,ff
2019-09-07T19:27:31.463Z,7,65359,204,255,8,3b,9f,ff,ff,ff,7f,96,ff
2019-09-07T19:27:31.463Z,7,65360,204,255,8,3b,9f,ff,ff,ff,f8,8c,ff
2019-09-07T19:27:31.502Z,2,129026,150,255,8,ff,fc,af,5a,9a,00,ff,ff
2019-09-07T19:27:31.502Z,3,129029,150,255,47,ff,ff,ff,ff,ff,ff,ff,00,00,00,00,e0,e0,a5,05,00,00,00,00,e0,ed,bb,f5,ff,ff,ff,ff,ff,ff,ff,7f,14,fc,15,6c,01,ff,7f,ff,ff,ff,7f,c4,59,00,10,00
2019-09-07T19:27:31.502Z,2,129025,150,255,8,00,00,42,18,80,85,e8,d3
2019-09-07T19:27:31.502Z,6,129542,150,255,15,ff,6b,0e,ff,ff,ff,ff,ff,ff,ff,ff,ff,ff,ff,ff
2019-09-07T19:27:31.502Z,6,129540,150,255,75,ff,ff,07,02,68,12,44,57,4c,04,00,00,00,00,f2,05,5c,1f,e7,28,6c,07,00,00,00,00,f2,0d,5c,2e,db,44,28,0a,00,00,00,00,f2,0f,dc,26,09,89,fc,08,00,00,00,00,f2,1d,c5,22,94,a1,fc,08,00,00,00,00,f2,1e,8b,09,dc,26,6c,07,00,00,00,00,f2
2019-09-07T19:27:31.585Z,2,127237,172,255,21,3c,c2,1f,2b,ef,ff,ff,ff,ff,ff,ff,ff,ff,ff,7f,ff,7f,ff,7f,ff,ff
2019-09-07T19:27:31.585Z,2,127245,172,255,8,fc,f8,2b,ef,3b,ef,ff,ff
2019-09-07T19:27:31.585Z,2,130306,110,255,8,00,00,00,32,ce,fa,ff,ff
2019-09-07T19:27:31.585Z,3,129283,8,255,8,ff,7f,ff,ff,ff,7f,ff,ff
2019-09-07T19:27:31.585Z,2,127250,204,255,8,ff,80,96,ff,7f,ff,7f,fd
2019-09-07T19:27:31.585Z,7,126720,204,255,13,3b,9f,f0,81,84,66,94,36,42,00,e8,02,05
2019-09-07T19:27:31.585Z,2,127251,204,255,8,ff,35,02,00,00,ff,ff,ff
2019-09-07T19:27:31.585Z,2,127257,204,255,8,ff,10,a1,fa,fe,8a,00,ff
2019-09-07T19:27:31.585Z,2,127245,204,255,8,00,ff,2b,ef,3b,ef,ff,ff
2019-09-07T19:27:31.585Z,2,127245,204,255,8,fc,f8,2b,ef,ff,7f,ff,ff
2019-09-07T19:27:31.585Z,7,65359,204,255,8,3b,9f,ff,ff,ff,80,96,ff
2019-09-07T19:27:31.585Z,7,65360,204,255,8,3b,9f,ff,ff,ff,f8,8c,ff
2019-09-07T19:27:31.585Z,2,129026,150,255,8,ff,fc,d0,5a,9b,00,ff,ff
2019-09-07T19:27:31.585Z,2,129025,150,255,8,e0,ff,41,18,c0,85,e8,d3
2019-09-07T19:27:31.633Z,2,127245,172,255,8,fc,f8,2b,ef,3b,ef,ff,ff
2019-09-07T19:27:31.633Z,2,130306,110,255,8,00,00,00,89,ce,fa,ff,ff
2019-09-07T19:27:31.665Z,2,127250,204,255,8,ff,81,96,ff,7f,ff,7f,fd
2019-09-07T19:27:31.665Z,7,126720,204,255,9,3b,9f,f0,81,ae,02,01,0c,a5
2019-09-07T19:27:31.665Z,2,127251,204,255,8,ff,98,24,00,00,ff,ff,ff
2019-09-07T19:27:31.665Z,2,127257,204,255,8,ff,12,a1,f9,fe,8d,00,ff
2019-09-07T19:27:31.665Z,2,127245,204,255,8,00,ff,2b,ef,3b,ef,ff,ff
2019-09-07T19:27:31.665Z,2,127245,204,255,8,fc,f8,2b,ef,ff,7f,ff,ff
2019-09-07T19:27:31.665Z,7,65359,204,255,8,3b,9f,ff,ff,ff,81,96,ff
2019-09-07T19:27:31.665Z,7,65360,204,255,8,3b,9f,ff,ff,ff,f8,8c,ff
2019-09-07T19:27:31.681Z,2,129026,150,255,8,ff,fc,fa,5a,9b,00,ff,ff
2019-09-07T19:27:31.681Z,2,129025,150,255,8,a0,ff,41,18,40,86,e8,d3
2019-09-07T19:27:31.729Z,2,127245,172,255,8,fc,f8,2b,ef,5e,ef,ff,ff
2019-09-07T19:27:31.729Z,2,130306,110,255,8,00,00,00,e0,ce,fa,ff,ff
2019-09-07T19:27:31.792Z,6,127258,8,255,8,ff,ff,ff,ff,ff,7f,ff,ff
2019-09-07T19:27:31.792Z,2,127250,204,255,8,ff,82,96,ff,7f,ff,7f,fd
2019-09-07T19:27:31.792Z,2,127251,204,255,8,ff,6d,1a,00,00,ff,ff,ff
2019-09-07T19:27:31.792Z,2,127257,204,255,8,ff,12,a1,f9,fe,8d,00,ff
2019-09-07T19:27:31.792Z,2,127245,204,255,8,00,ff,2b,ef,5e,ef,ff,ff
2019-09-07T19:27:31.792Z,2,127245,204,255,8,fc,f8,2b,ef,ff,7f,ff,ff
2019-09-07T19:27:31.792Z,7,65359,204,255,8,3b,9f,ff,ff,ff,82,96,ff
2019-09-07T19:27:31.792Z,7,65360,204,255,8,3b,9f,ff,ff,ff,f8,8c,ff
2019-09-07T19:27:31.792Z,2,128259,105,255,8,00,00,00,ff,ff,00,ff,ff
2019-09-07T19:27:31.792Z,6,128275,105,255,14,ff,ff,ff,ff,ff,ff,34,60,52,00,34,60,52,00
2019-09-07T19:27:31.792Z,5,130310,105,255,8,00,09,74,ff,ff,ff,ff,ff
2019-09-07T19:27:31.792Z,5,130312,105,255,8,00,00,00,09,74,ff,ff,ff
2019-09-07T19:27:31.792Z,7,130822,105,255,26,3b,9f,34,60,52,00,34,60,52,00,34,60,52,00,34,60,52,00,34,60,52,00,34,60,52,00
2019-09-07T19:27:31.792Z,2,129026,150,255,8,ff,fc,4b,5c,9d,00,ff,ff
2019-09-07T19:27:31.792Z,2,129025,150,255,8,40,ff,41,18,40,86,e8,d3
2019-09-07T19:27:31.792Z,2,127237,172,255,21,3c,c2,1f,2b,ef,ff,ff,ff,ff,ff,ff,ff,ff,ff,7f,ff,7f,ff,7f,ff,ff
2019-09-07T19:27:31.792Z,3,126208,6,204,21,00,00,ef,01,ff,ff,ff,ff,ff,ff,04,01,3b,07,03,04,04,6c,05,1a,50
2019-09-07T19:27:31.807Z,7,126720,204,6,13,3b,9f,6c,1a,50,ff,7f,ff,7f,ff,7f,ff,7f
2019-09-07T19:27:31.839Z,2,127245,172,255,8,fc,f8,2b,ef,5e,ef,ff,ff
2019-09-07T19:27:31.839Z,2,130306,110,255,8,00,00,00,8f,cf,fa,ff,ff
2019-09-07T19:27:31.884Z,2,127250,204,255,8,ff,81,96,ff,7f,ff,7f,fd
2019-09-07T19:27:31.884Z,2,127251,204,255,8,ff,29,ea,ff,ff,ff,ff,ff
2019-09-07T19:27:31.884Z,2,127257,204,255,8,ff,11,a1,fa,fe,8e,00,ff
2019-09-07T19:27:31.884Z,2,127245,204,255,8,00,ff,2b,ef,5e,ef,ff,ff
2019-09-07T19:27:31.884Z,2,127245,204,255,8,fc,f8,2b,ef,ff,7f,ff,ff
2019-09-07T19:27:31.884Z,7,65359,204,255,8,3b,9f,ff,ff,ff,81,96,ff
2019-09-07T19:27:31.884Z,7,65360,204,255,8,3b,9f,ff,ff,ff,f8,8c,ff
2019-09-07T19:27:31.884Z,0,262386,0,0,33,01,0e,00,e3,9a,03,00,00,00,00,00,02,0d,02,00,00,00,00,00,00,00,00,21,2c,02,07,00,00,00,0b,00,00,00
2019-09-07T19:27:31.884Z,2,129026,150,255,8,ff,fc,f9,5d,9f,00,ff,ff
2019-09-07T19:27:31.884Z,2,129025,150,255,8,20,ff,41,18,40,86,e8,d3
2019-09-07T19:27:31.932Z,2,127245,172,255,8,fc,f8,2b,ef,3b,ef,ff,ff
2019-09-07T19:27:31.932Z,2,130306,110,255,8,00,00,00,e6,cf,fa,ff,ff
2019-09-07T19:27:31.965Z,2,127250,204,255,8,ff,83,96,ff,7f,ff,7f,fd
2019-09-07T19:27:31.965Z,2,127251,204,255,8,ff,4a,30,00,00,ff,ff,ff
2019-09-07T19:27:31.965Z,2,127257,204,255,8,ff,13,a1,fa,fe,8e,00,ff
2019-09-07T19:27:31.965Z,2,127245,204,255,8,00,ff,2b,ef,3b,ef,ff,ff
2019-09-07T19:27:31.965Z,2,127245,204,255,8,fc,f8,2b,ef,ff,7f,ff,ff
2019-09-07T19:27:31.965Z,7,65359,204,255,8,3b,9f,ff,ff,ff,82,96,ff
2019-09-07T19:27:31.965Z,7,65360,204,255,8,3b,9f,ff,ff,ff,f8,8c,ff
2019-09-07T19:27:31.965Z,4,129039,43,255,27,12,04,85,e8,15,ff,ff,ff,7f,ff,ff,ff,7f,fc,ff,ff,ff,ff,06,00,26,ff,ff,00,74,01,ff
2019-09-07T19:27:31.981Z,2,129026,150,255,8,ff,fc,79,5f,a1,00,ff,ff
2019-09-07T19:27:31.981Z,2,129025,150,255,8,e0,fe,41,18,80,86,e8,d3
2019-09-07T19:27:32.068Z,2,127237,172,255,21,3c,c2,1f,2b,ef,ff,ff,ff,ff,ff,ff,ff,ff,ff,7f,ff,7f,ff,7f,ff,ff
2019-09-07T19:27:32.068Z,2,127245,172,255,8,fc,f8,2b,ef,3b,ef,ff,ff
2019-09-07T19:27:32.068Z,2,130306,110,255,8,00,00,00,3d,d0,fa,ff,ff
2019-09-07T19:27:32.068Z,2,127250,204,255,8,ff,82,96,ff,7f,ff,7f,fd
2019-09-07T19:27:32.068Z,2,127251,204,255,8,ff,d7,02,00,00,ff,ff,ff
2019-09-07T19:27:32.068Z,7,126720,204,255,8,3b,9f,f0,81,9c,a1,14,e8
2019-09-07T19:27:32.068Z,2,127257,204,255,8,ff,12,a1,fa,fe,8e,00,ff
2019-09-07T19:27:32.068Z,2,127245,204,255,8,00,ff,2b,ef,3b,ef,ff,ff
2019-09-07T19:27:32.068Z,2,127245,204,255,8,fc,f8,2b,ef,ff,7f,ff,ff
2019-09-07T19:27:32.068Z,7,65379,204,255,8,3b,9f,40,00,00,00,02,ff
2019-09-07T19:27:32.068Z,7,65359,204,255,8,3b,9f,ff,ff,ff,82,96,ff
2019-09-07T19:27:32.068Z,7,65360,204,255,8,3b,9f,ff,ff,ff,f8,8c,ff
2019-09-07T19:27:32.084Z,2,129026,150,255,8,ff,fc,bf,60,a3,00,ff,ff
2019-09-07T19:27:32.084Z,2,129025,150,255,8,80,fe,41,18,c0,86,e8,d3
2019-09-07T19:27:32.132Z,2,127245,172,255,8,fc,f8,2b,ef,5e,ef,ff,ff
2019-09-07T19:27:32.132Z,2,130306,110,255,8,00,00,00,95,d0,fa,ff,ff
2019-09-07T19:27:32.165Z,2,127250,204,255,8,ff,83,96,ff,7f,ff,7f,fd
2019-09-07T19:27:32.165Z,2,127251,204,255,8,ff,c9,09,00,00,ff,ff,ff
2019-09-07T19:27:32.165Z,2,127257,204,255,8,ff,13,a1,fb,fe,8c,00,ff
2019-09-07T19:27:32.165Z,2,127245,204,255,8,00,ff,2b,ef,5e,ef,ff,ff
2019-09-07T19:27:32.165Z,2,127245,204,255,8,fc,f8,2b,ef,ff,7f,ff,ff
2019-09-07T19:27:32.165Z,7,65359,204,255,8,3b,9f,ff,ff,ff,83,96,ff
2019-09-07T19:27:32.165Z,7,130916,204,255,7,3b,9f,ff,ff,ff,7f,ff
2019-09-07T19:27:32.165Z,7,65360,204,255,8,3b,9f,ff,ff,ff,f8,8c,ff
2019-09-07T19:27:32.181Z,2,129026,150,255,8,ff,fc,a1,61,a6,00,ff,ff
2019-09-07T19:27:32.181Z,2,129025,150,255,8,40,fe,41,18,00,87,e8,d3
2019-09-07T19:27:32.229Z,2,127245,172,255,8,fc,f8,2b,ef,3b,ef,ff,ff
2019-09-07T19:27:32.259Z,2,130306,110,255,8,00,00,00,ec,d0,fa,ff,ff
2019-09-07T19:27:32.259Z,2,127250,204,255,8,ff,83,96,ff,7f,ff,7f,fd
2019-09-07T19:27:32.259Z,2,127251,204,255,8,ff,34,0a,00,00,ff,ff,ff
2019-09-07T19:27:32.259Z,2,127257,204,255,8,ff,13,a1,fb,fe,89,00,ff
2019-09-07T19:27:32.259Z,2,127245,204,255,8,00,ff,2c,ef,3b,ef,ff,ff
2019-09-07T19:27:32.259Z,2,127245,204,255,8,fc,f8,2c,ef,ff,7f,ff,ff
2019-09-07T19:27:32.259Z,7,65359,204,255,8,3b,9f,ff,ff,ff,83,96,ff
2019-09-07T19:27:32.259Z,7,65360,204,255,8,3b,9f,ff,ff,ff,f8,8c,ff
2019-09-07T19:27:32.285Z,5,130310,105,255,8,00,09,74,ff,ff,ff,ff,ff
2019-09-07T19:27:32.285Z,2,129026,150,255,8,ff,fc,c0,61,a6,00,ff,ff
2019-09-07T19:27:32.285Z,2,129025,150,255,8,00,fe,41,18,40,87,e8,d3
2019-09-07T19:27:32.285Z,2,127237,172,255,21,3c,c2,1f,2c,ef,ff,ff,ff,ff,ff,ff,ff,ff,ff,7f,ff,7f,ff,7f,ff,ff
2019-09-07T19:27:32.317Z,4,129038,43,255,28,03,9e,28,ec,15,c9,67,e8,d3,83,ab,42,18,e9,1a,c2,42,00,b0,0e,00,ad,2d,ff,7f,00,00,ff
2019-09-07T19:27:32.333Z,2,127245,172,255,8,fc,f8,2c,ef,3b,ef,ff,ff
2019-09-07T19:27:32.333Z,2,130306,110,255,8,00,00,00,43,d1,fa,ff,ff
2019-09-07T19:27:32.360Z,2,127250,204,255,8,ff,83,96,ff,7f,ff,7f,fd
2019-09-07T19:27:32.360Z,2,127251,204,255,8,ff,0e,0c,00,00,ff,ff,ff
2019-09-07T19:27:32.360Z,2,127257,204,255,8,ff,13,a1,fa,fe,89,00,ff
2019-09-07T19:27:32.360Z,2,127245,204,255,8,00,ff,2d,ef,3b,ef,ff,ff
2019-09-07T19:27:32.360Z,2,127245,204,255,8,fc,f8,2d,ef,ff,7f,ff,ff
2019-09-07T19:27:32.360Z,7,65359,204,255,8,3b,9f,ff,ff,ff,84,96,ff
2019-09-07T19:27:32.360Z,7,65360,204,255,8,3b,9f,ff,ff,ff,f8,8c,ff
2019-09-07T19:27:32.376Z,2,129026,150,255,8,ff,fc,db,61,a7,00,ff,ff
2019-09-07T19:27:32.376Z,2,129025,150,255,8,c0,fd,41,18,40,87,e8,d3
2019-09-07T19:27:32.392Z,7,65384,6,255,8,3b,9f,00,00,00,00,00,00
2019-09-07T19:27:32.462Z,2,127245,172,255,8,fc,f8,2d,ef,5e,ef,ff,ff
2019-09-07T19:27:32.462Z,2,130306,110,255,8,00,00,00,9a,d1,fa,ff,ff
2019-09-07T19:27:32.462Z,2,127250,204,255,8,ff,84,96,ff,7f,ff,7f,fd
2019-09-07T19:27:32.462Z,2,127251,204,255,8,ff,a5,30,00,00,ff,ff,ff
2019-09-07T19:27:32.462Z,2,127257,204,255,8,ff,15,a1,fb,fe,89,00,ff
2019-09-07T19:27:32.462Z,2,127245,204,255,8,00,ff,2d,ef,5e,ef,ff,ff
2019-09-07T19:27:32.462Z,2,127245,204,255,8,fc,f8,2d,ef,ff,7f,ff,ff
2019-09-07T19:27:32.462Z,7,65359,204,255,8,3b,9f,ff,ff,ff,84,96,ff
2019-09-07T19:27:32.462Z,7,65360,204,255,8,3b,9f,ff,ff,ff,f8,8c,ff
2019-09-07T19:27:32.502Z,2,129026,150,255,8,ff,fc,fc,61,a7,00,ff,ff
2019-09-07T19:27:32.502Z,3,129029,150,255,47,ff,ff,ff,ff,ff,ff,ff,00,00,00,00,50,e0,a5,05,00,00,00,00,50,ee,bb,f5,ff,ff,ff,ff,ff,ff,ff,7f,14,fc,15,6c,01,ff,7f,ff,ff,ff,7f,c4,59,00,10,00
2019-09-07T19:27:32.502Z,2,129025,150,255,8,a0,fd,41,18,c0,87,e8,d3
2019-09-07T19:27:32.502Z,6,129542,150,255,15,ff,86,0e,ff,ff,ff,ff,ff,ff,ff,ff,ff,ff,ff,ff
2019-09-07T19:27:32.502Z,6,129540,150,255,75,ff,ff,07,02,68,12,44,57,4c,04,00,00,00,00,f2,05,5c,1f,e7,28,6c,07,00,00,00,00,f2,0d,5c,2e,db,44,28,0a,00,00,00,00,f2,0f,dc,26,09,89,fc,08,00,00,00,00,f2,1d,c5,22,94,a1,fc,08,00,00,00,00,f2,1e,8b,09,dc,26,6c,07,00,00,00,00,f2
2019-09-07T19:27:32.570Z,2,127237,172,255,21,3c,c2,1f,2d,ef,ff,ff,ff,ff,ff,ff,ff,ff,ff,7f,ff,7f,ff,7f,ff,ff
2019-09-07T19:27:32.571Z,2,127245,172,255,8,fc,f8,2d,ef,5e,ef,ff,ff
2019-09-07T19:27:32.571Z,2,130306,110,255,8,00,00,00,f2,d1,fa,ff,ff
2019-09-07T19:27:32.571Z,3,129283,8,255,8,ff,7f,ff,ff,ff,7f,ff,ff
2019-09-07T19:27:32.571Z,2,127250,204,255,8,ff,86,96,ff,7f,ff,7f,fd
2019-09-07T19:27:32.571Z,2,127251,204,255,8,ff,18,44,00,00,ff,ff,ff
2019-09-07T19:27:32.571Z,7,126720,204,255,13,3b,9f,f0,81,84,a6,94,36,42,00,e8,02,05
2019-09-07T19:27:32.571Z,2,127257,204,255,8,ff,16,a1,fc,fe,89,00,ff
2019-09-07T19:27:32.571Z,2,127245,204,255,8,00,ff,2d,ef,5e,ef,ff,ff
2019-09-07T19:27:32.571Z,2,127245,204,255,8,fc,f8,2d,ef,ff,7f,ff,ff
2019-09-07T19:27:32.571Z,6,59904,8,1,3,00,ee,00
2019-09-07T19:27:32.571Z,7,65359,204,255,8,3b,9f,ff,ff,ff,86,96,ff
2019-09-07T19:27:32.571Z,6,60928,1,255,8,a0,8c,23,22,00,82,32,c0
2019-09-07T19:27:32.571Z,7,65360,204,255,8,3b,9f,ff,ff,ff,f8,8c,ff
2019-09-07T19:27:32.571Z,6,59904,8,1,3,00,ee,01
2019-09-07T19:27:32.571Z,6,126464,1,8,28,00,00,e8,00,00,ea,00,00,eb,00,00,ec,00,00,ee,00,00,ed,01,00,ee,01,14,f0,01,16,f0,01
2019-09-07T19:27:32.571Z,6,59904,8,1,3,14,f0,01
2019-09-07T19:27:32.608Z,6,126464,1,8,91,01,00,e8,00,00,ea,00,00,eb,00,00,ec,00,00,ee,00,00,ed,01,00,ee,01,10,f0,01,14,f0,01,16,f0,01,12,f1,01,13,f1,01,19,f1,01,1a,f1,01,03,f5,01,0b,f5,01,13,f5,01,01,f8,01,02,f8,01,05,f8,01,09,f8,01,14,f8,01,02,fa,01,03,fa,01,04,fa,01,05,fa,01,02,fd,01,06,fd,01,07,fd,01,13,fd,01
2019-09-07T19:27:32.608Z,6,126996,1,255,134,14,05,27,6e,4e,4d,45,41,20,32,30,30,30,20,50,43,20,49,6e,74,65,72,66,61,63,65,20,28,4e,47,54,2d,31,29,ff,ff,31,2e,31,30,30,2c,20,32,2e,32,31,30,ff,ff,ff,ff,ff,ff,ff,ff,ff,ff,ff,ff,ff,ff,ff,ff,ff,ff,ff,ff,4e,47,54,2d,31,2d,55,53,42,20,20,68,76,31,2e,30,33,ff,ff,ff,ff,ff,ff,ff,ff,ff,ff,ff,ff,ff,ff,ff,32,33,32,36,30,38,ff,ff,ff,ff,ff,ff,ff,ff,ff,ff,ff,ff,ff,ff,ff,ff,ff,ff,ff,ff,ff,ff,ff,ff,ff,ff,00,01
2019-09-07T19:27:32.608Z,2,129026,150,255,8,ff,fc,26,62,a8,00,ff,ff
2019-09-07T19:27:32.608Z,2,129025,150,255,8,80,fd,41,18,c0,87,e8,d3
2019-09-07T19:27:32.624Z,2,127245,172,255,8,fc,f8,2d,ef,5e,ef,ff,ff
2019-09-07T19:27:32.662Z,2,130306,110,255,8,00,00,00,49,d2,fa,ff,ff
2019-09-07T19:27:32.662Z,2,127250,204,255,8,ff,85,96,ff,7f,ff,7f,fd
2019-09-07T19:27:32.662Z,2,127251,204,255,8,ff,cd,12,00,00,ff,ff,ff
2019-09-07T19:27:32.662Z,7,126720,204,255,9,3b,9f,f0,81,ae,02,01,0c,a5
2019-09-07T19:27:32.662Z,2,127257,204,255,8,ff,15,a1,fc,fe,88,00,ff
2019-09-07T19:27:32.662Z,2,127245,204,255,8,00,ff,2e,ef,5e,ef,ff,ff
2019-09-07T19:27:32.662Z,2,127245,204,255,8,fc,f8,2e,ef,ff,7f,ff,ff
2019-09-07T19:27:32.662Z,7,65359,204,255,8,3b,9f,ff,ff,ff,85,96,ff
2019-09-07T19:27:32.662Z,7,65360,204,255,8,3b,9f,ff,ff,ff,f8,8c,ff
2019-09-07T19:27:32.678Z,2,129026,150,255,8,ff,fc,ee,62,aa,00,ff,ff
2019-09-07T19:27:32.678Z,2,129025,150,255,8,60,fd,41,18,c0,87,e8,d3
2019-09-07T19:27:32.726Z,2,127245,172,255,8,fc,f8,2e,ef,3b,ef,ff,ff
2019-09-07T19:27:32.793Z,2,130306,110,255,8,00,00,00,49,d2,fa,ff,ff
2019-09-07T19:27:32.793Z,2,127250,204,255,8,ff,84,96,ff,7f,ff,7f,fd
2019-09-07T19:27:32.793Z,6,127258,8,255,8,ff,ff,ff,ff,ff,7f,ff,ff
2019-09-07T19:27:32.793Z,2,127251,204,255,8,ff,d5,c7,ff,ff,ff,ff,ff
2019-09-07T19:27:32.793Z,2,127257,204,255,8,ff,14,a1,fd,fe,87,00,ff
2019-09-07T19:27:32.793Z,2,127245,204,255,8,00,ff,33,ef,3b,ef,ff,ff
2019-09-07T19:27:32.793Z,2,127245,204,255,8,fc,f8,33,ef,ff,7f,ff,ff
2019-09-07T19:27:32.793Z,7,65359,204,255,8,3b,9f,ff,ff,ff,84,96,ff
2019-09-07T19:27:32.793Z,7,65360,204,255,8,3b,9f,ff,ff,ff,f8,8c,ff
2019-09-07T19:27:32.793Z,2,128259,105,255,8,00,00,00,ff,ff,00,ff,ff
2019-09-07T19:27:32.793Z,6,128275,105,255,14,ff,ff,ff,ff,ff,ff,34,60,52,00,34,60,52,00
2019-09-07T19:27:32.793Z,5,130310,105,255,8,00,09,74,ff,ff,ff,ff,ff
2019-09-07T19:27:32.793Z,7,130822,105,255,26,3b,9f,34,60,52,00,34,60,52,00,34,60,52,00,34,60,52,00,34,60,52,00,34,60,52,00
2019-09-07T19:27:32.793Z,2,129026,150,255,8,ff,fc,b3,63,ad,00,ff,ff
2019-09-07T19:27:32.793Z,2,129025,150,255,8,00,fd,41,18,00,88,e8,d3
2019-09-07T19:27:32.793Z,2,127237,172,255,21,3c,c2,1f,33,ef,ff,ff,ff,ff,ff,ff,ff,ff,ff,7f,ff,7f,ff,7f,ff,ff
2019-09-07T19:27:32.825Z,2,127245,172,255,8,fc,f8,33,ef,3b,ef,ff,ff
2019-09-07T19:27:32.841Z,2,130306,110,255,8,00,00,00,a0,d2,fa,ff,ff
2019-09-07T19:27:32.884Z,2,127250,204,255,8,ff,85,96,ff,7f,ff,7f,fd
2019-09-07T19:27:32.884Z,2,127251,204,255,8,ff,a5,e2,ff,ff,ff,ff,ff
2019-09-07T19:27:32.884Z,2,127257,204,255,8,ff,15,a1,fc,fe,85,00,ff
2019-09-07T19:27:32.884Z,2,127245,204,255,8,00,ff,35,ef,3b,ef,ff,ff
2019-09-07T19:27:32.884Z,2,127245,204,255,8,fc,f8,35,ef,ff,7f,ff,ff
2019-09-07T19:27:32.884Z,7,65359,204,255,8,3b,9f,ff,ff,ff,85,96,ff
2019-09-07T19:27:32.884Z,7,65360,204,255,8,3b,9f,ff,ff,ff,f8,8c,ff
2019-09-07T19:27:32.884Z,0,262386,0,0,33,01,0e,00,e3,9a,03,00,00,00,00,00,02,0f,04,00,00,00,00,00,00,00,00,23,54,02,08,00,00,00,0c,00,00,00
2019-09-07T19:27:32.884Z,2,129026,150,255,8,ff,fc,ce,63,ad,00,ff,ff
2019-09-07T19:27:32.884Z,2,129025,150,255,8,e0,fc,41,18,00,88,e8,d3
2019-09-07T19:27:32.932Z,2,127245,172,255,8,fc,f8,35,ef,3b,ef,ff,ff
2019-09-07T19:27:32.932Z,2,130306,110,255,8,00,00,00,a0,d2,fa,ff,ff
2019-09-07T19:27:32.960Z,2,127250,204,255,8,ff,85,96,ff,7f,ff,7f,fd
2019-09-07T19:27:32.960Z,2,127251,204,255,8,ff,01,f4,ff,ff,ff,ff,ff
2019-09-07T19:27:32.960Z,2,127257,204,255,8,ff,16,a1,fb,fe,84,00,ff
2019-09-07T19:27:32.960Z,2,127245,204,255,8,00,ff,35,ef,3b,ef,ff,ff
2019-09-07T19:27:32.960Z,2,127245,204,255,8,fc,f8,35,ef,ff,7f,ff,ff
2019-09-07T19:27:32.960Z,7,65359,204,255,8,3b,9f,ff,ff,ff,86,96,ff
2019-09-07T19:27:32.960Z,7,65360,204,255,8,3b,9f,ff,ff,ff,f8,8c,ff
2019-09-07T19:27:32.987Z,2,129026,150,255,8,ff,fc,d6,63,ad,00,ff,ff
2019-09-07T19:27:32.987Z,2,129025,150,255,8,c0,fc,41,18,40,88,e8,d3
2019-09-07T19:27:32.987Z,4,129039,43,255,27,12,04,85,e8,15,ff,ff,ff,7f,ff,ff,ff,7f,fc,ff,ff,ff,ff,06,00,26,ff,ff,00,74,01,ff
2019-09-07T19:27:33.070Z,2,127237,172,255,21,3c,c2,1f,35,ef,ff,ff,ff,ff,ff,ff,ff,ff,ff,7f,ff,7f,ff,7f,ff,ff
2019-09-07T19:27:33.070Z,2,127245,172,255,8,fc,f8,35,ef,5e,ef,ff,ff
2019-09-07T19:27:33.070Z,2,130306,110,255,8,00,00,00,f7,d2,fa,ff,ff
2019-09-07T19:27:33.070Z,2,127250,204,255,8,ff,86,96,ff,7f,ff,7f,fd
2019-09-07T19:27:33.070Z,7,126720,204,255,8,3b,9f,f0,81,9c,a1,14,e8
2019-09-07T19:27:33.070Z,2,127251,204,255,8,ff,1e,f8,ff,ff,ff,ff,ff
2019-09-07T19:27:33.070Z,2,127257,204,255,8,ff,16,a1,fc,fe,86,00,ff
2019-09-07T19:27:33.070Z,2,127245,204,255,8,00,ff,35,ef,5e,ef,ff,ff
2019-09-07T19:27:33.070Z,2,127245,204,255,8,fc,f8,35,ef,ff,7f,ff,ff
2019-09-07T19:27:33.070Z,7,65379,204,255,8,3b,9f,40,00,00,00,02,ff
2019-09-07T19:27:33.070Z,7,65359,204,255,8,3b,9f,ff,ff,ff,86,96,ff
2019-09-07T19:27:33.070Z,7,65360,204,255,8,3b,9f,ff,ff,ff,f8,8c,ff
2019-09-07T19:27:33.070Z,2,129026,150,255,8,ff,fc,d6,63,ad,00,ff,ff
2019-09-07T19:27:33.086Z,2,129025,150,255,8,a0,fc,41,18,80,88,e8,d3
2019-09-07T19:27:33.165Z,2,127245,172,255,8,fc,f8,35,ef,5e,ef,ff,ff
2019-09-07T19:27:33.165Z,2,130306,110,255,8,00,00,00,f7,d2,fa,ff,ff
2019-09-07T19:27:33.165Z,2,127250,204,255,8,ff,88,96,ff,7f,ff,7f,fd
2019-09-07T19:27:33.165Z,2,127251,204,255,8,ff,3c,38,00,00,ff,ff,ff
2019-09-07T19:27:33.165Z,2,127257,204,255,8,ff,18,a1,fb,fe,85,00,ff
2019-09-07T19:27:33.165Z,2,127245,204,255,8,00,ff,35,ef,5e,ef,ff,ff
2019-09-07T19:27:33.165Z,2,127245,204,255,8,fc,f8,35,ef,ff,7f,ff,ff
2019-09-07T19:27:33.165Z,7,65359,204,255,8,3b,9f,ff,ff,ff,88,96,ff
2019-09-07T19:27:33.165Z,7,130916,204,255,7,3b,9f,ff,ff,ff,7f,ff
2019-09-07T19:27:33.165Z,7,65360,204,255,8,3b,9f,ff,ff,ff,f8,8c,ff
2019-09-07T19:27:33.165Z,7,126720,6,255,7,3b,9f,f0,81,90,00,03
2019-09-07T19:27:33.181Z,2,129026,150,255,8,ff,fc,ef,63,ae,00,ff,ff
2019-09-07T19:27:33.181Z,2,129025,150,255,8,80,fc,41,18,80,88,e8,d3
2019-09-07T19:27:33.229Z,2,127245,172,255,8,fc,f8,35,ef,3b,ef,ff,ff
2019-09-07T19:27:33.264Z,2,130306,110,255,8,00,00,00,f7,d2,fa,ff,ff
2019-09-07T19:27:33.264Z,2,127250,204,255,8,ff,86,96,ff,7f,ff,7f,fd
2019-09-07T19:27:33.264Z,2,127251,204,255,8,ff,cf,f1,ff,ff,ff,ff,ff
2019-09-07T19:27:33.264Z,2,127257,204,255,8,ff,17,a1,fc,fe,83,00,ff
2019-09-07T19:27:33.264Z,2,127245,204,255,8,00,ff,35,ef,3b,ef,ff,ff
2019-09-07T19:27:33.264Z,2,127245,204,255,8,fc,f8,35,ef,ff,7f,ff,ff
2019-09-07T19:27:33.264Z,7,65359,204,255,8,3b,9f,ff,ff,ff,86,96,ff
2019-09-07T19:27:33.264Z,7,65360,204,255,8,3b,9f,ff,ff,ff,f8,8c,ff
2019-09-07T19:27:33.264Z,5,130310,105,255,8,00,09,74,ff,ff,ff,ff,ff
2019-09-07T19:27:33.288Z,2,129026,150,255,8,ff,fc,06,64,af,00,ff,ff
2019-09-07T19:27:33.288Z,2,129025,150,255,8,80,fc,41,18,80,88,e8,d3
2019-09-07T19:27:33.288Z,2,127237,172,255,21,3c,c2,1f,35,ef,ff,ff,ff,ff,ff,ff,ff,ff,ff,7f,ff,7f,ff,7f,ff,ff
2019-09-07T19:27:33.360Z,2,127245,172,255,8,fc,f8,35,ef,5e,ef,ff,ff
2019-09-07T19:27:33.360Z,2,130306,110,255,8,00,00,00,f7,d2,fa,ff,ff
2019-09-07T19:27:33.360Z,2,127250,204,255,8,ff,85,96,ff,7f,ff,7f,fd
2019-09-07T19:27:33.360Z,2,127251,204,255,8,ff,6b,cb,ff,ff,ff,ff,ff
2019-09-07T19:27:33.360Z,2,127257,204,255,8,ff,16,a1,fb,fe,84,00,ff
2019-09-07T19:27:33.360Z,2,127245,204,255,8,00,ff,37,ef,5e,ef,ff,ff
2019-09-07T19:27:33.360Z,2,127245,204,255,8,fc,f8,37,ef,ff,7f,ff,ff
2019-09-07T19:27:33.360Z,7,65359,204,255,8,3b,9f,ff,ff,ff,85,96,ff
2019-09-07T19:27:33.360Z,7,65360,204,255,8,3b,9f,ff,ff,ff,f8,8c,ff
2019-09-07T19:27:33.376Z,2,129026,150,255,8,ff,fc,23,64,af,00,ff,ff
2019-09-07T19:27:33.376Z,2,129025,150,255,8,40,fc,41,18,80,88,e8,d3
2019-09-07T19:27:33.407Z,7,65384,6,255,8,3b,9f,00,00,00,00,00,00
2019-09-07T19:27:33.407Z,3,126208,6,204,21,00,00,ef,01,ff,ff,ff,ff,ff,ff,04,01,3b,07,03,04,04,6c,05,23,50
2019-09-07T19:27:33.407Z,7,126720,204,6,9,3b,9f,6c,23,50,80,80,80,00
2019-09-07T19:27:33.423Z,2,127245,172,255,8,fc,f8,37,ef,3b,ef,ff,ff
2019-09-07T19:27:33.462Z,2,130306,110,255,8,00,00,00,f7,d2,fa,ff,ff
2019-09-07T19:27:33.462Z,2,127250,204,255,8,ff,86,96,ff,7f,ff,7f,fd
2019-09-07T19:27:33.462Z,2,127251,204,255,8,ff,3b,c4,ff,ff,ff,ff,ff
2019-09-07T19:27:33.462Z,2,127257,204,255,8,ff,16,a1,f9,fe,84,00,ff
2019-09-07T19:27:33.462Z,2,127245,204,255,8,00,ff,39,ef,3b,ef,ff,ff
2019-09-07T19:27:33.462Z,2,127245,204,255,8,fc,f8,39,ef,ff,7f,ff,ff
2019-09-07T19:27:33.462Z,7,65359,204,255,8,3b,9f,ff,ff,ff,86,96,ff
2019-09-07T19:27:33.462Z,7,65360,204,255,8,3b,9f,ff,ff,ff,f8,8c,ff
2019-09-07T19:27:33.502Z,2,129026,150,255,8,ff,fc,43,64,af,00,ff,ff
2019-09-07T19:27:33.502Z,3,129029,150,255,47,ff,ff,ff,ff,ff,ff,ff,00,00,00,00,e8,df,a5,05,00,00,00,00,a0,ee,bb,f5,ff,ff,ff,ff,ff,ff,ff,7f,14,fc,15,6d,01,ff,7f,ff,ff,ff,7f,c4,59,00,10,00
2019-09-07T19:27:33.502Z,2,129025,150,255,8,e0,fb,41,18,c0,88,e8,d3
2019-09-07T19:27:33.502Z,6,129542,150,255,15,ff,6f,0e,ff,ff,ff,ff,ff,ff,ff,ff,ff,ff,ff,ff
2019-09-07T19:27:33.502Z,6,129540,150,255,75,ff,ff,07,02,68,12,44,57,84,03,00,00,00,00,f2,05,5c,1f,e7,28,a4,06,00,00,00,00,f2,0d,5c,2e,db,44,c4,09,00,00,00,00,f2,0f,dc,26,09,89,98,08,00,00,00,00,f2,1d,c5,22,94,a1,34,08,00,00,00,00,f2,1e,8b,09,dc,26,a4,06,00,00,00,00,f2
2019-09-07T19:27:33.568Z,2,127237,172,255,21,3c,c2,1f,39,ef,ff,ff,ff,ff,ff,ff,ff,ff,ff,7f,ff,7f,ff,7f,ff,ff
2019-09-07T19:27:33.568Z,2,127245,172,255,8,fc,f8,39,ef,3b,ef,ff,ff
2019-09-07T19:27:33.568Z,2,130306,110,255,8,00,00,00,f7,d2,fa,ff,ff
2019-09-07T19:27:33.568Z,7,126720,204,255,13,3b,9f,f0,81,84,a6,94,36,42,00,e8,02,05
2019-09-07T19:27:33.568Z,2,127250,204,255,8,ff,86,96,ff,7f,ff,7f,fd
2019-09-07T19:27:33.568Z,2,127251,204,255,8,ff,a1,bb,ff,ff,ff,ff,ff
2019-09-07T19:27:33.568Z,3,129283,8,255,8,ff,7f,ff,ff,ff,7f,ff,ff
2019-09-07T19:27:33.568Z,2,127257,204,255,8,ff,16,a1,fa,fe,81,00,ff
2019-09-07T19:27:33.568Z,2,127245,204,255,8,00,ff,39,ef,3b,ef,ff,ff
2019-09-07T19:27:33.568Z,2,127245,204,255,8,fc,f8,39,ef,ff,7f,ff,ff
2019-09-07T19:27:33.568Z,7,65359,204,255,8,3b,9f,ff,ff,ff,86,96,ff
2019-09-07T19:27:33.568Z,7,65360,204,255,8,3b,9f,ff,ff,ff,f8,8c,ff
2019-09-07T19:27:33.584Z,2,129026,150,255,8,ff,fc,5c,64,b0,00,ff,ff
2019-09-07T19:27:33.584Z,2,129025,150,255,8,c0,fb,41,18,40,89,e8,d3
2019-09-07T19:27:33.632Z,2,127245,172,255,8,fc,f8,39,ef,3b,ef,ff,ff
2019-09-07T19:27:33.632Z,2,130306,110,255,8,00,00,00,f7,d2,fa,ff,ff
2019-09-07T19:27:33.664Z,2,127250,204,255,8,ff,87,96,ff,7f,ff,7f,fd
2019-09-07T19:27:33.664Z,2,127251,204,255,8,ff,de,e6,ff,ff,ff,ff,ff
2019-09-07T19:27:33.664Z,7,126720,204,255,9,3b,9f,f0,81,ae,02,01,0c,a5
2019-09-07T19:27:33.664Z,2,127257,204,255,8,ff,17,a1,f9,fe,81,00,ff
2019-09-07T19:27:33.664Z,2,127245,204,255,8,00,ff,39,ef,3b,ef,ff,ff
2019-09-07T19:27:33.664Z,2,127245,204,255,8,fc,f8,39,ef,ff,7f,ff,ff
2019-09-07T19:27:33.664Z,7,65359,204,255,8,3b,9f,ff,ff,ff,87,96,ff
2019-09-07T19:27:33.664Z,7,65360,204,255,8,3b,9f,ff,ff,ff,f8,8c,ff
2019-09-07T19:27:33.680Z,2,129026,150,255,8,ff,fc,68,64,b0,00,ff,ff
2019-09-07T19:27:33.680Z,2,129025,150,255,8,a0,fb,41,18,40,89,e8,d3
2019-09-07T19:27:33.712Z,4,129038,43,255,28,01,fe,78,f0,15,8b,1e,e8,d3,18,ec,42,18,ed,f8,79,05,00,18,80,08,65,c6,00,00,00,00,ff
2019-09-07T19:27:33.728Z,2,127245,172,255,8,fc,f8,39,ef,3b,ef,ff,ff
2019-09-07T19:27:33.794Z,2,130306,110,255,8,00,00,00,f7,d2,fa,ff,ff
2019-09-07T19:27:33.794Z,2,127250,204,255,8,ff,87,96,ff,7f,ff,7f,fd
2019-09-07T19:27:33.794Z,2,127251,204,255,8,ff,39,cf,ff,ff,ff,ff,ff
2019-09-07T19:27:33.794Z,2,127257,204,255,8,ff,17,a1,f8,fe,81,00,ff
2019-09-07T19:27:33.794Z,2,127245,204,255,8,00,ff,39,ef,3b,ef,ff,ff
2019-09-07T19:27:33.794Z,2,127245,204,255,8,fc,f8,39,ef,ff,7f,ff,ff
2019-09-07T19:27:33.794Z,6,127258,8,255,8,ff,ff,ff,ff,ff,7f,ff,ff
2019-09-07T19:27:33.794Z,7,65359,204,255,8,3b,9f,ff,ff,ff,87,96,ff
2019-09-07T19:27:33.794Z,7,65360,204,255,8,3b,9f,ff,ff,ff,f8,8c,ff
2019-09-07T19:27:33.794Z,2,128259,105,255,8,00,00,00,ff,ff,00,ff,ff
2019-09-07T19:27:33.794Z,6,128275,105,255,14,ff,ff,ff,ff,ff,ff,34,60,52,00,34,60,52,00
2019-09-07T19:27:33.794Z,5,130310,105,255,8,00,09,74,ff,ff,ff,ff,ff
2019-09-07T19:27:33.794Z,5,130312,105,255,8,00,00,00,09,74,ff,ff,ff
2019-09-07T19:27:33.794Z,7,130822,105,255,26,3b,9f,34,60,52,00,34,60,52,00,34,60,52,00,34,60,52,00,34,60,52,00,34,60,52,00
2019-09-07T19:27:33.794Z,2,129026,150,255,8,ff,fc,69,64,b0,00,ff,ff
2019-09-07T19:27:33.794Z,2,129025,150,255,8,60,fb,41,18,80,89,e8,d3
2019-09-07T19:27:33.794Z,2,127237,172,255,21,3c,c2,1f,39,ef,ff,ff,ff,ff,ff,ff,ff,ff,ff,7f,ff,7f,ff,7f,ff,ff
2019-09-07T19:27:33.878Z,2,127245,172,255,8,fc,f8,39,ef,5e,ef,ff,ff
2019-09-07T19:27:33.878Z,2,130306,110,255,8,00,00,00,f7,d2,fa,ff,ff
2019-09-07T19:27:33.878Z,2,127250,204,255,8,ff,86,96,ff,7f,ff,7f,fd
2019-09-07T19:27:33.878Z,2,127251,204,255,8,ff,8b,b3,ff,ff,ff,ff,ff
2019-09-07T19:27:33.878Z,2,127257,204,255,8,ff,16,a1,f7,fe,82,00,ff
2019-09-07T19:27:33.878Z,2,127245,204,255,8,00,ff,39,ef,5e,ef,ff,ff
2019-09-07T19:27:33.878Z,2,127245,204,255,8,fc,f8,39,ef,ff,7f,ff,ff
2019-09-07T19:27:33.878Z,7,65359,204,255,8,3b,9f,ff,ff,ff,86,96,ff
2019-09-07T19:27:33.878Z,7,65360,204,255,8,3b,9f,ff,ff,ff,f8,8c,ff
2019-09-07T19:27:33.878Z,0,262386,0,0,33,01,0e,00,e3,9a,03,00,00,00,00,00,02,0d,02,00,00,00,00,00,00,00,00,21,32,02,07,00,00,00,0b,00,00,00
2019-09-07T19:27:33.878Z,2,129026,150,255,8,ff,fc,6a,64,b0,00,ff,ff
2019-09-07T19:27:33.878Z,2,129025,150,255,8,40,fb,41,18,80,89,e8,d3
2019-09-07T19:27:33.926Z,2,127245,172,255,8,fc,f8,39,ef,5e,ef,ff,ff
2019-09-07T19:27:33.963Z,2,130306,110,255,8,00,00,00,f7,d2,fa,ff,ff
2019-09-07T19:27:33.963Z,2,127250,204,255,8,ff,87,96,ff,7f,ff,7f,fd
2019-09-07T19:27:33.963Z,2,127251,204,255,8,ff,00,ce,ff,ff,ff,ff,ff
2019-09-07T19:27:33.963Z,2,127257,204,255,8,ff,17,a1,f8,fe,7f,00,ff
2019-09-07T19:27:33.963Z,2,127245,204,255,8,00,ff,3a,ef,5e,ef,ff,ff
2019-09-07T19:27:33.963Z,2,127245,204,255,8,fc,f8,3a,ef,ff,7f,ff,ff
2019-09-07T19:27:33.963Z,7,65359,204,255,8,3b,9f,ff,ff,ff,87,96,ff
2019-09-07T19:27:33.963Z,7,65360,204,255,8,3b,9f,ff,ff,ff,f8,8c,ff
2019-09-07T19:27:33.994Z,2,129026,150,255,8,ff,fc,6d,64,b0,00,ff,ff
2019-09-07T19:27:33.994Z,2,129025,150,255,8,40,fb,41,18,80,89,e8,d3
2019-09-07T19:27:33.994Z,4,129039,43,255,27,12,04,85,e8,15,ff,ff,ff,7f,ff,ff,ff,7f,fc,ff,ff,ff,ff,06,00,26,ff,ff,00,74,01,ff
2019-09-07T19:27:34.026Z,2,127237,172,255,21,3c,c2,1f,3a,ef,ff,ff,ff,ff,ff,ff,ff,ff,ff,7f,ff,7f,ff,7f,ff,ff
2019-09-07T19:27:34.085Z,2,127245,172,255,8,fc,f8,3a,ef,3b,ef,ff,ff
2019-09-07T19:27:34.085Z,2,130306,110,255,8,00,00,00,a0,d2,fa,ff,ff
2019-09-07T19:27:34.085Z,2,127250,204,255,8,ff,86,96,ff,7f,ff,7f,fd
2019-09-07T19:27:34.085Z,2,127251,204,255,8,ff,39,88,ff,ff,ff,ff,ff
2019-09-07T19:27:34.085Z,2,127257,204,255,8,ff,16,a1,f6,fe,82,00,ff
2019-09-07T19:27:34.085Z,7,126720,204,255,8,3b,9f,f0,81,9c,a1,14,e8
2019-09-07T19:27:34.085Z,2,127245,204,255,8,00,ff,3a,ef,3b,ef,ff,ff
2019-09-07T19:27:34.085Z,2,127245,204,255,8,fc,f8,3a,ef,ff,7f,ff,ff
2019-09-07T19:27:34.085Z,7,65379,204,255,8,3b,9f,40,00,00,00,02,ff
2019-09-07T19:27:34.085Z,7,65359,204,255,8,3b,9f,ff,ff,ff,86,96,ff
2019-09-07T19:27:34.085Z,7,65360,204,255,8,3b,9f,ff,ff,ff,f8,8c,ff
2019-09-07T19:27:34.085Z,2,129026,150,255,8,ff,fc,7b,64,b0,00,ff,ff
2019-09-07T19:27:34.085Z,2,129025,150,255,8,20,fb,41,18,c0,89,e8,d3
2019-09-07T19:27:34.085Z,7,65396,43,255,8,3b,9f,fd,21,00,fe,ff,ff
2019-09-07T19:27:34.133Z,2,127245,172,255,8,fc,f8,3a,ef,3b,ef,ff,ff
2019-09-07T19:27:34.133Z,2,130306,110,255,8,00,00,00,a0,d2,fa,ff,ff
2019-09-07T19:27:34.165Z,2,127250,204,255,8,ff,87,96,ff,7f,ff,7f,fd
2019-09-07T19:27:34.165Z,2,127251,204,255,8,ff,e5,bd,ff,ff,ff,ff,ff
2019-09-07T19:27:34.165Z,2,127257,204,255,8,ff,17,a1,f8,fe,81,00,ff
2019-09-07T19:27:34.165Z,2,127245,204,255,8,00,ff,3a,ef,3b,ef,ff,ff
2019-09-07T19:27:34.165Z,2,127245,204,255,8,fc,f8,3a,ef,ff,7f,ff,ff
2019-09-07T19:27:34.165Z,7,65359,204,255,8,3b,9f,ff,ff,ff,87,96,ff
2019-09-07T19:27:34.165Z,7,130916,204,255,7,3b,9f,ff,ff,ff,7f,ff
2019-09-07T19:27:34.165Z,7,65360,204,255,8,3b,9f,ff,ff,ff,f8,8c,ff
2019-09-07T19:27:34.181Z,2,129026,150,255,8,ff,fc,8d,64,b0,00,ff,ff
2019-09-07T19:27:34.181Z,2,129025,150,255,8,e0,fa,41,18,00,8a,e8,d3
2019-09-07T19:27:34.229Z,2,127245,172,255,8,fc,f8,3a,ef,5e,ef,ff,ff
2019-09-07T19:27:34.264Z,2,130306,110,255,8,00,00,00,a0,d2,fa,ff,ff
2019-09-07T19:27:34.264Z,2,127250,204,255,8,ff,87,96,ff,7f,ff,7f,fd
2019-09-07T19:27:34.264Z,2,127251,204,255,8,ff,ee,d5,ff,ff,ff,ff,ff
2019-09-07T19:27:34.264Z,2,127257,204,255,8,ff,17,a1,f7,fe,81,00,ff
2019-09-07T19:27:34.264Z,2,127245,204,255,8,00,ff,3a,ef,5e,ef,ff,ff
2019-09-07T19:27:34.264Z,2,127245,204,255,8,fc,f8,3a,ef,ff,7f,ff,ff
2019-09-07T19:27:34.264Z,7,65359,204,255,8,3b,9f,ff,ff,ff,87,96,ff
2019-09-07T19:27:34.264Z,7,65360,204,255,8,3b,9f,ff,ff,ff,f8,8c,ff
2019-09-07T19:27:34.264Z,5,130310,105,255,8,00,09,74,ff,ff,ff,ff,ff
2019-09-07T19:27:34.288Z,2,129026,150,255,8,ff,fc,9f,64,b1,00,ff,ff
2019-09-07T19:27:34.288Z,2,129025,150,255,8,80,fa,41,18,40,8a,e8,d3
2019-09-07T19:27:34.288Z,2,127237,172,255,21,3c,c2,1f,3a,ef,ff,ff,ff,ff,ff,ff,ff,ff,ff,7f,ff,7f,ff,7f,ff,ff
2019-09-07T19:27:34.360Z,2,127245,172,255,8,fc,f8,3a,ef,3b,ef,ff,ff
2019-09-07T19:27:34.360Z,2,130306,110,255,8,00,00,00,a0,d2,fa,ff,ff
2019-09-07T19:27:34.360Z,2,127250,204,255,8,ff,87,96,ff,7f,ff,7f,fd
2019-09-07T19:27:34.360Z,2,127251,204,255,8,ff,ba,c0,ff,ff,ff,ff,ff
2019-09-07T19:27:34.360Z,2,127257,204,255,8,ff,17,a1,f6,fe,80,00,ff
2019-09-07T19:27:34.360Z,2,127245,204,255,8,00,ff,3a,ef,3b,ef,ff,ff
2019-09-07T19:27:34.360Z,2,127245,204,255,8,fc,f8,3a,ef,ff,7f,ff,ff
2019-09-07T19:27:34.360Z,7,65359,204,255,8,3b,9f,ff,ff,ff,87,96,ff
2019-09-07T19:27:34.360Z,7,65360,204,255,8,3b,9f,ff,ff,ff,f8,8c,ff
2019-09-07T19:27:34.376Z,2,129026,150,255,8,ff,fc,b2,64,b1,00,ff,ff
2019-09-07T19:27:34.376Z,2,129025,150,255,8,40,fa,41,18,c0,8a,e8,d3
2019-09-07T19:27:34.392Z,7,65384,6,255,8,3b,9f,00,00,00,00,00,00
2019-09-07T19:27:34.424Z,2,127245,172,255,8,fc,f8,3a,ef,5e,ef,ff,ff
2019-09-07T19:27:34.462Z,2,130306,110,255,8,00,00,00,a0,d2,fa,ff,ff
2019-09-07T19:27:34.462Z,2,127250,204,255,8,ff,85,96,ff,7f,ff,7f,fd
2019-09-07T19:27:34.462Z,2,127251,204,255,8,ff,ae,64,ff,ff,ff,ff,ff
2019-09-07T19:27:34.462Z,2,127257,204,255,8,ff,15,a1,f5,fe,80,00,ff
2019-09-07T19:27:34.462Z,2,127245,204,255,8,00,ff,3c,ef,5e,ef,ff,ff
2019-09-07T19:27:34.462Z,2,127245,204,255,8,fc,f8,3c,ef,ff,7f,ff,ff
2019-09-07T19:27:34.462Z,7,65359,204,255,8,3b,9f,ff,ff,ff,85,96,ff
2019-09-07T19:27:34.462Z,7,65360,204,255,8,3b,9f,ff,ff,ff,f8,8c,ff
2019-09-07T19:27:34.502Z,2,129026,150,255,8,ff,fc,c4,64,b1,00,ff,ff
2019-09-07T19:27:34.502Z,3,129029,150,255,47,ff,ff,ff,ff,ff,ff,ff,00,00,00,00,70,df,a5,05,00,00,00,00,20,ef,bb,f5,ff,ff,ff,ff,ff,ff,ff,7f,14,fc,15,6d,01,ff,7f,ff,ff,ff,7f,c4,59,00,10,00
2019-09-07T19:27:34.502Z,2,129025,150,255,8,e0,f9,41,18,00,8b,e8,d3
2019-09-07T19:27:34.502Z,6,129542,150,255,15,ff,95,0e,ff,ff,ff,ff,ff,ff,ff,ff,ff,ff,ff,ff
2019-09-07T19:27:34.502Z,6,129540,150,255,75,ff,ff,07,02,68,12,44,57,84,03,00,00,00,00,f2,05,5c,1f,e7,28,a4,06,00,00,00,00,f2,0d,5c,2e,db,44,c4,09,00,00,00,00,f2,0f,dc,26,09,89,98,08,00,00,00,00,f2,1d,c5,22,94,a1,34,08,00,00,00,00,f2,1e,8b,09,dc,26,a4,06,00,00,00,00,f2
2019-09-07T19:27:34.568Z,2,127237,172,255,21,3c,c2,1f,3d,ef,ff,ff,ff,ff,ff,ff,ff,ff,ff,7f,ff,7f,ff,7f,ff,ff
2019-09-07T19:27:34.568Z,2,127245,172,255,8,fc,f8,3d,ef,3b,ef,ff,ff
2019-09-07T19:27:34.568Z,2,130306,110,255,8,00,00,00,a0,d2,fa,ff,ff
2019-09-07T19:27:34.568Z,2,127250,204,255,8,ff,86,96,ff,7f,ff,7f,fd
2019-09-07T19:27:34.568Z,2,127251,204,255,8,ff,c2,bd,ff,ff,ff,ff,ff
2019-09-07T19:27:34.568Z,7,126720,204,255,13,3b,9f,f0,81,84,a6,94,36,42,00,e8,02,05
2019-09-07T19:27:34.568Z,2,127257,204,255,8,ff,16,a1,f3,fe,7f,00,ff
2019-09-07T19:27:34.568Z,2,127245,204,255,8,00,ff,3d,ef,3b,ef,ff,ff
2019-09-07T19:27:34.568Z,2,127245,204,255,8,fc,f8,3d,ef,ff,7f,ff,ff
2019-09-07T19:27:34.568Z,3,129283,8,255,8,ff,7f,ff,ff,ff,7f,ff,ff
2019-09-07T19:27:34.568Z,7,65359,204,255,8,3b,9f,ff,ff,ff,87,96,ff
2019-09-07T19:27:34.568Z,7,65360,204,255,8,3b,9f,ff,ff,ff,f8,8c,ff
2019-09-07T19:27:34.584Z,2,129026,150,255,8,ff,fc,ca,64,b2,00,ff,ff
2019-09-07T19:27:34.584Z,2,129025,150,255,8,c0,f9,41,18,00,8b,e8,d3
2019-09-07T19:27:34.632Z,2,127245,172,255,8,fc,f8,3d,ef,3b,ef,ff,ff
2019-09-07T19:27:34.632Z,2,130306,110,255,8,00,00,00,a0,d2,fa,ff,ff
2019-09-07T19:27:34.665Z,2,127250,204,255,8,ff,87,96,ff,7f,ff,7f,fd
2019-09-07T19:27:34.665Z,2,127251,204,255,8,ff,f2,e5,ff,ff,ff,ff,ff
2019-09-07T19:27:34.665Z,7,126720,204,255,9,3b,9f,f0,81,ae,02,01,0c,a5
2019-09-07T19:27:34.665Z,2,127257,204,255,8,ff,17,a1,f2,fe,7f,00,ff
2019-09-07T19:27:34.665Z,2,127245,204,255,8,00,ff,3d,ef,3b,ef,ff,ff
2019-09-07T19:27:34.665Z,2,127245,204,255,8,fc,f8,3d,ef,ff,7f,ff,ff
2019-09-07T19:27:34.665Z,7,65359,204,255,8,3b,9f,ff,ff,ff,87,96,ff
2019-09-07T19:27:34.665Z,7,65360,204,255,8,3b,9f,ff,ff,ff,f8,8c,ff
2019-09-07T19:27:34.681Z,2,129026,150,255,8,ff,fc,c1,64,b2,00,ff,ff
2019-09-07T19:27:34.681Z,2,129025,150,255,8,a0,f9,41,18,40,8b,e8,d3
2019-09-07T19:27:34.729Z,2,127245,172,255,8,fc,f8,3d,ef,5e,ef,ff,ff
2019-09-07T19:27:34.790Z,2,130306,110,255,8,00,00,00,a0,d2,fa,ff,ff
2019-09-07T19:27:34.790Z,2,127250,204,255,8,ff,89,96,ff,7f,ff,7f,fd
2019-09-07T19:27:34.790Z,2,127251,204,255,8,ff,ad,f8,ff,ff,ff,ff,ff
2019-09-07T19:27:34.790Z,2,127257,204,255,8,ff,19,a1,f2,fe,80,00,ff
2019-09-07T19:27:34.790Z,2,127245,204,255,8,00,ff,3d,ef,5e,ef,ff,ff
2019-09-07T19:27:34.790Z,2,127245,204,255,8,fc,f8,3d,ef,ff,7f,ff,ff
2019-09-07T19:27:34.790Z,7,65359,204,255,8,3b,9f,ff,ff,ff,89,96,ff
2019-09-07T19:27:34.790Z,6,127258,8,255,8,ff,ff,ff,ff,ff,7f,ff,ff
2019-09-07T19:27:34.790Z,7,65360,204,255,8,3b,9f,ff,ff,ff,f8,8c,ff
2019-09-07T19:27:34.790Z,2,128259,105,255,8,00,00,00,ff,ff,00,ff,ff
2019-09-07T19:27:34.790Z,6,128275,105,255,14,ff,ff,ff,ff,ff,ff,34,60,52,00,34,60,52,00
2019-09-07T19:27:34.790Z,5,130310,105,255,8,00,09,74,ff,ff,ff,ff,ff
2019-09-07T19:27:34.790Z,7,130822,105,255,26,3b,9f,34,60,52,00,34,60,52,00,34,60,52,00,34,60,52,00,34,60,52,00,34,60,52,00
2019-09-07T19:27:34.790Z,2,129026,150,255,8,ff,fc,b7,64,b2,00,ff,ff
2019-09-07T19:27:34.790Z,2,129025,150,255,8,60,f9,41,18,80,8b,e8,d3
2019-09-07T19:27:34.790Z,2,127237,172,255,21,3c,c2,1f,3d,ef,ff,ff,ff,ff,ff,ff,ff,ff,ff,7f,ff,7f,ff,7f,ff,ff
2019-09-07T19:27:34.882Z,2,127245,172,255,8,fc,f8,3d,ef,3b,ef,ff,ff
2019-09-07T19:27:34.882Z,2,130306,110,255,8,00,00,00,a0,d2,fa,ff,ff
2019-09-07T19:27:34.882Z,2,127250,204,255,8,ff,8c,96,ff,7f,ff,7f,fd
2019-09-07T19:27:34.882Z,2,127251,204,255,8,ff,9e,3b,00,00,ff,ff,ff
2019-09-07T19:27:34.882Z,2,127257,204,255,8,ff,1c,a1,f0,fe,7e,00,ff
2019-09-07T19:27:34.882Z,2,127245,204,255,8,00,ff,3d,ef,3b,ef,ff,ff
2019-09-07T19:27:34.882Z,2,127245,204,255,8,fc,f8,3d,ef,ff,7f,ff,ff
2019-09-07T19:27:34.882Z,7,65359,204,255,8,3b,9f,ff,ff,ff,8c,96,ff
2019-09-07T19:27:34.882Z,7,65360,204,255,8,3b,9f,ff,ff,ff,f8,8c,ff
2019-09-07T19:27:34.882Z,4,129038,43,255,28,03,9e,28,ec,15,a8,67,e8,d3,72,ab,42,18,05,65,cc,1e,00,81,12,08,dc,26,ff,7f,00,00,ff
2019-09-07T19:27:34.882Z,0,262386,0,0,33,01,0e,00,e3,9a,03,00,00,00,00,00,02,0d,02,00,00,00,00,00,00,00,00,20,35,02,07,00,00,00,0b,00,00,00
2019-09-07T19:27:34.882Z,2,129026,150,255,8,ff,fc,ab,64,b2,00,ff,ff
2019-09-07T19:27:34.882Z,2,129025,150,255,8,20,f9,41,18,c0,8b,e8,d3
2019-09-07T19:27:34.930Z,2,127245,172,255,8,fc,f8,3d,ef,3b,ef,ff,ff
2019-09-07T19:27:34.930Z,2,130306,110,255,8,00,00,00,a0,d2,fa,ff,ff
2019-09-07T19:27:34.960Z,2,127250,204,255,8,ff,8b,96,ff,7f,ff,7f,fd
2019-09-07T19:27:34.960Z,2,127251,204,255,8,ff,b9,f9,ff,ff,ff,ff,ff
2019-09-07T19:27:34.960Z,2,127257,204,255,8,ff,1b,a1,f1,fe,7f,00,ff
2019-09-07T19:27:34.960Z,2,127245,204,255,8,00,ff,3d,ef,3b,ef,ff,ff
2019-09-07T19:27:34.960Z,2,127245,204,255,8,fc,f8,3d,ef,ff,7f,ff,ff
2019-09-07T19:27:34.960Z,7,65359,204,255,8,3b,9f,ff,ff,ff,8a,96,ff
2019-09-07T19:27:34.960Z,7,65360,204,255,8,3b,9f,ff,ff,ff,f8,8c,ff
2019-09-07T19:27:34.976Z,2,129026,150,255,8,ff,fc,9d,64,b3,00,ff,ff
2019-09-07T19:27:34.976Z,2,129025,150,255,8,00,f9,41,18,00,8c,e8,d3
2019-09-07T19:27:35.013Z,4,129039,43,255,27,12,04,85,e8,15,ff,ff,ff,7f,ff,ff,ff,7f,fc,ff,ff,ff,ff,06,00,26,ff,ff,00,74,01,ff
2019-09-07T19:27:35.013Z,3,126208,6,204,21,00,00,ef,01,ff,ff,ff,ff,ff,ff,04,01,3b,07,03,04,04,6c,05,1a,50
2019-09-07T19:27:35.013Z,7,126720,204,6,13,3b,9f,6c,1a,50,ff,7f,ff,7f,ff,7f,ff,7f
2019-09-07T19:27:35.068Z,2,127237,172,255,21,3c,c2,1f,3d,ef,ff,ff,ff,ff,ff,ff,ff,ff,ff,7f,ff,7f,ff,7f,ff,ff
2019-09-07T19:27:35.068Z,2,127245,172,255,8,fc,f8,3d,ef,3b,ef,ff,ff
2019-09-07T19:27:35.068Z,2,130306,110,255,8,00,00,00,a0,d2,fa,ff,ff
2019-09-07T19:27:35.068Z,2,127250,204,255,8,ff,8c,96,ff,7f,ff,7f,fd
2019-09-07T19:27:35.068Z,2,127251,204,255,8,ff,56,09,00,00,ff,ff,ff
2019-09-07T19:27:35.068Z,7,126720,204,255,8,3b,9f,f0,81,9c,a1,14,e8
2019-09-07T19:27:35.068Z,2,127257,204,255,8,ff,1c,a1,f0,fe,7f,00,ff
2019-09-07T19:27:35.068Z,2,127245,204,255,8,00,ff,3d,ef,3b,ef,ff,ff
2019-09-07T19:27:35.068Z,2,127245,204,255,8,fc,f8,3d,ef,ff,7f,ff,ff
2019-09-07T19:27:35.068Z,7,65379,204,255,8,3b,9f,40,00,00,00,02,ff
2019-09-07T19:27:35.068Z,7,65359,204,255,8,3b,9f,ff,ff,ff,8c,96,ff
2019-09-07T19:27:35.068Z,7,65360,204,255,8,3b,9f,ff,ff,ff,f8,8c,ff
2019-09-07T19:27:35.084Z,2,129026,150,255,8,ff,fc,9d,64,b3,00,ff,ff
2019-09-07T19:27:35.084Z,2,129025,150,255,8,c0,f8,41,18,80,8c,e8,d3
2019-09-07T19:27:35.132Z,2,127245,172,255,8,fc,f8,3d,ef,3b,ef,ff,ff
2019-09-07T19:27:35.132Z,2,130306,110,255,8,00,00,00,a0,d2,fa,ff,ff
2019-09-07T19:27:35.164Z,2,127250,204,255,8,ff,8b,96,ff,7f,ff,7f,fd
2019-09-07T19:27:35.164Z,2,127251,204,255,8,ff,49,f6,ff,ff,ff,ff,ff
2019-09-07T19:27:35.164Z,2,127257,204,255,8,ff,1c,a1,f0,fe,80,00,ff
2019-09-07T19:27:35.164Z,2,127245,204,255,8,00,ff,3d,ef,3b,ef,ff,ff
2019-09-07T19:27:35.164Z,2,127245,204,255,8,fc,f8,3d,ef,ff,7f,ff,ff
2019-09-07T19:27:35.164Z,7,65359,204,255,8,3b,9f,ff,ff,ff,8b,96,ff
2019-09-07T19:27:35.164Z,7,130916,204,255,7,3b,9f,ff,ff,ff,7f,ff
2019-09-07T19:27:35.164Z,7,65360,204,255,8,3b,9f,ff,ff,ff,f8,8c,ff
2019-09-07T19:27:35.164Z,7,126720,6,255,7,3b,9f,f0,81,90,00,03
2019-09-07T19:27:35.180Z,2,129026,150,255,8,ff,fc,87,64,b4,00,ff,ff
2019-09-07T19:27:35.180Z,2,129025,150,255,8,a0,f8,41,18,80,8c,e8,d3
2019-09-07T19:27:35.228Z,2,127245,172,255,8,fc,f8,3d,ef,3b,ef,ff,ff
2019-09-07T19:27:35.263Z,2,130306,110,255,8,00,00,00,a0,d2,fa,ff,ff
2019-09-07T19:27:35.263Z,2,127250,204,255,8,ff,8c,96,ff,7f,ff,7f,fd
2019-09-07T19:27:35.263Z,2,127251,204,255,8,ff,00,f5,ff,ff,ff,ff,ff
2019-09-07T19:27:35.263Z,2,127257,204,255,8,ff,1c,a1,f0,fe,7f,00,ff
2019-09-07T19:27:35.263Z,2,127245,204,255,8,00,ff,3d,ef,3b,ef,ff,ff
2019-09-07T19:27:35.263Z,2,127245,204,255,8,fc,f8,3d,ef,ff,7f,ff,ff
2019-09-07T19:27:35.263Z,7,65359,204,255,8,3b,9f,ff,ff,ff,8c,96,ff
2019-09-07T19:27:35.263Z,7,65360,204,255,8,3b,9f,ff,ff,ff,f8,8c,ff
2019-09-07T19:27:35.263Z,5,130310,105,255,8,00,09,74,ff,ff,ff,ff,ff
2019-09-07T19:27:35.293Z,2,129026,150,255,8,ff,fc,7a,64,b4,00,ff,ff
2019-09-07T19:27:35.293Z,2,129025,150,255,8,60,f8,41,18,80,8c,e8,d3
2019-09-07T19:27:35.293Z,6,129044,150,255,20,57,38,34,00,00,00,00,00,00,00,00,00,00,00,00,00,57,38,34,00
2019-09-07T19:27:35.293Z,2,127237,172,255,21,3c,c2,1f,3d,ef,ff,ff,ff,ff,ff,ff,ff,ff,ff,7f,ff,7f,ff,7f,ff,ff
2019-09-07T19:27:35.325Z,2,127245,172,255,8,fc,f8,3d,ef,3b,ef,ff,ff
2019-09-07T19:27:35.363Z,2,130306,110,255,8,00,00,00,a0,d2,fa,ff,ff
2019-09-07T19:27:35.363Z,2,127250,204,255,8,ff,89,96,ff,7f,ff,7f,fd
2019-09-07T19:27:35.363Z,2,127251,204,255,8,ff,26,8d,ff,ff,ff,ff,ff
2019-09-07T19:27:35.363Z,2,127257,204,255,8,ff,19,a1,f0,fe,7d,00,ff
2019-09-07T19:27:35.363Z,2,127245,204,255,8,00,ff,3e,ef,3b,ef,ff,ff
2019-09-07T19:27:35.363Z,2,127245,204,255,8,fc,f8,3e,ef,ff,7f,ff,ff
2019-09-07T19:27:35.363Z,7,65359,204,255,8,3b,9f,ff,ff,ff,89,96,ff
2019-09-07T19:27:35.363Z,7,65360,204,255,8,3b,9f,ff,ff,ff,f8,8c,ff
2019-09-07T19:27:35.379Z,2,129026,150,255,8,ff,fc,6b,64,b4,00,ff,ff
2019-09-07T19:27:35.379Z,2,129025,150,255,8,60,f8,41,18,80,8c,e8,d3
2019-09-07T19:27:35.395Z,7,65384,6,255,8,3b,9f,00,00,00,00,00,00
2019-09-07T19:27:35.427Z,2,127245,172,255,8,fc,f8,3e,ef,5e,ef,ff,ff
2019-09-07T19:27:35.462Z,2,130306,110,255,8,00,00,00,a0,d2,fa,ff,ff
2019-09-07T19:27:35.462Z,2,127250,204,255,8,ff,89,96,ff,7f,ff,7f,fd
2019-09-07T19:27:35.462Z,2,127251,204,255,8,ff,83,96,ff,ff,ff,ff,ff
2019-09-07T19:27:35.462Z,2,127257,204,255,8,ff,19,a1,f2,fe,7c,00,ff
2019-09-07T19:27:35.462Z,2,127245,204,255,8,00,ff,3e,ef,5e,ef,ff,ff
2019-09-07T19:27:35.462Z,2,127245,204,255,8,fc,f8,3e,ef,ff,7f,ff,ff
2019-09-07T19:27:35.462Z,7,65359,204,255,8,3b,9f,ff,ff,ff,89,96,ff
2019-09-07T19:27:35.462Z,7,65360,204,255,8,3b,9f,ff,ff,ff,f8,8c,ff
2019-09-07T19:27:35.502Z,2,129026,150,255,8,ff,fc,5a,64,b5,00,ff,ff
2019-09-07T19:27:35.502Z,3,129029,150,255,47,ff,ff,ff,ff,ff,ff,ff,00,00,00,00,18,df,a5,05,00,00,00,00,70,ef,bb,f5,ff,ff,ff,ff,ff,ff,ff,7f,14,fc,15,6d,01,ff,7f,ff,ff,ff,7f,c4,59,00,10,00
2019-09-07T19:27:35.502Z,2,129025,150,255,8,60,f8,41,18,80,8c,e8,d3
2019-09-07T19:27:35.502Z,6,129542,150,255,15,ff,b7,0e,ff,ff,ff,ff,ff,ff,ff,ff,ff,ff,ff,ff
2019-09-07T19:27:35.502Z,6,129540,150,255,75,ff,ff,07,02,68,12,44,57,bc,02,00,00,00,00,f2,05,5c,1f,e7,28,40,06,00,00,00,00,f2,0d,5c,2e,db,44,c4,09,00,00,00,00,f2,0f,dc,26,09,89,34,08,00,00,00,00,f2,1d,c5,22,94,a1,d0,07,00,00,00,00,f2,1e,8b,09,dc,26,40,06,00,00,00,00,f2
2019-09-07T19:27:35.585Z,2,127237,172,255,21,3c,c2,1f,3e,ef,ff,ff,ff,ff,ff,ff,ff,ff,ff,7f,ff,7f,ff,7f,ff,ff
2019-09-07T19:27:35.585Z,2,127245,172,255,8,fc,f8,3e,ef,3b,ef,ff,ff
2019-09-07T19:27:35.585Z,2,130306,110,255,8,00,00,00,a0,d2,fa,ff,ff
2019-09-07T19:27:35.585Z,2,127250,204,255,8,ff,8a,96,ff,7f,ff,7f,fd
2019-09-07T19:27:35.585Z,2,127251,204,255,8,ff,de,ba,ff,ff,ff,ff,ff
2019-09-07T19:27:35.585Z,7,126720,204,255,13,3b,9f,f0,81,84,a6,94,36,42,00,e8,02,05
2019-09-07T19:27:35.585Z,2,127257,204,255,8,ff,1a,a1,f2,fe,7c,00,ff
2019-09-07T19:27:35.585Z,2,127245,204,255,8,00,ff,3e,ef,3b,ef,ff,ff
2019-09-07T19:27:35.585Z,2,127245,204,255,8,fc,f8,3e,ef,ff,7f,ff,ff
2019-09-07T19:27:35.585Z,3,129283,8,255,8,ff,7f,ff,ff,ff,7f,ff,ff
2019-09-07T19:27:35.585Z,7,65359,204,255,8,3b,9f,ff,ff,ff,8a,96,ff
2019-09-07T19:27:35.585Z,7,65360,204,255,8,3b,9f,ff,ff,ff,f8,8c,ff
2019-09-07T19:27:35.585Z,3,126208,204,172,20,00,00,ef,01,ff,ff,ff,ff,ff,ff,04,01,3b,07,03,04,04,5c,05,0f
2019-09-07T19:27:35.585Z,7,126720,172,204,15,3b,9f,5c,0f,02,01,ff,01,06,ff,02,ff,01,06,ff
2019-09-07T19:27:35.585Z,2,129026,150,255,8,ff,fc,46,64,b5,00,ff,ff
2019-09-07T19:27:35.585Z,2,129025,150,255,8,40,f8,41,18,c0,8c,e8,d3
2019-09-07T19:27:35.633Z,2,127245,172,255,8,fc,f8,3e,ef,5e,ef,ff,ff
2019-09-07T19:27:35.633Z,2,130306,110,255,8,00,00,00,a0,d2,fa,ff,ff
2019-09-07T19:27:35.665Z,2,127250,204,255,8,ff,8b,96,ff,7f,ff,7f,fd
2019-09-07T19:27:35.665Z,2,127251,204,255,8,ff,83,e7,ff,ff,ff,ff,ff
2019-09-07T19:27:35.665Z,7,126720,204,255,9,3b,9f,f0,81,ae,02,01,0c,a5
2019-09-07T19:27:35.665Z,2,127257,204,255,8,ff,1b,a1,f1,fe,7c,00,ff
2019-09-07T19:27:35.665Z,2,127245,204,255,8,00,ff,3e,ef,5e,ef,ff,ff
2019-09-07T19:27:35.665Z,2,127245,204,255,8,fc,f8,3e,ef,ff,7f,ff,ff
2019-09-07T19:27:35.665Z,7,65359,204,255,8,3b,9f,ff,ff,ff,8b,96,ff
2019-09-07T19:27:35.665Z,7,65360,204,255,8,3b,9f,ff,ff,ff,f8,8c,ff
2019-09-07T19:27:35.681Z,2,129026,150,255,8,ff,fc,2d,64,b5,00,ff,ff
2019-09-07T19:27:35.681Z,2,129025,150,255,8,40,f8,41,18,c0,8c,e8,d3
2019-09-07T19:27:35.729Z,2,127245,172,255,8,fc,f8,3e,ef,3b,ef,ff,ff
2019-09-07T19:27:35.795Z,2,130306,110,255,8,00,00,00,a0,d2,fa,ff,ff
2019-09-07T19:27:35.795Z,2,127250,204,255,8,ff,8b,96,ff,7f,ff,7f,fd
2019-09-07T19:27:35.795Z,2,127251,204,255,8,ff,64,d4,ff,ff,ff,ff,ff
2019-09-07T19:27:35.795Z,2,127257,204,255,8,ff,1b,a1,f0,fe,7c,00,ff
2019-09-07T19:27:35.795Z,2,127245,204,255,8,00,ff,3e,ef,3b,ef,ff,ff
2019-09-07T19:27:35.795Z,2,127245,204,255,8,fc,f8,3e,ef,ff,7f,ff,ff
2019-09-07T19:27:35.795Z,7,65359,204,255,8,3b,9f,ff,ff,ff,8b,96,ff
2019-09-07T19:27:35.795Z,7,65360,204,255,8,3b,9f,ff,ff,ff,f8,8c,ff
2019-09-07T19:27:35.795Z,6,127258,8,255,8,ff,ff,ff,ff,ff,7f,ff,ff
2019-09-07T19:27:35.795Z,2,128259,105,255,8,00,00,00,ff,ff,00,ff,ff
2019-09-07T19:27:35.795Z,6,128275,105,255,14,ff,ff,ff,ff,ff,ff,34,60,52,00,34,60,52,00
2019-09-07T19:27:35.795Z,5,130310,105,255,8,00,09,74,ff,ff,ff,ff,ff
2019-09-07T19:27:35.795Z,5,130312,105,255,8,00,00,00,09,74,ff,ff,ff
2019-09-07T19:27:35.795Z,7,130822,105,255,26,3b,9f,34,60,52,00,34,60,52,00,34,60,52,00,34,60,52,00,34,60,52,00,34,60,52,00
2019-09-07T19:27:35.795Z,2,129026,150,255,8,ff,fc,0b,64,b5,00,ff,ff
2019-09-07T19:27:35.795Z,2,129025,150,255,8,20,f8,41,18,c0,8c,e8,d3
2019-09-07T19:27:35.795Z,2,127237,172,255,21,3c,c2,1f,3e,ef,ff,ff,ff,ff,ff,ff,ff,ff,ff,7f,ff,7f,ff,7f,ff,ff
2019-09-07T19:27:35.827Z,2,127245,172,255,8,fc,f8,3e,ef,5e,ef,ff,ff
2019-09-07T19:27:35.863Z,2,130306,110,255,8,00,00,00,a0,d2,fa,ff,ff
2019-09-07T19:27:35.863Z,2,127250,204,255,8,ff,89,96,ff,7f,ff,7f,fd
2019-09-07T19:27:35.863Z,2,127251,204,255,8,ff,41,85,ff,ff,ff,ff,ff
2019-09-07T19:27:35.863Z,2,127257,204,255,8,ff,19,a1,f1,fe,7d,00,ff
2019-09-07T19:27:35.863Z,2,127245,204,255,8,00,ff,3f,ef,5e,ef,ff,ff
2019-09-07T19:27:35.863Z,2,127245,204,255,8,fc,f8,3f,ef,ff,7f,ff,ff
2019-09-07T19:27:35.863Z,7,65359,204,255,8,3b,9f,ff,ff,ff,89,96,ff
2019-09-07T19:27:35.863Z,7,65360,204,255,8,3b,9f,ff,ff,ff,f8,8c,ff
2019-09-07T19:27:35.879Z,0,262386,0,0,33,01,0e,00,e3,9a,03,00,00,00,00,00,02,0d,04,00,00,00,00,00,00,00,00,21,39,02,07,00,00,00,0b,00,00,00
2019-09-07T19:27:35.879Z,2,129026,150,255,8,ff,fc,29,63,b4,00,ff,ff
2019-09-07T19:27:35.879Z,2,129025,150,255,8,20,f8,41,18,00,8d,e8,d3
2019-09-07T19:27:35.927Z,2,127245,172,255,8,fc,f8,3f,ef,3b,ef,ff,ff
2019-09-07T19:27:35.963Z,2,130306,110,255,8,00,00,00,a0,d2,fa,ff,ff
2019-09-07T19:27:35.963Z,2,127250,204,255,8,ff,89,96,ff,7f,ff,7f,fd
2019-09-07T19:27:35.963Z,2,127251,204,255,8,ff,47,8b,ff,ff,ff,ff,ff
2019-09-07T19:27:35.963Z,2,127257,204,255,8,ff,19,a1,f0,fe,7d,00,ff
2019-09-07T19:27:35.963Z,2,127245,204,255,8,00,ff,40,ef,3b,ef,ff,ff
2019-09-07T19:27:35.963Z,2,127245,204,255,8,fc,f8,40,ef,ff,7f,ff,ff
2019-09-07T19:27:35.963Z,7,65359,204,255,8,3b,9f,ff,ff,ff,89,96,ff
2019-09-07T19:27:35.963Z,7,65360,204,255,8,3b,9f,ff,ff,ff,f8,8c,ff
2019-09-07T19:27:35.979Z,2,129026,150,255,8,ff,fc,3f,62,b4,00,ff,ff
2019-09-07T19:27:35.979Z,2,129025,150,255,8,00,f8,41,18,40,8d,e8,d3
2019-09-07T19:27:36.067Z,4,129039,43,255,27,12,04,85,e8,15,ff,ff,ff,7f,ff,ff,ff,7f,fc,ff,ff,ff,ff,06,00,26,ff,ff,00,74,01,ff
2019-09-07T19:27:36.067Z,2,127237,172,255,21,3c,c2,1f,40,ef,ff,ff,ff,ff,ff,ff,ff,ff,ff,7f,ff,7f,ff,7f,ff,ff
2019-09-07T19:27:36.067Z,2,127245,172,255,8,fc,f8,40,ef,3b,ef,ff,ff
2019-09-07T19:27:36.067Z,2,130306,110,255,8,00,00,00,a0,d2,fa,ff,ff
2019-09-07T19:27:36.067Z,2,127250,204,255,8,ff,89,96,ff,7f,ff,7f,fd
2019-09-07T19:27:36.067Z,2,127251,204,255,8,ff,e1,8f,ff,ff,ff,ff,ff
2019-09-07T19:27:36.067Z,7,126720,204,255,8,3b,9f,f0,81,9c,a1,14,e8
2019-09-07T19:27:36.067Z,2,127257,204,255,8,ff,19,a1,f2,fe,7c,00,ff
2019-09-07T19:27:36.067Z,2,127245,204,255,8,00,ff,40,ef,3b,ef,ff,ff
2019-09-07T19:27:36.067Z,2,127245,204,255,8,fc,f8,40,ef,ff,7f,ff,ff
2019-09-07T19:27:36.067Z,7,65379,204,255,8,3b,9f,40,00,00,00,02,ff
2019-09-07T19:27:36.067Z,7,65359,204,255,8,3b,9f,ff,ff,ff,89,96,ff
2019-09-07T19:27:36.067Z,7,65360,204,255,8,3b,9f,ff,ff,ff,f8,8c,ff
2019-09-07T19:27:36.083Z,2,129026,150,255,8,ff,fc,15,62,b3,00,ff,ff
2019-09-07T19:27:36.083Z,2,129025,150,255,8,e0,f7,41,18,40,8d,e8,d3
2019-09-07T19:27:36.131Z,2,127245,172,255,8,fc,f8,40,ef,5e,ef,ff,ff
2019-09-07T19:27:36.131Z,2,130306,110,255,8,00,00,00,a0,d2,fa,ff,ff
2019-09-07T19:27:36.165Z,2,127250,204,255,8,ff,8a,96,ff,7f,ff,7f,fd
2019-09-07T19:27:36.165Z,2,127251,204,255,8,ff,ad,bc,ff,ff,ff,ff,ff
2019-09-07T19:27:36.165Z,2,127257,204,255,8,ff,1a,a1,f3,fe,7a,00,ff
2019-09-07T19:27:36.165Z,2,127245,204,255,8,00,ff,40,ef,5e,ef,ff,ff
2019-09-07T19:27:36.165Z,2,127245,204,255,8,fc,f8,40,ef,ff,7f,ff,ff
2019-09-07T19:27:36.165Z,7,65359,204,255,8,3b,9f,ff,ff,ff,8a,96,ff
2019-09-07T19:27:36.165Z,7,130916,204,255,7,3b,9f,ff,ff,ff,7f,ff
2019-09-07T19:27:36.165Z,7,65360,204,255,8,3b,9f,ff,ff,ff,f8,8c,ff
2019-09-07T19:27:36.181Z,2,129026,150,255,8,ff,fc,ee,61,b3,00,ff,ff
2019-09-07T19:27:36.181Z,2,129025,150,255,8,e0,f7,41,18,40,8d,e8,d3
2019-09-07T19:27:36.229Z,2,127245,172,255,8,fc,f8,40,ef,5e,ef,ff,ff
2019-09-07T19:27:36.264Z,2,130306,110,255,8,00,00,00,a0,d2,fa,ff,ff
2019-09-07T19:27:36.264Z,2,127250,204,255,8,ff,89,96,ff,7f,ff,7f,fd
2019-09-07T19:27:36.264Z,2,127251,204,255,8,ff,dc,af,ff,ff,ff,ff,ff
2019-09-07T19:27:36.264Z,2,127257,204,255,8,ff,1a,a1,f4,fe,7a,00,ff
2019-09-07T19:27:36.264Z,2,127245,204,255,8,00,ff,40,ef,5e,ef,ff,ff
2019-09-07T19:27:36.264Z,2,127245,204,255,8,fc,f8,40,ef,ff,7f,ff,ff
2019-09-07T19:27:36.264Z,7,65359,204,255,8,3b,9f,ff,ff,ff,89,96,ff
2019-09-07T19:27:36.264Z,7,65360,204,255,8,3b,9f,ff,ff,ff,f8,8c,ff
2019-09-07T19:27:36.264Z,5,130310,105,255,8,00,09,74,ff,ff,ff,ff,ff
2019-09-07T19:27:36.288Z,2,129026,150,255,8,ff,fc,ce,61,b3,00,ff,ff
2019-09-07T19:27:36.288Z,2,129025,150,255,8,e0,f7,41,18,40,8d,e8,d3
2019-09-07T19:27:36.288Z,2,127237,172,255,21,3c,c2,1f,40,ef,ff,ff,ff,ff,ff,ff,ff,ff,ff,7f,ff,7f,ff,7f,ff,ff
2019-09-07T19:27:36.360Z,2,127245,172,255,8,fc,f8,40,ef,3b,ef,ff,ff
2019-09-07T19:27:36.360Z,2,130306,110,255,8,00,00,00,a0,d2,fa,ff,ff
2019-09-07T19:27:36.360Z,2,127250,204,255,8,ff,8a,96,ff,7f,ff,7f,fd
2019-09-07T19:27:36.360Z,2,127251,204,255,8,ff,73,c6,ff,ff,ff,ff,ff
2019-09-07T19:27:36.360Z,2,127257,204,255,8,ff,1b,a1,f5,fe,79,00,ff
2019-09-07T19:27:36.360Z,2,127245,204,255,8,00,ff,40,ef,3b,ef,ff,ff
2019-09-07T19:27:36.360Z,2,127245,204,255,8,fc,f8,40,ef,ff,7f,ff,ff
2019-09-07T19:27:36.360Z,7,65359,204,255,8,3b,9f,ff,ff,ff,8a,96,ff
2019-09-07T19:27:36.360Z,7,65360,204,255,8,3b,9f,ff,ff,ff,f8,8c,ff
2019-09-07T19:27:36.376Z,2,129026,150,255,8,ff,fc,25,61,b0,00,ff,ff
2019-09-07T19:27:36.376Z,2,129025,150,255,8,60,f8,41,18,80,8c,e8,d3
2019-09-07T19:27:36.392Z,7,65384,6,255,8,3b,9f,00,00,00,00,00,00
2019-09-07T19:27:36.424Z,2,127245,172,255,8,fc,f8,40,ef,3b,ef,ff,ff
2019-09-07T19:27:36.462Z,2,130306,110,255,8,00,00,00,a0,d2,fa,ff,ff
2019-09-07T19:27:36.462Z,2,127250,204,255,8,ff,8b,96,ff,7f,ff,7f,fd
2019-09-07T19:27:36.462Z,2,127251,204,255,8,ff,30,c2,ff,ff,ff,ff,ff
2019-09-07T19:27:36.462Z,2,127257,204,255,8,ff,1b,a1,f6,fe,79,00,ff
2019-09-07T19:27:36.462Z,2,127245,204,255,8,00,ff,40,ef,3b,ef,ff,ff
2019-09-07T19:27:36.462Z,2,127245,204,255,8,fc,f8,40,ef,ff,7f,ff,ff
2019-09-07T19:27:36.462Z,7,65359,204,255,8,3b,9f,ff,ff,ff,8b,96,ff
2019-09-07T19:27:36.462Z,7,65360,204,255,8,3b,9f,ff,ff,ff,f8,8c,ff
2019-09-07T19:27:36.502Z,2,129026,150,255,8,ff,fc,0a,61,af,00,ff,ff
2019-09-07T19:27:36.502Z,3,129029,150,255,47,ff,ff,ff,ff,ff,ff,ff,00,00,00,00,10,df,a5,05,00,00,00,00,80,ef,bb,f5,ff,ff,ff,ff,ff,ff,ff,7f,14,fc,15,6d,01,ff,7f,ff,ff,ff,7f,c4,59,00,10,00
2019-09-07T19:27:36.502Z,2,129025,150,255,8,40,f8,41,18,c0,8c,e8,d3
2019-09-07T19:27:36.502Z,6,129542,150,255,15,ff,a4,0e,ff,ff,ff,ff,ff,ff,ff,ff,ff,ff,ff,ff
2019-09-07T19:27:36.502Z,6,129540,150,255,75,ff,ff,07,02,68,12,44,57,bc,02,00,00,00,00,f2,05,5c,1f,e7,28,40,06,00,00,00,00,f2,0d,5c,2e,db,44,c4,09,00,00,00,00,f2,0f,dc,26,09,89,34,08,00,00,00,00,f2,1d,c5,22,94,a1,d0,07,00,00,00,00,f2,1e,8b,09,dc,26,40,06,00,00,00,00,f2
2019-09-07T19:27:36.583Z,2,127237,172,255,21,3c,c2,1f,40,ef,ff,ff,ff,ff,ff,ff,ff,ff,ff,7f,ff,7f,ff,7f,ff,ff
2019-09-07T19:27:36.583Z,2,127245,172,255,8,fc,f8,40,ef,3b,ef,ff,ff
2019-09-07T19:27:36.583Z,2,130306,110,255,8,00,00,00,a0,d2,fa,ff,ff
2019-09-07T19:27:36.583Z,7,126720,204,255,13,3b,9f,f0,81,84,a6,94,36,42,00,e8,02,05
2019-09-07T19:27:36.583Z,2,127250,204,255,8,ff,8d,96,ff,7f,ff,7f,fd
2019-09-07T19:27:36.583Z,2,127251,204,255,8,ff,95,fa,ff,ff,ff,ff,ff
2019-09-07T19:27:36.583Z,2,127257,204,255,8,ff,1d,a1,f6,fe,78,00,ff
2019-09-07T19:27:36.583Z,2,127245,204,255,8,00,ff,40,ef,3b,ef,ff,ff
2019-09-07T19:27:36.583Z,2,127245,204,255,8,fc,f8,40,ef,ff,7f,ff,ff
2019-09-07T19:27:36.583Z,7,65359,204,255,8,3b,9f,ff,ff,ff,8d,96,ff
2019-09-07T19:27:36.583Z,7,65360,204,255,8,3b,9f,ff,ff,ff,f8,8c,ff
2019-09-07T19:27:36.583Z,3,129283,8,255,8,ff,7f,ff,ff,ff,7f,ff,ff
2019-09-07T19:27:36.583Z,6,129794,43,255,76,05,fe,78,f0,15,00,00,00,00,40,40,40,40,40,40,40,55,4e,49,54,59,20,20,20,20,20,20,20,20,20,20,20,20,20,20,20,3c,18,01,5a,00,14,00,aa,00,97,47,80,30,3d,12,00,00,4e,59,2c,4e,59,20,20,20,20,20,20,20,20,20,20,20,20,20,20,20,06,01,ff
2019-09-07T19:27:36.583Z,2,129026,150,255,8,ff,fc,f2,60,af,00,ff,ff
2019-09-07T19:27:36.583Z,2,129025,150,255,8,00,f8,41,18,00,8d,e8,d3
2019-09-07T19:27:36.609Z,3,126208,6,204,21,00,00,ef,01,ff,ff,ff,ff,ff,ff,04,01,3b,07,03,04,04,6c,05,23,50
2019-09-07T19:27:36.609Z,7,126720,204,6,9,3b,9f,6c,23,50,80,80,80,00
2019-09-07T19:27:36.625Z,2,127245,172,255,8,fc,f8,40,ef,3b,ef,ff,ff
2019-09-07T19:27:36.663Z,2,130306,110,255,8,00,00,00,a0,d2,fa,ff,ff
2019-09-07T19:27:36.663Z,2,127250,204,255,8,ff,8e,96,ff,7f,ff,7f,fd
2019-09-07T19:27:36.663Z,7,126720,204,255,9,3b,9f,f0,81,ae,02,01,0c,a5
2019-09-07T19:27:36.663Z,2,127251,204,255,8,ff,5e,1c,00,00,ff,ff,ff
2019-09-07T19:27:36.663Z,2,127257,204,255,8,ff,1e,a1,f6,fe,77,00,ff
2019-09-07T19:27:36.663Z,2,127245,204,255,8,00,ff,40,ef,3b,ef,ff,ff
2019-09-07T19:27:36.663Z,2,127245,204,255,8,fc,f8,40,ef,ff,7f,ff,ff
2019-09-07T19:27:36.663Z,7,65359,204,255,8,3b,9f,ff,ff,ff,8e,96,ff
2019-09-07T19:27:36.663Z,7,65360,204,255,8,3b,9f,ff,ff,ff,f8,8c,ff
2019-09-07T19:27:36.679Z,2,129026,150,255,8,ff,fc,df,60,af,00,ff,ff
2019-09-07T19:27:36.679Z,2,129025,150,255,8,c0,f7,41,18,40,8d,e8,d3
2019-09-07T19:27:36.727Z,2,127245,172,255,8,fc,f8,40,ef,5e,ef,ff,ff
2019-09-07T19:27:36.793Z,2,130306,110,255,8,00,00,00,a0,d2,fa,ff,ff
2019-09-07T19:27:36.793Z,2,127250,204,255,8,ff,91,96,ff,7f,ff,7f,fd
2019-09-07T19:27:36.793Z,2,127251,204,255,8,ff,05,50,00,00,ff,ff,ff
2019-09-07T19:27:36.793Z,2,127257,204,255,8,ff,21,a1,f8,fe,76,00,ff
2019-09-07T19:27:36.793Z,2,127245,204,255,8,00,ff,40,ef,5e,ef,ff,ff
2019-09-07T19:27:36.793Z,2,127245,204,255,8,fc,f8,40,ef,ff,7f,ff,ff
2019-09-07T19:27:36.793Z,7,65359,204,255,8,3b,9f,ff,ff,ff,91,96,ff
2019-09-07T19:27:36.793Z,7,65360,204,255,8,3b,9f,ff,ff,ff,f8,8c,ff
2019-09-07T19:27:36.793Z,6,127258,8,255,8,ff,ff,ff,ff,ff,7f,ff,ff
2019-09-07T19:27:36.793Z,2,128259,105,255,8,00,00,00,ff,ff,00,ff,ff
2019-09-07T19:27:36.793Z,6,128275,105,255,14,ff,ff,ff,ff,ff,ff,34,60,52,00,34,60,52,00
2019-09-07T19:27:36.793Z,5,130310,105,255,8,00,09,74,ff,ff,ff,ff,ff
2019-09-07T19:27:36.793Z,7,130822,105,255,26,3b,9f,34,60,52,00,34,60,52,00,34,60,52,00,34,60,52,00,34,60,52,00,34,60,52,00
2019-09-07T19:27:36.793Z,2,129026,150,255,8,ff,fc,d4,60,ae,00,ff,ff
2019-09-07T19:27:36.793Z,2,129025,150,255,8,60,f7,41,18,80,8d,e8,d3
2019-09-07T19:27:36.793Z,2,127237,172,255,21,3c,c2,1f,40,ef,ff,ff,ff,ff,ff,ff,ff,ff,ff,7f,ff,7f,ff,7f,ff,ff
2019-09-07T19:27:36.825Z,2,127245,172,255,8,fc,f8,40,ef,3b,ef,ff,ff
2019-09-07T19:27:36.862Z,2,130306,110,255,8,00,00,00,a0,d2,fa,ff,ff
2019-09-07T19:27:36.862Z,2,127250,204,255,8,ff,92,96,ff,7f,ff,7f,fd
2019-09-07T19:27:36.862Z,2,127251,204,255,8,ff,78,5f,00,00,ff,ff,ff
2019-09-07T19:27:36.862Z,2,127257,204,255,8,ff,22,a1,f9,fe,76,00,ff
2019-09-07T19:27:36.862Z,2,127245,204,255,8,00,ff,40,ef,3b,ef,ff,ff
2019-09-07T19:27:36.862Z,2,127245,204,255,8,fc,f8,40,ef,ff,7f,ff,ff
2019-09-07T19:27:36.862Z,7,65359,204,255,8,3b,9f,ff,ff,ff,92,96,ff
2019-09-07T19:27:36.862Z,7,65360,204,255,8,3b,9f,ff,ff,ff,f8,8c,ff
2019-09-07T19:27:36.886Z,0,262386,0,0,33,01,0e,00,e3,9a,03,00,00,00,00,00,02,0d,04,00,00,00,00,00,00,00,00,21,35,02,07,00,00,00,0b,00,00,00
2019-09-07T19:27:36.886Z,2,129026,150,255,8,ff,fc,d2,60,ae,00,ff,ff
2019-09-07T19:27:36.886Z,2,129025,150,255,8,20,f7,41,18,00,8e,e8,d3
2019-09-07T19:27:36.960Z,2,127245,172,255,8,fc,f8,40,ef,5e,ef,ff,ff
2019-09-07T19:27:36.960Z,2,130306,110,255,8,00,00,00,a0,d2,fa,ff,ff
2019-09-07T19:27:36.960Z,2,127250,204,255,8,ff,93,96,ff,7f,ff,7f,fd
2019-09-07T19:27:36.960Z,2,127251,204,255,8,ff,18,33,00,00,ff,ff,ff
2019-09-07T19:27:36.960Z,2,127257,204,255,8,ff,23,a1,f8,fe,76,00,ff
2019-09-07T19:27:36.960Z,2,127245,204,255,8,00,ff,40,ef,5e,ef,ff,ff
2019-09-07T19:27:36.960Z,2,127245,204,255,8,fc,f8,40,ef,ff,7f,ff,ff
2019-09-07T19:27:36.960Z,7,65359,204,255,8,3b,9f,ff,ff,ff,92,96,ff
2019-09-07T19:27:36.960Z,7,65360,204,255,8,3b,9f,ff,ff,ff,f8,8c,ff
2019-09-07T19:27:36.976Z,2,129026,150,255,8,ff,fc,cf,60,ae,00,ff,ff
2019-09-07T19:27:36.976Z,2,129025,150,255,8,00,f7,41,18,00,8e,e8,d3
2019-09-07T19:27:37.064Z,4,129039,43,255,27,12,04,85,e8,15,ff,ff,ff,7f,ff,ff,ff,7f,fc,ff,ff,ff,ff,06,00,26,ff,ff,00,74,01,ff
2019-09-07T19:27:37.064Z,2,127237,172,255,21,3c,c2,1f,40,ef,ff,ff,ff,ff,ff,ff,ff,ff,ff,7f,ff,7f,ff,7f,ff,ff
2019-09-07T19:27:37.064Z,2,127245,172,255,8,fc,f8,40,ef,3b,ef,ff,ff
2019-09-07T19:27:37.064Z,2,130306,110,255,8,00,00,00,a0,d2,fa,ff,ff
2019-09-07T19:27:37.064Z,2,127250,204,255,8,ff,93,96,ff,7f,ff,7f,fd
2019-09-07T19:27:37.064Z,7,126720,204,255,8,3b,9f,f0,81,9c,a1,14,e8
2019-09-07T19:27:37.064Z,2,127251,204,255,8,ff,a2,19,00,00,ff,ff,ff
2019-09-07T19:27:37.064Z,2,127257,204,255,8,ff,23,a1,f8,fe,75,00,ff
2019-09-07T19:27:37.064Z,2,127245,204,255,8,00,ff,40,ef,3b,ef,ff,ff
2019-09-07T19:27:37.064Z,2,127245,204,255,8,fc,f8,40,ef,ff,7f,ff,ff
2019-09-07T19:27:37.064Z,7,65379,204,255,8,3b,9f,40,00,00,00,02,ff
2019-09-07T19:27:37.064Z,7,65359,204,255,8,3b,9f,ff,ff,ff,93,96,ff
2019-09-07T19:27:37.064Z,7,65360,204,255,8,3b,9f,ff,ff,ff,f8,8c,ff
2019-09-07T19:27:37.094Z,2,129026,150,255,8,ff,fc,cf,60,ae,00,ff,ff
2019-09-07T19:27:37.094Z,2,129025,150,255,8,a0,f6,41,18,40,8e,e8,d3
2019-09-07T19:27:37.094Z,7,65396,43,255,8,3b,9f,fd,21,00,fe,ff,ff
2019-09-07T19:27:37.126Z,2,127245,172,255,8,fc,f8,40,ef,5e,ef,ff,ff
2019-09-07T19:27:37.168Z,2,130306,110,255,8,00,00,00,a0,d2,fa,ff,ff
2019-09-07T19:27:37.168Z,2,127250,204,255,8,ff,94,96,ff,7f,ff,7f,fd
2019-09-07T19:27:37.168Z,2,127251,204,255,8,ff,63,28,00,00,ff,ff,ff
2019-09-07T19:27:37.168Z,2,127257,204,255,8,ff,24,a1,f8,fe,76,00,ff
2019-09-07T19:27:37.168Z,2,127245,204,255,8,00,ff,40,ef,5e,ef,ff,ff
2019-09-07T19:27:37.168Z,2,127245,204,255,8,fc,f8,40,ef,ff,7f,ff,ff
2019-09-07T19:27:37.168Z,7,65359,204,255,8,3b,9f,ff,ff,ff,94,96,ff
2019-09-07T19:27:37.168Z,7,130916,204,255,7,3b,9f,ff,ff,ff,7f,ff
2019-09-07T19:27:37.168Z,7,65360,204,255,8,3b,9f,ff,ff,ff,f8,8c,ff
2019-09-07T19:27:37.168Z,7,126720,6,255,7,3b,9f,f0,81,90,00,03
2019-09-07T19:27:37.184Z,2,129026,150,255,8,ff,fc,c5,60,ae,00,ff,ff
2019-09-07T19:27:37.184Z,2,129025,150,255,8,80,f6,41,18,80,8e,e8,d3
2019-09-07T19:27:37.232Z,2,127245,172,255,8,fc,f8,40,ef,3b,ef,ff,ff
2019-09-07T19:27:37.232Z,2,130306,110,255,8,00,00,00,a0,d2,fa,ff,ff
2019-09-07T19:27:37.259Z,2,127250,204,255,8,ff,97,96,ff,7f,ff,7f,fd
2019-09-07T19:27:37.259Z,2,127251,204,255,8,ff,81,64,00,00,ff,ff,ff
2019-09-07T19:27:37.259Z,2,127257,204,255,8,ff,27,a1,f9,fe,74,00,ff
2019-09-07T19:27:37.259Z,2,127245,204,255,8,00,ff,40,ef,3b,ef,ff,ff
2019-09-07T19:27:37.259Z,2,127245,204,255,8,fc,f8,40,ef,ff,7f,ff,ff
2019-09-07T19:27:37.259Z,7,65359,204,255,8,3b,9f,ff,ff,ff,97,96,ff
2019-09-07T19:27:37.259Z,7,65360,204,255,8,3b,9f,ff,ff,ff,f8,8c,ff
