2019-09-07T19:33:39.960Z,0,262161,0,0,13,01,0e,00,e3,9a,03,00,00,00,00,00,02,00
2019-09-07T19:33:39.961Z,0,262384,0,0,14,01,0e,00,e3,9a,03,00,00,00,00,00,a2,08,08
2019-09-07T19:33:39.961Z,2,127250,204,255,8,ff,a8,96,ff,7f,ff,7f,fd
2019-09-07T19:33:39.961Z,2,127251,204,255,8,ff,bc,ea,ff,ff,ff,ff,ff
2019-09-07T19:33:39.961Z,2,127257,204,255,8,ff,38,a1,00,ff,c1,00,ff
2019-09-07T19:33:39.961Z,2,127245,204,255,8,00,ff,ff,7f,5e,ef,ff,ff
2019-09-07T19:33:39.961Z,2,127245,204,255,8,fc,f8,ff,7f,ff,7f,ff,ff
2019-09-07T19:33:39.961Z,7,65379,204,255,8,3b,9f,00,00,00,00,02,ff
2019-09-07T19:33:39.961Z,7,65359,204,255,8,3b,9f,ff,ff,ff,a8,96,ff
2019-09-07T19:33:39.961Z,7,126720,204,255,8,3b,9f,f0,81,9c,a1,14,e8
2019-09-07T19:33:39.961Z,7,65384,8,255,8,3b,9f,ff,ff,ff,ff,ff,ff
2019-09-07T19:33:39.961Z,2,130306,110,255,8,00,00,00,d5,cc,fa,ff,ff
2019-09-07T19:33:39.961Z,2,129026,150,255,8,ff,fc,70,a6,66,00,ff,ff
2019-09-07T19:33:39.961Z,2,129025,150,255,8,e0,22,42,18,80,5b,e8,d3
2019-09-07T19:33:39.961Z,2,127245,172,255,8,fc,f8,ff,7f,81,ef,ff,ff
2019-09-07T19:33:39.961Z,2,127250,204,255,8,ff,a7,96,ff,7f,ff,7f,fd
2019-09-07T19:33:39.961Z,2,127251,204,255,8,ff,3b,1b,00,00,ff,ff,ff
2019-09-07T19:33:39.961Z,2,127257,204,255,8,ff,37,a1,ff,fe,c2,00,ff
2019-09-07T19:33:39.961Z,2,127245,204,255,8,00,ff,ff,7f,81,ef,ff,ff
2019-09-07T19:33:39.961Z,2,127245,204,255,8,fc,f8,ff,7f,ff,7f,ff,ff
2019-09-07T19:33:39.961Z,7,65359,204,255,8,3b,9f,ff,ff,ff,a7,96,ff
2019-09-07T19:33:39.961Z,7,130916,204,255,7,3b,9f,ff,ff,ff,7f,ff
2019-09-07T19:33:39.961Z,2,130306,110,255,8,00,00,00,d5,cc,fa,ff,ff
2019-09-07T19:33:39.961Z,2,129026,150,255,8,ff,fc,8d,a6,66,00,ff,ff
2019-09-07T19:33:39.961Z,2,129025,150,255,8,00,23,42,18,80,5b,e8,d3
2019-09-07T19:33:39.961Z,2,127245,172,255,8,fc,f8,ff,7f,5e,ef,ff,ff
2019-09-07T19:33:39.961Z,2,127237,172,255,21,3c,c0,1f,ff,7f,ff,ff,ff,ff,ff,ff,ff,ff,ff,7f,ff,7f,ff,7f,ff,ff
2019-09-07T19:33:39.961Z,2,127250,204,255,8,ff,a7,96,ff,7f,ff,7f,fd
2019-09-07T19:33:39.961Z,2,127251,204,255,8,ff,33,47,00,00,ff,ff,ff
2019-09-07T19:33:39.961Z,2,127257,204,255,8,ff,37,a1,00,ff,c0,00,ff
2019-09-07T19:33:39.961Z,2,127245,204,255,8,00,ff,ff,7f,5e,ef,ff,ff
2019-09-07T19:33:39.961Z,2,127245,204,255,8,fc,f8,ff,7f,ff,7f,ff,ff
2019-09-07T19:33:39.961Z,7,65359,204,255,8,3b,9f,ff,ff,ff,a7,96,ff
2019-09-07T19:33:39.961Z,2,130306,110,255,8,00,00,00,d5,cc,fa,ff,ff
2019-09-07T19:33:39.961Z,2,129026,150,255,8,ff,fc,a4,a6,66,00,ff,ff
2019-09-07T19:33:39.961Z,2,129025,150,255,8,60,23,42,18,40,5b,e8,d3
2019-09-07T19:33:39.961Z,2,127245,172,255,8,fc,f8,ff,7f,5e,ef,ff,ff
2019-09-07T19:33:39.961Z,5,130310,105,255,8,00,09,74,ff,ff,ff,ff,ff
2019-09-07T19:33:39.961Z,2,127250,204,255,8,ff,a6,96,ff,7f,ff,7f,fd
2019-09-07T19:33:39.961Z,2,127251,204,255,8,ff,30,33,00,00,ff,ff,ff
2019-09-07T19:33:39.961Z,2,127257,204,255,8,ff,36,a1,fe,fe,c2,00,ff
2019-09-07T19:33:39.961Z,2,127245,204,255,8,00,ff,ff,7f,5e,ef,ff,ff
2019-09-07T19:33:39.961Z,2,127245,204,255,8,fc,f8,ff,7f,ff,7f,ff,ff
2019-09-07T19:33:39.961Z,7,65359,204,255,8,3b,9f,ff,ff,ff,a6,96,ff
2019-09-07T19:33:39.962Z,7,126720,204,255,13,3b,9f,f0,81,a4,56,12,03,01,c4,60,0a,00
2019-09-07T19:33:39.962Z,2,130306,110,255,8,00,00,00,d5,cc,fa,ff,ff
2019-09-07T19:33:39.962Z,2,129026,150,255,8,ff,fc,c2,a6,67,00,ff,ff
2019-09-07T19:33:39.962Z,2,129025,150,255,8,80,23,42,18,00,5b,e8,d3
2019-09-07T19:33:39.962Z,2,127245,172,255,8,fc,f8,ff,7f,3b,ef,ff,ff
2019-09-07T19:33:39.962Z,7,65384,6,255,8,3b,9f,00,00,00,00,00,00
2019-09-07T19:33:39.962Z,2,127250,204,255,8,ff,a5,96,ff,7f,ff,7f,fd
2019-09-07T19:33:39.962Z,2,127251,204,255,8,ff,d3,3f,00,00,ff,ff,ff
2019-09-07T19:33:39.962Z,2,127257,204,255,8,ff,35,a1,ff,fe,c2,00,ff
2019-09-07T19:33:39.962Z,2,127245,204,255,8,00,ff,ff,7f,3b,ef,ff,ff
2019-09-07T19:33:39.962Z,2,127245,204,255,8,fc,f8,ff,7f,ff,7f,ff,ff
2019-09-07T19:33:39.962Z,7,65359,204,255,8,3b,9f,ff,ff,ff,a5,96,ff
2019-09-07T19:33:39.962Z,3,129283,8,255,8,ff,7f,ff,ff,ff,7f,ff,ff
2019-09-07T19:33:39.962Z,3,129284,8,255,34,c8,d4,49,00,00,00,ff,ff,ff,ff,ff,ff,1f,de,67,60,ff,ff,ff,ff,01,00,00,00,7f,ef,41,18,c0,91,e8,d3,ea,ff
2019-09-07T19:33:39.962Z,2,130306,110,255,8,00,00,00,d5,cc,fa,ff,ff
2019-09-07T19:33:39.962Z,3,126208,6,204,21,00,00,ef,01,ff,ff,ff,ff,ff,ff,04,01,3b,07,03,04,04,6c,05,23,50
2019-09-07T19:33:39.962Z,2,129026,150,255,8,ff,fc,e0,a6,67,00,ff,ff
2019-09-07T19:33:39.962Z,2,127237,172,255,21,3c,c0,1f,ff,7f,ff,ff,ff,ff,ff,ff,ff,ff,ff,7f,ff,7f,ff,7f,ff,ff
2019-09-07T19:33:39.962Z,2,127245,172,255,8,fc,f8,ff,7f,5e,ef,ff,ff
2019-09-07T19:33:39.962Z,3,129029,150,255,47,ff,ff,ff,ff,ff,ff,ff,00,00,00,00,28,e9,a5,05,00,00,00,00,e0,e3,bb,f5,ff,ff,ff,ff,ff,ff,ff,7f,14,fc,15,9d,01,ff,7f,ff,ff,ff,7f,c4,59,00,10,00
2019-09-07T19:33:39.962Z,2,129025,150,255,8,a0,23,42,18,c0,5a,e8,d3
2019-09-07T19:33:39.962Z,6,129542,150,255,15,ff,b6,19,ff,ff,ff,ff,ff,ff,ff,ff,ff,ff,ff,ff
2019-09-07T19:33:39.962Z,6,129540,150,255,75,ff,ff,07,02,0b,11,f2,57,b0,04,00,00,00,00,f2,05,ff,1d,f3,2a,08,07,00,00,00,00,f2,0d,5c,2e,67,3f,08,07,00,00,00,00,f2,0f,e7,28,b7,89,a4,06,00,00,00,00,f2,15,22,15,59,d3,a4,06,00,00,00,00,f2,1d,68,21,da,9e,6c,07,00,00,00,00,f2
2019-09-07T19:33:39.962Z,7,126720,204,6,9,3b,9f,6c,23,50,80,80,80,00
2019-09-07T19:33:39.962Z,2,127250,204,255,8,ff,a3,96,ff,7f,ff,7f,fd
2019-09-07T19:33:39.962Z,2,127251,204,255,8,ff,5b,1c,00,00,ff,ff,ff
2019-09-07T19:33:39.962Z,2,127257,204,255,8,ff,33,a1,ff,fe,c2,00,ff
2019-09-07T19:33:39.962Z,2,127245,204,255,8,00,ff,ff,7f,5e,ef,ff,ff
2019-09-07T19:33:39.962Z,2,127245,204,255,8,fc,f8,ff,7f,ff,7f,ff,ff
2019-09-07T19:33:39.962Z,7,65359,204,255,8,3b,9f,ff,ff,ff,a3,96,ff
2019-09-07T19:33:39.962Z,7,126720,204,255,13,3b,9f,f0,81,84,a6,94,52,40,00,e8,02,05
2019-09-07T19:33:39.962Z,3,126208,8,204,21,00,00,ef,01,ff,ff,ff,ff,ff,ff,04,01,3b,07,03,04,04,6c,05,19,50
2019-09-07T19:33:39.962Z,7,126720,204,8,13,3b,9f,6c,19,50,02,00,03,00,01,00,02,00
2019-09-07T19:33:39.962Z,2,130306,110,255,8,00,00,00,d5,cc,fa,ff,ff
2019-09-07T19:33:39.962Z,2,129026,150,255,8,ff,fc,fd,a6,67,00,ff,ff
2019-09-07T19:33:39.962Z,2,129025,150,255,8,c0,23,42,18,40,5a,e8,d3
2019-09-07T19:33:39.962Z,2,127245,172,255,8,fc,f8,ff,7f,5e,ef,ff,ff
2019-09-07T19:33:39.962Z,2,127250,204,255,8,ff,a1,96,ff,7f,ff,7f,fd
2019-09-07T19:33:39.962Z,2,127251,204,255,8,ff,10,18,00,00,ff,ff,ff
2019-09-07T19:33:39.962Z,2,127257,204,255,8,ff,32,a1,fe,fe,c5,00,ff
2019-09-07T19:33:39.962Z,2,127245,204,255,8,00,ff,ff,7f,5e,ef,ff,ff
2019-09-07T19:33:39.962Z,2,127245,204,255,8,fc,f8,ff,7f,ff,7f,ff,ff
2019-09-07T19:33:39.962Z,7,65359,204,255,8,3b,9f,ff,ff,ff,a1,96,ff
2019-09-07T19:33:39.962Z,7,126720,204,255,9,3b,9f,f0,81,ae,02,00,0c,a5
2019-09-07T19:33:39.962Z,6,127258,8,255,8,ff,ff,ff,ff,ff,7f,ff,ff
2019-09-07T19:33:39.962Z,6,126996,2,255,134,14,05,27,6e,4e,4d,45,41,20,32,30,30,30,20,50,43,20,49,6e,74,65,72,66,61,63,65,20,28,4e,47,54,2d,31,29,ff,ff,31,2e,31,30,30,2c,20,32,2e,32,31,30,ff,ff,ff,ff,ff,ff,ff,ff,ff,ff,ff,ff,ff,ff,ff,ff,ff,ff,ff,ff,4e,47,54,2d,31,2d,55,53,42,20,20,68,76,31,2e,30,33,ff,ff,ff,ff,ff,ff,ff,ff,ff,ff,ff,ff,ff,ff,ff,32,33,36,32,35,39,ff,ff,ff,ff,ff,ff,ff,ff,ff,ff,ff,ff,ff,ff,ff,ff,ff,ff,ff,ff,ff,ff,ff,ff,ff,ff,00,01
2019-09-07T19:33:39.962Z,6,59904,172,2,3,14,f0,01
2019-09-07T19:33:39.962Z,2,130306,110,255,8,00,00,00,d5,cc,fa,ff,ff
2019-09-07T19:33:39.962Z,2,129026,150,255,8,ff,fc,20,a7,68,00,ff,ff
2019-09-07T19:33:39.962Z,2,129025,150,255,8,00,24,42,18,40,5a,e8,d3
2019-09-07T19:33:39.962Z,2,127245,172,255,8,fc,f8,ff,7f,3b,ef,ff,ff
2019-09-07T19:33:39.962Z,2,127237,172,255,21,3c,c0,1f,ff,7f,ff,ff,ff,ff,ff,ff,ff,ff,ff,7f,ff,7f,ff,7f,ff,ff
2019-09-07T19:33:39.962Z,3,129284,8,255,34,c9,9c,4a,00,00,00,ff,ff,ff,ff,ff,ff,1f,de,44,60,ff,ff,ff,ff,01,00,00,00,7f,ef,41,18,c0,91,e8,d3,e8,ff
2019-09-07T19:33:39.962Z,7,130848,8,255,32,3b,9f,77,57,61,79,70,6f,69,6e,74,20,31,32,00,80,89,42,b8,30,30,30,31,44,60,44,60,9c,4a,00,00,ff
2019-09-07T19:33:39.962Z,7,130918,8,255,47,3b,9f,01,00,57,61,79,70,6f,69,6e,74,20,31,32,00,80,89,42,b8,ff,00,ff,ff,ff,ff,ff,ff,ff,ff,ff,ff,ff,ff,ff,ff,ff,ff,0d,ff,ff,ff,ff,ff,ff,ff,ff
2019-09-07T19:33:39.962Z,6,129285,8,255,58,00,00,02,00,00,00,00,00,07,07,01,52,6f,75,74,65,ff,00,00,08,01,4f,52,49,47,49,4e,00,dc,41,18,40,a3,e8,d3,01,00,0d,01,57,61,79,70,6f,69,6e,74,20,31,32,7f,ef,41,18,c0,91,e8,d3
2019-09-07T19:33:39.962Z,2,127250,204,255,8,ff,a0,96,ff,7f,ff,7f,fd
2019-09-07T19:33:39.962Z,2,127251,204,255,8,ff,a7,04,00,00,ff,ff,ff
2019-09-07T19:33:39.962Z,2,127257,204,255,8,ff,30,a1,00,ff,c3,00,ff
2019-09-07T19:33:39.962Z,2,127245,204,255,8,00,ff,ff,7f,3b,ef,ff,ff
2019-09-07T19:33:39.962Z,2,127245,204,255,8,fc,f8,ff,7f,ff,7f,ff,ff
2019-09-07T19:33:39.962Z,7,65359,204,255,8,3b,9f,ff,ff,ff,9f,96,ff
2019-09-07T19:33:39.962Z,2,130306,110,255,8,00,00,00,d5,cc,fa,ff,ff
2019-09-07T19:33:39.963Z,7,61184,204,255,8,3b,9f,61,fb,ff,ff,ff,ff
2019-09-07T19:33:39.963Z,2,129026,150,255,8,ff,fc,49,a7,68,00,ff,ff
2019-09-07T19:33:39.963Z,7,61184,105,204,8,3b,9f,01,61,00,f2,ff,ff
2019-09-07T19:33:39.963Z,2,129025,150,255,8,40,24,42,18,00,5a,e8,d3
2019-09-07T19:33:39.963Z,2,127245,172,255,8,fc,f8,ff,7f,5e,ef,ff,ff
2019-09-07T19:33:39.963Z,2,128259,105,255,8,00,00,00,ff,ff,00,ff,ff
2019-09-07T19:33:39.963Z,6,128275,105,255,14,ff,ff,ff,ff,ff,ff,34,60,52,00,34,60,52,00
2019-09-07T19:33:39.963Z,5,130310,105,255,8,00,09,74,ff,ff,ff,ff,ff
2019-09-07T19:33:39.963Z,7,130822,105,255,26,3b,9f,34,60,52,00,34,60,52,00,34,60,52,00,34,60,52,00,34,60,52,00,34,60,52,00
2019-09-07T19:33:39.963Z,4,129039,43,255,27,12,04,85,e8,15,ff,ff,ff,7f,ff,ff,ff,7f,fc,ff,ff,ff,ff,06,00,26,ff,ff,00,74,01,ff
2019-09-07T19:33:39.963Z,2,127250,204,255,8,ff,9e,96,ff,7f,ff,7f,fd
2019-09-07T19:33:39.963Z,2,127251,204,255,8,ff,cd,0d,00,00,ff,ff,ff
2019-09-07T19:33:39.963Z,2,127257,204,255,8,ff,2f,a1,01,ff,c1,00,ff
2019-09-07T19:33:39.963Z,2,127245,204,255,8,00,ff,ff,7f,5e,ef,ff,ff
2019-09-07T19:33:39.963Z,2,127245,204,255,8,fc,f8,ff,7f,ff,7f,ff,ff
2019-09-07T19:33:39.963Z,7,65359,204,255,8,3b,9f,ff,ff,ff,9e,96,ff
2019-09-07T19:33:39.963Z,2,130306,110,255,8,00,00,00,d5,cc,fa,ff,ff
2019-09-07T19:33:39.963Z,2,129026,150,255,8,ff,fc,84,a7,68,00,ff,ff
2019-09-07T19:33:39.963Z,2,129025,150,255,8,60,24,42,18,c0,59,e8,d3
2019-09-07T19:33:39.963Z,2,127245,172,255,8,fc,f8,ff,7f,5e,ef,ff,ff
2019-09-07T19:33:39.963Z,0,262386,0,0,33,01,0e,00,e3,9a,03,00,00,00,00,00,02,0d,04,00,00,01,57,00,00,00,00,20,62,02,07,00,00,00,0c,00,00,00
2019-09-07T19:33:39.963Z,2,127250,204,255,8,ff,9b,96,ff,7f,ff,7f,fd
2019-09-07T19:33:39.963Z,2,127251,204,255,8,ff,01,cf,ff,ff,ff,ff,ff
2019-09-07T19:33:39.963Z,2,127257,204,255,8,ff,2b,a1,01,ff,be,00,ff
2019-09-07T19:33:39.963Z,2,127245,204,255,8,00,ff,ff,7f,5e,ef,ff,ff
2019-09-07T19:33:39.963Z,2,127245,204,255,8,fc,f8,ff,7f,ff,7f,ff,ff
2019-09-07T19:33:39.963Z,7,65359,204,255,8,3b,9f,ff,ff,ff,9b,96,ff
2019-09-07T19:33:39.963Z,2,130306,110,255,8,00,00,00,d5,cc,fa,ff,ff
2019-09-07T19:33:39.963Z,2,129026,150,255,8,ff,fc,bc,a7,68,00,ff,ff
2019-09-07T19:33:39.963Z,2,129025,150,255,8,80,24,42,18,c0,59,e8,d3
2019-09-07T19:33:39.963Z,2,127237,172,255,21,3c,c0,1f,ff,7f,ff,ff,ff,ff,ff,ff,ff,ff,ff,7f,ff,7f,ff,7f,ff,ff
2019-09-07T19:33:39.963Z,2,127245,172,255,8,fc,f8,ff,7f,5e,ef,ff,ff
2019-09-07T19:33:39.979Z,2,127250,204,255,8,ff,9d,96,ff,7f,ff,7f,fd
2019-09-07T19:33:39.979Z,2,127251,204,255,8,ff,b7,4e,00,00,ff,ff,ff
2019-09-07T19:33:39.979Z,2,127257,204,255,0
2019-09-07T19:33:39.979Z,2,127245,204,255,8,00,ff,ff,7f,5e,ef,ff,ff
2019-09-07T19:33:39.979Z,2,127245,204,255,8,fc,f8,ff,7f,ff,00,7f,ff
2019-09-07T19:33:39.979Z,7,65379,204,255,8,3b,9f,00,00,00,00,02,ff
2019-09-07T19:33:39.979Z,7,65359,204,255,8,3b,9f,ff,ff,ff,9d,96,ff
2019-09-07T19:33:39.979Z,0,15663111,255,1,0
2019-09-07T19:33:39.980Z,7,65384,8,255,8,3b,9f,ff,ff,ff,ff,ff,ff
2019-09-07T19:33:40.040Z,7,65370,8,255,8,3b,9f,00,10,24,28,f5,ff
2019-09-07T19:33:40.040Z,2,127250,204,255,8,ff,90,96,ff,7f,ff,7f,fd
2019-09-07T19:33:40.040Z,2,127251,204,255,8,ff,72,0c,00,00,ff,ff,ff
2019-09-07T19:33:40.040Z,2,127257,204,255,8,ff,20,a1,fe,fe,bc,00,ff
2019-09-07T19:33:40.040Z,2,127245,204,255,8,00,ff,ff,7f,5e,ef,ff,ff
2019-09-07T19:33:40.040Z,2,127245,204,255,8,fc,f8,ff,7f,ff,7f,ff,ff
2019-09-07T19:33:40.040Z,7,65379,204,255,8,3b,9f,00,00,00,00,02,ff
2019-09-07T19:33:40.040Z,7,65359,204,255,8,3b,9f,ff,ff,ff,90,96,ff
2019-09-07T19:33:40.041Z,7,126720,204,255,8,3b,9f,f0,81,9c,a1,14,e8
2019-09-07T19:33:40.041Z,7,65384,8,255,8,3b,9f,ff,ff,ff,ff,ff,ff
2019-09-07T19:33:40.061Z,2,130306,110,255,8,00,00,00,d5,cc,fa,ff,ff
2019-09-07T19:33:40.061Z,2,129026,150,255,8,ff,fc,dd,ad,61,00,ff,ff
2019-09-07T19:33:40.061Z,2,129025,150,255,8,20,24,42,18,c0,5a,e8,d3
2019-09-07T19:33:40.061Z,2,127245,172,255,8,fc,f8,ff,7f,5e,ef,ff,ff
2019-09-07T19:33:40.077Z,7,65396,43,255,8,3b,9f,fd,21,00,fe,ff,ff
2019-09-07T19:33:40.103Z,3,126208,6,204,21,00,00,ef,01,ff,ff,ff,ff,ff,ff,04,01,3b,07,03,04,04,6c,05,1a,50
2019-09-07T19:33:40.103Z,7,126720,204,6,13,3b,9f,6c,1a,50,ff,7f,ff,7f,ff,7f,ff,7f
2019-09-07T19:33:40.131Z,2,127250,204,255,8,ff,90,96,ff,7f,ff,7f,fd
2019-09-07T19:33:40.131Z,2,127251,204,255,8,ff,cf,2a,00,00,ff,ff,ff
2019-09-07T19:33:40.131Z,2,127257,204,255,8,ff,20,a1,f9,fe,c0,00,ff
2019-09-07T19:33:40.131Z,2,127245,204,255,8,00,ff,ff,7f,5e,ef,ff,ff
2019-09-07T19:33:40.131Z,2,127245,204,255,8,fc,f8,ff,7f,ff,7f,ff,ff
2019-09-07T19:33:40.131Z,7,65359,204,255,8,3b,9f,ff,ff,ff,90,96,ff
2019-09-07T19:33:40.131Z,7,130916,204,255,7,3b,9f,ff,ff,ff,7f,ff
2019-09-07T19:33:40.161Z,2,130306,110,255,8,00,00,00,d5,cc,fa,ff,ff
2019-09-07T19:33:40.161Z,2,129026,150,255,8,ff,fc,ed,ad,60,00,ff,ff
2019-09-07T19:33:40.161Z,2,129025,150,255,8,40,23,42,18,80,5b,e8,d3
2019-09-07T19:33:40.161Z,2,127245,172,255,8,fc,f8,ff,7f,3b,ef,ff,ff
2019-09-07T19:33:40.233Z,2,127237,172,255,21,3c,c0,1f,ff,7f,ff,ff,ff,ff,ff,ff,ff,ff,ff,7f,ff,7f,ff,7f,ff,ff
2019-09-07T19:33:40.233Z,2,127250,204,255,8,ff,8f,96,ff,7f,ff,7f,fd
2019-09-07T19:33:40.233Z,2,127251,204,255,8,ff,3d,2f,00,00,ff,ff,ff
2019-09-07T19:33:40.233Z,2,127257,204,255,8,ff,1f,a1,fd,fe,c0,00,ff
2019-09-07T19:33:40.233Z,2,127245,204,255,8,00,ff,ff,7f,3b,ef,ff,ff
2019-09-07T19:33:40.233Z,2,127245,204,255,8,fc,f8,ff,7f,ff,7f,ff,ff
2019-09-07T19:33:40.233Z,7,65359,204,255,8,3b,9f,ff,ff,ff,8f,96,ff
2019-09-07T19:33:40.270Z,2,130306,110,255,8,00,00,00,d5,cc,fa,ff,ff
2019-09-07T19:33:40.270Z,2,129026,150,255,8,ff,fc,21,ae,5c,00,ff,ff
2019-09-07T19:33:40.270Z,2,129025,150,255,8,40,23,42,18,c0,5b,e8,d3
2019-09-07T19:33:40.270Z,2,127245,172,255,8,fc,f8,ff,7f,5e,ef,ff,ff
2019-09-07T19:33:40.270Z,5,130310,105,255,8,00,09,74,ff,ff,ff,ff,ff
2019-09-07T19:33:40.331Z,2,127250,204,255,8,ff,8d,96,ff,7f,ff,7f,fd
2019-09-07T19:33:40.331Z,2,127251,204,255,8,ff,d3,1a,00,00,ff,ff,ff
2019-09-07T19:33:40.331Z,2,127257,204,255,8,ff,1d,a1,fb,fe,c1,00,ff
2019-09-07T19:33:40.331Z,2,127245,204,255,8,00,ff,ff,7f,5e,ef,ff,ff
2019-09-07T19:33:40.331Z,2,127245,204,255,8,fc,f8,ff,7f,ff,7f,ff,ff
2019-09-07T19:33:40.331Z,7,65359,204,255,8,3b,9f,ff,ff,ff,8d,96,ff
2019-09-07T19:33:40.373Z,2,130306,110,255,8,00,00,00,7e,cc,fa,ff,ff
2019-09-07T19:33:40.373Z,2,129026,150,255,8,ff,fc,f2,ad,57,00,ff,ff
2019-09-07T19:33:40.373Z,2,127245,172,255,8,fc,f8,ff,7f,3b,ef,ff,ff
2019-09-07T19:33:40.373Z,2,129025,150,255,8,40,23,42,18,c0,5b,e8,d3
2019-09-07T19:33:40.373Z,7,65384,6,255,8,3b,9f,00,00,00,00,00,00
2019-09-07T19:33:40.465Z,2,127250,204,255,8,ff,8e,96,ff,7f,ff,7f,fd
2019-09-07T19:33:40.465Z,2,127251,204,255,8,ff,f2,60,00,00,ff,ff,ff
2019-09-07T19:33:40.465Z,2,127257,204,255,8,ff,1e,a1,fc,fe,c0,00,ff
2019-09-07T19:33:40.465Z,2,127245,204,255,8,00,ff,ff,7f,3b,ef,ff,ff
2019-09-07T19:33:40.465Z,2,127245,204,255,8,fc,f8,ff,7f,ff,7f,ff,ff
2019-09-07T19:33:40.465Z,7,65359,204,255,8,3b,9f,ff,ff,ff,8e,96,ff
2019-09-07T19:33:40.465Z,3,129283,8,255,8,ff,7f,ff,ff,ff,7f,ff,ff
2019-09-07T19:33:40.465Z,3,129284,8,255,34,cc,70,49,00,00,00,ff,ff,ff,ff,ff,ff,1f,de,9b,60,ff,ff,ff,ff,01,00,00,00,7f,ef,41,18,c0,91,e8,d3,da,ff
2019-09-07T19:33:40.465Z,2,130306,110,255,8,00,00,00,7e,cc,fa,ff,ff
2019-09-07T19:33:40.465Z,2,129026,150,255,8,ff,fc,f3,ac,53,00,ff,ff
2019-09-07T19:33:40.465Z,2,127237,172,255,21,3c,c0,1f,ff,7f,ff,ff,ff,ff,ff,ff,ff,ff,ff,7f,ff,7f,ff,7f,ff,ff
2019-09-07T19:33:40.465Z,2,127245,172,255,8,fc,f8,ff,7f,3b,ef,ff,ff
2019-09-07T19:33:40.465Z,3,129029,150,255,47,ff,ff,ff,ff,ff,ff,ff,00,00,00,00,f0,e8,a5,05,00,00,00,00,30,e4,bb,f5,ff,ff,ff,ff,ff,ff,ff,7f,14,fc,15,9d,01,ff,7f,ff,ff,ff,7f,c4,59,00,10,00
2019-09-07T19:33:40.465Z,2,129025,150,255,8,c0,22,42,18,40,5c,e8,d3
2019-09-07T19:33:40.465Z,6,129542,150,255,15,ff,05,18,ff,ff,ff,ff,ff,ff,ff,ff,ff,ff,ff,ff
2019-09-07T19:33:40.485Z,6,129540,150,255,75,ff,ff,07,02,0b,11,a1,58,14,05,00,00,00,00,f2,05,ff,1d,f3,2a,a4,06,00,00,00,00,f2,0d,5c,2e,67,3f,d0,07,00,00,00,00,f2,0f,e7,28,b7,89,40,06,00,00,00,00,f2,15,22,15,59,d3,08,07,00,00,00,00,f2,1d,68,21,da,9e,d0,07,00,00,00,00,f2
2019-09-07T19:33:40.537Z,2,127250,204,255,8,ff,8e,96,ff,7f,ff,7f,fd
2019-09-07T19:33:40.537Z,2,127251,204,255,8,ff,bb,84,00,00,ff,ff,ff
2019-09-07T19:33:40.537Z,2,127257,204,255,8,ff,1e,a1,fc,fe,c2,00,ff
2019-09-07T19:33:40.537Z,2,127245,204,255,8,00,ff,ff,7f,3b,ef,ff,ff
2019-09-07T19:33:40.537Z,2,127245,204,255,8,fc,f8,ff,7f,ff,7f,ff,ff
2019-09-07T19:33:40.537Z,7,65359,204,255,8,3b,9f,ff,ff,ff,8e,96,ff
2019-09-07T19:33:40.537Z,7,126720,204,255,13,3b,9f,f0,81,84,a6,94,52,40,00,e8,02,05
2019-09-07T19:33:40.537Z,7,130846,8,255,12,3b,9f,03,03,73,cc,0b,03,ba,0d,ff,ff
2019-09-07T19:33:40.561Z,2,130306,110,255,8,00,00,00,7e,cc,fa,ff,ff
2019-09-07T19:33:40.561Z,2,129026,150,255,8,ff,fc,54,ab,4f,00,ff,ff
2019-09-07T19:33:40.561Z,2,127245,172,255,8,fc,f8,ff,7f,3b,ef,ff,ff
2019-09-07T19:33:40.561Z,2,129025,150,255,8,a0,22,42,18,80,5c,e8,d3
2019-09-07T19:33:40.609Z,2,127250,204,255,8,ff,8c,96,ff,7f,ff,7f,fd
2019-09-07T19:33:40.635Z,2,127251,204,255,8,ff,5f,43,00,00,ff,ff,ff
2019-09-07T19:33:40.635Z,2,127257,204,255,8,ff,1c,a1,fd,fe,c1,00,ff
2019-09-07T19:33:40.635Z,2,127245,204,255,8,00,ff,ff,7f,3b,ef,ff,ff
2019-09-07T19:33:40.635Z,2,127245,204,255,8,fc,f8,ff,7f,ff,7f,ff,ff
2019-09-07T19:33:40.635Z,7,65359,204,255,8,3b,9f,ff,ff,ff,8c,96,ff
2019-09-07T19:33:40.635Z,7,126720,204,255,9,3b,9f,f0,81,ae,02,00,0c,a5
2019-09-07T19:33:40.635Z,6,127258,8,255,8,ff,ff,ff,ff,ff,7f,ff,ff
2019-09-07T19:33:40.661Z,2,130306,110,255,8,00,00,00,7e,cc,fa,ff,ff
2019-09-07T19:33:40.661Z,2,129026,150,255,8,ff,fc,14,aa,4b,00,ff,ff
2019-09-07T19:33:40.661Z,2,129025,150,255,8,a0,22,42,18,80,5c,e8,d3
2019-09-07T19:33:40.661Z,2,127245,172,255,8,fc,f8,ff,7f,5e,ef,ff,ff
2019-09-07T19:33:40.746Z,2,127237,172,255,21,3c,c0,1f,ff,7f,ff,ff,ff,ff,ff,ff,ff,ff,ff,7f,ff,7f,ff,7f,ff,ff
2019-09-07T19:33:40.746Z,2,127250,204,255,8,ff,8b,96,ff,7f,ff,7f,fd
2019-09-07T19:33:40.746Z,2,127251,204,255,8,ff,ad,4a,00,00,ff,ff,ff
2019-09-07T19:33:40.746Z,2,127257,204,255,8,ff,1b,a1,fe,fe,c0,00,ff
2019-09-07T19:33:40.746Z,2,127245,204,255,8,00,ff,ff,7f,5e,ef,ff,ff
2019-09-07T19:33:40.746Z,2,127245,204,255,8,fc,f8,ff,7f,ff,7f,ff,ff
2019-09-07T19:33:40.746Z,7,65359,204,255,8,3b,9f,ff,ff,ff,8b,96,ff
2019-09-07T19:33:40.746Z,3,129284,8,255,34,cd,44,48,00,00,00,ff,ff,ff,ff,ff,ff,1f,de,9b,60,ff,ff,ff,ff,01,00,00,00,7f,ef,41,18,c0,91,e8,d3,e6,ff
2019-09-07T19:33:40.746Z,7,130848,8,255,32,3b,9f,79,57,61,79,70,6f,69,6e,74,20,31,32,00,80,89,42,b8,30,30,30,31,9b,60,9b,60,44,48,00,00,ff
2019-09-07T19:33:40.746Z,7,130918,8,255,47,3b,9f,01,00,57,61,79,70,6f,69,6e,74,20,31,32,00,80,89,42,b8,ff,00,ff,ff,ff,ff,ff,ff,ff,ff,ff,ff,ff,ff,ff,ff,ff,ff,0d,ff,ff,ff,ff,ff,ff,ff,ff
2019-09-07T19:33:40.746Z,6,129285,8,255,58,00,00,02,00,00,00,00,00,07,07,01,52,6f,75,74,65,ff,00,00,08,01,4f,52,49,47,49,4e,00,dc,41,18,40,a3,e8,d3,01,00,0d,01,57,61,79,70,6f,69,6e,74,20,31,32,7f,ef,41,18,c0,91,e8,d3
2019-09-07T19:33:40.746Z,2,130306,110,255,8,00,00,00,7e,cc,fa,ff,ff
2019-09-07T19:33:40.746Z,2,129026,150,255,8,ff,fc,9a,a8,47,00,ff,ff
2019-09-07T19:33:40.779Z,2,127245,172,255,8,fc,f8,ff,7f,3b,ef,ff,ff
2019-09-07T19:33:40.779Z,2,129025,150,255,8,a0,22,42,18,80,5c,e8,d3
2019-09-07T19:33:40.779Z,7,61184,204,255,8,3b,9f,61,fb,ff,ff,ff,ff
2019-09-07T19:33:40.779Z,7,61184,105,204,8,3b,9f,01,61,00,f2,ff,ff
2019-09-07T19:33:40.779Z,2,128259,105,255,8,00,00,00,ff,ff,00,ff,ff
2019-09-07T19:33:40.779Z,6,128275,105,255,14,ff,ff,ff,ff,ff,ff,34,60,52,00,34,60,52,00
2019-09-07T19:33:40.779Z,5,130310,105,255,8,00,09,74,ff,ff,ff,ff,ff
2019-09-07T19:33:40.779Z,7,130822,105,255,26,3b,9f,34,60,52,00,34,60,52,00,34,60,52,00,34,60,52,00,34,60,52,00,34,60,52,00
2019-09-07T19:33:40.834Z,4,129039,43,255,27,12,04,85,e8,15,ff,ff,ff,7f,ff,ff,ff,7f,fc,ff,ff,ff,ff,06,00,26,ff,ff,00,74,01,ff
2019-09-07T19:33:40.834Z,2,127250,204,255,8,ff,8a,96,ff,7f,ff,7f,fd
2019-09-07T19:33:40.834Z,2,127251,204,255,8,ff,38,2e,00,00,ff,ff,ff
2019-09-07T19:33:40.834Z,2,127257,204,255,8,ff,1a,a1,02,ff,bf,00,ff
2019-09-07T19:33:40.834Z,2,127245,204,255,8,00,ff,ff,7f,3b,ef,ff,ff
2019-09-07T19:33:40.834Z,2,127245,204,255,8,fc,f8,ff,7f,ff,7f,ff,ff
2019-09-07T19:33:40.834Z,7,65359,204,255,8,3b,9f,ff,ff,ff,8a,96,ff
2019-09-07T19:33:40.876Z,2,130306,110,255,8,00,00,00,26,cc,fa,ff,ff
2019-09-07T19:33:40.876Z,2,129026,150,255,8,ff,fc,6f,a8,47,00,ff,ff
2019-09-07T19:33:40.876Z,2,129025,150,255,8,c0,22,42,18,80,5c,e8,d3
2019-09-07T19:33:40.876Z,2,127245,172,255,8,fc,f8,ff,7f,3b,ef,ff,ff
2019-09-07T19:33:40.876Z,0,262386,0,0,33,01,0e,00,e3,9a,03,00,00,00,00,00,02,0e,04,00,00,00,00,00,00,00,00,22,39,02,08,00,00,00,0c,00,00,00
2019-09-07T19:33:40.908Z,2,127250,204,255,8,ff,8a,96,ff,7f,ff,7f,fd
2019-09-07T19:33:40.934Z,2,127251,204,255,8,ff,12,44,00,00,ff,ff,ff
2019-09-07T19:33:40.934Z,2,127257,204,255,8,ff,1a,a1,02,ff,bf,00,ff
2019-09-07T19:33:40.934Z,2,127245,204,255,8,00,ff,ff,7f,3b,ef,ff,ff
2019-09-07T19:33:40.934Z,2,127245,204,255,8,fc,f8,ff,7f,ff,7f,ff,ff
2019-09-07T19:33:40.934Z,7,65359,204,255,8,3b,9f,ff,ff,ff,8a,96,ff
2019-09-07T19:33:40.967Z,2,130306,110,255,8,00,00,00,26,cc,fa,ff,ff
2019-09-07T19:33:40.967Z,2,129026,150,255,8,ff,fc,59,a8,46,00,ff,ff
2019-09-07T19:33:40.967Z,2,129025,150,255,8,c0,22,42,18,80,5c,e8,d3
2019-09-07T19:33:40.967Z,2,127237,172,255,21,3c,c0,1f,ff,7f,ff,ff,ff,ff,ff,ff,ff,ff,ff,7f,ff,7f,ff,7f,ff,ff
2019-09-07T19:33:40.967Z,2,127245,172,255,8,fc,f8,ff,7f,5e,ef,ff,ff
2019-09-07T19:33:41.037Z,2,127250,204,255,8,ff,89,96,ff,7f,ff,7f,fd
2019-09-07T19:33:41.037Z,2,127251,204,255,8,ff,47,26,00,00,ff,ff,ff
2019-09-07T19:33:41.037Z,2,127257,204,255,8,ff,19,a1,03,ff,c0,00,ff
2019-09-07T19:33:41.037Z,2,127245,204,255,8,00,ff,ff,7f,5e,ef,ff,ff
2019-09-07T19:33:41.037Z,2,127245,204,255,8,fc,f8,ff,7f,ff,7f,ff,ff
2019-09-07T19:33:41.037Z,7,65379,204,255,8,3b,9f,00,00,00,00,02,ff
2019-09-07T19:33:41.037Z,7,65359,204,255,8,3b,9f,ff,ff,ff,89,96,ff
2019-09-07T19:33:41.037Z,7,126720,204,255,8,3b,9f,f0,81,9c,a1,14,e8
2019-09-07T19:33:41.037Z,7,65384,8,255,8,3b,9f,ff,ff,ff,ff,ff,ff
2019-09-07T19:33:41.061Z,2,130306,110,255,8,00,00,00,26,cc,fa,ff,ff
2019-09-07T19:33:41.061Z,2,129026,150,255,8,ff,fc,59,a8,46,00,ff,ff
2019-09-07T19:33:41.061Z,2,129025,150,255,8,c0,22,42,18,80,5c,e8,d3
2019-09-07T19:33:41.061Z,2,127245,172,255,8,fc,f8,ff,7f,3b,ef,ff,ff
2019-09-07T19:33:41.109Z,2,127250,204,255,8,ff,89,96,ff,7f,ff,7f,fd
2019-09-07T19:33:41.135Z,2,127251,204,255,8,ff,8a,39,00,00,ff,ff,ff
2019-09-07T19:33:41.135Z,2,127257,204,255,8,ff,19,a1,04,ff,bf,00,ff
2019-09-07T19:33:41.135Z,2,127245,204,255,8,00,ff,ff,7f,3b,ef,ff,ff
2019-09-07T19:33:41.135Z,2,127245,204,255,8,fc,f8,ff,7f,ff,7f,ff,ff
2019-09-07T19:33:41.135Z,7,65359,204,255,8,3b,9f,ff,ff,ff,89,96,ff
2019-09-07T19:33:41.135Z,7,130916,204,255,7,3b,9f,ff,ff,ff,7f,ff
2019-09-07T19:33:41.135Z,7,126720,6,255,7,3b,9f,f0,81,90,00,03
2019-09-07T19:33:41.161Z,2,130306,110,255,8,00,00,00,cf,cb,fa,ff,ff
2019-09-07T19:33:41.161Z,2,129026,150,255,8,ff,fc,8c,a8,42,00,ff,ff
2019-09-07T19:33:41.161Z,2,129025,150,255,8,00,23,42,18,80,5c,e8,d3
2019-09-07T19:33:41.161Z,2,127245,172,255,8,fc,f8,ff,7f,3b,ef,ff,ff
2019-09-07T19:33:41.233Z,2,127237,172,255,21,3c,c0,1f,ff,7f,ff,ff,ff,ff,ff,ff,ff,ff,ff,7f,ff,7f,ff,7f,ff,ff
2019-09-07T19:33:41.233Z,2,127250,204,255,8,ff,88,96,ff,7f,ff,7f,fd
2019-09-07T19:33:41.233Z,2,127251,204,255,8,ff,fa,45,00,00,ff,ff,ff
2019-09-07T19:33:41.233Z,2,127257,204,255,8,ff,18,a1,05,ff,bd,00,ff
2019-09-07T19:33:41.233Z,2,127245,204,255,8,00,ff,ff,7f,3b,ef,ff,ff
2019-09-07T19:33:41.233Z,2,127245,204,255,8,fc,f8,ff,7f,ff,7f,ff,ff
2019-09-07T19:33:41.233Z,7,65359,204,255,8,3b,9f,ff,ff,ff,88,96,ff
2019-09-07T19:33:41.271Z,2,130306,110,255,8,00,00,00,cf,cb,fa,ff,ff
2019-09-07T19:33:41.271Z,2,129026,150,255,8,ff,fc,93,a8,42,00,ff,ff
2019-09-07T19:33:41.271Z,2,129025,150,255,8,00,23,42,18,80,5c,e8,d3
2019-09-07T19:33:41.271Z,2,127245,172,255,8,fc,f8,ff,7f,5e,ef,ff,ff
2019-09-07T19:33:41.271Z,5,130310,105,255,8,00,09,74,ff,ff,ff,ff,ff
2019-09-07T19:33:41.331Z,2,127250,204,255,8,ff,89,96,ff,7f,ff,7f,fd
2019-09-07T19:33:41.331Z,2,127251,204,255,8,ff,75,5c,00,00,ff,ff,ff
2019-09-07T19:33:41.331Z,2,127257,204,255,8,ff,19,a1,07,ff,bb,00,ff
2019-09-07T19:33:41.331Z,2,127245,204,255,8,00,ff,ff,7f,5e,ef,ff,ff
2019-09-07T19:33:41.331Z,2,127245,204,255,8,fc,f8,ff,7f,ff,7f,ff,ff
2019-09-07T19:33:41.331Z,7,65359,204,255,8,3b,9f,ff,ff,ff,89,96,ff
2019-09-07T19:33:41.373Z,2,130306,110,255,8,00,00,00,78,cb,fa,ff,ff
2019-09-07T19:33:41.373Z,2,129026,150,255,8,ff,fc,71,a8,3d,00,ff,ff
2019-09-07T19:33:41.373Z,2,129025,150,255,8,00,23,42,18,80,5c,e8,d3
2019-09-07T19:33:41.373Z,2,127245,172,255,8,fc,f8,ff,7f,5e,ef,ff,ff
2019-09-07T19:33:41.373Z,7,65384,6,255,8,3b,9f,00,00,00,00,00,00
2019-09-07T19:33:41.465Z,2,127250,204,255,8,ff,88,96,ff,7f,ff,7f,fd
2019-09-07T19:33:41.465Z,2,127251,204,255,8,ff,ba,3f,00,00,ff,ff,ff
2019-09-07T19:33:41.465Z,2,127257,204,255,8,ff,18,a1,08,ff,ba,00,ff
2019-09-07T19:33:41.465Z,2,127245,204,255,8,00,ff,ff,7f,5e,ef,ff,ff
2019-09-07T19:33:41.465Z,2,127245,204,255,8,fc,f8,ff,7f,ff,7f,ff,ff
2019-09-07T19:33:41.465Z,7,65359,204,255,8,3b,9f,ff,ff,ff,88,96,ff
2019-09-07T19:33:41.465Z,3,129283,8,255,8,ff,7f,ff,ff,ff,7f,ff,ff
2019-09-07T19:33:41.465Z,3,129284,8,255,34,ce,a8,48,00,00,00,ff,ff,ff,ff,ff,ff,1f,de,be,60,ff,ff,ff,ff,01,00,00,00,7f,ef,41,18,c0,91,e8,d3,ee,ff
2019-09-07T19:33:41.465Z,2,130306,110,255,8,00,00,00,21,cb,fa,ff,ff
2019-09-07T19:33:41.465Z,2,129026,150,255,8,ff,fc,fe,a7,39,00,ff,ff
2019-09-07T19:33:41.465Z,2,127237,172,255,21,3c,c0,1f,ff,7f,ff,ff,ff,ff,ff,ff,ff,ff,ff,7f,ff,7f,ff,7f,ff,ff
2019-09-07T19:33:41.465Z,2,127245,172,255,8,fc,f8,ff,7f,3b,ef,ff,ff
2019-09-07T19:33:41.465Z,3,129029,150,255,47,ff,ff,ff,ff,ff,ff,ff,00,00,00,00,f8,e8,a5,05,00,00,00,00,50,e4,bb,f5,ff,ff,ff,ff,ff,ff,ff,7f,14,fc,15,9e,01,ff,7f,ff,ff,ff,7f,c4,59,00,10,00
2019-09-07T19:33:41.465Z,2,129025,150,255,8,e0,22,42,18,c0,5c,e8,d3
2019-09-07T19:33:41.465Z,6,129542,150,255,15,ff,2f,18,ff,ff,ff,ff,ff,ff,ff,ff,ff,ff,ff,ff
2019-09-07T19:33:41.485Z,6,129540,150,255,87,ff,ff,08,02,0b,11,a1,58,4c,04,00,00,00,00,f2,05,ff,1d,f3,2a,08,07,00,00,00,00,f2,0d,5c,2e,67,3f,6c,07,00,00,00,00,f2,0f,e7,28,b7,89,08,07,00,00,00,00,f2,15,22,15,59,d3,08,07,00,00,00,00,f2,1d,68,21,da,9e,34,08,00,00,00,00,f2,46,b9,2f,f0,cf,fc,08,00,00,00,00,f1
2019-09-07T19:33:41.537Z,2,127250,204,255,8,ff,87,96,ff,7f,ff,7f,fd
2019-09-07T19:33:41.537Z,2,127251,204,255,8,ff,8e,22,00,00,ff,ff,ff
2019-09-07T19:33:41.537Z,2,127257,204,255,8,ff,17,a1,06,ff,b9,00,ff
2019-09-07T19:33:41.537Z,2,127245,204,255,8,00,ff,ff,7f,3b,ef,ff,ff
2019-09-07T19:33:41.537Z,2,127245,204,255,8,fc,f8,ff,7f,ff,7f,ff,ff
2019-09-07T19:33:41.537Z,7,65359,204,255,8,3b,9f,ff,ff,ff,87,96,ff
2019-09-07T19:33:41.537Z,7,126720,204,255,13,3b,9f,f0,81,84,a6,94,52,40,00,e8,02,05
2019-09-07T19:33:41.561Z,2,130306,110,255,8,00,00,00,c9,ca,fa,ff,ff
2019-09-07T19:33:41.561Z,2,129026,150,255,8,ff,fc,ee,a7,38,00,ff,ff
2019-09-07T19:33:41.561Z,2,129025,150,255,8,e0,22,42,18,c0,5c,e8,d3
2019-09-07T19:33:41.561Z,2,127245,172,255,8,fc,f8,ff,7f,3b,ef,ff,ff
2019-09-07T19:33:41.609Z,2,127250,204,255,8,ff,86,96,ff,7f,ff,7f,fd
2019-09-07T19:33:41.635Z,2,127251,204,255,8,ff,40,1c,00,00,ff,ff,ff
2019-09-07T19:33:41.635Z,2,127257,204,255,8,ff,17,a1,06,ff,b7,00,ff
2019-09-07T19:33:41.635Z,2,127245,204,255,8,00,ff,ff,7f,3b,ef,ff,ff
2019-09-07T19:33:41.635Z,2,127245,204,255,8,fc,f8,ff,7f,ff,7f,ff,ff
2019-09-07T19:33:41.635Z,7,65359,204,255,8,3b,9f,ff,ff,ff,86,96,ff
2019-09-07T19:33:41.635Z,7,126720,204,255,9,3b,9f,f0,81,ae,02,00,0c,a5
2019-09-07T19:33:41.635Z,6,127258,8,255,8,ff,ff,ff,ff,ff,7f,ff,ff
2019-09-07T19:33:41.661Z,2,130306,110,255,8,00,00,00,72,ca,fa,ff,ff
2019-09-07T19:33:41.661Z,2,129026,150,255,8,ff,fc,ee,a7,38,00,ff,ff
2019-09-07T19:33:41.661Z,2,129025,150,255,8,00,23,42,18,80,5c,e8,d3
2019-09-07T19:33:41.661Z,2,127245,172,255,8,fc,f8,ff,7f,3b,ef,ff,ff
2019-09-07T19:33:41.703Z,3,126208,6,204,21,00,00,ef,01,ff,ff,ff,ff,ff,ff,04,01,3b,07,03,04,04,6c,05,23,50
2019-09-07T19:33:41.703Z,7,126720,204,6,9,3b,9f,6c,23,50,80,80,80,00
2019-09-07T19:33:41.703Z,2,127237,172,255,21,3c,c0,1f,ff,7f,ff,ff,ff,ff,ff,ff,ff,ff,ff,7f,ff,7f,ff,7f,ff,ff
2019-09-07T19:33:41.749Z,2,127250,204,255,8,ff,85,96,ff,7f,ff,7f,fd
2019-09-07T19:33:41.749Z,2,127251,204,255,8,ff,16,19,00,00,ff,ff,ff
2019-09-07T19:33:41.749Z,2,127257,204,255,8,ff,16,a1,0a,ff,b5,00,ff
2019-09-07T19:33:41.749Z,2,127245,204,255,8,00,ff,ff,7f,3b,ef,ff,ff
2019-09-07T19:33:41.749Z,2,127245,204,255,8,fc,f8,ff,7f,ff,7f,ff,ff
2019-09-07T19:33:41.749Z,7,65359,204,255,8,3b,9f,ff,ff,ff,85,96,ff
2019-09-07T19:33:41.749Z,3,129284,8,255,34,cf,a8,48,00,00,00,ff,ff,ff,ff,ff,ff,1f,de,d0,60,ff,ff,ff,ff,01,00,00,00,7f,ef,41,18,c0,91,e8,d3,ee,ff
2019-09-07T19:33:41.749Z,7,130848,8,255,32,3b,9f,7a,57,61,79,70,6f,69,6e,74,20,31,32,00,80,89,42,b8,30,30,30,31,d0,60,d0,60,a8,48,00,00,ff
2019-09-07T19:33:41.749Z,7,130918,8,255,47,3b,9f,01,00,57,61,79,70,6f,69,6e,74,20,31,32,00,80,89,42,b8,ff,00,ff,ff,ff,ff,ff,ff,ff,ff,ff,ff,ff,ff,ff,ff,ff,ff,0d,ff,ff,ff,ff,ff,ff,ff,ff
2019-09-07T19:33:41.749Z,6,129285,8,255,58,00,00,02,00,00,00,00,00,07,07,01,52,6f,75,74,65,ff,00,00,08,01,4f,52,49,47,49,4e,00,dc,41,18,40,a3,e8,d3,01,00,0d,01,57,61,79,70,6f,69,6e,74,20,31,32,7f,ef,41,18,c0,91,e8,d3
2019-09-07T19:33:41.749Z,2,130306,110,255,8,00,00,00,72,ca,fa,ff,ff
2019-09-07T19:33:41.749Z,2,129026,150,255,8,ff,fc,fe,a7,37,00,ff,ff
2019-09-07T19:33:41.749Z,2,129025,150,255,8,40,23,42,18,40,5c,e8,d3
2019-09-07T19:33:41.785Z,2,127245,172,255,8,fc,f8,ff,7f,3b,ef,ff,ff
2019-09-07T19:33:41.785Z,7,61184,204,255,8,3b,9f,61,fb,ff,ff,ff,ff
2019-09-07T19:33:41.785Z,2,128259,105,255,8,00,00,00,ff,ff,00,ff,ff
2019-09-07T19:33:41.785Z,6,128275,105,255,14,ff,ff,ff,ff,ff,ff,34,60,52,00,34,60,52,00
2019-09-07T19:33:41.785Z,5,130310,105,255,8,00,09,74,ff,ff,ff,ff,ff
2019-09-07T19:33:41.785Z,5,130312,105,255,8,00,00,00,09,74,ff,ff,ff
2019-09-07T19:33:41.785Z,7,130822,105,255,26,3b,9f,34,60,52,00,34,60,52,00,34,60,52,00,34,60,52,00,34,60,52,00,34,60,52,00
2019-09-07T19:33:41.801Z,7,61184,105,204,8,3b,9f,01,61,00,f2,ff,ff
2019-09-07T19:33:41.837Z,2,127250,204,255,8,ff,84,96,ff,7f,ff,7f,fd
2019-09-07T19:33:41.837Z,2,127251,204,255,8,ff,22,1f,00,00,ff,ff,ff
2019-09-07T19:33:41.837Z,2,127257,204,255,8,ff,15,a1,0a,ff,b5,00,ff
2019-09-07T19:33:41.837Z,2,127245,204,255,8,00,ff,ff,7f,3b,ef,ff,ff
2019-09-07T19:33:41.837Z,2,127245,204,255,8,fc,f8,ff,7f,ff,7f,ff,ff
2019-09-07T19:33:41.837Z,7,65359,204,255,8,3b,9f,ff,ff,ff,84,96,ff
2019-09-07T19:33:41.837Z,4,129039,43,255,27,12,04,85,e8,15,ff,ff,ff,7f,ff,ff,ff,7f,fc,ff,ff,ff,ff,06,00,26,ff,ff,00,74,01,ff
2019-09-07T19:33:41.876Z,2,130306,110,255,8,00,00,00,1b,ca,fa,ff,ff
2019-09-07T19:33:41.876Z,2,129026,150,255,8,ff,fc,02,a8,37,00,ff,ff
2019-09-07T19:33:41.876Z,2,129025,150,255,8,40,23,42,18,80,5c,e8,d3
2019-09-07T19:33:41.876Z,2,127245,172,255,8,fc,f8,ff,7f,81,ef,ff,ff
2019-09-07T19:33:41.876Z,0,262386,0,0,33,01,0e,00,e3,9a,03,00,00,00,00,00,02,0e,02,00,00,00,00,00,00,00,00,21,32,02,08,00,00,00,0c,00,00,00
2019-09-07T19:33:41.908Z,2,127250,204,255,8,ff,81,96,ff,7f,ff,7f,fd
2019-09-07T19:33:41.929Z,2,127251,204,255,8,ff,28,bf,ff,ff,ff,ff,ff
2019-09-07T19:33:41.929Z,2,127257,204,255,8,ff,11,a1,0a,ff,b5,00,ff
2019-09-07T19:33:41.929Z,2,127245,204,255,8,00,ff,ff,7f,81,ef,ff,ff
2019-09-07T19:33:41.929Z,2,127245,204,255,8,fc,f8,ff,7f,ff,7f,ff,ff
2019-09-07T19:33:41.929Z,7,65359,204,255,8,3b,9f,ff,ff,ff,81,96,ff
2019-09-07T19:33:41.945Z,2,130306,110,255,8,00,00,00,c4,c9,fa,ff,ff
2019-09-07T19:33:41.966Z,2,129026,150,255,8,ff,fc,fe,a7,36,00,ff,ff
2019-09-07T19:33:41.966Z,2,129025,150,255,8,00,23,42,18,80,5c,e8,d3
2019-09-07T19:33:41.966Z,2,127237,172,255,21,3c,c0,1f,ff,7f,ff,ff,ff,ff,ff,ff,ff,ff,ff,7f,ff,7f,ff,7f,ff,ff
2019-09-07T19:33:41.966Z,2,127245,172,255,8,fc,f8,ff,7f,3b,ef,ff,ff
2019-09-07T19:33:42.037Z,2,127250,204,255,8,ff,7f,96,ff,7f,ff,7f,fd
2019-09-07T19:33:42.037Z,2,127251,204,255,8,ff,6c,af,ff,ff,ff,ff,ff
2019-09-07T19:33:42.037Z,2,127257,204,255,8,ff,10,a1,0b,ff,b5,00,ff
2019-09-07T19:33:42.037Z,2,127245,204,255,8,00,ff,ff,7f,3b,ef,ff,ff
2019-09-07T19:33:42.037Z,2,127245,204,255,8,fc,f8,ff,7f,ff,7f,ff,ff
2019-09-07T19:33:42.037Z,7,65379,204,255,8,3b,9f,00,00,00,00,02,ff
2019-09-07T19:33:42.037Z,7,65359,204,255,8,3b,9f,ff,ff,ff,7f,96,ff
2019-09-07T19:33:42.037Z,7,126720,204,255,8,3b,9f,f0,81,9c,61,14,e8
2019-09-07T19:33:42.037Z,7,65384,8,255,8,3b,9f,ff,ff,ff,ff,ff,ff
2019-09-07T19:33:42.061Z,2,130306,110,255,8,00,00,00,15,c9,fa,ff,ff
2019-09-07T19:33:42.061Z,2,129026,150,255,8,ff,fc,f8,a7,36,00,ff,ff
2019-09-07T19:33:42.061Z,2,129025,150,255,8,00,23,42,18,80,5c,e8,d3
2019-09-07T19:33:42.061Z,2,127245,172,255,8,fc,f8,ff,7f,5e,ef,ff,ff
2019-09-07T19:33:42.109Z,2,127250,204,255,8,ff,80,96,ff,7f,ff,7f,fd
2019-09-07T19:33:42.135Z,2,127251,204,255,8,ff,a2,d3,ff,ff,ff,ff,ff
2019-09-07T19:33:42.135Z,2,127257,204,255,8,ff,10,a1,0e,ff,b4,00,ff
2019-09-07T19:33:42.135Z,2,127245,204,255,8,00,ff,ff,7f,5e,ef,ff,ff
2019-09-07T19:33:42.135Z,2,127245,204,255,8,fc,f8,ff,7f,ff,7f,ff,ff
2019-09-07T19:33:42.135Z,7,65359,204,255,8,3b,9f,ff,ff,ff,80,96,ff
2019-09-07T19:33:42.135Z,7,130916,204,255,7,3b,9f,ff,ff,ff,7f,ff
2019-09-07T19:33:42.161Z,2,130306,110,255,8,00,00,00,be,c8,fa,ff,ff
2019-09-07T19:33:42.161Z,2,129026,150,255,8,ff,fc,f2,a7,35,00,ff,ff
2019-09-07T19:33:42.161Z,2,129025,150,255,8,00,23,42,18,80,5c,e8,d3
2019-09-07T19:33:42.161Z,2,127245,172,255,8,fc,f8,ff,7f,3b,ef,ff,ff
2019-09-07T19:33:42.193Z,7,65370,8,255,8,3b,9f,00,10,24,20,f5,ff
2019-09-07T19:33:42.233Z,2,127237,172,255,21,3c,c0,1f,ff,7f,ff,ff,ff,ff,ff,ff,ff,ff,ff,7f,ff,7f,ff,7f,ff,ff
2019-09-07T19:33:42.233Z,2,127250,204,255,8,ff,7f,96,ff,7f,ff,7f,fd
2019-09-07T19:33:42.233Z,2,127251,204,255,8,ff,21,f8,ff,ff,ff,ff,ff
2019-09-07T19:33:42.233Z,2,127257,204,255,8,ff,0f,a1,0b,ff,b3,00,ff
2019-09-07T19:33:42.233Z,2,127245,204,255,8,00,ff,ff,7f,3b,ef,ff,ff
2019-09-07T19:33:42.233Z,2,127245,204,255,8,fc,f8,ff,7f,ff,7f,ff,ff
2019-09-07T19:33:42.233Z,7,65359,204,255,8,3b,9f,ff,ff,ff,7f,96,ff
2019-09-07T19:33:42.271Z,2,130306,110,255,8,00,00,00,be,c8,fa,ff,ff
2019-09-07T19:33:42.271Z,2,129026,150,255,8,ff,fc,de,a7,35,00,ff,ff
2019-09-07T19:33:42.271Z,2,129025,150,255,8,00,23,42,18,80,5c,e8,d3
2019-09-07T19:33:42.271Z,2,127245,172,255,8,fc,f8,ff,7f,5e,ef,ff,ff
2019-09-07T19:33:42.271Z,5,130310,105,255,8,00,09,74,ff,ff,ff,ff,ff
2019-09-07T19:33:42.331Z,2,127250,204,255,8,ff,7e,96,ff,7f,ff,7f,fd
2019-09-07T19:33:42.331Z,2,127251,204,255,8,ff,c7,d3,ff,ff,ff,ff,ff
2019-09-07T19:33:42.331Z,2,127257,204,255,8,ff,0e,a1,0a,ff,b5,00,ff
2019-09-07T19:33:42.331Z,2,127245,204,255,8,00,ff,ff,7f,5e,ef,ff,ff
2019-09-07T19:33:42.331Z,2,127245,204,255,8,fc,f8,ff,7f,ff,7f,ff,ff
2019-09-07T19:33:42.331Z,7,65359,204,255,8,3b,9f,ff,ff,ff,7e,96,ff
2019-09-07T19:33:42.373Z,2,130306,110,255,8,00,00,00,67,c8,fa,ff,ff
2019-09-07T19:33:42.373Z,2,129026,150,255,8,ff,fc,b4,a7,35,00,ff,ff
2019-09-07T19:33:42.373Z,2,129025,150,255,8,00,23,42,18,80,5c,e8,d3
2019-09-07T19:33:42.373Z,2,127245,172,255,8,fc,f8,ff,7f,5e,ef,ff,ff
2019-09-07T19:33:42.373Z,7,65384,6,255,8,3b,9f,00,00,00,00,00,00
2019-09-07T19:33:42.464Z,2,127250,204,255,8,ff,7e,96,ff,7f,ff,7f,fd
2019-09-07T19:33:42.465Z,2,127251,204,255,8,ff,b7,07,00,00,ff,ff,ff
2019-09-07T19:33:42.465Z,2,127257,204,255,8,ff,0f,a1,0d,ff,b4,00,ff
2019-09-07T19:33:42.465Z,2,127245,204,255,8,00,ff,ff,7f,5e,ef,ff,ff
2019-09-07T19:33:42.465Z,2,127245,204,255,8,fc,f8,ff,7f,ff,7f,ff,ff
2019-09-07T19:33:42.465Z,7,65359,204,255,8,3b,9f,ff,ff,ff,7e,96,ff
2019-09-07T19:33:42.465Z,3,129283,8,255,8,ff,7f,ff,ff,ff,7f,ff,ff
2019-09-07T19:33:42.465Z,3,129284,8,255,34,d0,a8,48,00,00,00,ff,ff,ff,ff,ff,ff,1f,de,be,60,ff,ff,ff,ff,01,00,00,00,7f,ef,41,18,c0,91,e8,d3,f3,ff
2019-09-07T19:33:42.465Z,2,130306,110,255,8,00,00,00,b8,c7,fa,ff,ff
2019-09-07T19:33:42.465Z,2,129026,150,255,8,ff,fc,8d,a7,35,00,ff,ff
2019-09-07T19:33:42.465Z,2,127237,172,255,21,3c,c0,1f,ff,7f,ff,ff,ff,ff,ff,ff,ff,ff,ff,7f,ff,7f,ff,7f,ff,ff
2019-09-07T19:33:42.465Z,2,127245,172,255,8,fc,f8,ff,7f,3b,ef,ff,ff
2019-09-07T19:33:42.465Z,3,129029,150,255,47,ff,ff,ff,ff,ff,ff,ff,00,00,00,00,00,e9,a5,05,00,00,00,00,40,e4,bb,f5,ff,ff,ff,ff,ff,ff,ff,7f,14,fc,15,9e,01,ff,7f,ff,ff,ff,7f,c4,59,00,10,00
2019-09-07T19:33:42.465Z,2,129025,150,255,8,00,23,42,18,80,5c,e8,d3
2019-09-07T19:33:42.465Z,6,129542,150,255,15,ff,5f,18,ff,ff,ff,ff,ff,ff,ff,ff,ff,ff,ff,ff
2019-09-07T19:33:42.485Z,6,129540,150,255,87,ff,ff,08,02,0b,11,a1,58,4c,04,00,00,00,00,f2,05,ff,1d,f3,2a,08,07,00,00,00,00,f2,0d,5c,2e,67,3f,6c,07,00,00,00,00,f2,0f,e7,28,b7,89,08,07,00,00,00,00,f2,15,22,15,59,d3,08,07,00,00,00,00,f2,1d,68,21,da,9e,34,08,00,00,00,00,f2,46,b9,2f,f0,cf,fc,08,00,00,00,00,f1
2019-09-07T19:33:42.537Z,2,127250,204,255,8,ff,7c,96,ff,7f,ff,7f,fd
2019-09-07T19:33:42.537Z,2,127251,204,255,8,ff,55,d9,ff,ff,ff,ff,ff
2019-09-07T19:33:42.537Z,2,127257,204,255,8,ff,0d,a1,0d,ff,b4,00,ff
2019-09-07T19:33:42.537Z,2,127245,204,255,8,00,ff,ff,7f,3b,ef,ff,ff
2019-09-07T19:33:42.537Z,2,127245,204,255,8,fc,f8,ff,7f,ff,7f,ff,ff
2019-09-07T19:33:42.537Z,7,65359,204,255,8,3b,9f,ff,ff,ff,7c,96,ff
2019-09-07T19:33:42.537Z,7,126720,204,255,13,3b,9f,f0,81,84,66,94,51,40,00,e8,02,05
2019-09-07T19:33:42.561Z,2,130306,110,255,8,00,00,00,61,c7,fa,ff,ff
2019-09-07T19:33:42.561Z,2,129026,150,255,8,ff,fc,69,a7,35,00,ff,ff
2019-09-07T19:33:42.561Z,2,129025,150,255,8,00,23,42,18,80,5c,e8,d3
2019-09-07T19:33:42.561Z,2,127245,172,255,8,fc,f8,ff,7f,3b,ef,ff,ff
2019-09-07T19:33:42.609Z,2,127250,204,255,8,ff,7d,96,ff,7f,ff,7f,fd
2019-09-07T19:33:42.635Z,2,127251,204,255,8,ff,cb,02,00,00,ff,ff,ff
2019-09-07T19:33:42.635Z,2,127257,204,255,8,ff,0d,a1,11,ff,b5,00,ff
2019-09-07T19:33:42.635Z,2,127245,204,255,8,00,ff,ff,7f,3b,ef,ff,ff
2019-09-07T19:33:42.635Z,2,127245,204,255,8,fc,f8,ff,7f,ff,7f,ff,ff
2019-09-07T19:33:42.635Z,7,65359,204,255,8,3b,9f,ff,ff,ff,7d,96,ff
2019-09-07T19:33:42.635Z,7,126720,204,255,9,3b,9f,f0,81,ae,02,00,0c,a5
2019-09-07T19:33:42.635Z,6,127258,8,255,8,ff,ff,ff,ff,ff,7f,ff,ff
2019-09-07T19:33:42.661Z,2,130306,110,255,8,00,00,00,0a,c7,fa,ff,ff
2019-09-07T19:33:42.661Z,2,129026,150,255,8,ff,fc,55,a7,35,00,ff,ff
2019-09-07T19:33:42.661Z,2,129025,150,255,8,00,23,42,18,80,5c,e8,d3
2019-09-07T19:33:42.661Z,2,127245,172,255,8,fc,f8,ff,7f,81,ef,ff,ff
2019-09-07T19:33:42.746Z,2,127237,172,255,21,3c,c0,1f,ff,7f,ff,ff,ff,ff,ff,ff,ff,ff,ff,7f,ff,7f,ff,7f,ff,ff
2019-09-07T19:33:42.746Z,2,127250,204,255,8,ff,7b,96,ff,7f,ff,7f,fd
2019-09-07T19:33:42.746Z,2,127251,204,255,8,ff,02,e8,ff,ff,ff,ff,ff
2019-09-07T19:33:42.746Z,2,127257,204,255,8,ff,0c,a1,10,ff,b6,00,ff
2019-09-07T19:33:42.746Z,2,127245,204,255,8,00,ff,ff,7f,81,ef,ff,ff
2019-09-07T19:33:42.746Z,2,127245,204,255,8,fc,f8,ff,7f,ff,7f,ff,ff
2019-09-07T19:33:42.746Z,7,65359,204,255,8,3b,9f,ff,ff,ff,7b,96,ff
2019-09-07T19:33:42.746Z,3,129284,8,255,34,d1,a8,48,00,00,00,ff,ff,ff,ff,ff,ff,1f,de,be,60,ff,ff,ff,ff,01,00,00,00,7f,ef,41,18,c0,91,e8,d3,f3,ff
2019-09-07T19:33:42.746Z,7,130848,8,255,32,3b,9f,7b,57,61,79,70,6f,69,6e,74,20,31,32,00,80,89,42,b8,30,30,30,31,be,60,be,60,a8,48,00,00,ff
2019-09-07T19:33:42.746Z,7,130918,8,255,47,3b,9f,01,00,57,61,79,70,6f,69,6e,74,20,31,32,00,80,89,42,b8,ff,00,ff,ff,ff,ff,ff,ff,ff,ff,ff,ff,ff,ff,ff,ff,ff,ff,0d,ff,ff,ff,ff,ff,ff,ff,ff
2019-09-07T19:33:42.746Z,6,129285,8,255,58,00,00,02,00,00,00,00,00,07,07,01,52,6f,75,74,65,ff,00,00,08,01,4f,52,49,47,49,4e,00,dc,41,18,40,a3,e8,d3,01,00,0d,01,57,61,79,70,6f,69,6e,74,20,31,32,7f,ef,41,18,c0,91,e8,d3
2019-09-07T19:33:42.746Z,2,130306,110,255,8,00,00,00,0a,c7,fa,ff,ff
2019-09-07T19:33:42.746Z,2,129026,150,255,8,ff,fc,26,a7,35,00,ff,ff
2019-09-07T19:33:42.781Z,2,129025,150,255,8,e0,22,42,18,c0,5c,e8,d3
2019-09-07T19:33:42.781Z,2,127245,172,255,8,fc,f8,ff,7f,5e,ef,ff,ff
2019-09-07T19:33:42.781Z,2,128259,105,255,8,00,00,00,ff,ff,00,ff,ff
2019-09-07T19:33:42.781Z,6,128275,105,255,14,ff,ff,ff,ff,ff,ff,34,60,52,00,34,60,52,00
2019-09-07T19:33:42.781Z,7,61184,204,255,8,3b,9f,61,fb,ff,ff,ff,ff
2019-09-07T19:33:42.781Z,5,130310,105,255,8,00,09,74,ff,ff,ff,ff,ff
2019-09-07T19:33:42.781Z,7,130822,105,255,26,3b,9f,34,60,52,00,34,60,52,00,34,60,52,00,34,60,52,00,34,60,52,00,34,60,52,00
2019-09-07T19:33:42.797Z,7,61184,105,204,8,3b,9f,01,61,00,f2,ff,ff
2019-09-07T19:33:42.840Z,2,127250,204,255,8,ff,7c,96,ff,7f,ff,7f,fd
2019-09-07T19:33:42.840Z,2,127251,204,255,8,ff,55,16,00,00,ff,ff,ff
2019-09-07T19:33:42.840Z,2,127257,204,255,8,ff,0c,a1,11,ff,b4,00,ff
2019-09-07T19:33:42.840Z,2,127245,204,255,8,00,ff,ff,7f,5e,ef,ff,ff
2019-09-07T19:33:42.840Z,2,127245,204,255,8,fc,f8,ff,7f,ff,7f,ff,ff
2019-09-07T19:33:42.840Z,7,65359,204,255,8,3b,9f,ff,ff,ff,7c,96,ff
2019-09-07T19:33:42.840Z,4,129039,43,255,27,12,04,85,e8,15,ff,ff,ff,7f,ff,ff,ff,7f,fc,ff,ff,ff,ff,06,00,26,ff,ff,00,74,01,ff
2019-09-07T19:33:42.876Z,2,130306,110,255,8,00,00,00,b2,c6,fa,ff,ff
2019-09-07T19:33:42.876Z,2,129026,150,255,8,ff,fc,df,a6,34,00,ff,ff
2019-09-07T19:33:42.876Z,2,129025,150,255,8,e0,22,42,18,c0,5c,e8,d3
2019-09-07T19:33:42.876Z,2,127245,172,255,8,fc,f8,ff,7f,5e,ef,ff,ff
2019-09-07T19:33:42.876Z,0,262386,0,0,33,01,0e,00,e3,9a,03,00,00,00,00,00,02,0e,02,00,00,00,00,00,00,00,00,21,31,02,07,00,00,00,0b,00,00,00
2019-09-07T19:33:42.908Z,2,127250,204,255,8,ff,7b,96,ff,7f,ff,7f,fd
2019-09-07T19:33:42.934Z,2,127251,204,255,8,ff,ac,20,00,00,ff,ff,ff
2019-09-07T19:33:42.934Z,2,127257,204,255,8,ff,0c,a1,12,ff,b4,00,ff
2019-09-07T19:33:42.934Z,2,127245,204,255,8,00,ff,ff,7f,5e,ef,ff,ff
2019-09-07T19:33:42.934Z,2,127245,204,255,8,fc,f8,ff,7f,ff,7f,ff,ff
2019-09-07T19:33:42.934Z,7,65359,204,255,8,3b,9f,ff,ff,ff,7b,96,ff
2019-09-07T19:33:42.967Z,2,130306,110,255,8,00,00,00,b2,c6,fa,ff,ff
2019-09-07T19:33:42.967Z,2,129026,150,255,8,ff,fc,58,a5,2f,00,ff,ff
2019-09-07T19:33:42.967Z,2,129025,150,255,8,c0,22,42,18,00,5d,e8,d3
2019-09-07T19:33:42.967Z,2,127237,172,255,21,3c,c0,1f,ff,7f,ff,ff,ff,ff,ff,ff,ff,ff,ff,7f,ff,7f,ff,7f,ff,ff
2019-09-07T19:33:42.967Z,2,127245,172,255,8,fc,f8,ff,7f,3b,ef,ff,ff
2019-09-07T19:33:43.037Z,2,127250,204,255,8,ff,7b,96,ff,7f,ff,7f,fd
2019-09-07T19:33:43.037Z,2,127251,204,255,8,ff,70,1f,00,00,ff,ff,ff
2019-09-07T19:33:43.037Z,2,127257,204,255,8,ff,0b,a1,14,ff,b2,00,ff
2019-09-07T19:33:43.037Z,2,127245,204,255,8,00,ff,ff,7f,3b,ef,ff,ff
2019-09-07T19:33:43.037Z,2,127245,204,255,8,fc,f8,ff,7f,ff,7f,ff,ff
2019-09-07T19:33:43.037Z,7,65379,204,255,8,3b,9f,00,00,00,00,02,ff
2019-09-07T19:33:43.037Z,7,65359,204,255,8,3b,9f,ff,ff,ff,7b,96,ff
2019-09-07T19:33:43.037Z,7,126720,204,255,8,3b,9f,f0,81,9c,61,14,e8
2019-09-07T19:33:43.037Z,7,65384,8,255,8,3b,9f,ff,ff,ff,ff,ff,ff
2019-09-07T19:33:43.062Z,2,130306,110,255,8,00,00,00,5b,c6,fa,ff,ff
2019-09-07T19:33:43.062Z,2,129026,150,255,8,ff,fc,58,a5,2f,00,ff,ff
2019-09-07T19:33:43.062Z,2,129025,150,255,8,c0,22,42,18,00,5d,e8,d3
2019-09-07T19:33:43.062Z,2,127245,172,255,8,fc,f8,ff,7f,3b,ef,ff,ff
2019-09-07T19:33:43.078Z,7,65396,43,255,8,3b,9f,fd,21,00,fe,ff,ff
2019-09-07T19:33:43.110Z,2,127250,204,255,8,ff,79,96,ff,7f,ff,7f,fd
2019-09-07T19:33:43.110Z,2,127251,204,255,8,ff,b1,01,00,00,ff,ff,ff
2019-09-07T19:33:43.136Z,2,127257,204,255,8,ff,0a,a1,13,ff,b2,00,ff
2019-09-07T19:33:43.136Z,2,127245,204,255,8,00,ff,ff,7f,3b,ef,ff,ff
2019-09-07T19:33:43.136Z,2,127245,204,255,8,fc,f8,ff,7f,ff,7f,ff,ff
2019-09-07T19:33:43.136Z,7,65359,204,255,8,3b,9f,ff,ff,ff,79,96,ff
2019-09-07T19:33:43.136Z,7,130916,204,255,7,3b,9f,ff,ff,ff,7f,ff
2019-09-07T19:33:43.136Z,7,126720,6,255,7,3b,9f,f0,81,90,00,03
2019-09-07T19:33:43.162Z,2,130306,110,255,8,00,00,00,5b,c6,fa,ff,ff
2019-09-07T19:33:43.162Z,2,129026,150,255,8,ff,fc,52,a1,22,00,ff,ff
2019-09-07T19:33:43.162Z,2,129025,150,255,8,00,22,42,18,80,5e,e8,d3
2019-09-07T19:33:43.162Z,2,127245,172,255,8,fc,f8,ff,7f,3b,ef,ff,ff
2019-09-07T19:33:43.234Z,2,127237,172,255,21,3c,c0,1f,ff,7f,ff,ff,ff,ff,ff,ff,ff,ff,ff,7f,ff,7f,ff,7f,ff,ff
2019-09-07T19:33:43.234Z,2,127250,204,255,8,ff,7b,96,ff,7f,ff,7f,fd
2019-09-07T19:33:43.234Z,2,127251,204,255,8,ff,d3,3b,00,00,ff,ff,ff
2019-09-07T19:33:43.234Z,2,127257,204,255,8,ff,0b,a1,15,ff,b3,00,ff
2019-09-07T19:33:43.234Z,2,127245,204,255,8,00,ff,ff,7f,3b,ef,ff,ff
2019-09-07T19:33:43.234Z,2,127245,204,255,8,fc,f8,ff,7f,ff,7f,ff,ff
2019-09-07T19:33:43.234Z,7,65359,204,255,8,3b,9f,ff,ff,ff,7b,96,ff
2019-09-07T19:33:43.271Z,2,130306,110,255,8,00,00,00,04,c6,fa,ff,ff
2019-09-07T19:33:43.271Z,2,129026,150,255,8,ff,fc,19,9f,1d,00,ff,ff
2019-09-07T19:33:43.271Z,2,129025,150,255,8,00,22,42,18,80,5e,e8,d3
2019-09-07T19:33:43.271Z,2,127245,172,255,8,fc,f8,ff,7f,5e,ef,ff,ff
2019-09-07T19:33:43.271Z,5,130310,105,255,8,00,09,74,ff,ff,ff,ff,ff
2019-09-07T19:33:43.287Z,3,126208,6,204,21,00,00,ef,01,ff,ff,ff,ff,ff,ff,04,01,3b,07,03,04,04,6c,05,1a,50
2019-09-07T19:33:43.303Z,7,126720,204,6,13,3b,9f,6c,1a,50,ff,7f,ff,7f,ff,7f,ff,7f
2019-09-07T19:33:43.332Z,2,127250,204,255,8,ff,7b,96,ff,7f,ff,7f,fd
2019-09-07T19:33:43.332Z,2,127251,204,255,8,ff,79,2c,00,00,ff,ff,ff
2019-09-07T19:33:43.332Z,2,127257,204,255,8,ff,0b,a1,16,ff,b1,00,ff
2019-09-07T19:33:43.332Z,2,127245,204,255,8,00,ff,ff,7f,5e,ef,ff,ff
2019-09-07T19:33:43.332Z,2,127245,204,255,8,fc,f8,ff,7f,ff,7f,ff,ff
2019-09-07T19:33:43.332Z,7,65359,204,255,8,3b,9f,ff,ff,ff,7b,96,ff
2019-09-07T19:33:43.373Z,2,130306,110,255,8,00,00,00,04,c6,fa,ff,ff
2019-09-07T19:33:43.373Z,2,129026,150,255,8,ff,fc,a0,9b,17,00,ff,ff
2019-09-07T19:33:43.373Z,2,129025,150,255,8,20,22,42,18,80,5e,e8,d3
2019-09-07T19:33:43.373Z,2,127245,172,255,8,fc,f8,ff,7f,5e,ef,ff,ff
2019-09-07T19:33:43.373Z,7,65384,6,255,8,3b,9f,00,00,00,00,00,00
2019-09-07T19:33:43.432Z,2,127250,204,255,8,ff,7c,96,ff,7f,ff,7f,fd
2019-09-07T19:33:43.432Z,2,127251,204,255,8,ff,df,56,00,00,ff,ff,ff
2019-09-07T19:33:43.432Z,2,127257,204,255,8,ff,0c,a1,18,ff,b0,00,ff
2019-09-07T19:33:43.432Z,2,127245,204,255,8,00,ff,ff,7f,5e,ef,ff,ff
2019-09-07T19:33:43.432Z,2,127245,204,255,8,fc,f8,ff,7f,ff,7f,ff,ff
2019-09-07T19:33:43.432Z,7,65359,204,255,8,3b,9f,ff,ff,ff,7c,96,ff
2019-09-07T19:33:43.432Z,3,129283,8,255,8,ff,7f,ff,ff,ff,7f,ff,ff
2019-09-07T19:33:43.485Z,3,129284,8,255,34,d2,18,47,00,00,00,ff,ff,ff,ff,ff,ff,1f,de,27,61,ff,ff,ff,ff,01,00,00,00,7f,ef,41,18,c0,91,e8,d3,01,00
2019-09-07T19:33:43.485Z,2,130306,110,255,8,00,00,00,04,c6,fa,ff,ff
2019-09-07T19:33:43.485Z,2,129026,150,255,8,ff,fc,a0,9b,13,00,ff,ff
2019-09-07T19:33:43.485Z,2,127237,172,255,21,3c,c0,1f,ff,7f,ff,ff,ff,ff,ff,ff,ff,ff,ff,7f,ff,7f,ff,7f,ff,ff
2019-09-07T19:33:43.485Z,2,127245,172,255,8,fc,f8,ff,7f,3b,ef,ff,ff
2019-09-07T19:33:43.485Z,3,129029,150,255,47,ff,ff,ff,ff,ff,ff,ff,00,00,00,00,d0,e8,a5,05,00,00,00,00,b0,e4,bb,f5,ff,ff,ff,ff,ff,ff,ff,7f,14,fc,15,9e,01,ff,7f,ff,ff,ff,7f,c4,59,00,10,00
2019-09-07T19:33:43.485Z,2,129025,150,255,8,20,22,42,18,40,5e,e8,d3
2019-09-07T19:33:43.485Z,6,129542,150,255,15,ff,d2,16,ff,ff,ff,ff,ff,ff,ff,ff,ff,ff,ff,ff
2019-09-07T19:33:43.485Z,6,129540,150,255,87,ff,ff,08,02,0b,11,a1,58,dc,05,00,00,00,00,f2,05,ff,1d,f3,2a,d0,07,00,00,00,00,f2,0d,5c,2e,67,3f,6c,07,00,00,00,00,f2,0f,e7,28,b7,89,08,07,00,00,00,00,f2,15,22,15,59,d3,08,07,00,00,00,00,f2,1d,68,21,da,9e,6c,07,00,00,00,00,f2,46,b9,2f,f0,cf,08,07,00,00,00,00,f1
2019-09-07T19:33:43.537Z,2,127250,204,255,8,ff,7a,96,ff,7f,ff,7f,fd
2019-09-07T19:33:43.537Z,2,127251,204,255,8,ff,56,0e,00,00,ff,ff,ff
2019-09-07T19:33:43.537Z,2,127257,204,255,8,ff,0a,a1,1a,ff,ae,00,ff
2019-09-07T19:33:43.537Z,2,127245,204,255,8,00,ff,ff,7f,3b,ef,ff,ff
2019-09-07T19:33:43.537Z,2,127245,204,255,8,fc,f8,ff,7f,ff,7f,ff,ff
2019-09-07T19:33:43.537Z,7,65359,204,255,8,3b,9f,ff,ff,ff,7a,96,ff
2019-09-07T19:33:43.537Z,7,126720,204,255,13,3b,9f,f0,81,84,66,94,51,40,00,e8,02,05
2019-09-07T19:33:43.562Z,2,130306,110,255,8,00,00,00,04,c6,fa,ff,ff
2019-09-07T19:33:43.562Z,2,129026,150,255,8,ff,fc,a0,9b,12,00,ff,ff
2019-09-07T19:33:43.562Z,2,129025,150,255,8,40,22,42,18,40,5e,e8,d3
2019-09-07T19:33:43.562Z,2,127245,172,255,8,fc,f8,ff,7f,3b,ef,ff,ff
2019-09-07T19:33:43.610Z,2,127250,204,255,8,ff,7a,96,ff,7f,ff,7f,fd
2019-09-07T19:33:43.610Z,2,127251,204,255,8,ff,57,32,00,00,ff,ff,ff
2019-09-07T19:33:43.636Z,2,127257,204,255,8,ff,0b,a1,1e,ff,ad,00,ff
2019-09-07T19:33:43.636Z,2,127245,204,255,8,00,ff,ff,7f,3b,ef,ff,ff
2019-09-07T19:33:43.636Z,2,127245,204,255,8,fc,f8,ff,7f,ff,7f,ff,ff
2019-09-07T19:33:43.636Z,7,65359,204,255,8,3b,9f,ff,ff,ff,7a,96,ff
2019-09-07T19:33:43.636Z,7,126720,204,255,9,3b,9f,f0,81,ae,02,00,0c,a5
2019-09-07T19:33:43.636Z,6,127258,8,255,8,ff,ff,ff,ff,ff,7f,ff,ff
2019-09-07T19:33:43.662Z,2,130306,110,255,8,00,00,00,04,c6,fa,ff,ff
2019-09-07T19:33:43.662Z,2,129026,150,255,8,ff,fc,a0,9b,12,00,ff,ff
2019-09-07T19:33:43.662Z,2,129025,150,255,8,40,22,42,18,40,5e,e8,d3
2019-09-07T19:33:43.662Z,2,127245,172,255,8,fc,f8,ff,7f,81,ef,ff,ff
2019-09-07T19:33:43.751Z,2,127237,172,255,21,3c,c0,1f,ff,7f,ff,ff,ff,ff,ff,ff,ff,ff,ff,7f,ff,7f,ff,7f,ff,ff
2019-09-07T19:33:43.751Z,2,127250,204,255,8,ff,79,96,ff,7f,ff,7f,fd
2019-09-07T19:33:43.751Z,2,127251,204,255,8,ff,7e,f8,ff,ff,ff,ff,ff
2019-09-07T19:33:43.751Z,2,127257,204,255,8,ff,09,a1,1e,ff,ae,00,ff
2019-09-07T19:33:43.751Z,2,127245,204,255,8,00,ff,ff,7f,81,ef,ff,ff
2019-09-07T19:33:43.751Z,2,127245,204,255,8,fc,f8,ff,7f,ff,7f,ff,ff
2019-09-07T19:33:43.751Z,7,65359,204,255,8,3b,9f,ff,ff,ff,79,96,ff
2019-09-07T19:33:43.751Z,3,129284,8,255,34,d3,18,47,00,00,00,ff,ff,ff,ff,ff,ff,1f,de,15,61,ff,ff,ff,ff,01,00,00,00,7f,ef,41,18,c0,91,e8,d3,01,00
2019-09-07T19:33:43.751Z,7,130848,8,255,32,3b,9f,7c,57,61,79,70,6f,69,6e,74,20,31,32,00,80,89,42,b8,30,30,30,31,15,61,15,61,18,47,00,00,ff
2019-09-07T19:33:43.751Z,7,130918,8,255,47,3b,9f,01,00,57,61,79,70,6f,69,6e,74,20,31,32,00,80,89,42,b8,ff,00,ff,ff,ff,ff,ff,ff,ff,ff,ff,ff,ff,ff,ff,ff,ff,ff,0d,ff,ff,ff,ff,ff,ff,ff,ff
2019-09-07T19:33:43.751Z,6,129285,8,255,58,00,00,02,00,00,00,00,00,07,07,01,52,6f,75,74,65,ff,00,00,08,01,4f,52,49,47,49,4e,00,dc,41,18,40,a3,e8,d3,01,00,0d,01,57,61,79,70,6f,69,6e,74,20,31,32,7f,ef,41,18,c0,91,e8,d3
2019-09-07T19:33:43.751Z,2,130306,110,255,8,00,00,00,04,c6,fa,ff,ff
2019-09-07T19:33:43.751Z,2,127245,172,255,8,fc,f8,ff,7f,3b,ef,ff,ff
2019-09-07T19:33:43.791Z,2,129026,150,255,8,ff,fc,a0,9b,12,00,ff,ff
2019-09-07T19:33:43.791Z,2,129025,150,255,8,40,22,42,18,40,5e,e8,d3
2019-09-07T19:33:43.791Z,2,128259,105,255,8,00,00,00,ff,ff,00,ff,ff
2019-09-07T19:33:43.791Z,6,128275,105,255,14,ff,ff,ff,ff,ff,ff,34,60,52,00,34,60,52,00
2019-09-07T19:33:43.791Z,5,130310,105,255,8,00,09,74,ff,ff,ff,ff,ff
2019-09-07T19:33:43.791Z,5,130312,105,255,8,00,00,00,09,74,ff,ff,ff
2019-09-07T19:33:43.791Z,7,130822,105,255,26,3b,9f,34,60,52,00,34,60,52,00,34,60,52,00,34,60,52,00,34,60,52,00,34,60,52,00
2019-09-07T19:33:43.791Z,7,61184,204,255,8,3b,9f,61,fb,ff,ff,ff,ff
2019-09-07T19:33:43.791Z,7,61184,105,204,8,3b,9f,01,61,00,f2,ff,ff
2019-09-07T19:33:43.834Z,2,127250,204,255,8,ff,78,96,ff,7f,ff,7f,fd
2019-09-07T19:33:43.834Z,2,127251,204,255,8,ff,6b,cd,ff,ff,ff,ff,ff
2019-09-07T19:33:43.834Z,2,127257,204,255,8,ff,08,a1,1f,ff,af,00,ff
2019-09-07T19:33:43.834Z,2,127245,204,255,8,00,ff,ff,7f,3b,ef,ff,ff
2019-09-07T19:33:43.834Z,2,127245,204,255,8,fc,f8,ff,7f,ff,7f,ff,ff
2019-09-07T19:33:43.834Z,7,65359,204,255,8,3b,9f,ff,ff,ff,78,96,ff
2019-09-07T19:33:43.877Z,2,130306,110,255,8,00,00,00,04,c6,fa,ff,ff
2019-09-07T19:33:43.877Z,4,129039,43,255,27,12,04,85,e8,15,ff,ff,ff,7f,ff,ff,ff,7f,fc,ff,ff,ff,ff,06,00,26,ff,ff,00,74,01,ff
2019-09-07T19:33:43.877Z,2,129026,150,255,8,ff,fc,a0,9b,12,00,ff,ff
2019-09-07T19:33:43.877Z,2,129025,150,255,8,40,22,42,18,40,5e,e8,d3
2019-09-07T19:33:43.877Z,2,127245,172,255,8,fc,f8,ff,7f,81,ef,ff,ff
2019-09-07T19:33:43.877Z,0,262386,0,0,33,01,0e,00,e3,9a,03,00,00,00,00,00,02,0e,04,00,00,00,00,00,00,00,00,22,31,02,08,00,00,00,0c,00,00,00
2019-09-07T19:33:43.909Z,2,127250,204,255,8,ff,79,96,ff,7f,ff,7f,fd
2019-09-07T19:33:43.930Z,2,127251,204,255,8,ff,ed,01,00,00,ff,ff,ff
2019-09-07T19:33:43.930Z,2,127257,204,255,8,ff,09,a1,1f,ff,ae,00,ff
2019-09-07T19:33:43.930Z,2,127245,204,255,8,00,ff,ff,7f,81,ef,ff,ff
2019-09-07T19:33:43.930Z,2,127245,204,255,8,fc,f8,ff,7f,ff,7f,ff,ff
2019-09-07T19:33:43.930Z,7,65359,204,255,8,3b,9f,ff,ff,ff,79,96,ff
2019-09-07T19:33:43.946Z,2,130306,110,255,8,00,00,00,04,c6,fa,ff,ff
2019-09-07T19:33:43.946Z,2,129026,150,255,8,ff,fc,a0,9b,12,00,ff,ff
2019-09-07T19:33:43.967Z,2,129025,150,255,8,40,22,42,18,40,5e,e8,d3
2019-09-07T19:33:43.967Z,2,127237,172,255,21,3c,c0,1f,ff,7f,ff,ff,ff,ff,ff,ff,ff,ff,ff,7f,ff,7f,ff,7f,ff,ff
2019-09-07T19:33:43.967Z,2,127245,172,255,8,fc,f8,ff,7f,5e,ef,ff,ff
2019-09-07T19:33:44.037Z,2,127250,204,255,8,ff,7a,96,ff,7f,ff,7f,fd
2019-09-07T19:33:44.037Z,2,127251,204,255,8,ff,0b,08,00,00,ff,ff,ff
2019-09-07T19:33:44.037Z,2,127257,204,255,8,ff,0a,a1,20,ff,b0,00,ff
2019-09-07T19:33:44.037Z,2,127245,204,255,8,00,ff,ff,7f,5e,ef,ff,ff
2019-09-07T19:33:44.037Z,2,127245,204,255,8,fc,f8,ff,7f,ff,7f,ff,ff
2019-09-07T19:33:44.037Z,7,65379,204,255,8,3b,9f,00,00,00,00,02,ff
2019-09-07T19:33:44.037Z,7,65359,204,255,8,3b,9f,ff,ff,ff,7a,96,ff
2019-09-07T19:33:44.037Z,7,126720,204,255,8,3b,9f,f0,81,9c,61,14,e8
2019-09-07T19:33:44.037Z,7,65384,8,255,8,3b,9f,ff,ff,ff,ff,ff,ff
2019-09-07T19:33:44.067Z,2,130306,110,255,8,00,00,00,04,c6,fa,ff,ff
2019-09-07T19:33:44.067Z,7,65370,8,255,8,3b,9f,00,10,24,08,f5,ff
2019-09-07T19:33:44.067Z,2,129026,150,255,8,ff,fc,a0,9b,12,00,ff,ff
2019-09-07T19:33:44.067Z,2,129025,150,255,8,40,22,42,18,40,5e,e8,d3
2019-09-07T19:33:44.067Z,2,127245,172,255,8,fc,f8,ff,7f,3b,ef,ff,ff
2019-09-07T19:33:44.132Z,2,127250,204,255,8,ff,78,96,ff,7f,ff,7f,fd
2019-09-07T19:33:44.132Z,2,127251,204,255,8,ff,d9,b7,ff,ff,ff,ff,ff
2019-09-07T19:33:44.132Z,2,127257,204,255,8,ff,08,a1,22,ff,b0,00,ff
2019-09-07T19:33:44.132Z,2,127245,204,255,8,00,ff,ff,7f,3b,ef,ff,ff
2019-09-07T19:33:44.132Z,2,127245,204,255,8,fc,f8,ff,7f,ff,7f,ff,ff
2019-09-07T19:33:44.132Z,7,65359,204,255,8,3b,9f,ff,ff,ff,78,96,ff
2019-09-07T19:33:44.132Z,7,130916,204,255,7,3b,9f,ff,ff,ff,7f,ff
2019-09-07T19:33:44.162Z,2,130306,110,255,8,00,00,00,04,c6,fa,ff,ff
2019-09-07T19:33:44.162Z,2,129026,150,255,8,ff,fc,a0,9b,12,00,ff,ff
2019-09-07T19:33:44.162Z,2,129025,150,255,8,40,22,42,18,40,5e,e8,d3
2019-09-07T19:33:44.162Z,2,127245,172,255,8,fc,f8,ff,7f,3b,ef,ff,ff
2019-09-07T19:33:44.206Z,3,126208,204,172,20,00,00,ef,01,ff,ff,ff,ff,ff,ff,04,01,3b,07,03,04,04,5c,05,0f
2019-09-07T19:33:44.206Z,7,126720,172,204,15,3b,9f,5c,0f,02,01,ff,01,06,ff,02,ff,01,06,ff
2019-09-07T19:33:44.206Z,2,127237,172,255,21,3c,c0,1f,ff,7f,ff,ff,ff,ff,ff,ff,ff,ff,ff,7f,ff,7f,ff,7f,ff,ff
2019-09-07T19:33:44.232Z,2,127250,204,255,8,ff,76,96,ff,7f,ff,7f,fd
2019-09-07T19:33:44.232Z,2,127251,204,255,8,ff,a2,94,ff,ff,ff,ff,ff
2019-09-07T19:33:44.232Z,2,127257,204,255,8,ff,06,a1,23,ff,af,00,ff
2019-09-07T19:33:44.232Z,2,127245,204,255,8,00,ff,ff,7f,3b,ef,ff,ff
2019-09-07T19:33:44.232Z,2,127245,204,255,8,fc,f8,ff,7f,ff,7f,ff,ff
2019-09-07T19:33:44.232Z,7,65359,204,255,8,3b,9f,ff,ff,ff,76,96,ff
2019-09-07T19:33:44.271Z,2,130306,110,255,8,00,00,00,5b,c6,fa,ff,ff
2019-09-07T19:33:44.271Z,2,129026,150,255,8,ff,fc,a0,9b,12,00,ff,ff
2019-09-07T19:33:44.271Z,2,129025,150,255,8,20,22,42,18,40,5e,e8,d3
2019-09-07T19:33:44.271Z,2,127245,172,255,8,fc,f8,ff,7f,3b,ef,ff,ff
2019-09-07T19:33:44.271Z,5,130310,105,255,8,00,09,74,ff,ff,ff,ff,ff
2019-09-07T19:33:44.332Z,2,127250,204,255,8,ff,74,96,ff,7f,ff,7f,fd
2019-09-07T19:33:44.332Z,2,127251,204,255,8,ff,6e,7b,ff,ff,ff,ff,ff
2019-09-07T19:33:44.332Z,2,127257,204,255,8,ff,05,a1,26,ff,ad,00,ff
2019-09-07T19:33:44.332Z,2,127245,204,255,8,00,ff,ff,7f,3b,ef,ff,ff
2019-09-07T19:33:44.332Z,2,127245,204,255,8,fc,f8,ff,7f,ff,7f,ff,ff
2019-09-07T19:33:44.332Z,7,65359,204,255,8,3b,9f,ff,ff,ff,74,96,ff
2019-09-07T19:33:44.373Z,2,130306,110,255,8,00,00,00,5b,c6,fa,ff,ff
2019-09-07T19:33:44.373Z,2,129026,150,255,8,ff,fc,a0,9b,12,00,ff,ff
2019-09-07T19:33:44.373Z,2,129025,150,255,8,00,22,42,18,80,5e,e8,d3
2019-09-07T19:33:44.373Z,2,127245,172,255,8,fc,f8,ff,7f,5e,ef,ff,ff
2019-09-07T19:33:44.373Z,7,65384,6,255,8,3b,9f,00,00,00,00,00,00
2019-09-07T19:33:44.432Z,2,127250,204,255,8,ff,75,96,ff,7f,ff,7f,fd
2019-09-07T19:33:44.432Z,2,127251,204,255,8,ff,25,cd,ff,ff,ff,ff,ff
2019-09-07T19:33:44.432Z,2,127257,204,255,8,ff,05,a1,25,ff,ae,00,ff
2019-09-07T19:33:44.432Z,2,127245,204,255,8,00,ff,ff,7f,5e,ef,ff,ff
2019-09-07T19:33:44.432Z,2,127245,204,255,8,fc,f8,ff,7f,ff,7f,ff,ff
2019-09-07T19:33:44.432Z,7,65359,204,255,8,3b,9f,ff,ff,ff,75,96,ff
2019-09-07T19:33:44.484Z,3,129283,8,255,8,ff,7f,ff,ff,ff,7f,ff,ff
2019-09-07T19:33:44.484Z,3,129284,8,255,34,d4,b4,46,00,00,00,ff,ff,ff,ff,ff,ff,1f,de,15,61,ff,ff,ff,ff,01,00,00,00,7f,ef,41,18,c0,91,e8,d3,01,00
2019-09-07T19:33:44.484Z,2,130306,110,255,8,00,00,00,b2,c6,fa,ff,ff
2019-09-07T19:33:44.484Z,2,129026,150,255,8,ff,fc,a0,9b,12,00,ff,ff
2019-09-07T19:33:44.484Z,2,127237,172,255,21,3c,c0,1f,ff,7f,ff,ff,ff,ff,ff,ff,ff,ff,ff,7f,ff,7f,ff,7f,ff,ff
2019-09-07T19:33:44.484Z,2,127245,172,255,8,fc,f8,ff,7f,5e,ef,ff,ff
2019-09-07T19:33:44.484Z,3,129029,150,255,47,ff,ff,ff,ff,ff,ff,ff,00,00,00,00,c8,e8,a5,05,00,00,00,00,c0,e4,bb,f5,ff,ff,ff,ff,ff,ff,ff,7f,14,fc,15,9e,01,ff,7f,ff,ff,ff,7f,c4,59,00,10,00
2019-09-07T19:33:44.484Z,2,129025,150,255,8,00,22,42,18,80,5e,e8,d3
2019-09-07T19:33:44.484Z,6,129542,150,255,15,ff,04,17,ff,ff,ff,ff,ff,ff,ff,ff,ff,ff,ff,ff
2019-09-07T19:33:44.484Z,6,129540,150,255,87,ff,ff,08,02,0b,11,a1,58,dc,05,00,00,00,00,f2,05,ff,1d,f3,2a,d0,07,00,00,00,00,f2,0d,5c,2e,67,3f,6c,07,00,00,00,00,f2,0f,e7,28,b7,89,08,07,00,00,00,00,f2,15,22,15,59,d3,08,07,00,00,00,00,f2,1d,68,21,da,9e,6c,07,00,00,00,00,f2,46,b9,2f,f0,cf,08,07,00,00,00,00,f1
2019-09-07T19:33:44.537Z,2,127250,204,255,8,ff,75,96,ff,7f,ff,7f,fd
2019-09-07T19:33:44.537Z,2,127251,204,255,8,ff,47,e3,ff,ff,ff,ff,ff
2019-09-07T19:33:44.537Z,2,127257,204,255,8,ff,06,a1,26,ff,af,00,ff
2019-09-07T19:33:44.537Z,2,127245,204,255,8,00,ff,ff,7f,5e,ef,ff,ff
2019-09-07T19:33:44.537Z,2,127245,204,255,8,fc,f8,ff,7f,ff,7f,ff,ff
2019-09-07T19:33:44.537Z,7,65359,204,255,8,3b,9f,ff,ff,ff,75,96,ff
2019-09-07T19:33:44.537Z,7,126720,204,255,13,3b,9f,f0,81,84,66,94,51,40,00,e8,02,05
2019-09-07T19:33:44.562Z,2,130306,110,255,8,00,00,00,b2,c6,fa,ff,ff
2019-09-07T19:33:44.562Z,2,129026,150,255,8,ff,fc,a0,9b,12,00,ff,ff
2019-09-07T19:33:44.562Z,2,127245,172,255,8,fc,f8,ff,7f,3b,ef,ff,ff
2019-09-07T19:33:44.562Z,2,129025,150,255,8,00,22,42,18,80,5e,e8,d3
2019-09-07T19:33:44.610Z,2,127250,204,255,8,ff,76,96,ff,7f,ff,7f,fd
2019-09-07T19:33:44.610Z,2,127251,204,255,8,ff,63,dd,ff,ff,ff,ff,ff
2019-09-07T19:33:44.636Z,2,127257,204,255,8,ff,06,a1,27,ff,b0,00,ff
2019-09-07T19:33:44.636Z,2,127245,204,255,8,00,ff,ff,7f,3b,ef,ff,ff
2019-09-07T19:33:44.636Z,2,127245,204,255,8,fc,f8,ff,7f,ff,7f,ff,ff
2019-09-07T19:33:44.636Z,7,65359,204,255,8,3b,9f,ff,ff,ff,76,96,ff
2019-09-07T19:33:44.636Z,7,126720,204,255,9,3b,9f,f0,81,ae,02,00,0c,a5
2019-09-07T19:33:44.636Z,6,127258,8,255,8,ff,ff,ff,ff,ff,7f,ff,ff
2019-09-07T19:33:44.662Z,2,130306,110,255,8,00,00,00,b2,c6,fa,ff,ff
2019-09-07T19:33:44.662Z,2,129026,150,255,8,ff,fc,a0,9b,12,00,ff,ff
2019-09-07T19:33:44.662Z,2,127245,172,255,8,fc,f8,ff,7f,5e,ef,ff,ff
2019-09-07T19:33:44.662Z,2,129025,150,255,8,00,22,42,18,80,5e,e8,d3
2019-09-07T19:33:44.755Z,2,127237,172,255,21,3c,c0,1f,ff,7f,ff,ff,ff,ff,ff,ff,ff,ff,ff,7f,ff,7f,ff,7f,ff,ff
2019-09-07T19:33:44.755Z,2,127250,204,255,8,ff,76,96,ff,7f,ff,7f,fd
2019-09-07T19:33:44.755Z,2,127251,204,255,8,ff,fb,e5,ff,ff,ff,ff,ff
2019-09-07T19:33:44.755Z,2,127257,204,255,8,ff,06,a1,29,ff,af,00,ff
2019-09-07T19:33:44.755Z,2,127245,204,255,8,00,ff,ff,7f,5e,ef,ff,ff
2019-09-07T19:33:44.755Z,2,127245,204,255,8,fc,f8,ff,7f,ff,7f,ff,ff
2019-09-07T19:33:44.755Z,7,65359,204,255,8,3b,9f,ff,ff,ff,76,96,ff
2019-09-07T19:33:44.755Z,3,129284,8,255,34,d5,b4,46,00,00,00,ff,ff,ff,ff,ff,ff,1f,de,15,61,ff,ff,ff,ff,01,00,00,00,7f,ef,41,18,c0,91,e8,d3,01,00
2019-09-07T19:33:44.756Z,7,130848,8,255,32,3b,9f,7d,57,61,79,70,6f,69,6e,74,20,31,32,00,80,89,42,b8,30,30,30,31,15,61,15,61,b4,46,00,00,ff
2019-09-07T19:33:44.756Z,7,130918,8,255,47,3b,9f,01,00,57,61,79,70,6f,69,6e,74,20,31,32,00,80,89,42,b8,ff,00,ff,ff,ff,ff,ff,ff,ff,ff,ff,ff,ff,ff,ff,ff,ff,ff,0d,ff,ff,ff,ff,ff,ff,ff,ff
2019-09-07T19:33:44.756Z,2,130306,110,255,8,00,00,00,b2,c6,fa,ff,ff
2019-09-07T19:33:44.756Z,6,129285,8,255,58,00,00,02,00,00,00,00,00,07,07,01,52,6f,75,74,65,ff,00,00,08,01,4f,52,49,47,49,4e,00,dc,41,18,40,a3,e8,d3,01,00,0d,01,57,61,79,70,6f,69,6e,74,20,31,32,7f,ef,41,18,c0,91,e8,d3
2019-09-07T19:33:44.756Z,2,129026,150,255,8,ff,fc,a0,9b,13,00,ff,ff
2019-09-07T19:33:44.788Z,2,127245,172,255,8,fc,f8,ff,7f,5e,ef,ff,ff
2019-09-07T19:33:44.788Z,2,129025,150,255,8,e0,21,42,18,80,5e,e8,d3
2019-09-07T19:33:44.788Z,2,128259,105,255,8,00,00,00,ff,ff,00,ff,ff
2019-09-07T19:33:44.788Z,6,128275,105,255,14,ff,ff,ff,ff,ff,ff,34,60,52,00,34,60,52,00
2019-09-07T19:33:44.788Z,5,130310,105,255,8,00,09,74,ff,ff,ff,ff,ff
2019-09-07T19:33:44.788Z,7,130822,105,255,26,3b,9f,34,60,52,00,34,60,52,00,34,60,52,00,34,60,52,00,34,60,52,00,34,60,52,00
2019-09-07T19:33:44.788Z,7,61184,204,255,8,3b,9f,61,fb,ff,ff,ff,ff
2019-09-07T19:33:44.788Z,7,61184,105,204,8,3b,9f,01,61,00,f2,ff,ff
2019-09-07T19:33:44.832Z,2,127250,204,255,8,ff,77,96,ff,7f,ff,7f,fd
2019-09-07T19:33:44.832Z,2,127251,204,255,8,ff,4c,bf,ff,ff,ff,ff,ff
2019-09-07T19:33:44.832Z,2,127257,204,255,8,ff,08,a1,2a,ff,b0,00,ff
2019-09-07T19:33:44.832Z,2,127245,204,255,8,00,ff,ff,7f,5e,ef,ff,ff
2019-09-07T19:33:44.832Z,2,127245,204,255,8,fc,f8,ff,7f,ff,7f,ff,ff
2019-09-07T19:33:44.832Z,7,65359,204,255,8,3b,9f,ff,ff,ff,77,96,ff
2019-09-07T19:33:44.878Z,2,130306,110,255,8,00,00,00,0a,c7,fa,ff,ff
2019-09-07T19:33:44.878Z,2,129026,150,255,8,ff,fc,a0,9b,12,00,ff,ff
2019-09-07T19:33:44.878Z,2,127245,172,255,8,fc,f8,ff,7f,5e,ef,ff,ff
2019-09-07T19:33:44.878Z,2,129025,150,255,8,e0,21,42,18,c0,5e,e8,d3
2019-09-07T19:33:44.878Z,4,129039,43,255,27,12,04,85,e8,15,ff,ff,ff,7f,ff,ff,ff,7f,fc,ff,ff,ff,ff,06,00,26,ff,ff,00,74,01,ff
2019-09-07T19:33:44.878Z,0,262386,0,0,33,01,0e,00,e3,9a,03,00,00,00,00,00,02,0e,02,00,00,00,00,00,00,00,00,21,39,02,08,00,00,00,0c,00,00,00
2019-09-07T19:33:44.903Z,3,126208,6,204,21,00,00,ef,01,ff,ff,ff,ff,ff,ff,04,01,3b,07,03,04,04,6c,05,23,50
2019-09-07T19:33:44.903Z,7,126720,204,6,9,3b,9f,6c,23,50,80,80,80,00
2019-09-07T19:33:44.932Z,2,127250,204,255,8,ff,7c,96,ff,7f,ff,7f,fd
2019-09-07T19:33:44.932Z,2,127251,204,255,8,ff,f2,dd,ff,ff,ff,ff,ff
2019-09-07T19:33:44.932Z,2,127257,204,255,8,ff,0c,a1,2b,ff,b0,00,ff
2019-09-07T19:33:44.932Z,2,127245,204,255,8,00,ff,ff,7f,5e,ef,ff,ff
2019-09-07T19:33:44.932Z,2,127245,204,255,8,fc,f8,ff,7f,ff,7f,ff,ff
2019-09-07T19:33:44.932Z,7,65359,204,255,8,3b,9f,ff,ff,ff,7c,96,ff
2019-09-07T19:33:44.967Z,2,130306,110,255,8,00,00,00,0a,c7,fa,ff,ff
2019-09-07T19:33:44.967Z,2,129026,150,255,8,ff,fc,a0,9b,12,00,ff,ff
2019-09-07T19:33:44.967Z,2,129025,150,255,8,e0,21,42,18,c0,5e,e8,d3
2019-09-07T19:33:44.967Z,2,127237,172,255,21,3c,c0,1f,ff,7f,ff,ff,ff,ff,ff,ff,ff,ff,ff,7f,ff,7f,ff,7f,ff,ff
2019-09-07T19:33:44.967Z,2,127245,172,255,8,fc,f8,ff,7f,5e,ef,ff,ff
2019-09-07T19:33:45.037Z,2,127250,204,255,8,ff,82,96,ff,7f,ff,7f,fd
2019-09-07T19:33:45.037Z,2,127251,204,255,8,ff,82,f3,ff,ff,ff,ff,ff
2019-09-07T19:33:45.037Z,2,127257,204,255,8,ff,12,a1,2a,ff,b1,00,ff
2019-09-07T19:33:45.037Z,2,127245,204,255,8,00,ff,ff,7f,5e,ef,ff,ff
2019-09-07T19:33:45.037Z,2,127245,204,255,8,fc,f8,ff,7f,ff,7f,ff,ff
2019-09-07T19:33:45.037Z,7,65379,204,255,8,3b,9f,00,00,00,00,02,ff
2019-09-07T19:33:45.037Z,7,65359,204,255,8,3b,9f,ff,ff,ff,82,96,ff
2019-09-07T19:33:45.037Z,7,126720,204,255,8,3b,9f,f0,81,9c,a1,14,e8
2019-09-07T19:33:45.037Z,7,65384,8,255,8,3b,9f,ff,ff,ff,ff,ff,ff
2019-09-07T19:33:45.062Z,2,130306,110,255,8,00,00,00,0a,c7,fa,ff,ff
2019-09-07T19:33:45.062Z,2,129026,150,255,8,ff,fc,a0,9b,12,00,ff,ff
2019-09-07T19:33:45.062Z,2,127245,172,255,8,fc,f8,ff,7f,5e,ef,ff,ff
2019-09-07T19:33:45.062Z,2,129025,150,255,8,e0,21,42,18,c0,5e,e8,d3
2019-09-07T19:33:45.110Z,2,127250,204,255,8,ff,89,96,ff,7f,ff,7f,fd
2019-09-07T19:33:45.110Z,2,127251,204,255,8,ff,0d,39,00,00,ff,ff,ff
2019-09-07T19:33:45.136Z,2,127257,204,255,8,ff,1a,a1,2e,ff,b0,00,ff
2019-09-07T19:33:45.136Z,2,127245,204,255,8,00,ff,ff,7f,5e,ef,ff,ff
2019-09-07T19:33:45.136Z,2,127245,204,255,8,fc,f8,ff,7f,ff,7f,ff,ff
2019-09-07T19:33:45.136Z,7,65359,204,255,8,3b,9f,ff,ff,ff,89,96,ff
2019-09-07T19:33:45.136Z,7,130916,204,255,7,3b,9f,ff,ff,ff,7f,ff
2019-09-07T19:33:45.136Z,7,126720,6,255,7,3b,9f,f0,81,90,00,03
2019-09-07T19:33:45.162Z,2,130306,110,255,8,00,00,00,0a,c7,fa,ff,ff
2019-09-07T19:33:45.162Z,2,129026,150,255,8,ff,fc,a0,9b,12,00,ff,ff
2019-09-07T19:33:45.162Z,2,127245,172,255,8,fc,f8,ff,7f,5e,ef,ff,ff
2019-09-07T19:33:45.162Z,2,129025,150,255,8,e0,21,42,18,c0,5e,e8,d3
2019-09-07T19:33:45.234Z,2,127237,172,255,21,3c,c0,1f,ff,7f,ff,ff,ff,ff,ff,ff,ff,ff,ff,7f,ff,7f,ff,7f,ff,ff
2019-09-07T19:33:45.234Z,2,127250,204,255,8,ff,8e,96,ff,7f,ff,7f,fd
2019-09-07T19:33:45.234Z,2,127251,204,255,8,ff,cf,36,00,00,ff,ff,ff
2019-09-07T19:33:45.234Z,2,127257,204,255,8,ff,1e,a1,2e,ff,b0,00,ff
2019-09-07T19:33:45.234Z,2,127245,204,255,8,00,ff,ff,7f,5e,ef,ff,ff
2019-09-07T19:33:45.234Z,2,127245,204,255,8,fc,f8,ff,7f,ff,7f,ff,ff
2019-09-07T19:33:45.234Z,7,65359,204,255,8,3b,9f,ff,ff,ff,8e,96,ff
2019-09-07T19:33:45.267Z,2,130306,110,255,8,00,00,00,61,c7,fa,ff,ff
2019-09-07T19:33:45.267Z,2,127245,172,255,8,fc,f8,ff,7f,5e,ef,ff,ff
2019-09-07T19:33:45.267Z,2,129026,150,255,8,ff,fc,a0,9b,12,00,ff,ff
2019-09-07T19:33:45.267Z,2,129025,150,255,8,e0,21,42,18,c0,5e,e8,d3
2019-09-07T19:33:45.267Z,6,129044,150,255,20,57,38,34,00,00,00,00,00,00,00,00,00,00,00,00,00,57,38,34,00
2019-09-07T19:33:45.267Z,5,130310,105,255,8,00,09,74,ff,ff,ff,ff,ff
2019-09-07T19:33:45.331Z,2,127250,204,255,8,ff,93,96,ff,7f,ff,7f,fd
2019-09-07T19:33:45.331Z,2,127251,204,255,8,ff,f9,3a,00,00,ff,ff,ff
2019-09-07T19:33:45.331Z,2,127257,204,255,8,ff,23,a1,2f,ff,af,00,ff
2019-09-07T19:33:45.331Z,2,127245,204,255,8,00,ff,ff,7f,5e,ef,ff,ff
2019-09-07T19:33:45.331Z,2,127245,204,255,8,fc,f8,ff,7f,ff,7f,ff,ff
2019-09-07T19:33:45.331Z,7,65359,204,255,8,3b,9f,ff,ff,ff,93,96,ff
2019-09-07T19:33:45.373Z,2,130306,110,255,8,00,00,00,61,c7,fa,ff,ff
2019-09-07T19:33:45.373Z,2,129026,150,255,8,ff,fc,a0,9b,12,00,ff,ff
2019-09-07T19:33:45.373Z,2,127245,172,255,8,fc,f8,ff,7f,5e,ef,ff,ff
2019-09-07T19:33:45.373Z,2,129025,150,255,8,c0,21,42,18,00,5f,e8,d3
2019-09-07T19:33:45.373Z,7,65384,6,255,8,3b,9f,00,00,00,00,00,00
2019-09-07T19:33:45.432Z,2,127250,204,255,8,ff,97,96,ff,7f,ff,7f,fd
2019-09-07T19:33:45.432Z,2,127251,204,255,8,ff,4d,50,00,00,ff,ff,ff
2019-09-07T19:33:45.432Z,2,127257,204,255,8,ff,27,a1,2e,ff,b0,00,ff
2019-09-07T19:33:45.432Z,2,127245,204,255,8,00,ff,ff,7f,5e,ef,ff,ff
2019-09-07T19:33:45.432Z,2,127245,204,255,8,fc,f8,ff,7f,ff,7f,ff,ff
2019-09-07T19:33:45.432Z,7,65359,204,255,8,3b,9f,ff,ff,ff,97,96,ff
2019-09-07T19:33:45.485Z,3,129283,8,255,8,ff,7f,ff,ff,ff,7f,ff,ff
2019-09-07T19:33:45.485Z,3,129284,8,255,34,d6,50,46,00,00,00,ff,ff,ff,ff,ff,ff,1f,de,38,61,ff,ff,ff,ff,01,00,00,00,7f,ef,41,18,c0,91,e8,d3,01,00
2019-09-07T19:33:45.485Z,2,130306,110,255,8,00,00,00,61,c7,fa,ff,ff
2019-09-07T19:33:45.485Z,2,129026,150,255,8,ff,fc,a0,9b,12,00,ff,ff
2019-09-07T19:33:45.485Z,2,127237,172,255,21,3c,c0,1f,ff,7f,ff,ff,ff,ff,ff,ff,ff,ff,ff,7f,ff,7f,ff,7f,ff,ff
2019-09-07T19:33:45.485Z,2,127245,172,255,8,fc,f8,ff,7f,5e,ef,ff,ff
2019-09-07T19:33:45.485Z,3,129029,150,255,47,ff,ff,ff,ff,ff,ff,ff,00,00,00,00,a8,e8,a5,05,00,00,00,00,e0,e4,bb,f5,ff,ff,ff,ff,ff,ff,ff,7f,14,fc,14,9e,01,ff,7f,ff,ff,ff,7f,c4,59,00,10,00
2019-09-07T19:33:45.485Z,2,129025,150,255,8,a0,21,42,18,00,5f,e8,d3
2019-09-07T19:33:45.485Z,6,129542,150,255,15,ff,37,17,ff,ff,ff,ff,ff,ff,ff,ff,ff,ff,ff,ff
2019-09-07T19:33:45.485Z,6,129540,150,255,87,ff,ff,08,02,0b,11,a1,58,4c,04,00,00,00,00,f2,05,ff,1d,f3,2a,34,08,00,00,00,00,f2,0d,5c,2e,67,3f,d0,07,00,00,00,00,f2,0f,e7,28,b7,89,a4,06,00,00,00,00,f2,15,22,15,59,d3,08,07,00,00,00,00,f2,1d,68,21,da,9e,40,06,00,00,00,00,f2,46,b9,2f,f0,cf,bc,02,00,00,00,00,f1
2019-09-07T19:33:45.537Z,2,127250,204,255,8,ff,99,96,ff,7f,ff,7f,fd
2019-09-07T19:33:45.537Z,2,127251,204,255,8,ff,4b,40,00,00,ff,ff,ff
2019-09-07T19:33:45.537Z,2,127257,204,255,8,ff,29,a1,2d,ff,af,00,ff
2019-09-07T19:33:45.537Z,2,127245,204,255,8,00,ff,ff,7f,5e,ef,ff,ff
2019-09-07T19:33:45.537Z,2,127245,204,255,8,fc,f8,ff,7f,ff,7f,ff,ff
2019-09-07T19:33:45.537Z,7,65359,204,255,8,3b,9f,ff,ff,ff,99,96,ff
2019-09-07T19:33:45.537Z,7,126720,204,255,13,3b,9f,f0,81,84,a6,94,52,40,00,e8,02,05
2019-09-07T19:33:45.562Z,2,130306,110,255,8,00,00,00,b8,c7,fa,ff,ff
2019-09-07T19:33:45.562Z,2,129026,150,255,8,ff,fc,a0,9b,12,00,ff,ff
2019-09-07T19:33:45.562Z,2,127245,172,255,8,fc,f8,ff,7f,5e,ef,ff,ff
2019-09-07T19:33:45.562Z,2,129025,150,255,8,a0,21,42,18,80,5f,e8,d3
2019-09-07T19:33:45.610Z,2,127250,204,255,8,ff,99,96,ff,7f,ff,7f,fd
2019-09-07T19:33:45.610Z,2,127251,204,255,8,ff,45,0e,00,00,ff,ff,ff
2019-09-07T19:33:45.636Z,2,127257,204,255,8,ff,29,a1,30,ff,ae,00,ff
2019-09-07T19:33:45.636Z,2,127245,204,255,8,00,ff,ff,7f,5e,ef,ff,ff
2019-09-07T19:33:45.636Z,2,127245,204,255,8,fc,f8,ff,7f,ff,7f,ff,ff
2019-09-07T19:33:45.636Z,7,65359,204,255,8,3b,9f,ff,ff,ff,99,96,ff
2019-09-07T19:33:45.636Z,7,126720,204,255,9,3b,9f,f0,81,ae,02,00,0c,a5
2019-09-07T19:33:45.665Z,6,127258,8,255,8,ff,ff,ff,ff,ff,7f,ff,ff
2019-09-07T19:33:45.665Z,2,130306,110,255,8,00,00,00,b8,c7,fa,ff,ff
2019-09-07T19:33:45.665Z,2,129026,150,255,8,ff,fc,a0,9b,12,00,ff,ff
2019-09-07T19:33:45.665Z,2,127245,172,255,8,fc,f8,ff,7f,5e,ef,ff,ff
2019-09-07T19:33:45.665Z,2,129025,150,255,8,a0,21,42,18,80,5f,e8,d3
